----------------------------------------
Timestamp: 2016/8/5 10:08:34

Title:

Message: Application_Start

Severity: Information

----------------------------------------
----------------------------------------
Timestamp: 2016/8/5 10:08:46

Title:

Message: Redis 连接成功

Severity: Information

----------------------------------------
----------------------------------------
Timestamp: 2016/8/5 10:08:46

Title:

Message: 下载队列中的文件线程启动

Severity: Verbose

----------------------------------------
----------------------------------------
Timestamp: 2016/8/5 21:44:22

Title:

Message: Application_Start

Severity: Information

----------------------------------------
----------------------------------------
Timestamp: 2016/8/5 21:44:23

Title:

Message: Redis 连接成功

Severity: Information

----------------------------------------
----------------------------------------
Timestamp: 2016/8/5 21:44:23

Title:

Message: 下载队列中的文件线程启动

Severity: Verbose

----------------------------------------
----------------------------------------
Timestamp: 2016/8/6 18:00:27

Title:

Message: Application_Start

Severity: Information

----------------------------------------
----------------------------------------
Timestamp: 2016/8/6 18:00:27

Title:

Message: Redis 连接成功

Severity: Information

----------------------------------------
----------------------------------------
Timestamp: 2016/8/6 18:00:27

Title:

Message: 下载队列中的文件线程启动

Severity: Verbose

----------------------------------------
----------------------------------------
Timestamp: 2016/8/12 0:52:40

Title:

Message: Application_Start

Severity: Information

----------------------------------------
----------------------------------------
Timestamp: 2016/8/12 0:52:41

Title:

Message: Redis 连接成功

Severity: Information

----------------------------------------
----------------------------------------
Timestamp: 2016/8/12 0:52:41

Title:

Message: 下载队列中的文件线程启动

Severity: Verbose

----------------------------------------
