----------------------------------------
Timestamp: 2015/12/28 22:24:04

Title:

Message: Application_Start

Severity: Information

----------------------------------------
----------------------------------------
Timestamp: 2015/12/28 22:24:04

Title:

Message: Redis 连接成功

Severity: Information

----------------------------------------
----------------------------------------
Timestamp: 2016/1/2 14:16:12

Title:

Message: Application_Start

Severity: Information

----------------------------------------
----------------------------------------
Timestamp: 2016/1/3 1:55:14

Title:

Message: Application_Start

Severity: Information

----------------------------------------
----------------------------------------
Timestamp: 2016/1/3 1:55:15

Title:

Message: Redis 连接成功

Severity: Information

----------------------------------------
