----------------------------------------
Timestamp: 2016/7/9 0:14:11

Title:

Message: Application_Start

Severity: Information

----------------------------------------
----------------------------------------
Timestamp: 2016/7/9 0:57:34

Title:

Message: Application_Start

Severity: Information

----------------------------------------
----------------------------------------
Timestamp: 2016/7/9 14:42:51

Title:

Message: Application_Start

Severity: Information

----------------------------------------
----------------------------------------
Timestamp: 2016/7/10 14:50:02

Title:

Message: Application_Start

Severity: Information

----------------------------------------
----------------------------------------
Timestamp: 2016/7/10 14:50:02

Title:

Message: Redis 连接成功

Severity: Information

----------------------------------------
----------------------------------------
Timestamp: 2016/7/10 14:50:02

Title:

Message: 下载队列中的文件线程启动

Severity: Verbose

----------------------------------------
----------------------------------------
Timestamp: 2016/7/10 15:48:10

Title:

Message: Application_Start

Severity: Information

----------------------------------------
----------------------------------------
Timestamp: 2016/7/10 15:48:10

Title:

Message: Redis 连接成功

Severity: Information

----------------------------------------
----------------------------------------
Timestamp: 2016/7/10 15:48:10

Title:

Message: 下载队列中的文件线程启动

Severity: Verbose

----------------------------------------
----------------------------------------
Timestamp: 2016/7/10 19:02:12

Title:

Message: Application_Start

Severity: Information

----------------------------------------
----------------------------------------
Timestamp: 2016/7/10 19:02:12

Title:

Message: Redis 连接成功

Severity: Information

----------------------------------------
----------------------------------------
Timestamp: 2016/7/10 19:02:12

Title:

Message: 下载队列中的文件线程启动

Severity: Verbose

----------------------------------------
