----------------------------------------
Timestamp: 2016/1/17 1:18:21

Title:

Message: Application_Start

Severity: Information

----------------------------------------
----------------------------------------
Timestamp: 2016/1/17 1:18:22

Title:

Message: Redis 连接成功

Severity: Information

----------------------------------------
----------------------------------------
Timestamp: 2016/1/17 14:27:44

Title:

Message: Application_Start

Severity: Information

----------------------------------------
----------------------------------------
Timestamp: 2016/1/17 14:27:44

Title:

Message: Redis 连接成功

Severity: Information

----------------------------------------
----------------------------------------
Timestamp: 2016/1/17 17:12:02

Title:

Message: Application_Start

Severity: Information

----------------------------------------
----------------------------------------
Timestamp: 2016/1/17 17:12:02

Title:

Message: Redis 连接成功

Severity: Information

----------------------------------------
