----------------------------------------
Timestamp: 2017/5/21 11:15:23

Title:Redis 连接失败

Message: It was not possible to connect to the redis server(s); to create a disconnected multiplexer, disable AbortOnConnectFail. UnableToResolvePhysicalConnection on PING

Severity: Error

----------------------------------------
----------------------------------------
Timestamp: 2017/5/21 12:09:42

Title:Redis 连接失败

Message: It was not possible to connect to the redis server(s); to create a disconnected multiplexer, disable AbortOnConnectFail. SocketFailure on PING

Severity: Error

----------------------------------------
----------------------------------------
Timestamp: 2017/5/21 21:31:12

Title:ThirdPartyAccessTokenGetter.Get 请求失败

Message: 无效的 URI: 未能确定 URI 的格式。

Severity: Error

----------------------------------------
----------------------------------------
Timestamp: 2017/5/21 21:31:13

Title:ThirdPartyAccessToken.GetToken 失败

Message: 请求的URL：
https://api.weixin.qq.com/cgi-bin/component/api_component_token
发送的内容：
{"component_appid":"wxc99af26ef3ecf658","component_appsecret":"d88d8fb6d243088ae78147f6c5ef84d3","component_verify_ticket":"ticket@@@OnFSu2ER3OnA-7t3-oWWX29nUwnbcoQXecfQjXVvWrreXdxLU9FSBDfwck2uzlhKHjRwkmv95MoZ2mqxP7WS9A"}
返回的内容：
{"errcode":61004,"errmsg":"access clientip is not registered hint: [Bz1Q2a0507e578] requestIP: 36.62.174.26"}


Severity: Error

----------------------------------------
----------------------------------------
Timestamp: 2017/5/21 21:32:12

Title:ThirdPartyAccessTokenGetter.Get 请求失败

Message: 无效的 URI: 未能确定 URI 的格式。

Severity: Error

----------------------------------------
----------------------------------------
Timestamp: 2017/5/21 21:32:12

Title:ThirdPartyAccessToken.GetToken 失败

Message: 请求的URL：
https://api.weixin.qq.com/cgi-bin/component/api_component_token
发送的内容：
{"component_appid":"wxc99af26ef3ecf658","component_appsecret":"d88d8fb6d243088ae78147f6c5ef84d3","component_verify_ticket":"ticket@@@OnFSu2ER3OnA-7t3-oWWX29nUwnbcoQXecfQjXVvWrreXdxLU9FSBDfwck2uzlhKHjRwkmv95MoZ2mqxP7WS9A"}
返回的内容：
{"errcode":61004,"errmsg":"access clientip is not registered hint: [Ruv4LA0567e575] requestIP: 36.62.174.26"}


Severity: Error

----------------------------------------
----------------------------------------
Timestamp: 2017/5/21 21:33:12

Title:ThirdPartyAccessTokenGetter.Get 请求失败

Message: 无效的 URI: 未能确定 URI 的格式。

Severity: Error

----------------------------------------
----------------------------------------
Timestamp: 2017/5/21 21:33:12

Title:ThirdPartyAccessToken.GetToken 失败

Message: 请求的URL：
https://api.weixin.qq.com/cgi-bin/component/api_component_token
发送的内容：
{"component_appid":"wxc99af26ef3ecf658","component_appsecret":"d88d8fb6d243088ae78147f6c5ef84d3","component_verify_ticket":"ticket@@@OnFSu2ER3OnA-7t3-oWWX29nUwnbcoQXecfQjXVvWrreXdxLU9FSBDfwck2uzlhKHjRwkmv95MoZ2mqxP7WS9A"}
返回的内容：
{"errcode":61004,"errmsg":"access clientip is not registered hint: [RT63OA0627e578] requestIP: 36.62.174.26"}


Severity: Error

----------------------------------------
----------------------------------------
Timestamp: 2017/5/21 21:34:12

Title:ThirdPartyAccessTokenGetter.Get 请求失败

Message: 无效的 URI: 未能确定 URI 的格式。

Severity: Error

----------------------------------------
----------------------------------------
Timestamp: 2017/5/21 21:34:12

Title:ThirdPartyAccessToken.GetToken 失败

Message: 请求的URL：
https://api.weixin.qq.com/cgi-bin/component/api_component_token
发送的内容：
{"component_appid":"wxc99af26ef3ecf658","component_appsecret":"d88d8fb6d243088ae78147f6c5ef84d3","component_verify_ticket":"ticket@@@OnFSu2ER3OnA-7t3-oWWX29nUwnbcoQXecfQjXVvWrreXdxLU9FSBDfwck2uzlhKHjRwkmv95MoZ2mqxP7WS9A"}
返回的内容：
{"errcode":61004,"errmsg":"access clientip is not registered hint: [Pu26gA0686e578] requestIP: 36.62.174.26"}


Severity: Error

----------------------------------------
----------------------------------------
Timestamp: 2017/5/21 21:35:12

Title:ThirdPartyAccessTokenGetter.Get 请求失败

Message: 无效的 URI: 未能确定 URI 的格式。

Severity: Error

----------------------------------------
----------------------------------------
Timestamp: 2017/5/21 21:35:12

Title:ThirdPartyAccessToken.GetToken 失败

Message: 请求的URL：
https://api.weixin.qq.com/cgi-bin/component/api_component_token
发送的内容：
{"component_appid":"wxc99af26ef3ecf658","component_appsecret":"d88d8fb6d243088ae78147f6c5ef84d3","component_verify_ticket":"ticket@@@OnFSu2ER3OnA-7t3-oWWX29nUwnbcoQXecfQjXVvWrreXdxLU9FSBDfwck2uzlhKHjRwkmv95MoZ2mqxP7WS9A"}
返回的内容：
{"errcode":61004,"errmsg":"access clientip is not registered hint: [fZ0747e544] requestIP: 36.62.174.26"}


Severity: Error

----------------------------------------
----------------------------------------
Timestamp: 2017/5/21 21:36:12

Title:ThirdPartyAccessTokenGetter.Get 请求失败

Message: 无效的 URI: 未能确定 URI 的格式。

Severity: Error

----------------------------------------
----------------------------------------
Timestamp: 2017/5/21 21:36:12

Title:ThirdPartyAccessToken.GetToken 失败

Message: 请求的URL：
https://api.weixin.qq.com/cgi-bin/component/api_component_token
发送的内容：
{"component_appid":"wxc99af26ef3ecf658","component_appsecret":"d88d8fb6d243088ae78147f6c5ef84d3","component_verify_ticket":"ticket@@@OnFSu2ER3OnA-7t3-oWWX29nUwnbcoQXecfQjXVvWrreXdxLU9FSBDfwck2uzlhKHjRwkmv95MoZ2mqxP7WS9A"}
返回的内容：
{"errcode":61004,"errmsg":"access clientip is not registered hint: [PH3qAA0807e544] requestIP: 36.62.174.26"}


Severity: Error

----------------------------------------
----------------------------------------
Timestamp: 2017/5/21 21:37:12

Title:ThirdPartyAccessTokenGetter.Get 请求失败

Message: 无效的 URI: 未能确定 URI 的格式。

Severity: Error

----------------------------------------
----------------------------------------
Timestamp: 2017/5/21 21:37:13

Title:ThirdPartyAccessToken.GetToken 失败

Message: 请求的URL：
https://api.weixin.qq.com/cgi-bin/component/api_component_token
发送的内容：
{"component_appid":"wxc99af26ef3ecf658","component_appsecret":"d88d8fb6d243088ae78147f6c5ef84d3","component_verify_ticket":"ticket@@@OnFSu2ER3OnA-7t3-oWWX29nUwnbcoQXecfQjXVvWrreXdxLU9FSBDfwck2uzlhKHjRwkmv95MoZ2mqxP7WS9A"}
返回的内容：
{"errcode":61004,"errmsg":"access clientip is not registered hint: [IKWMOA0868e514] requestIP: 36.62.174.26"}


Severity: Error

----------------------------------------
----------------------------------------
Timestamp: 2017/5/21 21:38:12

Title:ThirdPartyAccessTokenGetter.Get 请求失败

Message: 无效的 URI: 未能确定 URI 的格式。

Severity: Error

----------------------------------------
----------------------------------------
Timestamp: 2017/5/21 21:38:12

Title:ThirdPartyAccessToken.GetToken 失败

Message: 请求的URL：
https://api.weixin.qq.com/cgi-bin/component/api_component_token
发送的内容：
{"component_appid":"wxc99af26ef3ecf658","component_appsecret":"d88d8fb6d243088ae78147f6c5ef84d3","component_verify_ticket":"ticket@@@OnFSu2ER3OnA-7t3-oWWX29nUwnbcoQXecfQjXVvWrreXdxLU9FSBDfwck2uzlhKHjRwkmv95MoZ2mqxP7WS9A"}
返回的内容：
{"errcode":61004,"errmsg":"access clientip is not registered hint: [kWa8Aa0927e544] requestIP: 36.62.174.26"}


Severity: Error

----------------------------------------
----------------------------------------
Timestamp: 2017/5/21 21:39:12

Title:ThirdPartyAccessTokenGetter.Get 请求失败

Message: 无效的 URI: 未能确定 URI 的格式。

Severity: Error

----------------------------------------
----------------------------------------
Timestamp: 2017/5/21 21:39:12

Title:ThirdPartyAccessToken.GetToken 失败

Message: 请求的URL：
https://api.weixin.qq.com/cgi-bin/component/api_component_token
发送的内容：
{"component_appid":"wxc99af26ef3ecf658","component_appsecret":"d88d8fb6d243088ae78147f6c5ef84d3","component_verify_ticket":"ticket@@@OnFSu2ER3OnA-7t3-oWWX29nUwnbcoQXecfQjXVvWrreXdxLU9FSBDfwck2uzlhKHjRwkmv95MoZ2mqxP7WS9A"}
返回的内容：
{"errcode":61004,"errmsg":"access clientip is not registered hint: [XNi6dA0987e575] requestIP: 36.62.174.26"}


Severity: Error

----------------------------------------
----------------------------------------
Timestamp: 2017/5/21 21:40:12

Title:ThirdPartyAccessTokenGetter.Get 请求失败

Message: 无效的 URI: 未能确定 URI 的格式。

Severity: Error

----------------------------------------
----------------------------------------
Timestamp: 2017/5/21 21:40:12

Title:ThirdPartyAccessToken.GetToken 失败

Message: 请求的URL：
https://api.weixin.qq.com/cgi-bin/component/api_component_token
发送的内容：
{"component_appid":"wxc99af26ef3ecf658","component_appsecret":"d88d8fb6d243088ae78147f6c5ef84d3","component_verify_ticket":"ticket@@@OnFSu2ER3OnA-7t3-oWWX29nUwnbcoQXecfQjXVvWrreXdxLU9FSBDfwck2uzlhKHjRwkmv95MoZ2mqxP7WS9A"}
返回的内容：
{"errcode":61004,"errmsg":"access clientip is not registered hint: [ex8._a0047e544] requestIP: 36.62.174.26"}


Severity: Error

----------------------------------------
----------------------------------------
Timestamp: 2017/5/21 21:41:12

Title:ThirdPartyAccessTokenGetter.Get 请求失败

Message: 无效的 URI: 未能确定 URI 的格式。

Severity: Error

----------------------------------------
----------------------------------------
Timestamp: 2017/5/21 21:41:12

Title:ThirdPartyAccessToken.GetToken 失败

Message: 请求的URL：
https://api.weixin.qq.com/cgi-bin/component/api_component_token
发送的内容：
{"component_appid":"wxc99af26ef3ecf658","component_appsecret":"d88d8fb6d243088ae78147f6c5ef84d3","component_verify_ticket":"ticket@@@OnFSu2ER3OnA-7t3-oWWX29nUwnbcoQXecfQjXVvWrreXdxLU9FSBDfwck2uzlhKHjRwkmv95MoZ2mqxP7WS9A"}
返回的内容：
{"errcode":61004,"errmsg":"access clientip is not registered hint: [.Svqya0106e575] requestIP: 36.62.174.26"}


Severity: Error

----------------------------------------
----------------------------------------
Timestamp: 2017/5/21 21:42:12

Title:ThirdPartyAccessTokenGetter.Get 请求失败

Message: 无效的 URI: 未能确定 URI 的格式。

Severity: Error

----------------------------------------
----------------------------------------
Timestamp: 2017/5/21 21:42:12

Title:ThirdPartyAccessToken.GetToken 失败

Message: 请求的URL：
https://api.weixin.qq.com/cgi-bin/component/api_component_token
发送的内容：
{"component_appid":"wxc99af26ef3ecf658","component_appsecret":"d88d8fb6d243088ae78147f6c5ef84d3","component_verify_ticket":"ticket@@@OnFSu2ER3OnA-7t3-oWWX29nUwnbcoQXecfQjXVvWrreXdxLU9FSBDfwck2uzlhKHjRwkmv95MoZ2mqxP7WS9A"}
返回的内容：
{"errcode":61004,"errmsg":"access clientip is not registered hint: [NhlGda0166e578] requestIP: 36.62.174.26"}


Severity: Error

----------------------------------------
----------------------------------------
Timestamp: 2017/5/21 21:43:12

Title:ThirdPartyAccessTokenGetter.Get 请求失败

Message: 无效的 URI: 未能确定 URI 的格式。

Severity: Error

----------------------------------------
----------------------------------------
Timestamp: 2017/5/21 21:43:12

Title:ThirdPartyAccessToken.GetToken 失败

Message: 请求的URL：
https://api.weixin.qq.com/cgi-bin/component/api_component_token
发送的内容：
{"component_appid":"wxc99af26ef3ecf658","component_appsecret":"d88d8fb6d243088ae78147f6c5ef84d3","component_verify_ticket":"ticket@@@OnFSu2ER3OnA-7t3-oWWX29nUwnbcoQXecfQjXVvWrreXdxLU9FSBDfwck2uzlhKHjRwkmv95MoZ2mqxP7WS9A"}
返回的内容：
{"errcode":61004,"errmsg":"access clientip is not registered hint: [4TPv_0227e575] requestIP: 36.62.174.26"}


Severity: Error

----------------------------------------
----------------------------------------
Timestamp: 2017/5/21 21:44:12

Title:ThirdPartyAccessTokenGetter.Get 请求失败

Message: 无效的 URI: 未能确定 URI 的格式。

Severity: Error

----------------------------------------
----------------------------------------
Timestamp: 2017/5/21 21:44:12

Title:ThirdPartyAccessToken.GetToken 失败

Message: 请求的URL：
https://api.weixin.qq.com/cgi-bin/component/api_component_token
发送的内容：
{"component_appid":"wxc99af26ef3ecf658","component_appsecret":"d88d8fb6d243088ae78147f6c5ef84d3","component_verify_ticket":"ticket@@@OnFSu2ER3OnA-7t3-oWWX29nUwnbcoQXecfQjXVvWrreXdxLU9FSBDfwck2uzlhKHjRwkmv95MoZ2mqxP7WS9A"}
返回的内容：
{"errcode":61004,"errmsg":"access clientip is not registered hint: [.c9dea0286e514] requestIP: 36.62.174.26"}


Severity: Error

----------------------------------------
----------------------------------------
Timestamp: 2017/5/21 21:45:12

Title:ThirdPartyAccessTokenGetter.Get 请求失败

Message: 无效的 URI: 未能确定 URI 的格式。

Severity: Error

----------------------------------------
----------------------------------------
Timestamp: 2017/5/21 21:45:12

Title:ThirdPartyAccessToken.GetToken 失败

Message: 请求的URL：
https://api.weixin.qq.com/cgi-bin/component/api_component_token
发送的内容：
{"component_appid":"wxc99af26ef3ecf658","component_appsecret":"d88d8fb6d243088ae78147f6c5ef84d3","component_verify_ticket":"ticket@@@OnFSu2ER3OnA-7t3-oWWX29nUwnbcoQXecfQjXVvWrreXdxLU9FSBDfwck2uzlhKHjRwkmv95MoZ2mqxP7WS9A"}
返回的内容：
{"errcode":61004,"errmsg":"access clientip is not registered hint: [Uv1eCA0346e544] requestIP: 36.62.174.26"}


Severity: Error

----------------------------------------
----------------------------------------
Timestamp: 2017/5/21 21:46:12

Title:ThirdPartyAccessTokenGetter.Get 请求失败

Message: 无效的 URI: 未能确定 URI 的格式。

Severity: Error

----------------------------------------
----------------------------------------
Timestamp: 2017/5/21 21:46:12

Title:ThirdPartyAccessToken.GetToken 失败

Message: 请求的URL：
https://api.weixin.qq.com/cgi-bin/component/api_component_token
发送的内容：
{"component_appid":"wxc99af26ef3ecf658","component_appsecret":"d88d8fb6d243088ae78147f6c5ef84d3","component_verify_ticket":"ticket@@@OnFSu2ER3OnA-7t3-oWWX29nUwnbcoQXecfQjXVvWrreXdxLU9FSBDfwck2uzlhKHjRwkmv95MoZ2mqxP7WS9A"}
返回的内容：
{"errcode":61004,"errmsg":"access clientip is not registered hint: [mqNCHa0407e514] requestIP: 36.62.174.26"}


Severity: Error

----------------------------------------
----------------------------------------
Timestamp: 2017/5/21 21:47:12

Title:ThirdPartyAccessTokenGetter.Get 请求失败

Message: 无效的 URI: 未能确定 URI 的格式。

Severity: Error

----------------------------------------
----------------------------------------
Timestamp: 2017/5/21 21:47:12

Title:ThirdPartyAccessToken.GetToken 失败

Message: 请求的URL：
https://api.weixin.qq.com/cgi-bin/component/api_component_token
发送的内容：
{"component_appid":"wxc99af26ef3ecf658","component_appsecret":"d88d8fb6d243088ae78147f6c5ef84d3","component_verify_ticket":"ticket@@@OnFSu2ER3OnA-7t3-oWWX29nUwnbcoQXecfQjXVvWrreXdxLU9FSBDfwck2uzlhKHjRwkmv95MoZ2mqxP7WS9A"}
返回的内容：
{"errcode":61004,"errmsg":"access clientip is not registered hint: [rcZwla0466e575] requestIP: 36.62.174.26"}


Severity: Error

----------------------------------------
----------------------------------------
Timestamp: 2017/5/21 21:48:12

Title:ThirdPartyAccessTokenGetter.Get 请求失败

Message: 无效的 URI: 未能确定 URI 的格式。

Severity: Error

----------------------------------------
----------------------------------------
Timestamp: 2017/5/21 21:48:12

Title:ThirdPartyAccessToken.GetToken 失败

Message: 请求的URL：
https://api.weixin.qq.com/cgi-bin/component/api_component_token
发送的内容：
{"component_appid":"wxc99af26ef3ecf658","component_appsecret":"d88d8fb6d243088ae78147f6c5ef84d3","component_verify_ticket":"ticket@@@OnFSu2ER3OnA-7t3-oWWX29nUwnbcoQXecfQjXVvWrreXdxLU9FSBDfwck2uzlhKHjRwkmv95MoZ2mqxP7WS9A"}
返回的内容：
{"errcode":61004,"errmsg":"access clientip is not registered hint: [kVZGVa0526e578] requestIP: 36.62.174.26"}


Severity: Error

----------------------------------------
----------------------------------------
Timestamp: 2017/5/21 21:49:12

Title:ThirdPartyAccessTokenGetter.Get 请求失败

Message: 无效的 URI: 未能确定 URI 的格式。

Severity: Error

----------------------------------------
----------------------------------------
Timestamp: 2017/5/21 21:49:12

Title:ThirdPartyAccessToken.GetToken 失败

Message: 请求的URL：
https://api.weixin.qq.com/cgi-bin/component/api_component_token
发送的内容：
{"component_appid":"wxc99af26ef3ecf658","component_appsecret":"d88d8fb6d243088ae78147f6c5ef84d3","component_verify_ticket":"ticket@@@OnFSu2ER3OnA-7t3-oWWX29nUwnbcoQXecfQjXVvWrreXdxLU9FSBDfwck2uzlhKHjRwkmv95MoZ2mqxP7WS9A"}
返回的内容：
{"errcode":61004,"errmsg":"access clientip is not registered hint: [SZe8pA0587e514] requestIP: 36.62.174.26"}


Severity: Error

----------------------------------------
----------------------------------------
Timestamp: 2017/5/21 21:56:56

Title:Redis 连接失败

Message: It was not possible to connect to the redis server(s); to create a disconnected multiplexer, disable AbortOnConnectFail. SocketFailure on PING

Severity: Error

----------------------------------------
----------------------------------------
Timestamp: 2017/5/21 23:02:02

Title:Redis 连接失败

Message: It was not possible to connect to the redis server(s); to create a disconnected multiplexer, disable AbortOnConnectFail. SocketFailure on PING

Severity: Error

----------------------------------------
----------------------------------------
Timestamp: 2017/5/21 23:05:22

Title:AccessTokenGetter.Get 请求失败

Message: 无效的 URI: 未能确定 URI 的格式。

Severity: Error

----------------------------------------
----------------------------------------
Timestamp: 2017/5/21 23:05:31

Title:AccessTokenGetter.Get 请求失败

Message: 无效的 URI: 未能确定 URI 的格式。

Severity: Error

----------------------------------------
----------------------------------------
Timestamp: 2017/5/21 23:05:33

Title:AccessTokenGetter.Get 请求失败

Message: 无效的 URI: 未能确定 URI 的格式。

Severity: Error

----------------------------------------
----------------------------------------
Timestamp: 2017/5/21 23:06:03

Title:AccessTokenGetter.Get 请求失败

Message: 无效的 URI: 未能确定 URI 的格式。

Severity: Error

----------------------------------------
----------------------------------------
Timestamp: 2017/5/21 23:06:19

Title:AccessTokenGetter.Get 请求失败

Message: 无效的 URI: 未能确定 URI 的格式。

Severity: Error

----------------------------------------
----------------------------------------
Timestamp: 2017/5/21 23:06:31

Title:AccessTokenGetter.Get 请求失败

Message: 无效的 URI: 未能确定 URI 的格式。

Severity: Error

----------------------------------------
----------------------------------------
Timestamp: 2017/5/21 23:06:59

Title:AccessTokenGetter.Get 请求失败

Message: 无效的 URI: 未能确定 URI 的格式。

Severity: Error

----------------------------------------
----------------------------------------
Timestamp: 2017/5/21 23:07:03

Title:AccessTokenGetter.Get 请求失败

Message: 无效的 URI: 未能确定 URI 的格式。

Severity: Error

----------------------------------------
----------------------------------------
Timestamp: 2017/5/21 23:07:11

Title:AccessTokenGetter.Get 请求失败

Message: 无效的 URI: 未能确定 URI 的格式。

Severity: Error

----------------------------------------
----------------------------------------
Timestamp: 2017/5/21 23:07:14

Title:AccessTokenGetter.Get 请求失败

Message: 无效的 URI: 未能确定 URI 的格式。

Severity: Error

----------------------------------------
----------------------------------------
Timestamp: 2017/5/21 23:07:21

Title:AccessTokenGetter.Get 请求失败

Message: 无效的 URI: 未能确定 URI 的格式。

Severity: Error

----------------------------------------
----------------------------------------
Timestamp: 2017/5/21 23:08:03

Title:ThirdPartyAccessTokenGetter.Get 请求失败

Message: 无效的 URI: 未能确定 URI 的格式。

Severity: Error

----------------------------------------
----------------------------------------
Timestamp: 2017/5/21 23:08:03

Title:AccessTokenGetter.Get 请求失败

Message: 无效的 URI: 未能确定 URI 的格式。

Severity: Error

----------------------------------------
----------------------------------------
Timestamp: 2017/5/21 23:09:03

Title:ThirdPartyAccessTokenGetter.Get 请求失败

Message: 无效的 URI: 未能确定 URI 的格式。

Severity: Error

----------------------------------------
----------------------------------------
Timestamp: 2017/5/21 23:09:03

Title:AccessTokenGetter.Get 请求失败

Message: 无效的 URI: 未能确定 URI 的格式。

Severity: Error

----------------------------------------
----------------------------------------
Timestamp: 2017/5/21 23:10:03

Title:ThirdPartyAccessTokenGetter.Get 请求失败

Message: 无效的 URI: 未能确定 URI 的格式。

Severity: Error

----------------------------------------
----------------------------------------
Timestamp: 2017/5/21 23:10:03

Title:AccessTokenGetter.Get 请求失败

Message: 无效的 URI: 未能确定 URI 的格式。

Severity: Error

----------------------------------------
----------------------------------------
Timestamp: 2017/5/21 23:10:51

Title:AccessTokenGetter.Get 请求失败

Message: 无效的 URI: 未能确定 URI 的格式。

Severity: Error

----------------------------------------
----------------------------------------
Timestamp: 2017/5/21 23:10:59

Title:AccessTokenGetter.Get 请求失败

Message: 无效的 URI: 未能确定 URI 的格式。

Severity: Error

----------------------------------------
----------------------------------------
Timestamp: 2017/5/21 23:11:03

Title:ThirdPartyAccessTokenGetter.Get 请求失败

Message: 无效的 URI: 未能确定 URI 的格式。

Severity: Error

----------------------------------------
----------------------------------------
Timestamp: 2017/5/21 23:11:03

Title:AccessTokenGetter.Get 请求失败

Message: 无效的 URI: 未能确定 URI 的格式。

Severity: Error

----------------------------------------
----------------------------------------
Timestamp: 2017/5/21 23:11:04

Title:AccessTokenGetter.Get 请求失败

Message: 无效的 URI: 未能确定 URI 的格式。

Severity: Error

----------------------------------------
----------------------------------------
Timestamp: 2017/5/21 23:12:03

Title:ThirdPartyAccessTokenGetter.Get 请求失败

Message: 无效的 URI: 未能确定 URI 的格式。

Severity: Error

----------------------------------------
----------------------------------------
Timestamp: 2017/5/21 23:12:03

Title:AccessTokenGetter.Get 请求失败

Message: 无效的 URI: 未能确定 URI 的格式。

Severity: Error

----------------------------------------
----------------------------------------
Timestamp: 2017/5/21 23:13:03

Title:ThirdPartyAccessTokenGetter.Get 请求失败

Message: 无效的 URI: 未能确定 URI 的格式。

Severity: Error

----------------------------------------
----------------------------------------
Timestamp: 2017/5/21 23:13:03

Title:AccessTokenGetter.Get 请求失败

Message: 无效的 URI: 未能确定 URI 的格式。

Severity: Error

----------------------------------------
----------------------------------------
Timestamp: 2017/5/21 23:14:03

Title:ThirdPartyAccessTokenGetter.Get 请求失败

Message: 无效的 URI: 未能确定 URI 的格式。

Severity: Error

----------------------------------------
----------------------------------------
Timestamp: 2017/5/21 23:14:03

Title:AccessTokenGetter.Get 请求失败

Message: 无效的 URI: 未能确定 URI 的格式。

Severity: Error

----------------------------------------
----------------------------------------
Timestamp: 2017/5/21 23:15:03

Title:ThirdPartyAccessTokenGetter.Get 请求失败

Message: 无效的 URI: 未能确定 URI 的格式。

Severity: Error

----------------------------------------
----------------------------------------
Timestamp: 2017/5/21 23:15:03

Title:AccessTokenGetter.Get 请求失败

Message: 无效的 URI: 未能确定 URI 的格式。

Severity: Error

----------------------------------------
----------------------------------------
Timestamp: 2017/5/21 23:16:03

Title:ThirdPartyAccessTokenGetter.Get 请求失败

Message: 无效的 URI: 未能确定 URI 的格式。

Severity: Error

----------------------------------------
----------------------------------------
Timestamp: 2017/5/21 23:16:03

Title:AccessTokenGetter.Get 请求失败

Message: 无效的 URI: 未能确定 URI 的格式。

Severity: Error

----------------------------------------
----------------------------------------
Timestamp: 2017/5/21 23:17:03

Title:ThirdPartyAccessTokenGetter.Get 请求失败

Message: 无效的 URI: 未能确定 URI 的格式。

Severity: Error

----------------------------------------
----------------------------------------
Timestamp: 2017/5/21 23:17:03

Title:AccessTokenGetter.Get 请求失败

Message: 无效的 URI: 未能确定 URI 的格式。

Severity: Error

----------------------------------------
----------------------------------------
Timestamp: 2017/5/21 23:18:03

Title:ThirdPartyAccessTokenGetter.Get 请求失败

Message: 无效的 URI: 未能确定 URI 的格式。

Severity: Error

----------------------------------------
----------------------------------------
Timestamp: 2017/5/21 23:18:03

Title:AccessTokenGetter.Get 请求失败

Message: 无效的 URI: 未能确定 URI 的格式。

Severity: Error

----------------------------------------
----------------------------------------
Timestamp: 2017/5/21 23:19:03

Title:ThirdPartyAccessTokenGetter.Get 请求失败

Message: 无效的 URI: 未能确定 URI 的格式。

Severity: Error

----------------------------------------
----------------------------------------
Timestamp: 2017/5/21 23:19:03

Title:AccessTokenGetter.Get 请求失败

Message: 无效的 URI: 未能确定 URI 的格式。

Severity: Error

----------------------------------------
----------------------------------------
Timestamp: 2017/5/21 23:20:03

Title:ThirdPartyAccessTokenGetter.Get 请求失败

Message: 无效的 URI: 未能确定 URI 的格式。

Severity: Error

----------------------------------------
----------------------------------------
Timestamp: 2017/5/21 23:20:03

Title:AccessTokenGetter.Get 请求失败

Message: 无效的 URI: 未能确定 URI 的格式。

Severity: Error

----------------------------------------
----------------------------------------
Timestamp: 2017/5/21 23:21:03

Title:ThirdPartyAccessTokenGetter.Get 请求失败

Message: 无效的 URI: 未能确定 URI 的格式。

Severity: Error

----------------------------------------
----------------------------------------
Timestamp: 2017/5/21 23:21:03

Title:AccessTokenGetter.Get 请求失败

Message: 无效的 URI: 未能确定 URI 的格式。

Severity: Error

----------------------------------------
----------------------------------------
Timestamp: 2017/5/21 23:22:03

Title:ThirdPartyAccessTokenGetter.Get 请求失败

Message: 无效的 URI: 未能确定 URI 的格式。

Severity: Error

----------------------------------------
----------------------------------------
Timestamp: 2017/5/21 23:22:03

Title:AccessTokenGetter.Get 请求失败

Message: 无效的 URI: 未能确定 URI 的格式。

Severity: Error

----------------------------------------
----------------------------------------
Timestamp: 2017/5/21 23:23:03

Title:ThirdPartyAccessTokenGetter.Get 请求失败

Message: 无效的 URI: 未能确定 URI 的格式。

Severity: Error

----------------------------------------
----------------------------------------
Timestamp: 2017/5/21 23:23:03

Title:AccessTokenGetter.Get 请求失败

Message: 无效的 URI: 未能确定 URI 的格式。

Severity: Error

----------------------------------------
----------------------------------------
Timestamp: 2017/5/21 23:24:03

Title:ThirdPartyAccessTokenGetter.Get 请求失败

Message: 无效的 URI: 未能确定 URI 的格式。

Severity: Error

----------------------------------------
----------------------------------------
Timestamp: 2017/5/21 23:24:03

Title:AccessTokenGetter.Get 请求失败

Message: 无效的 URI: 未能确定 URI 的格式。

Severity: Error

----------------------------------------
----------------------------------------
Timestamp: 2017/5/21 23:25:03

Title:ThirdPartyAccessTokenGetter.Get 请求失败

Message: 无效的 URI: 未能确定 URI 的格式。

Severity: Error

----------------------------------------
----------------------------------------
Timestamp: 2017/5/21 23:25:03

Title:AccessTokenGetter.Get 请求失败

Message: 无效的 URI: 未能确定 URI 的格式。

Severity: Error

----------------------------------------
----------------------------------------
Timestamp: 2017/5/21 23:26:03

Title:ThirdPartyAccessTokenGetter.Get 请求失败

Message: 无效的 URI: 未能确定 URI 的格式。

Severity: Error

----------------------------------------
----------------------------------------
Timestamp: 2017/5/21 23:26:03

Title:AccessTokenGetter.Get 请求失败

Message: 无效的 URI: 未能确定 URI 的格式。

Severity: Error

----------------------------------------
----------------------------------------
Timestamp: 2017/5/21 23:27:03

Title:ThirdPartyAccessTokenGetter.Get 请求失败

Message: 无效的 URI: 未能确定 URI 的格式。

Severity: Error

----------------------------------------
----------------------------------------
Timestamp: 2017/5/21 23:27:03

Title:AccessTokenGetter.Get 请求失败

Message: 无效的 URI: 未能确定 URI 的格式。

Severity: Error

----------------------------------------
----------------------------------------
Timestamp: 2017/5/21 23:28:03

Title:ThirdPartyAccessTokenGetter.Get 请求失败

Message: 无效的 URI: 未能确定 URI 的格式。

Severity: Error

----------------------------------------
----------------------------------------
Timestamp: 2017/5/21 23:28:03

Title:AccessTokenGetter.Get 请求失败

Message: 无效的 URI: 未能确定 URI 的格式。

Severity: Error

----------------------------------------
----------------------------------------
Timestamp: 2017/5/21 23:29:03

Title:ThirdPartyAccessTokenGetter.Get 请求失败

Message: 无效的 URI: 未能确定 URI 的格式。

Severity: Error

----------------------------------------
----------------------------------------
Timestamp: 2017/5/21 23:29:03

Title:AccessTokenGetter.Get 请求失败

Message: 无效的 URI: 未能确定 URI 的格式。

Severity: Error

----------------------------------------
----------------------------------------
Timestamp: 2017/5/21 23:30:03

Title:ThirdPartyAccessTokenGetter.Get 请求失败

Message: 无效的 URI: 未能确定 URI 的格式。

Severity: Error

----------------------------------------
----------------------------------------
Timestamp: 2017/5/21 23:30:03

Title:AccessTokenGetter.Get 请求失败

Message: 无效的 URI: 未能确定 URI 的格式。

Severity: Error

----------------------------------------
----------------------------------------
Timestamp: 2017/5/21 23:31:03

Title:ThirdPartyAccessTokenGetter.Get 请求失败

Message: 无效的 URI: 未能确定 URI 的格式。

Severity: Error

----------------------------------------
----------------------------------------
Timestamp: 2017/5/21 23:31:03

Title:AccessTokenGetter.Get 请求失败

Message: 无效的 URI: 未能确定 URI 的格式。

Severity: Error

----------------------------------------
----------------------------------------
Timestamp: 2017/5/22 1:13:31

Title:Redis 连接失败

Message: It was not possible to connect to the redis server(s); to create a disconnected multiplexer, disable AbortOnConnectFail. SocketFailure on PING

Severity: Error

----------------------------------------
