----------------------------------------
Timestamp: 2015/11/15 17:23:11

Message: Memcached 连接成功。

Severity: Information

----------------------------------------
----------------------------------------
Timestamp: 2015/11/15 17:23:12

Message: Application_Start

Severity: Information

----------------------------------------
----------------------------------------
Timestamp: 2015/11/15 17:56:25

Message: Memcached 连接成功。

Severity: Information

----------------------------------------
----------------------------------------
Timestamp: 2015/11/15 17:56:26

Message: Application_Start

Severity: Information

----------------------------------------
----------------------------------------
Timestamp: 2015/11/15 17:59:49

Message: Memcached 连接成功。

Severity: Information

----------------------------------------
----------------------------------------
Timestamp: 2015/11/15 17:59:49

Message: Application_Start

Severity: Information

----------------------------------------
----------------------------------------
Timestamp: 2015/11/15 18:02:39

Message: Memcached 连接成功。

Severity: Information

----------------------------------------
----------------------------------------
Timestamp: 2015/11/15 18:02:39

Message: Application_Start

Severity: Information

----------------------------------------
----------------------------------------
Timestamp: 2015/11/15 21:03:13

Title:

Message: Memcached 连接成功。

Severity: Information

----------------------------------------
----------------------------------------
Timestamp: 2015/11/15 21:03:13

Title:

Message: Application_Start

Severity: Information

----------------------------------------
----------------------------------------
Timestamp: 2015/11/16 23:47:15

Title:

Message: Memcached 连接成功。

Severity: Information

----------------------------------------
----------------------------------------
Timestamp: 2015/11/16 23:47:16

Title:

Message: Application_Start

Severity: Information

----------------------------------------
----------------------------------------
Timestamp: 2015/11/16 23:47:31

Title:

Message: AccessTokenGetter.Refresh

Severity: Information

----------------------------------------
----------------------------------------
Timestamp: 2015/11/16 23:47:31

Title:调用微信网页授权接口

Message: https://open.weixin.qq.com/connect/oauth2/authorize?appid=wx8c36b3c0000a0a49&redirect_uri=http%3a%2f%2flocalhost%3a50318%2fWeixinApi%2fOAuthCallback%3fdomain%3dF6AAD430-CA1F-4AFD-B2B0-6E0D2FABB622&response_type=code&scope=snsapi_base&state=http%3a%2f%2flocalhost%3a50318%2fHome%2fPortal%2fF6AAD430-CA1F-4AFD-B2B0-6E0D2FABB622#wechat_redirect

Severity: Verbose

----------------------------------------
----------------------------------------
Timestamp: 2015/11/16 23:47:32

Title:

Message: Refresh AccessToken = zAtBuHOwuPrLMU7WXyjaT58Jyw3jFOjNp2mlUzGJk2X_CKeQL4QYX50gracXIw06NMUEFziLVtdSozpFv2fCWDXDHfDZzE4VHPGOVCdQv4AFTHcAJAUIW，_accessTokenCachingKey：wxc_accesstoken_f6aad430-ca1f-4afd-b2b0-6e0d2fabb622

Severity: Verbose

----------------------------------------
----------------------------------------
Timestamp: 2015/11/16 23:59:44

Title:

Message: Memcached 连接成功。

Severity: Information

----------------------------------------
----------------------------------------
Timestamp: 2015/11/16 23:59:44

Title:

Message: Application_Start

Severity: Information

----------------------------------------
----------------------------------------
Timestamp: 2015/11/16 23:59:52

Title:

Message: AccessTokenGetter.Refresh

Severity: Information

----------------------------------------
----------------------------------------
Timestamp: 2015/11/17 0:00:25

Title:

Message: Memcached 连接成功。

Severity: Information

----------------------------------------
----------------------------------------
Timestamp: 2015/11/17 0:00:25

Title:

Message: Application_Start

Severity: Information

----------------------------------------
----------------------------------------
Timestamp: 2015/11/17 0:00:40

Title:

Message: AccessTokenGetter.Refresh

Severity: Information

----------------------------------------
----------------------------------------
Timestamp: 2015/11/17 0:00:40

Title:

Message: Refresh AccessToken = rfI410Nm9O23FF-MlrW_8EroTIrDfver9yB_z285QPDNeOlju1vuSkQ3192BLK5ka2LXABAlhWtro2N_0xaQvX35J3ldc8inhigqIKtEFsYOETjAEAGWL，_accessTokenCachingKey：wxc_accesstoken_f6aad430-ca1f-4afd-b2b0-6e0d2fabb622

Severity: Verbose

----------------------------------------
----------------------------------------
Timestamp: 2015/11/17 0:03:17

Title:

Message: Memcached 连接成功。

Severity: Information

----------------------------------------
----------------------------------------
Timestamp: 2015/11/17 0:03:17

Title:

Message: Application_Start

Severity: Information

----------------------------------------
----------------------------------------
Timestamp: 2015/11/17 0:03:28

Title:

Message: AccessTokenGetter.Refresh

Severity: Information

----------------------------------------
----------------------------------------
Timestamp: 2015/11/17 0:03:28

Title:

Message: Refresh AccessToken = nETnudsiqObG0tA7buxo_sngTvniChhpPeIwGhlKVJcofEMJ19nyxabhDm8BujSBc0_2c-xG5_HLazbSOidF9hEnFoykfsVLFCM6Y-50I3YUQVjACAJFK，_accessTokenCachingKey：wxc_accesstoken_f6aad430-ca1f-4afd-b2b0-6e0d2fabb622

Severity: Verbose

----------------------------------------
----------------------------------------
Timestamp: 2015/11/17 23:09:14

Title:

Message: Memcached 连接成功。

Severity: Information

----------------------------------------
----------------------------------------
Timestamp: 2015/11/17 23:09:15

Title:

Message: Application_Start

Severity: Information

----------------------------------------
----------------------------------------
Timestamp: 2015/11/17 23:10:20

Title:

Message: Memcached 连接成功。

Severity: Information

----------------------------------------
----------------------------------------
Timestamp: 2015/11/17 23:10:20

Title:

Message: Application_Start

Severity: Information

----------------------------------------
----------------------------------------
Timestamp: 2015/11/17 23:10:22

Title:

Message: AccessTokenGetter.Refresh

Severity: Information

----------------------------------------
----------------------------------------
Timestamp: 2015/11/17 23:10:24

Title:

Message: Refresh AccessToken = SYBNuNtu02evVdIimDofoTP9oSsYvfpiKcCwseLNwGbSgHpWCtuBxJR8U5ouOT-0qtERsIXlbZTWOfrC1vQGtjXjX_vGV4iOeTMjA1rVYI8RSXhAFAKLQ，_accessTokenCachingKey：wxc_accesstoken_f6aad430-ca1f-4afd-b2b0-6e0d2fabb622

Severity: Verbose

----------------------------------------
----------------------------------------
Timestamp: 2015/11/17 23:55:10

Title:

Message: Memcached 连接成功。

Severity: Information

----------------------------------------
----------------------------------------
Timestamp: 2015/11/17 23:55:11

Title:

Message: Application_Start

Severity: Information

----------------------------------------
----------------------------------------
Timestamp: 2015/11/17 23:56:24

Title:

Message: AccessTokenGetter.Refresh

Severity: Information

----------------------------------------
----------------------------------------
Timestamp: 2015/11/17 23:56:24

Title:

Message: Refresh AccessToken = Rok63t01Shq1Bg8Bvt2X6uyUXi_1PiXKFNKMPo5wToHyC4ZH00LpL5QQXPjeMGm1hUFeFFnWLsgpSubHSpFz0DGTDPJ3fBlRbh5jtwGNpx8VJYaADAPDS，_accessTokenCachingKey：wxc_accesstoken_f6aad430-ca1f-4afd-b2b0-6e0d2fabb622

Severity: Verbose

----------------------------------------
----------------------------------------
Timestamp: 2015/11/18 0:01:33

Title:

Message: Memcached 连接成功。

Severity: Information

----------------------------------------
----------------------------------------
Timestamp: 2015/11/18 0:01:33

Title:

Message: Application_Start

Severity: Information

----------------------------------------
----------------------------------------
Timestamp: 2015/11/18 0:01:39

Title:

Message: AccessTokenGetter.Refresh

Severity: Information

----------------------------------------
----------------------------------------
Timestamp: 2015/11/18 0:01:41

Title:

Message: Refresh AccessToken = Srzg1oU8XPAJuXIj5pJdQBmCBMPVsGlF5XlT2xhKLxWJiYKQgVrTzDEJmOzMoto0fZQIRem9466yX0UQpdUvHcOqa54GhUEelkx6uwP5aiwBPAdACAGUF，_accessTokenCachingKey：wxc_accesstoken_f6aad430-ca1f-4afd-b2b0-6e0d2fabb622

Severity: Verbose

----------------------------------------
----------------------------------------
Timestamp: 2015/11/18 0:17:22

Title:

Message: Memcached 连接成功。

Severity: Information

----------------------------------------
----------------------------------------
Timestamp: 2015/11/18 0:17:22

Title:

Message: Application_Start

Severity: Information

----------------------------------------
----------------------------------------
Timestamp: 2015/11/18 0:17:30

Title:

Message: AccessTokenGetter.Refresh

Severity: Information

----------------------------------------
----------------------------------------
Timestamp: 2015/11/18 0:17:31

Title:

Message: Refresh AccessToken = wra5sAXSAAE0KBsL7GVX1zK5u4ZIRne8YrAvZqoQqGlFvowFsATZS5jeQ1502j7sBT7VPxlkvcwtjXGaEE5k_qY6u1GkwnC6NuZPI2FsRcYVSQbACAJGE，_accessTokenCachingKey：wxc_accesstoken_f6aad430-ca1f-4afd-b2b0-6e0d2fabb622

Severity: Verbose

----------------------------------------
----------------------------------------
Timestamp: 2015/11/18 0:24:31

Title:

Message: Memcached 连接成功。

Severity: Information

----------------------------------------
----------------------------------------
Timestamp: 2015/11/18 0:24:32

Title:

Message: Application_Start

Severity: Information

----------------------------------------
----------------------------------------
Timestamp: 2015/11/18 0:25:07

Title:

Message: AccessTokenGetter.Refresh

Severity: Information

----------------------------------------
----------------------------------------
Timestamp: 2015/11/18 0:25:07

Title:

Message: Refresh AccessToken = t81Gq547Gkki8QaELryHNhG7bgJ52jfPd4wjMGbgB4joVOsGJBYED__hYWaYYqJ2-Ki1fLS4ul15DT7H8ho8dKaX5pUwsYBL-gHFEB5cDF8YMQfAFAIWA，_accessTokenCachingKey：wxc_accesstoken_f6aad430-ca1f-4afd-b2b0-6e0d2fabb622

Severity: Verbose

----------------------------------------
----------------------------------------
Timestamp: 2015/11/18 0:55:11

Title:

Message: Memcached 连接成功。

Severity: Information

----------------------------------------
----------------------------------------
Timestamp: 2015/11/18 0:55:12

Title:

Message: Application_Start

Severity: Information

----------------------------------------
----------------------------------------
Timestamp: 2015/11/18 0:55:20

Title:

Message: AccessTokenGetter.Refresh

Severity: Information

----------------------------------------
----------------------------------------
Timestamp: 2015/11/18 0:55:21

Title:

Message: Refresh AccessToken = a-uc8o9hmqvUFR4Q7wgkD5n02feBcjkbV6VROfNGPiiMtFjYHMGxm-K5h9ypCOQyVqgV2r0aloIlL1Tb5u_ORyCxq3paXLEvueAFQqzhWQcOIZiACAYSJ，_accessTokenCachingKey：wxc_accesstoken_f6aad430-ca1f-4afd-b2b0-6e0d2fabb622

Severity: Verbose

----------------------------------------
----------------------------------------
Timestamp: 2015/11/18 22:26:31

Title:

Message: Memcached 连接成功。

Severity: Information

----------------------------------------
----------------------------------------
Timestamp: 2015/11/18 22:26:32

Title:

Message: Application_Start

Severity: Information

----------------------------------------
----------------------------------------
Timestamp: 2015/11/18 22:26:47

Title:

Message: AccessTokenGetter.Refresh

Severity: Information

----------------------------------------
----------------------------------------
Timestamp: 2015/11/18 22:26:48

Title:

Message: Refresh AccessToken = zpP8v9mR5AhpQwYZHk2AhPkFljBXULmsW_8LoJdcgwE1ewDcwANLp5v85pG-muj3Mj0UvNL5X_0dxxFJo6B_K68UVviWMM5kNn685uTS8VgJBPiAAAZRF，_accessTokenCachingKey：wxc_accesstoken_f6aad430-ca1f-4afd-b2b0-6e0d2fabb622

Severity: Verbose

----------------------------------------
----------------------------------------
Timestamp: 2015/11/18 22:39:44

Title:

Message: Memcached 连接成功。

Severity: Information

----------------------------------------
----------------------------------------
Timestamp: 2015/11/18 22:39:45

Title:

Message: Application_Start

Severity: Information

----------------------------------------
----------------------------------------
Timestamp: 2015/11/18 22:39:52

Title:

Message: AccessTokenGetter.Refresh

Severity: Information

----------------------------------------
----------------------------------------
Timestamp: 2015/11/18 22:39:53

Title:

Message: Refresh AccessToken = aK95FS0kgYn_PF9tldX3nvm9Mq91Yw_4IPs4LueoUYNuvdbkUlw2ia4P2Ew3QMcpuNxrKqE3XlolknHqaO_c2p_75fmW-eNIKcmWl1AHTG4PLTbABAUQY，_accessTokenCachingKey：wxc_accesstoken_f6aad430-ca1f-4afd-b2b0-6e0d2fabb622

Severity: Verbose

----------------------------------------
----------------------------------------
Timestamp: 2015/11/18 23:16:50

Title:

Message: Memcached 连接成功。

Severity: Information

----------------------------------------
----------------------------------------
Timestamp: 2015/11/18 23:16:50

Title:

Message: Application_Start

Severity: Information

----------------------------------------
----------------------------------------
Timestamp: 2015/11/18 23:16:57

Title:

Message: AccessTokenGetter.Refresh

Severity: Information

----------------------------------------
----------------------------------------
Timestamp: 2015/11/18 23:16:57

Title:

Message: Refresh AccessToken = prE27SQYE58WyfmXx0RD6dfMm_nzQkluVq5LvRPhcrPd7fqQrQHXPjNlfgm-CYcY7DsyOJ0Kc7ysATMk4zGTzHxPSHl38NlPDVBWb9KrTFkISZcACARBI，_accessTokenCachingKey：wxc_accesstoken_f6aad430-ca1f-4afd-b2b0-6e0d2fabb622

Severity: Verbose

----------------------------------------
----------------------------------------
Timestamp: 2015/11/19 22:38:42

Title:

Message: Memcached 连接成功。

Severity: Information

----------------------------------------
----------------------------------------
Timestamp: 2015/11/19 22:38:44

Title:

Message: Application_Start

Severity: Information

----------------------------------------
----------------------------------------
Timestamp: 2015/11/19 22:39:46

Title:

Message: AccessTokenGetter.Refresh

Severity: Information

----------------------------------------
----------------------------------------
Timestamp: 2015/11/19 22:39:47

Title:

Message: Refresh AccessToken = CvnWzFbDc1fHwV_Vu6cTKPOmzyURgpEldZhndeCDeCUOCdMy_Y4V3B2PQ63FkFACE9WI3zEX_EVto4wNbMISMkRAS1Y9KCUDSOmsnbY3d3sSLMeAJAHAB，_accessTokenCachingKey：wxc_accesstoken_f6aad430-ca1f-4afd-b2b0-6e0d2fabb622

Severity: Verbose

----------------------------------------
----------------------------------------
Timestamp: 2015/11/19 22:46:09

Title:

Message: Memcached 连接成功。

Severity: Information

----------------------------------------
----------------------------------------
Timestamp: 2015/11/19 22:46:09

Title:

Message: Application_Start

Severity: Information

----------------------------------------
----------------------------------------
Timestamp: 2015/11/19 22:46:18

Title:

Message: AccessTokenGetter.Refresh

Severity: Information

----------------------------------------
----------------------------------------
Timestamp: 2015/11/19 22:46:18

Title:

Message: Refresh AccessToken = ouUe5t-F3XF01IV51raPwCXUTPMUquDCmmzHZiGxOAOUavXSBTkOqrUlLWhkwxNQjbBrhPgvawNhohVdghuj-mWGUNHpdwf9T8ZPM1Ue7-4RMLbAGAJED，_accessTokenCachingKey：wxc_accesstoken_f6aad430-ca1f-4afd-b2b0-6e0d2fabb622

Severity: Verbose

----------------------------------------
----------------------------------------
Timestamp: 2015/11/19 22:58:29

Title:

Message: Memcached 连接成功。

Severity: Information

----------------------------------------
----------------------------------------
Timestamp: 2015/11/19 22:58:29

Title:

Message: Application_Start

Severity: Information

----------------------------------------
----------------------------------------
Timestamp: 2015/11/19 22:58:34

Title:

Message: AccessTokenGetter.Refresh

Severity: Information

----------------------------------------
----------------------------------------
Timestamp: 2015/11/19 22:58:34

Title:

Message: Refresh AccessToken = JR-TRjPngU6xVOFu1S3Ro7Hq5ORqMHmpk00u4mKJDxqW_013xshIB_03Jwuv9rsH60Wxq0WfhLNi8f32cgHvTLuXVAW5w4ZkqgbpEpKoYl4WHXhABAQBR，_accessTokenCachingKey：wxc_accesstoken_f6aad430-ca1f-4afd-b2b0-6e0d2fabb622

Severity: Verbose

----------------------------------------
----------------------------------------
Timestamp: 2015/11/19 23:00:50

Title:

Message: Memcached 连接成功。

Severity: Information

----------------------------------------
----------------------------------------
Timestamp: 2015/11/19 23:00:50

Title:

Message: Application_Start

Severity: Information

----------------------------------------
----------------------------------------
Timestamp: 2015/11/19 23:00:54

Title:

Message: AccessTokenGetter.Refresh

Severity: Information

----------------------------------------
----------------------------------------
Timestamp: 2015/11/19 23:01:00

Title:

Message: Refresh AccessToken = qnwJznRrrxLP8Hkng7jMkylTYGUyKCGq__zHAxu6Bl8eY9afbm10kkH5_oGHJBqhcu1eiYqI4PSHveyyamAC7z1VlD1oHnTdVEMvMvAU52ULBLiAEABRB，_accessTokenCachingKey：wxc_accesstoken_f6aad430-ca1f-4afd-b2b0-6e0d2fabb622

Severity: Verbose

----------------------------------------
----------------------------------------
Timestamp: 2015/11/19 23:05:54

Title:

Message: Memcached 连接成功。

Severity: Information

----------------------------------------
----------------------------------------
Timestamp: 2015/11/19 23:05:54

Title:

Message: Application_Start

Severity: Information

----------------------------------------
----------------------------------------
Timestamp: 2015/11/19 23:06:05

Title:

Message: AccessTokenGetter.Refresh

Severity: Information

----------------------------------------
----------------------------------------
Timestamp: 2015/11/19 23:06:06

Title:

Message: Refresh AccessToken = XmsCOudq9SSftBDitcdBfCVzEYtIHoeUWS-3nf8aGUwKOMH2r0hql1592gnXCKJqjiwZ7p7_ckK4bkZKBAfdcaxMOWA5_l4MbZHKGR53QggGVEdAFAPEN，_accessTokenCachingKey：wxc_accesstoken_f6aad430-ca1f-4afd-b2b0-6e0d2fabb622

Severity: Verbose

----------------------------------------
----------------------------------------
Timestamp: 2015/11/19 23:11:09

Title:

Message: Memcached 连接成功。

Severity: Information

----------------------------------------
----------------------------------------
Timestamp: 2015/11/19 23:11:09

Title:

Message: Application_Start

Severity: Information

----------------------------------------
----------------------------------------
Timestamp: 2015/11/19 23:11:27

Title:

Message: AccessTokenGetter.Refresh

Severity: Information

----------------------------------------
----------------------------------------
Timestamp: 2015/11/19 23:11:27

Title:

Message: Refresh AccessToken = Ei7aHcQEfn9FOfgeLCndZbQGHrqnYeXUeEvOt5q87JdJDxbSYZdQgSxiP5nAfxBT-C2ExhQx0Ll7HM-xJTCRhEt03wzG8naW0dtp-PI3WUIEIZcAEASWN，_accessTokenCachingKey：wxc_accesstoken_f6aad430-ca1f-4afd-b2b0-6e0d2fabb622

Severity: Verbose

----------------------------------------
----------------------------------------
Timestamp: 2015/11/20 1:03:58

Title:

Message: Memcached 连接成功。

Severity: Information

----------------------------------------
----------------------------------------
Timestamp: 2015/11/20 1:03:58

Title:

Message: Application_Start

Severity: Information

----------------------------------------
----------------------------------------
Timestamp: 2015/11/20 1:04:19

Title:

Message: AccessTokenGetter.Refresh

Severity: Information

----------------------------------------
----------------------------------------
Timestamp: 2015/11/20 1:04:19

Title:

Message: Refresh AccessToken = FL9x0SYJ5EGGPgF9YgCbSv7YDz-9JHlgnHxsFnKGvsG7ng-BgLO_SSVSpFUVP_0XqELFIxTbLvNmbl2luINcls8f5LeMYTtt7Xk0-tctHfMYESfAGAHNB，_accessTokenCachingKey：wxc_accesstoken_f6aad430-ca1f-4afd-b2b0-6e0d2fabb622

Severity: Verbose

----------------------------------------
----------------------------------------
Timestamp: 2015/11/21 1:50:11

Title:

Message: Memcached 连接成功。

Severity: Information

----------------------------------------
----------------------------------------
Timestamp: 2015/11/21 1:50:11

Title:

Message: Application_Start

Severity: Information

----------------------------------------
----------------------------------------
Timestamp: 2015/11/21 1:54:25

Title:

Message: AccessTokenGetter.Refresh

Severity: Information

----------------------------------------
----------------------------------------
Timestamp: 2015/11/21 1:54:25

Title:

Message: Refresh AccessToken = 0ByiohGioWrTEiFi8qH3PaL8K2husELkxTsNF8rVQCUxHmw0P4ILZOacqgLfUFrl58YDH9dne-PIZZA0akSEJn5oO1xAFYMq8Bfg4b1o2dkDOQcAGARCE，_accessTokenCachingKey：wxc_accesstoken_f6aad430-ca1f-4afd-b2b0-6e0d2fabb622

Severity: Verbose

----------------------------------------
----------------------------------------
Timestamp: 2015/11/21 23:51:22

Title:

Message: Memcached 连接成功。

Severity: Information

----------------------------------------
----------------------------------------
Timestamp: 2015/11/21 23:51:23

Title:

Message: Application_Start

Severity: Information

----------------------------------------
----------------------------------------
Timestamp: 2015/11/21 23:51:42

Title:

Message: AccessTokenGetter.Refresh

Severity: Information

----------------------------------------
----------------------------------------
Timestamp: 2015/11/21 23:51:42

Title:

Message: Refresh AccessToken = EtT1WlxljCqUiroxDTfbht9ge1aDuL60wWDlwsonc9xWvenRUqKmrxZQ-NktrU95GgVYuRgojAAPtbYIRII-1NuVf9l0mFDmWmpOPEqwztsVLLeAJAHXX，_accessTokenCachingKey：wxc_accesstoken_f6aad430-ca1f-4afd-b2b0-6e0d2fabb622

Severity: Verbose

----------------------------------------
----------------------------------------
Timestamp: 2015/11/22 0:09:11

Title:

Message: Memcached 连接成功。

Severity: Information

----------------------------------------
----------------------------------------
Timestamp: 2015/11/22 0:09:12

Title:

Message: Application_Start

Severity: Information

----------------------------------------
----------------------------------------
Timestamp: 2015/11/22 0:09:17

Title:

Message: AccessTokenGetter.Refresh

Severity: Information

----------------------------------------
----------------------------------------
Timestamp: 2015/11/22 0:09:18

Title:

Message: Refresh AccessToken = Mkznq-37qRvM6Y35oglaSc5kQmIW2JlPzEif-zgMKf4Lc08n1fIfBd7i4TURPwysi5vvsi69ugdK_3pleB2d2mB9o2F45JN2f1gPe4cPitEFRGgAFANZO，_accessTokenCachingKey：wxc_accesstoken_f6aad430-ca1f-4afd-b2b0-6e0d2fabb622

Severity: Verbose

----------------------------------------
----------------------------------------
Timestamp: 2015/11/22 0:31:18

Title:

Message: Memcached 连接成功。

Severity: Information

----------------------------------------
----------------------------------------
Timestamp: 2015/11/22 0:31:18

Title:

Message: Application_Start

Severity: Information

----------------------------------------
----------------------------------------
Timestamp: 2015/11/22 0:31:24

Title:

Message: AccessTokenGetter.Refresh

Severity: Information

----------------------------------------
----------------------------------------
Timestamp: 2015/11/22 0:31:25

Title:

Message: Refresh AccessToken = hedmtsKYIGl5lk1AKcO1tUjaxhj59gU2Tx7HtkU4dFCIZNpuj1idnlBUg92AUhx-Gd5op7T9XKTCc9aANDDddwVopyhVvnV9gKdgyub4B2kMAKbAIAIWG，_accessTokenCachingKey：wxc_accesstoken_f6aad430-ca1f-4afd-b2b0-6e0d2fabb622

Severity: Verbose

----------------------------------------
----------------------------------------
Timestamp: 2015/11/22 1:26:18

Title:

Message: Memcached 连接成功。

Severity: Information

----------------------------------------
----------------------------------------
Timestamp: 2015/11/22 1:26:18

Title:

Message: Application_Start

Severity: Information

----------------------------------------
----------------------------------------
Timestamp: 2015/11/22 1:29:07

Title:

Message: Memcached 连接成功。

Severity: Information

----------------------------------------
----------------------------------------
Timestamp: 2015/11/22 1:29:07

Title:

Message: Application_Start

Severity: Information

----------------------------------------
----------------------------------------
Timestamp: 2015/11/22 1:29:14

Title:

Message: AccessTokenGetter.Refresh

Severity: Information

----------------------------------------
----------------------------------------
Timestamp: 2015/11/22 1:29:15

Title:

Message: Refresh AccessToken = TcMw7kl_fYjm5q-nx0vnOhg32uXg58DsYfwF93lvV7C5npiEWQOdrZq6fd55QgiDEMxEOWljCXXFbYUYV2Brziaj5vlZa5v04JsnTD7dXNAMFIhAAAFYB，_accessTokenCachingKey：wxc_accesstoken_f6aad430-ca1f-4afd-b2b0-6e0d2fabb622

Severity: Verbose

----------------------------------------
----------------------------------------
Timestamp: 2015/11/22 1:33:34

Title:

Message: Memcached 连接成功。

Severity: Information

----------------------------------------
----------------------------------------
Timestamp: 2015/11/22 1:33:34

Title:

Message: Application_Start

Severity: Information

----------------------------------------
----------------------------------------
Timestamp: 2015/11/22 1:34:16

Title:

Message: AccessTokenGetter.Refresh

Severity: Information

----------------------------------------
----------------------------------------
Timestamp: 2015/11/22 1:34:25

Title:

Message: Refresh AccessToken = wra5sAXSAAE0KBsL7GVX13LL1DM6xV9l_snbwUrSx5cY-nlHIODnCkjReopuOMEQycKTy_o0rygRghLEpMp4TaCTh_L-IJFM5qUTdJ2kxywYCZhAHALPM，_accessTokenCachingKey：wxc_accesstoken_f6aad430-ca1f-4afd-b2b0-6e0d2fabb622

Severity: Verbose

----------------------------------------
----------------------------------------
Timestamp: 2015/11/22 2:07:54

Title:

Message: Memcached 连接成功。

Severity: Information

----------------------------------------
----------------------------------------
Timestamp: 2015/11/22 2:07:55

Title:

Message: Application_Start

Severity: Information

----------------------------------------
----------------------------------------
Timestamp: 2015/11/22 2:08:01

Title:

Message: AccessTokenGetter.Refresh

Severity: Information

----------------------------------------
----------------------------------------
Timestamp: 2015/11/22 2:08:08

Title:

Message: Refresh AccessToken = GP-BuTv_490ymUEh7SnA0JypFJotlObtqqal3PfzWMI8s4bz6zpuyEudUMopQKLMFqYXllX7nLlHDI3eozJeotL1KND6JuixbxtkQVi8gkkPCXiAAAKXS，_accessTokenCachingKey：wxc_accesstoken_f6aad430-ca1f-4afd-b2b0-6e0d2fabb622

Severity: Verbose

----------------------------------------
----------------------------------------
Timestamp: 2015/11/22 2:08:41

Title:

Message: Memcached 连接成功。

Severity: Information

----------------------------------------
----------------------------------------
Timestamp: 2015/11/22 2:08:41

Title:

Message: Application_Start

Severity: Information

----------------------------------------
----------------------------------------
Timestamp: 2015/11/22 2:08:46

Title:

Message: AccessTokenGetter.Refresh

Severity: Information

----------------------------------------
----------------------------------------
Timestamp: 2015/11/22 2:09:26

Title:

Message: Memcached 连接成功。

Severity: Information

----------------------------------------
----------------------------------------
Timestamp: 2015/11/22 2:09:26

Title:

Message: Application_Start

Severity: Information

----------------------------------------
----------------------------------------
Timestamp: 2015/11/22 2:09:30

Title:

Message: AccessTokenGetter.Refresh

Severity: Information

----------------------------------------
----------------------------------------
Timestamp: 2015/11/22 2:09:31

Title:

Message: Refresh AccessToken = kyDPfMI98QKEk8ZPwcjzOXodB0gZoqAaucerUh6s40ITnSOstvS_QF6j2UYSFGYsRo5JTo5gbckAy5-KetR_mu8EyEtfkixfgbLJpLUOym0VHUgAJAMYL，_accessTokenCachingKey：wxc_accesstoken_f6aad430-ca1f-4afd-b2b0-6e0d2fabb622

Severity: Verbose

----------------------------------------
----------------------------------------
Timestamp: 2015/11/22 2:13:11

Title:

Message: Memcached 连接成功。

Severity: Information

----------------------------------------
----------------------------------------
Timestamp: 2015/11/22 2:13:11

Title:

Message: Application_Start

Severity: Information

----------------------------------------
----------------------------------------
Timestamp: 2015/11/22 2:13:25

Title:

Message: AccessTokenGetter.Refresh

Severity: Information

----------------------------------------
----------------------------------------
Timestamp: 2015/11/22 2:13:26

Title:

Message: Refresh AccessToken = CO8p_vn3gnAMVVtBxEMwlqlC4Yo44k9OVqX7WWL6YM3NjMqh4uXKFTPN3KK5D68qkmnEsskuzWlUw2XaArI8_E5EmslimQew3QbAuYZvBIoJTVhAJAYIK，_accessTokenCachingKey：wxc_accesstoken_f6aad430-ca1f-4afd-b2b0-6e0d2fabb622

Severity: Verbose

----------------------------------------
----------------------------------------
Timestamp: 2015/11/22 2:15:12

Title:

Message: Memcached 连接成功。

Severity: Information

----------------------------------------
----------------------------------------
Timestamp: 2015/11/22 2:15:12

Title:

Message: Application_Start

Severity: Information

----------------------------------------
----------------------------------------
Timestamp: 2015/11/22 2:15:18

Title:

Message: AccessTokenGetter.Refresh

Severity: Information

----------------------------------------
----------------------------------------
Timestamp: 2015/11/22 2:15:19

Title:

Message: Refresh AccessToken = Dazx_ylXgLqKAlL7Uo2kiC-zSlOMooQRcQyDKZ-uLj1Zb432dPf7qidepMa_euRLlLJGMbRUNPa6hXFKQ1brwpGXc1BjSV0NHY8VepqR8r0CUYaABARJN，_accessTokenCachingKey：wxc_accesstoken_f6aad430-ca1f-4afd-b2b0-6e0d2fabb622

Severity: Verbose

----------------------------------------
----------------------------------------
Timestamp: 2015/11/22 2:18:09

Title:

Message: Memcached 连接成功。

Severity: Information

----------------------------------------
----------------------------------------
Timestamp: 2015/11/22 2:18:09

Title:

Message: Application_Start

Severity: Information

----------------------------------------
----------------------------------------
Timestamp: 2015/11/22 2:18:13

Title:

Message: AccessTokenGetter.Refresh

Severity: Information

----------------------------------------
----------------------------------------
Timestamp: 2015/11/22 2:18:14

Title:

Message: Refresh AccessToken = 6GkfasTYQH6q6ZSrMFas5ugPxqoLyzlIon27s-gKKXhM4BHi0kCHot_dXj4hsPj68p2xtEn5b_ACkEA3qC0vTsEpwB0qyVrWpRmJMv_uknMXEVhAIANUL，_accessTokenCachingKey：wxc_accesstoken_f6aad430-ca1f-4afd-b2b0-6e0d2fabb622

Severity: Verbose

----------------------------------------
----------------------------------------
Timestamp: 2015/11/22 2:23:24

Title:

Message: Memcached 连接成功。

Severity: Information

----------------------------------------
----------------------------------------
Timestamp: 2015/11/22 2:23:25

Title:

Message: Application_Start

Severity: Information

----------------------------------------
----------------------------------------
Timestamp: 2015/11/22 2:23:33

Title:

Message: AccessTokenGetter.Refresh

Severity: Information

----------------------------------------
----------------------------------------
Timestamp: 2015/11/22 2:23:34

Title:

Message: Refresh AccessToken = NzoEMS-wug7eiSvKLvnx5Wv5WZX0bedtop_cKspwvvHNU43PMAtylggkd0qZHHD16l8aIlSxCYHHpYh7UvANJhQKhD7jEJ-GbOGV9Yqj2aIEAXdADAVRO，_accessTokenCachingKey：wxc_accesstoken_f6aad430-ca1f-4afd-b2b0-6e0d2fabb622

Severity: Verbose

----------------------------------------
----------------------------------------
Timestamp: 2015/11/22 15:59:17

Title:

Message: Memcached 连接成功。

Severity: Information

----------------------------------------
----------------------------------------
Timestamp: 2015/11/22 15:59:17

Title:

Message: Application_Start

Severity: Information

----------------------------------------
----------------------------------------
Timestamp: 2015/11/22 15:59:54

Title:

Message: AccessTokenGetter.Refresh

Severity: Information

----------------------------------------
----------------------------------------
Timestamp: 2015/11/22 15:59:55

Title:

Message: Refresh AccessToken = yHFKMZvpoaNdgzZKqc8Qc6MPJ49yIF2O3DA4mw4cVO4OirmtKDMK_LdtaOok5fL62tZ2MzQPz7gSaNmYw5gVMaVCDidDG4GTvQk6jRr05UwEUOgAAAUKE，_accessTokenCachingKey：wxc_accesstoken_f6aad430-ca1f-4afd-b2b0-6e0d2fabb622

Severity: Verbose

----------------------------------------
----------------------------------------
Timestamp: 2015/11/22 16:16:10

Title:

Message: Memcached 连接成功。

Severity: Information

----------------------------------------
----------------------------------------
Timestamp: 2015/11/22 16:16:10

Title:

Message: Application_Start

Severity: Information

----------------------------------------
----------------------------------------
Timestamp: 2015/11/22 16:16:11

Title:

Message: AccessTokenGetter.Refresh

Severity: Information

----------------------------------------
----------------------------------------
Timestamp: 2015/11/22 16:16:12

Title:

Message: Refresh AccessToken = a-uc8o9hmqvUFR4Q7wgkD5P85D33Rm4002Vs1hTNr0hJTbEchZWZnmU0lDXY_GOS7_eLc9Nz705u8kUafAofZ07YvPHuzGY-Lq6ltT_tFc8YHIeAGALUV，_accessTokenCachingKey：wxc_accesstoken_f6aad430-ca1f-4afd-b2b0-6e0d2fabb622

Severity: Verbose

----------------------------------------
