----------------------------------------
Timestamp: 2015/11/22 22:10:08

Title:

Message: Memcached 连接成功。

Severity: Information

----------------------------------------
----------------------------------------
Timestamp: 2015/11/22 22:10:08

Title:

Message: Application_Start

Severity: Information

----------------------------------------
----------------------------------------
Timestamp: 2015/11/22 22:12:12

Title:

Message: AccessTokenGetter.Refresh

Severity: Information

----------------------------------------
----------------------------------------
Timestamp: 2015/11/22 22:16:34

Title:

Message: Memcached 连接成功。

Severity: Information

----------------------------------------
----------------------------------------
Timestamp: 2015/11/22 22:16:34

Title:

Message: Application_Start

Severity: Information

----------------------------------------
----------------------------------------
Timestamp: 2015/11/22 22:16:39

Title:

Message: AccessTokenGetter.Refresh

Severity: Information

----------------------------------------
----------------------------------------
Timestamp: 2015/11/23 0:16:52

Title:

Message: Memcached 连接成功。

Severity: Information

----------------------------------------
----------------------------------------
Timestamp: 2015/11/23 0:16:52

Title:

Message: Application_Start

Severity: Information

----------------------------------------
----------------------------------------
Timestamp: 2015/11/23 0:17:18

Title:

Message: AccessTokenGetter.Refresh

Severity: Information

----------------------------------------
----------------------------------------
Timestamp: 2015/11/23 0:49:31

Title:

Message: Memcached 连接成功。

Severity: Information

----------------------------------------
----------------------------------------
Timestamp: 2015/11/23 0:49:31

Title:

Message: Application_Start

Severity: Information

----------------------------------------
----------------------------------------
Timestamp: 2015/11/23 0:49:45

Title:

Message: AccessTokenGetter.Refresh

Severity: Information

----------------------------------------
----------------------------------------
Timestamp: 2015/11/27 23:21:28

Title:

Message: Memcached 连接成功。

Severity: Information

----------------------------------------
----------------------------------------
Timestamp: 2015/11/27 23:21:28

Title:

Message: Application_Start

Severity: Information

----------------------------------------
----------------------------------------
Timestamp: 2015/11/27 23:22:12

Title:

Message: Memcached 连接成功。

Severity: Information

----------------------------------------
----------------------------------------
Timestamp: 2015/11/27 23:22:12

Title:

Message: Application_Start

Severity: Information

----------------------------------------
----------------------------------------
Timestamp: 2015/11/27 23:22:29

Title:

Message: AccessTokenGetter.Refresh

Severity: Information

----------------------------------------
----------------------------------------
Timestamp: 2015/11/27 23:26:08

Title:

Message: Memcached 连接成功。

Severity: Information

----------------------------------------
----------------------------------------
Timestamp: 2015/11/27 23:26:08

Title:

Message: Application_Start

Severity: Information

----------------------------------------
----------------------------------------
Timestamp: 2015/11/27 23:26:23

Title:

Message: Memcached 连接成功。

Severity: Information

----------------------------------------
----------------------------------------
Timestamp: 2015/11/27 23:26:23

Title:

Message: Application_Start

Severity: Information

----------------------------------------
----------------------------------------
Timestamp: 2015/11/27 23:26:24

Title:

Message: AccessTokenGetter.Refresh

Severity: Information

----------------------------------------
----------------------------------------
Timestamp: 2015/11/28 15:19:20

Title:

Message: Memcached 连接成功。

Severity: Information

----------------------------------------
----------------------------------------
Timestamp: 2015/11/28 15:19:21

Title:

Message: Application_Start

Severity: Information

----------------------------------------
----------------------------------------
Timestamp: 2015/11/28 15:19:31

Title:

Message: Memcached 连接成功。

Severity: Information

----------------------------------------
----------------------------------------
Timestamp: 2015/11/28 15:19:31

Title:

Message: Application_Start

Severity: Information

----------------------------------------
----------------------------------------
Timestamp: 2015/11/28 15:55:51

Title:

Message: Memcached 连接成功。

Severity: Information

----------------------------------------
----------------------------------------
Timestamp: 2015/11/28 15:55:51

Title:

Message: Application_Start

Severity: Information

----------------------------------------
----------------------------------------
Timestamp: 2015/11/28 16:02:30

Title:

Message: Memcached 连接成功。

Severity: Information

----------------------------------------
----------------------------------------
Timestamp: 2015/11/28 16:02:31

Title:

Message: Application_Start

Severity: Information

----------------------------------------
----------------------------------------
Timestamp: 2015/11/28 17:18:31

Title:

Message: Memcached 连接成功。

Severity: Information

----------------------------------------
----------------------------------------
Timestamp: 2015/11/28 17:18:31

Title:

Message: Application_Start

Severity: Information

----------------------------------------
----------------------------------------
Timestamp: 2015/11/28 17:46:38

Title:

Message: Memcached 连接成功。

Severity: Information

----------------------------------------
----------------------------------------
Timestamp: 2015/11/28 17:46:38

Title:

Message: Application_Start

Severity: Information

----------------------------------------
----------------------------------------
Timestamp: 2015/11/28 17:57:05

Title:

Message: Memcached 连接成功。

Severity: Information

----------------------------------------
----------------------------------------
Timestamp: 2015/11/28 17:57:05

Title:

Message: Application_Start

Severity: Information

----------------------------------------
----------------------------------------
Timestamp: 2015/11/28 17:57:16

Title:

Message: Memcached 连接成功。

Severity: Information

----------------------------------------
----------------------------------------
Timestamp: 2015/11/28 17:57:16

Title:

Message: Application_Start

Severity: Information

----------------------------------------
----------------------------------------
Timestamp: 2015/11/28 18:03:29

Title:

Message: Memcached 连接成功。

Severity: Information

----------------------------------------
----------------------------------------
Timestamp: 2015/11/28 18:03:29

Title:

Message: Application_Start

Severity: Information

----------------------------------------
----------------------------------------
Timestamp: 2015/11/28 21:34:52

Title:

Message: Memcached 连接成功。

Severity: Information

----------------------------------------
----------------------------------------
Timestamp: 2015/11/28 21:34:53

Title:

Message: Application_Start

Severity: Information

----------------------------------------
----------------------------------------
Timestamp: 2015/11/28 23:03:16

Title:

Message: Memcached 连接成功。

Severity: Information

----------------------------------------
----------------------------------------
Timestamp: 2015/11/28 23:03:16

Title:

Message: Application_Start

Severity: Information

----------------------------------------
----------------------------------------
Timestamp: 2015/11/29 0:09:33

Title:

Message: Memcached 连接成功。

Severity: Information

----------------------------------------
----------------------------------------
Timestamp: 2015/11/29 0:09:33

Title:

Message: Application_Start

Severity: Information

----------------------------------------
----------------------------------------
Timestamp: 2015/11/29 0:11:53

Title:

Message: Memcached 连接成功。

Severity: Information

----------------------------------------
----------------------------------------
Timestamp: 2015/11/29 0:11:53

Title:

Message: Application_Start

Severity: Information

----------------------------------------
----------------------------------------
Timestamp: 2015/11/29 0:14:15

Title:

Message: Memcached 连接成功。

Severity: Information

----------------------------------------
----------------------------------------
Timestamp: 2015/11/29 0:14:15

Title:

Message: Application_Start

Severity: Information

----------------------------------------
----------------------------------------
Timestamp: 2015/11/29 0:26:45

Title:

Message: Memcached 连接成功。

Severity: Information

----------------------------------------
----------------------------------------
Timestamp: 2015/11/29 0:26:45

Title:

Message: Application_Start

Severity: Information

----------------------------------------
----------------------------------------
Timestamp: 2015/11/29 0:32:34

Title:

Message: Memcached 连接成功。

Severity: Information

----------------------------------------
----------------------------------------
Timestamp: 2015/11/29 0:32:34

Title:

Message: Application_Start

Severity: Information

----------------------------------------
----------------------------------------
Timestamp: 2015/11/29 0:33:35

Title:

Message: Memcached 连接成功。

Severity: Information

----------------------------------------
----------------------------------------
Timestamp: 2015/11/29 0:33:35

Title:

Message: Application_Start

Severity: Information

----------------------------------------
----------------------------------------
Timestamp: 2015/11/29 21:58:09

Title:

Message: Memcached 连接成功。

Severity: Information

----------------------------------------
----------------------------------------
Timestamp: 2015/11/29 21:58:09

Title:

Message: Application_Start

Severity: Information

----------------------------------------
----------------------------------------
Timestamp: 2015/11/29 21:58:23

Title:

Message: Memcached 连接成功。

Severity: Information

----------------------------------------
----------------------------------------
Timestamp: 2015/11/29 21:58:23

Title:

Message: Application_Start

Severity: Information

----------------------------------------
----------------------------------------
Timestamp: 2015/11/29 21:59:23

Title:

Message: Memcached 连接成功。

Severity: Information

----------------------------------------
----------------------------------------
Timestamp: 2015/11/29 21:59:23

Title:

Message: Application_Start

Severity: Information

----------------------------------------
