----------------------------------------
Timestamp: 2016/7/16 1:48:21

Title:

Message: Application_Start

Severity: Information

----------------------------------------
----------------------------------------
Timestamp: 2016/7/16 1:48:22

Title:

Message: Redis 连接成功

Severity: Information

----------------------------------------
----------------------------------------
Timestamp: 2016/7/16 1:49:36

Title:

Message: Application_Start

Severity: Information

----------------------------------------
----------------------------------------
Timestamp: 2016/7/16 1:49:37

Title:

Message: Redis 连接成功

Severity: Information

----------------------------------------
