----------------------------------------
Timestamp: 2015/11/29 22:10:15

Title:

Message: Memcached 连接成功。

Severity: Information

----------------------------------------
----------------------------------------
Timestamp: 2015/11/29 22:10:15

Title:

Message: Application_Start

Severity: Information

----------------------------------------
----------------------------------------
Timestamp: 2015/11/29 22:11:20

Title:

Message: Memcached 连接成功。

Severity: Information

----------------------------------------
----------------------------------------
Timestamp: 2015/11/29 22:11:20

Title:

Message: Application_Start

Severity: Information

----------------------------------------
----------------------------------------
Timestamp: 2015/11/29 22:11:31

Title:

Message: Memcached 连接成功。

Severity: Information

----------------------------------------
----------------------------------------
Timestamp: 2015/11/29 22:11:32

Title:

Message: Application_Start

Severity: Information

----------------------------------------
----------------------------------------
Timestamp: 2015/11/29 23:02:32

Title:

Message: Memcached 连接成功。

Severity: Information

----------------------------------------
----------------------------------------
Timestamp: 2015/11/29 23:02:32

Title:

Message: Application_Start

Severity: Information

----------------------------------------
----------------------------------------
Timestamp: 2015/11/29 23:06:37

Title:

Message: Memcached 连接成功。

Severity: Information

----------------------------------------
----------------------------------------
Timestamp: 2015/11/29 23:06:38

Title:

Message: Application_Start

Severity: Information

----------------------------------------
----------------------------------------
Timestamp: 2015/11/29 23:07:48

Title:

Message: Memcached 连接成功。

Severity: Information

----------------------------------------
----------------------------------------
Timestamp: 2015/11/29 23:07:48

Title:

Message: Application_Start

Severity: Information

----------------------------------------
----------------------------------------
Timestamp: 2015/11/29 23:08:26

Title:

Message: Memcached 连接成功。

Severity: Information

----------------------------------------
----------------------------------------
Timestamp: 2015/11/29 23:08:27

Title:

Message: Application_Start

Severity: Information

----------------------------------------
----------------------------------------
Timestamp: 2015/11/29 23:14:29

Title:

Message: Memcached 连接成功。

Severity: Information

----------------------------------------
----------------------------------------
Timestamp: 2015/11/29 23:14:29

Title:

Message: Application_Start

Severity: Information

----------------------------------------
----------------------------------------
Timestamp: 2015/11/29 23:18:31

Title:

Message: Memcached 连接成功。

Severity: Information

----------------------------------------
----------------------------------------
Timestamp: 2015/11/29 23:18:32

Title:

Message: Application_Start

Severity: Information

----------------------------------------
----------------------------------------
Timestamp: 2015/11/29 23:33:48

Title:

Message: Memcached 连接成功。

Severity: Information

----------------------------------------
----------------------------------------
Timestamp: 2015/11/29 23:33:48

Title:

Message: Application_Start

Severity: Information

----------------------------------------
----------------------------------------
Timestamp: 2015/12/2 0:18:35

Title:

Message: Memcached 连接成功。

Severity: Information

----------------------------------------
----------------------------------------
Timestamp: 2015/12/2 0:18:35

Title:

Message: Application_Start

Severity: Information

----------------------------------------
----------------------------------------
Timestamp: 2015/12/2 0:24:26

Title:

Message: Application_Start

Severity: Information

----------------------------------------
----------------------------------------
Timestamp: 2015/12/2 0:24:27

Title:

Message: Memcached 连接成功。

Severity: Information

----------------------------------------
----------------------------------------
Timestamp: 2015/12/3 0:42:36

Title:

Message: Application_Start

Severity: Information

----------------------------------------
----------------------------------------
Timestamp: 2015/12/3 0:42:37

Title:

Message: Redis 连接成功

Severity: Information

----------------------------------------
