----------------------------------------
Timestamp: 2015/11/15 17:23:11

Message: Memcached 连接成功。

Severity: Information

----------------------------------------
----------------------------------------
Timestamp: 2015/11/15 17:23:12

Message: Application_Start

Severity: Information

----------------------------------------
----------------------------------------
Timestamp: 2015/11/15 17:56:25

Message: Memcached 连接成功。

Severity: Information

----------------------------------------
----------------------------------------
Timestamp: 2015/11/15 17:56:26

Message: Application_Start

Severity: Information

----------------------------------------
----------------------------------------
Timestamp: 2015/11/15 17:59:49

Message: Memcached 连接成功。

Severity: Information

----------------------------------------
----------------------------------------
Timestamp: 2015/11/15 17:59:49

Message: Application_Start

Severity: Information

----------------------------------------
----------------------------------------
Timestamp: 2015/11/15 18:02:39

Message: Memcached 连接成功。

Severity: Information

----------------------------------------
----------------------------------------
Timestamp: 2015/11/15 18:02:39

Message: Application_Start

Severity: Information

----------------------------------------
----------------------------------------
Timestamp: 2015/11/15 21:03:13

Title:

Message: Memcached 连接成功。

Severity: Information

----------------------------------------
----------------------------------------
Timestamp: 2015/11/15 21:03:13

Title:

Message: Application_Start

Severity: Information

----------------------------------------
----------------------------------------
Timestamp: 2015/11/16 23:47:15

Title:

Message: Memcached 连接成功。

Severity: Information

----------------------------------------
----------------------------------------
Timestamp: 2015/11/16 23:47:16

Title:

Message: Application_Start

Severity: Information

----------------------------------------
----------------------------------------
Timestamp: 2015/11/16 23:47:31

Title:

Message: AccessTokenGetter.Refresh

Severity: Information

----------------------------------------
----------------------------------------
Timestamp: 2015/11/16 23:59:44

Title:

Message: Memcached 连接成功。

Severity: Information

----------------------------------------
----------------------------------------
Timestamp: 2015/11/16 23:59:44

Title:

Message: Application_Start

Severity: Information

----------------------------------------
----------------------------------------
Timestamp: 2015/11/16 23:59:52

Title:

Message: AccessTokenGetter.Refresh

Severity: Information

----------------------------------------
----------------------------------------
Timestamp: 2015/11/17 0:00:25

Title:

Message: Memcached 连接成功。

Severity: Information

----------------------------------------
----------------------------------------
Timestamp: 2015/11/17 0:00:25

Title:

Message: Application_Start

Severity: Information

----------------------------------------
----------------------------------------
Timestamp: 2015/11/17 0:00:40

Title:

Message: AccessTokenGetter.Refresh

Severity: Information

----------------------------------------
----------------------------------------
Timestamp: 2015/11/17 0:03:17

Title:

Message: Memcached 连接成功。

Severity: Information

----------------------------------------
----------------------------------------
Timestamp: 2015/11/17 0:03:17

Title:

Message: Application_Start

Severity: Information

----------------------------------------
----------------------------------------
Timestamp: 2015/11/17 0:03:28

Title:

Message: AccessTokenGetter.Refresh

Severity: Information

----------------------------------------
----------------------------------------
Timestamp: 2015/11/17 23:09:14

Title:

Message: Memcached 连接成功。

Severity: Information

----------------------------------------
----------------------------------------
Timestamp: 2015/11/17 23:09:15

Title:

Message: Application_Start

Severity: Information

----------------------------------------
----------------------------------------
Timestamp: 2015/11/17 23:10:20

Title:

Message: Memcached 连接成功。

Severity: Information

----------------------------------------
----------------------------------------
Timestamp: 2015/11/17 23:10:20

Title:

Message: Application_Start

Severity: Information

----------------------------------------
----------------------------------------
Timestamp: 2015/11/17 23:10:22

Title:

Message: AccessTokenGetter.Refresh

Severity: Information

----------------------------------------
----------------------------------------
Timestamp: 2015/11/17 23:55:10

Title:

Message: Memcached 连接成功。

Severity: Information

----------------------------------------
----------------------------------------
Timestamp: 2015/11/17 23:55:11

Title:

Message: Application_Start

Severity: Information

----------------------------------------
----------------------------------------
Timestamp: 2015/11/17 23:56:24

Title:

Message: AccessTokenGetter.Refresh

Severity: Information

----------------------------------------
----------------------------------------
Timestamp: 2015/11/18 0:01:33

Title:

Message: Memcached 连接成功。

Severity: Information

----------------------------------------
----------------------------------------
Timestamp: 2015/11/18 0:01:33

Title:

Message: Application_Start

Severity: Information

----------------------------------------
----------------------------------------
Timestamp: 2015/11/18 0:01:39

Title:

Message: AccessTokenGetter.Refresh

Severity: Information

----------------------------------------
----------------------------------------
Timestamp: 2015/11/18 0:17:22

Title:

Message: Memcached 连接成功。

Severity: Information

----------------------------------------
----------------------------------------
Timestamp: 2015/11/18 0:17:22

Title:

Message: Application_Start

Severity: Information

----------------------------------------
----------------------------------------
Timestamp: 2015/11/18 0:17:30

Title:

Message: AccessTokenGetter.Refresh

Severity: Information

----------------------------------------
----------------------------------------
Timestamp: 2015/11/18 0:24:31

Title:

Message: Memcached 连接成功。

Severity: Information

----------------------------------------
----------------------------------------
Timestamp: 2015/11/18 0:24:32

Title:

Message: Application_Start

Severity: Information

----------------------------------------
----------------------------------------
Timestamp: 2015/11/18 0:25:07

Title:

Message: AccessTokenGetter.Refresh

Severity: Information

----------------------------------------
----------------------------------------
Timestamp: 2015/11/18 0:55:11

Title:

Message: Memcached 连接成功。

Severity: Information

----------------------------------------
----------------------------------------
Timestamp: 2015/11/18 0:55:12

Title:

Message: Application_Start

Severity: Information

----------------------------------------
----------------------------------------
Timestamp: 2015/11/18 0:55:20

Title:

Message: AccessTokenGetter.Refresh

Severity: Information

----------------------------------------
----------------------------------------
Timestamp: 2015/11/18 22:26:31

Title:

Message: Memcached 连接成功。

Severity: Information

----------------------------------------
----------------------------------------
Timestamp: 2015/11/18 22:26:32

Title:

Message: Application_Start

Severity: Information

----------------------------------------
----------------------------------------
Timestamp: 2015/11/18 22:26:47

Title:

Message: AccessTokenGetter.Refresh

Severity: Information

----------------------------------------
----------------------------------------
Timestamp: 2015/11/18 22:39:44

Title:

Message: Memcached 连接成功。

Severity: Information

----------------------------------------
----------------------------------------
Timestamp: 2015/11/18 22:39:45

Title:

Message: Application_Start

Severity: Information

----------------------------------------
----------------------------------------
Timestamp: 2015/11/18 22:39:52

Title:

Message: AccessTokenGetter.Refresh

Severity: Information

----------------------------------------
----------------------------------------
Timestamp: 2015/11/18 23:16:50

Title:

Message: Memcached 连接成功。

Severity: Information

----------------------------------------
----------------------------------------
Timestamp: 2015/11/18 23:16:50

Title:

Message: Application_Start

Severity: Information

----------------------------------------
----------------------------------------
Timestamp: 2015/11/18 23:16:57

Title:

Message: AccessTokenGetter.Refresh

Severity: Information

----------------------------------------
----------------------------------------
Timestamp: 2015/11/19 22:38:42

Title:

Message: Memcached 连接成功。

Severity: Information

----------------------------------------
----------------------------------------
Timestamp: 2015/11/19 22:38:44

Title:

Message: Application_Start

Severity: Information

----------------------------------------
----------------------------------------
Timestamp: 2015/11/19 22:39:46

Title:

Message: AccessTokenGetter.Refresh

Severity: Information

----------------------------------------
----------------------------------------
Timestamp: 2015/11/19 22:46:09

Title:

Message: Memcached 连接成功。

Severity: Information

----------------------------------------
----------------------------------------
Timestamp: 2015/11/19 22:46:09

Title:

Message: Application_Start

Severity: Information

----------------------------------------
----------------------------------------
Timestamp: 2015/11/19 22:46:18

Title:

Message: AccessTokenGetter.Refresh

Severity: Information

----------------------------------------
----------------------------------------
Timestamp: 2015/11/19 22:58:29

Title:

Message: Memcached 连接成功。

Severity: Information

----------------------------------------
----------------------------------------
Timestamp: 2015/11/19 22:58:29

Title:

Message: Application_Start

Severity: Information

----------------------------------------
----------------------------------------
Timestamp: 2015/11/19 22:58:34

Title:

Message: AccessTokenGetter.Refresh

Severity: Information

----------------------------------------
----------------------------------------
Timestamp: 2015/11/19 23:00:50

Title:

Message: Memcached 连接成功。

Severity: Information

----------------------------------------
----------------------------------------
Timestamp: 2015/11/19 23:00:50

Title:

Message: Application_Start

Severity: Information

----------------------------------------
----------------------------------------
Timestamp: 2015/11/19 23:00:54

Title:

Message: AccessTokenGetter.Refresh

Severity: Information

----------------------------------------
----------------------------------------
Timestamp: 2015/11/19 23:05:54

Title:

Message: Memcached 连接成功。

Severity: Information

----------------------------------------
----------------------------------------
Timestamp: 2015/11/19 23:05:54

Title:

Message: Application_Start

Severity: Information

----------------------------------------
----------------------------------------
Timestamp: 2015/11/19 23:06:05

Title:

Message: AccessTokenGetter.Refresh

Severity: Information

----------------------------------------
----------------------------------------
Timestamp: 2015/11/19 23:11:09

Title:

Message: Memcached 连接成功。

Severity: Information

----------------------------------------
----------------------------------------
Timestamp: 2015/11/19 23:11:09

Title:

Message: Application_Start

Severity: Information

----------------------------------------
----------------------------------------
Timestamp: 2015/11/19 23:11:27

Title:

Message: AccessTokenGetter.Refresh

Severity: Information

----------------------------------------
----------------------------------------
Timestamp: 2015/11/20 1:03:58

Title:

Message: Memcached 连接成功。

Severity: Information

----------------------------------------
----------------------------------------
Timestamp: 2015/11/20 1:03:58

Title:

Message: Application_Start

Severity: Information

----------------------------------------
----------------------------------------
Timestamp: 2015/11/20 1:04:19

Title:

Message: AccessTokenGetter.Refresh

Severity: Information

----------------------------------------
----------------------------------------
Timestamp: 2015/11/21 1:50:11

Title:

Message: Memcached 连接成功。

Severity: Information

----------------------------------------
----------------------------------------
Timestamp: 2015/11/21 1:50:11

Title:

Message: Application_Start

Severity: Information

----------------------------------------
----------------------------------------
Timestamp: 2015/11/21 1:54:25

Title:

Message: AccessTokenGetter.Refresh

Severity: Information

----------------------------------------
----------------------------------------
Timestamp: 2015/11/21 23:51:22

Title:

Message: Memcached 连接成功。

Severity: Information

----------------------------------------
----------------------------------------
Timestamp: 2015/11/21 23:51:23

Title:

Message: Application_Start

Severity: Information

----------------------------------------
----------------------------------------
Timestamp: 2015/11/21 23:51:42

Title:

Message: AccessTokenGetter.Refresh

Severity: Information

----------------------------------------
----------------------------------------
Timestamp: 2015/11/22 0:09:11

Title:

Message: Memcached 连接成功。

Severity: Information

----------------------------------------
----------------------------------------
Timestamp: 2015/11/22 0:09:12

Title:

Message: Application_Start

Severity: Information

----------------------------------------
----------------------------------------
Timestamp: 2015/11/22 0:09:17

Title:

Message: AccessTokenGetter.Refresh

Severity: Information

----------------------------------------
----------------------------------------
Timestamp: 2015/11/22 0:31:18

Title:

Message: Memcached 连接成功。

Severity: Information

----------------------------------------
----------------------------------------
Timestamp: 2015/11/22 0:31:18

Title:

Message: Application_Start

Severity: Information

----------------------------------------
----------------------------------------
Timestamp: 2015/11/22 0:31:24

Title:

Message: AccessTokenGetter.Refresh

Severity: Information

----------------------------------------
----------------------------------------
Timestamp: 2015/11/22 1:26:18

Title:

Message: Memcached 连接成功。

Severity: Information

----------------------------------------
----------------------------------------
Timestamp: 2015/11/22 1:26:18

Title:

Message: Application_Start

Severity: Information

----------------------------------------
----------------------------------------
Timestamp: 2015/11/22 1:29:07

Title:

Message: Memcached 连接成功。

Severity: Information

----------------------------------------
----------------------------------------
Timestamp: 2015/11/22 1:29:07

Title:

Message: Application_Start

Severity: Information

----------------------------------------
----------------------------------------
Timestamp: 2015/11/22 1:29:14

Title:

Message: AccessTokenGetter.Refresh

Severity: Information

----------------------------------------
----------------------------------------
Timestamp: 2015/11/22 1:33:34

Title:

Message: Memcached 连接成功。

Severity: Information

----------------------------------------
----------------------------------------
Timestamp: 2015/11/22 1:33:34

Title:

Message: Application_Start

Severity: Information

----------------------------------------
----------------------------------------
Timestamp: 2015/11/22 1:34:16

Title:

Message: AccessTokenGetter.Refresh

Severity: Information

----------------------------------------
----------------------------------------
Timestamp: 2015/11/22 2:07:54

Title:

Message: Memcached 连接成功。

Severity: Information

----------------------------------------
----------------------------------------
Timestamp: 2015/11/22 2:07:55

Title:

Message: Application_Start

Severity: Information

----------------------------------------
----------------------------------------
Timestamp: 2015/11/22 2:08:01

Title:

Message: AccessTokenGetter.Refresh

Severity: Information

----------------------------------------
----------------------------------------
Timestamp: 2015/11/22 2:08:41

Title:

Message: Memcached 连接成功。

Severity: Information

----------------------------------------
----------------------------------------
Timestamp: 2015/11/22 2:08:41

Title:

Message: Application_Start

Severity: Information

----------------------------------------
----------------------------------------
Timestamp: 2015/11/22 2:08:46

Title:

Message: AccessTokenGetter.Refresh

Severity: Information

----------------------------------------
----------------------------------------
Timestamp: 2015/11/22 2:09:26

Title:

Message: Memcached 连接成功。

Severity: Information

----------------------------------------
----------------------------------------
Timestamp: 2015/11/22 2:09:26

Title:

Message: Application_Start

Severity: Information

----------------------------------------
----------------------------------------
Timestamp: 2015/11/22 2:09:30

Title:

Message: AccessTokenGetter.Refresh

Severity: Information

----------------------------------------
----------------------------------------
Timestamp: 2015/11/22 2:13:11

Title:

Message: Memcached 连接成功。

Severity: Information

----------------------------------------
----------------------------------------
Timestamp: 2015/11/22 2:13:11

Title:

Message: Application_Start

Severity: Information

----------------------------------------
----------------------------------------
Timestamp: 2015/11/22 2:13:25

Title:

Message: AccessTokenGetter.Refresh

Severity: Information

----------------------------------------
----------------------------------------
Timestamp: 2015/11/22 2:15:12

Title:

Message: Memcached 连接成功。

Severity: Information

----------------------------------------
----------------------------------------
Timestamp: 2015/11/22 2:15:12

Title:

Message: Application_Start

Severity: Information

----------------------------------------
----------------------------------------
Timestamp: 2015/11/22 2:15:18

Title:

Message: AccessTokenGetter.Refresh

Severity: Information

----------------------------------------
----------------------------------------
Timestamp: 2015/11/22 2:18:09

Title:

Message: Memcached 连接成功。

Severity: Information

----------------------------------------
----------------------------------------
Timestamp: 2015/11/22 2:18:09

Title:

Message: Application_Start

Severity: Information

----------------------------------------
----------------------------------------
Timestamp: 2015/11/22 2:18:13

Title:

Message: AccessTokenGetter.Refresh

Severity: Information

----------------------------------------
----------------------------------------
Timestamp: 2015/11/22 2:23:24

Title:

Message: Memcached 连接成功。

Severity: Information

----------------------------------------
----------------------------------------
Timestamp: 2015/11/22 2:23:25

Title:

Message: Application_Start

Severity: Information

----------------------------------------
----------------------------------------
Timestamp: 2015/11/22 2:23:33

Title:

Message: AccessTokenGetter.Refresh

Severity: Information

----------------------------------------
----------------------------------------
Timestamp: 2015/11/22 15:59:17

Title:

Message: Memcached 连接成功。

Severity: Information

----------------------------------------
----------------------------------------
Timestamp: 2015/11/22 15:59:17

Title:

Message: Application_Start

Severity: Information

----------------------------------------
----------------------------------------
Timestamp: 2015/11/22 15:59:54

Title:

Message: AccessTokenGetter.Refresh

Severity: Information

----------------------------------------
----------------------------------------
Timestamp: 2015/11/22 16:16:10

Title:

Message: Memcached 连接成功。

Severity: Information

----------------------------------------
----------------------------------------
Timestamp: 2015/11/22 16:16:10

Title:

Message: Application_Start

Severity: Information

----------------------------------------
----------------------------------------
Timestamp: 2015/11/22 16:16:11

Title:

Message: AccessTokenGetter.Refresh

Severity: Information

----------------------------------------
