----------------------------------------
Timestamp: 2016/4/22 1:05:59

Title:

Message: Application_Start

Severity: Information

----------------------------------------
----------------------------------------
Timestamp: 2016/4/22 1:06:00

Title:

Message: Redis 连接成功

Severity: Information

----------------------------------------
----------------------------------------
Timestamp: 2016/4/22 1:08:06

Title:

Message: Application_Start

Severity: Information

----------------------------------------
----------------------------------------
Timestamp: 2016/4/22 1:08:06

Title:

Message: Redis 连接成功

Severity: Information

----------------------------------------
----------------------------------------
Timestamp: 2016/4/22 1:08:18

Title:

Message: Application_Start

Severity: Information

----------------------------------------
----------------------------------------
Timestamp: 2016/4/22 1:08:19

Title:

Message: Redis 连接成功

Severity: Information

----------------------------------------
----------------------------------------
Timestamp: 2016/4/22 1:08:20

Title:指定的 domoainId 不存在

Message: f6aad430-ca1f-4afd-b2b0-6e0d2fabb622

Severity: Warning

----------------------------------------
----------------------------------------
Timestamp: 2016/4/22 1:09:13

Title:SessionPool.Set

Message: OpenId：oXCfEwOkqIrihLgpgn1pYwjargXc

Severity: Verbose

----------------------------------------
----------------------------------------
Timestamp: 2016/4/22 1:09:13

Title:SessionPool.Set

Message: OpenId：oXCfEwOkqIrihLgpgn1pYwjargXc

Severity: Verbose

----------------------------------------
----------------------------------------
Timestamp: 2016/4/22 1:10:24

Title:AccessTokenGetter.GetJsApiTicket 请求失败

Message: 远程服务器返回错误: (500) 内部服务器错误。

Severity: Error

----------------------------------------
----------------------------------------
Timestamp: 2016/4/22 1:49:10

Title:

Message: Application_Start

Severity: Information

----------------------------------------
----------------------------------------
Timestamp: 2016/4/22 1:49:11

Title:

Message: Redis 连接成功

Severity: Information

----------------------------------------
----------------------------------------
Timestamp: 2016/4/22 1:49:22

Title:SessionPool.Set

Message: OpenId：oXCfEwOkqIrihLgpgn1pYwjargXc

Severity: Verbose

----------------------------------------
----------------------------------------
Timestamp: 2016/4/22 1:49:22

Title:SessionPool.Set

Message: OpenId：oXCfEwOkqIrihLgpgn1pYwjargXc

Severity: Verbose

----------------------------------------
----------------------------------------
Timestamp: 2016/4/22 1:49:49

Title:AccessTokenGetter.GetJsApiTicket 请求失败

Message: 远程服务器返回错误: (500) 内部服务器错误。

Severity: Error

----------------------------------------
----------------------------------------
Timestamp: 2016/4/22 1:50:15

Title:AccessTokenGetter.GetJsApiTicket 请求失败

Message: 远程服务器返回错误: (500) 内部服务器错误。

Severity: Error

----------------------------------------
----------------------------------------
Timestamp: 2016/4/22 1:50:39

Title:AccessTokenGetter.GetJsApiTicket 请求失败

Message: 远程服务器返回错误: (500) 内部服务器错误。

Severity: Error

----------------------------------------
----------------------------------------
Timestamp: 2016/4/22 1:52:10

Title:AccessTokenGetter.GetJsApiTicket 请求失败

Message: 远程服务器返回错误: (500) 内部服务器错误。

Severity: Error

----------------------------------------
----------------------------------------
Timestamp: 2016/4/22 9:17:16

Title:

Message: Application_Start

Severity: Information

----------------------------------------
----------------------------------------
Timestamp: 2016/4/22 9:17:17

Title:

Message: Redis 连接成功

Severity: Information

----------------------------------------
----------------------------------------
Timestamp: 2016/4/22 9:17:43

Title:SessionPool.Set

Message: OpenId：oXCfEwOkqIrihLgpgn1pYwjargXc

Severity: Verbose

----------------------------------------
----------------------------------------
Timestamp: 2016/4/22 9:17:43

Title:SessionPool.Set

Message: OpenId：oXCfEwOkqIrihLgpgn1pYwjargXc

Severity: Verbose

----------------------------------------
----------------------------------------
Timestamp: 2016/4/22 9:18:22

Title:AccessTokenGetter.GetJsApiTicket 请求失败

Message: 远程服务器返回错误: (500) 内部服务器错误。

Severity: Error

----------------------------------------
----------------------------------------
Timestamp: 2016/4/22 9:49:56

Title:

Message: Application_Start

Severity: Information

----------------------------------------
----------------------------------------
Timestamp: 2016/4/22 9:49:57

Title:

Message: Redis 连接成功

Severity: Information

----------------------------------------
----------------------------------------
Timestamp: 2016/4/22 9:50:19

Title:SessionPool.Set

Message: OpenId：oXCfEwOkqIrihLgpgn1pYwjargXc

Severity: Verbose

----------------------------------------
----------------------------------------
Timestamp: 2016/4/22 9:50:19

Title:SessionPool.Set

Message: OpenId：oXCfEwOkqIrihLgpgn1pYwjargXc

Severity: Verbose

----------------------------------------
----------------------------------------
Timestamp: 2016/4/22 9:50:42

Title:AccessTokenGetter.GetJsApiTicket 请求失败

Message: 远程服务器返回错误: (500) 内部服务器错误。

Severity: Error

----------------------------------------
----------------------------------------
Timestamp: 2016/4/22 9:51:32

Title:AccessTokenGetter.GetJsApiTicket 请求失败

Message: 远程服务器返回错误: (500) 内部服务器错误。

Severity: Error

----------------------------------------
----------------------------------------
Timestamp: 2016/4/22 9:56:48

Title:

Message: Application_Start

Severity: Information

----------------------------------------
----------------------------------------
Timestamp: 2016/4/22 9:56:49

Title:

Message: Redis 连接成功

Severity: Information

----------------------------------------
----------------------------------------
Timestamp: 2016/4/22 9:57:01

Title:SessionPool.Set

Message: OpenId：oXCfEwOkqIrihLgpgn1pYwjargXc

Severity: Verbose

----------------------------------------
----------------------------------------
Timestamp: 2016/4/22 9:57:01

Title:SessionPool.Set

Message: OpenId：oXCfEwOkqIrihLgpgn1pYwjargXc

Severity: Verbose

----------------------------------------
----------------------------------------
Timestamp: 2016/4/22 9:57:25

Title:AccessTokenGetter.GetJsApiTicket 请求失败

Message: 远程服务器返回错误: (500) 内部服务器错误。

Severity: Error

----------------------------------------
----------------------------------------
Timestamp: 2016/4/22 9:57:29

Title:AccessTokenGetter.GetJsApiTicket 请求失败

Message: 远程服务器返回错误: (500) 内部服务器错误。

Severity: Error

----------------------------------------
----------------------------------------
Timestamp: 2016/4/22 9:57:55

Title:AccessTokenGetter.GetJsApiTicket 请求失败

Message: 远程服务器返回错误: (500) 内部服务器错误。

Severity: Error

----------------------------------------
----------------------------------------
Timestamp: 2016/4/22 9:58:44

Title:AccessTokenGetter.GetJsApiTicket 请求失败

Message: 远程服务器返回错误: (500) 内部服务器错误。

Severity: Error

----------------------------------------
----------------------------------------
Timestamp: 2016/4/22 10:10:58

Title:

Message: Application_Start

Severity: Information

----------------------------------------
----------------------------------------
Timestamp: 2016/4/22 10:10:59

Title:

Message: Redis 连接成功

Severity: Information

----------------------------------------
----------------------------------------
Timestamp: 2016/4/22 10:12:46

Title:SessionPool.Set

Message: OpenId：oXCfEwOkqIrihLgpgn1pYwjargXc

Severity: Verbose

----------------------------------------
----------------------------------------
Timestamp: 2016/4/22 10:12:46

Title:SessionPool.Set

Message: OpenId：oXCfEwOkqIrihLgpgn1pYwjargXc

Severity: Verbose

----------------------------------------
----------------------------------------
Timestamp: 2016/4/22 10:13:19

Title:AccessTokenGetter.GetJsApiTicket 请求失败

Message: 远程服务器返回错误: (500) 内部服务器错误。

Severity: Error

----------------------------------------
----------------------------------------
Timestamp: 2016/4/22 10:25:44

Title:

Message: Application_Start

Severity: Information

----------------------------------------
----------------------------------------
Timestamp: 2016/4/22 10:25:45

Title:

Message: Redis 连接成功

Severity: Information

----------------------------------------
----------------------------------------
Timestamp: 2016/4/22 10:35:09

Title:SessionPool.Set

Message: OpenId：oXCfEwOkqIrihLgpgn1pYwjargXc

Severity: Verbose

----------------------------------------
----------------------------------------
Timestamp: 2016/4/22 10:35:09

Title:SessionPool.Set

Message: OpenId：oXCfEwOkqIrihLgpgn1pYwjargXc

Severity: Verbose

----------------------------------------
----------------------------------------
Timestamp: 2016/4/22 10:35:31

Title:AccessTokenGetter.GetJsApiTicket 请求失败

Message: 远程服务器返回错误: (500) 内部服务器错误。

Severity: Error

----------------------------------------
----------------------------------------
Timestamp: 2016/4/22 10:37:18

Title:

Message: Application_Start

Severity: Information

----------------------------------------
----------------------------------------
Timestamp: 2016/4/22 10:37:18

Title:

Message: Redis 连接成功

Severity: Information

----------------------------------------
----------------------------------------
Timestamp: 2016/4/22 10:37:32

Title:SessionPool.Set

Message: OpenId：oXCfEwOkqIrihLgpgn1pYwjargXc

Severity: Verbose

----------------------------------------
----------------------------------------
Timestamp: 2016/4/22 10:37:32

Title:SessionPool.Set

Message: OpenId：oXCfEwOkqIrihLgpgn1pYwjargXc

Severity: Verbose

----------------------------------------
----------------------------------------
Timestamp: 2016/4/22 10:37:52

Title:AccessTokenGetter.GetJsApiTicket 请求失败

Message: 远程服务器返回错误: (500) 内部服务器错误。

Severity: Error

----------------------------------------
----------------------------------------
Timestamp: 2016/4/22 10:37:55

Title:AccessTokenGetter.GetJsApiTicket 请求失败

Message: 远程服务器返回错误: (500) 内部服务器错误。

Severity: Error

----------------------------------------
----------------------------------------
Timestamp: 2016/4/22 10:37:57

Title:AccessTokenGetter.GetJsApiTicket 请求失败

Message: 远程服务器返回错误: (500) 内部服务器错误。

Severity: Error

----------------------------------------
----------------------------------------
Timestamp: 2016/4/22 10:38:13

Title:AccessTokenGetter.GetJsApiTicket 请求失败

Message: 远程服务器返回错误: (500) 内部服务器错误。

Severity: Error

----------------------------------------
----------------------------------------
Timestamp: 2016/4/22 10:44:23

Title:AccessTokenGetter.GetJsApiTicket 请求失败

Message: 远程服务器返回错误: (500) 内部服务器错误。

Severity: Error

----------------------------------------
----------------------------------------
Timestamp: 2016/4/22 14:07:43

Title:

Message: Application_Start

Severity: Information

----------------------------------------
----------------------------------------
Timestamp: 2016/4/22 14:07:47

Title:Redis 连接失败

Message: It was not possible to connect to the redis server(s); to create a disconnected multiplexer, disable AbortOnConnectFail. SocketFailure on PING

Severity: Error

----------------------------------------
----------------------------------------
Timestamp: 2016/4/22 14:07:57

Title:指定的 domoainId 不存在

Message: f6aad430-ca1f-4afd-b2b0-6e0d2fabb622

Severity: Warning

----------------------------------------
----------------------------------------
Timestamp: 2016/4/22 14:09:10

Title:SessionPool.Set

Message: OpenId：oXCfEwOkqIrihLgpgn1pYwjargXc

Severity: Verbose

----------------------------------------
----------------------------------------
Timestamp: 2016/4/22 14:09:10

Title:SessionPool.Set

Message: OpenId：oXCfEwOkqIrihLgpgn1pYwjargXc

Severity: Verbose

----------------------------------------
----------------------------------------
Timestamp: 2016/4/22 14:10:01

Title:AccessTokenGetter.GetJsApiTicket 请求失败

Message: 远程服务器返回错误: (500) 内部服务器错误。

Severity: Error

----------------------------------------
----------------------------------------
Timestamp: 2016/4/22 14:10:05

Title:AccessTokenGetter.GetJsApiTicket 请求失败

Message: 远程服务器返回错误: (500) 内部服务器错误。

Severity: Error

----------------------------------------
----------------------------------------
Timestamp: 2016/4/22 14:11:21

Title:AccessTokenGetter.GetJsApiTicket 请求失败

Message: 远程服务器返回错误: (500) 内部服务器错误。

Severity: Error

----------------------------------------
----------------------------------------
Timestamp: 2016/4/22 14:11:53

Title:AccessTokenGetter.GetJsApiTicket 请求失败

Message: 远程服务器返回错误: (500) 内部服务器错误。

Severity: Error

----------------------------------------
----------------------------------------
Timestamp: 2016/4/22 14:13:12

Title:AccessTokenGetter.GetJsApiTicket 请求失败

Message: 远程服务器返回错误: (500) 内部服务器错误。

Severity: Error

----------------------------------------
----------------------------------------
Timestamp: 2016/4/22 14:16:08

Title:

Message: Application_Start

Severity: Information

----------------------------------------
----------------------------------------
Timestamp: 2016/4/22 14:16:11

Title:Redis 连接失败

Message: It was not possible to connect to the redis server(s); to create a disconnected multiplexer, disable AbortOnConnectFail. SocketFailure on PING

Severity: Error

----------------------------------------
----------------------------------------
Timestamp: 2016/4/22 14:18:41

Title:SessionPool.Set

Message: OpenId：oXCfEwOkqIrihLgpgn1pYwjargXc

Severity: Verbose

----------------------------------------
----------------------------------------
Timestamp: 2016/4/22 14:18:41

Title:SessionPool.Set

Message: OpenId：oXCfEwOkqIrihLgpgn1pYwjargXc

Severity: Verbose

----------------------------------------
----------------------------------------
Timestamp: 2016/4/22 14:20:11

Title:AccessTokenGetter.GetJsApiTicket 请求失败

Message: 远程服务器返回错误: (500) 内部服务器错误。

Severity: Error

----------------------------------------
----------------------------------------
Timestamp: 2016/4/22 14:20:47

Title:AccessTokenGetter.GetJsApiTicket 请求失败

Message: 远程服务器返回错误: (500) 内部服务器错误。

Severity: Error

----------------------------------------
----------------------------------------
Timestamp: 2016/4/22 14:24:17

Title:

Message: Application_Start

Severity: Information

----------------------------------------
----------------------------------------
Timestamp: 2016/4/22 14:24:20

Title:Redis 连接失败

Message: It was not possible to connect to the redis server(s); to create a disconnected multiplexer, disable AbortOnConnectFail. SocketFailure on PING

Severity: Error

----------------------------------------
----------------------------------------
Timestamp: 2016/4/22 14:24:25

Title:SessionPool.Set

Message: OpenId：oXCfEwOkqIrihLgpgn1pYwjargXc

Severity: Verbose

----------------------------------------
----------------------------------------
Timestamp: 2016/4/22 14:24:25

Title:SessionPool.Set

Message: OpenId：oXCfEwOkqIrihLgpgn1pYwjargXc

Severity: Verbose

----------------------------------------
----------------------------------------
Timestamp: 2016/4/22 14:24:48

Title:AccessTokenGetter.GetJsApiTicket 请求失败

Message: 远程服务器返回错误: (500) 内部服务器错误。

Severity: Error

----------------------------------------
----------------------------------------
Timestamp: 2016/4/22 14:25:14

Title:AccessTokenGetter.GetJsApiTicket 请求失败

Message: 远程服务器返回错误: (500) 内部服务器错误。

Severity: Error

----------------------------------------
----------------------------------------
Timestamp: 2016/4/22 14:27:24

Title:AccessTokenGetter.GetJsApiTicket 请求失败

Message: 远程服务器返回错误: (500) 内部服务器错误。

Severity: Error

----------------------------------------
----------------------------------------
Timestamp: 2016/4/22 14:42:55

Title:

Message: Application_Start

Severity: Information

----------------------------------------
----------------------------------------
Timestamp: 2016/4/22 14:42:58

Title:Redis 连接失败

Message: It was not possible to connect to the redis server(s); to create a disconnected multiplexer, disable AbortOnConnectFail. SocketFailure on PING

Severity: Error

----------------------------------------
----------------------------------------
Timestamp: 2016/4/22 14:43:10

Title:SessionPool.Set

Message: OpenId：oXCfEwOkqIrihLgpgn1pYwjargXc

Severity: Verbose

----------------------------------------
----------------------------------------
Timestamp: 2016/4/22 14:43:10

Title:SessionPool.Set

Message: OpenId：oXCfEwOkqIrihLgpgn1pYwjargXc

Severity: Verbose

----------------------------------------
----------------------------------------
Timestamp: 2016/4/22 14:44:38

Title:AccessTokenGetter.GetJsApiTicket 请求失败

Message: 远程服务器返回错误: (500) 内部服务器错误。

Severity: Error

----------------------------------------
----------------------------------------
Timestamp: 2016/4/22 14:48:37

Title:

Message: Application_Start

Severity: Information

----------------------------------------
----------------------------------------
Timestamp: 2016/4/22 14:48:40

Title:Redis 连接失败

Message: It was not possible to connect to the redis server(s); to create a disconnected multiplexer, disable AbortOnConnectFail. SocketFailure on PING

Severity: Error

----------------------------------------
----------------------------------------
Timestamp: 2016/4/22 14:48:52

Title:SessionPool.Set

Message: OpenId：oXCfEwOkqIrihLgpgn1pYwjargXc

Severity: Verbose

----------------------------------------
----------------------------------------
Timestamp: 2016/4/22 14:48:52

Title:SessionPool.Set

Message: OpenId：oXCfEwOkqIrihLgpgn1pYwjargXc

Severity: Verbose

----------------------------------------
----------------------------------------
Timestamp: 2016/4/22 14:49:23

Title:AccessTokenGetter.GetJsApiTicket 请求失败

Message: 远程服务器返回错误: (500) 内部服务器错误。

Severity: Error

----------------------------------------
----------------------------------------
Timestamp: 2016/4/22 14:50:06

Title:AccessTokenGetter.GetJsApiTicket 请求失败

Message: 远程服务器返回错误: (500) 内部服务器错误。

Severity: Error

----------------------------------------
----------------------------------------
Timestamp: 2016/4/23 12:23:04

Title:

Message: Application_Start

Severity: Information

----------------------------------------
----------------------------------------
Timestamp: 2016/4/23 12:23:10

Title:Redis 连接失败

Message: It was not possible to connect to the redis server(s); to create a disconnected multiplexer, disable AbortOnConnectFail. SocketFailure on PING

Severity: Error

----------------------------------------
----------------------------------------
Timestamp: 2016/4/23 12:23:35

Title:SessionPool.Set

Message: OpenId：oXCfEwOkqIrihLgpgn1pYwjargXc

Severity: Verbose

----------------------------------------
----------------------------------------
Timestamp: 2016/4/23 12:23:35

Title:SessionPool.Set

Message: OpenId：oXCfEwOkqIrihLgpgn1pYwjargXc

Severity: Verbose

----------------------------------------
----------------------------------------
Timestamp: 2016/4/23 12:24:03

Title:AccessTokenGetter.GetJsApiTicket 请求失败

Message: 远程服务器返回错误: (500) 内部服务器错误。

Severity: Error

----------------------------------------
----------------------------------------
Timestamp: 2016/4/23 12:24:25

Title:AccessTokenGetter.GetJsApiTicket 请求失败

Message: 远程服务器返回错误: (500) 内部服务器错误。

Severity: Error

----------------------------------------
----------------------------------------
Timestamp: 2016/4/23 14:25:33

Title:

Message: Application_Start

Severity: Information

----------------------------------------
----------------------------------------
Timestamp: 2016/4/23 14:25:36

Title:Redis 连接失败

Message: It was not possible to connect to the redis server(s); to create a disconnected multiplexer, disable AbortOnConnectFail. SocketFailure on PING

Severity: Error

----------------------------------------
----------------------------------------
Timestamp: 2016/4/23 14:26:37

Title:SessionPool.Set

Message: OpenId：oXCfEwOkqIrihLgpgn1pYwjargXc

Severity: Verbose

----------------------------------------
----------------------------------------
Timestamp: 2016/4/23 14:26:37

Title:SessionPool.Set

Message: OpenId：oXCfEwOkqIrihLgpgn1pYwjargXc

Severity: Verbose

----------------------------------------
----------------------------------------
Timestamp: 2016/4/23 14:27:21

Title:AccessTokenGetter.GetJsApiTicket 请求失败

Message: 远程服务器返回错误: (500) 内部服务器错误。

Severity: Error

----------------------------------------
----------------------------------------
Timestamp: 2016/4/23 14:28:33

Title:AccessTokenGetter.GetJsApiTicket 请求失败

Message: 远程服务器返回错误: (500) 内部服务器错误。

Severity: Error

----------------------------------------
----------------------------------------
Timestamp: 2016/4/23 15:18:23

Title:

Message: Application_Start

Severity: Information

----------------------------------------
----------------------------------------
Timestamp: 2016/4/23 15:18:26

Title:Redis 连接失败

Message: It was not possible to connect to the redis server(s); to create a disconnected multiplexer, disable AbortOnConnectFail. SocketFailure on PING

Severity: Error

----------------------------------------
----------------------------------------
Timestamp: 2016/4/23 15:18:39

Title:SessionPool.Set

Message: OpenId：oXCfEwOkqIrihLgpgn1pYwjargXc

Severity: Verbose

----------------------------------------
----------------------------------------
Timestamp: 2016/4/23 15:18:39

Title:SessionPool.Set

Message: OpenId：oXCfEwOkqIrihLgpgn1pYwjargXc

Severity: Verbose

----------------------------------------
----------------------------------------
Timestamp: 2016/4/23 15:19:05

Title:AccessTokenGetter.GetJsApiTicket 请求失败

Message: 远程服务器返回错误: (500) 内部服务器错误。

Severity: Error

----------------------------------------
----------------------------------------
Timestamp: 2016/4/23 15:19:47

Title:AccessTokenGetter.GetJsApiTicket 请求失败

Message: 远程服务器返回错误: (500) 内部服务器错误。

Severity: Error

----------------------------------------
----------------------------------------
Timestamp: 2016/4/24 0:20:59

Title:

Message: Application_Start

Severity: Information

----------------------------------------
----------------------------------------
Timestamp: 2016/4/24 0:21:00

Title:

Message: Redis 连接成功

Severity: Information

----------------------------------------
----------------------------------------
Timestamp: 2016/4/24 0:21:39

Title:SessionPool.Set

Message: OpenId：oXCfEwOkqIrihLgpgn1pYwjargXc

Severity: Verbose

----------------------------------------
----------------------------------------
Timestamp: 2016/4/24 0:21:39

Title:SessionPool.Set

Message: OpenId：oXCfEwOkqIrihLgpgn1pYwjargXc

Severity: Verbose

----------------------------------------
----------------------------------------
Timestamp: 2016/4/24 0:30:44

Title:

Message: Application_Start

Severity: Information

----------------------------------------
----------------------------------------
Timestamp: 2016/4/24 0:30:46

Title:

Message: Redis 连接成功

Severity: Information

----------------------------------------
----------------------------------------
Timestamp: 2016/4/24 0:35:15

Title:SessionPool.Set

Message: OpenId：oXCfEwOkqIrihLgpgn1pYwjargXc

Severity: Verbose

----------------------------------------
----------------------------------------
Timestamp: 2016/4/24 0:35:15

Title:SessionPool.Set

Message: OpenId：oXCfEwOkqIrihLgpgn1pYwjargXc

Severity: Verbose

----------------------------------------
----------------------------------------
Timestamp: 2016/4/24 0:38:06

Title:

Message: Application_Start

Severity: Information

----------------------------------------
----------------------------------------
Timestamp: 2016/4/24 0:38:07

Title:

Message: Redis 连接成功

Severity: Information

----------------------------------------
----------------------------------------
Timestamp: 2016/4/24 0:38:17

Title:SessionPool.Set

Message: OpenId：oXCfEwOkqIrihLgpgn1pYwjargXc

Severity: Verbose

----------------------------------------
----------------------------------------
Timestamp: 2016/4/24 0:38:17

Title:SessionPool.Set

Message: OpenId：oXCfEwOkqIrihLgpgn1pYwjargXc

Severity: Verbose

----------------------------------------
----------------------------------------
Timestamp: 2016/4/24 0:59:16

Title:

Message: Application_Start

Severity: Information

----------------------------------------
----------------------------------------
Timestamp: 2016/4/24 0:59:17

Title:

Message: Redis 连接成功

Severity: Information

----------------------------------------
----------------------------------------
Timestamp: 2016/4/24 0:59:22

Title:SessionPool.Set

Message: OpenId：oXCfEwOkqIrihLgpgn1pYwjargXc

Severity: Verbose

----------------------------------------
----------------------------------------
Timestamp: 2016/4/24 0:59:22

Title:SessionPool.Set

Message: OpenId：oXCfEwOkqIrihLgpgn1pYwjargXc

Severity: Verbose

----------------------------------------
----------------------------------------
Timestamp: 2016/4/24 1:02:19

Title:

Message: Application_Start

Severity: Information

----------------------------------------
----------------------------------------
Timestamp: 2016/4/24 1:02:19

Title:

Message: Redis 连接成功

Severity: Information

----------------------------------------
----------------------------------------
Timestamp: 2016/4/24 1:02:29

Title:SessionPool.Set

Message: OpenId：oXCfEwOkqIrihLgpgn1pYwjargXc

Severity: Verbose

----------------------------------------
----------------------------------------
Timestamp: 2016/4/24 1:02:29

Title:SessionPool.Set

Message: OpenId：oXCfEwOkqIrihLgpgn1pYwjargXc

Severity: Verbose

----------------------------------------
----------------------------------------
Timestamp: 2016/4/24 1:04:08

Title:

Message: Application_Start

Severity: Information

----------------------------------------
----------------------------------------
Timestamp: 2016/4/24 1:04:09

Title:

Message: Redis 连接成功

Severity: Information

----------------------------------------
----------------------------------------
Timestamp: 2016/4/24 1:04:19

Title:SessionPool.Set

Message: OpenId：oXCfEwOkqIrihLgpgn1pYwjargXc

Severity: Verbose

----------------------------------------
----------------------------------------
Timestamp: 2016/4/24 1:04:19

Title:SessionPool.Set

Message: OpenId：oXCfEwOkqIrihLgpgn1pYwjargXc

Severity: Verbose

----------------------------------------
----------------------------------------
Timestamp: 2016/4/24 10:46:06

Title:

Message: Application_Start

Severity: Information

----------------------------------------
----------------------------------------
Timestamp: 2016/4/24 10:46:09

Title:Redis 连接失败

Message: It was not possible to connect to the redis server(s); to create a disconnected multiplexer, disable AbortOnConnectFail. UnableToResolvePhysicalConnection on PING

Severity: Error

----------------------------------------
----------------------------------------
Timestamp: 2016/4/24 10:47:59

Title:

Message: Application_Start

Severity: Information

----------------------------------------
----------------------------------------
Timestamp: 2016/4/24 10:48:03

Title:Redis 连接失败

Message: It was not possible to connect to the redis server(s); to create a disconnected multiplexer, disable AbortOnConnectFail. SocketFailure on PING

Severity: Error

----------------------------------------
----------------------------------------
Timestamp: 2016/4/24 10:48:25

Title:SessionPool.Set

Message: OpenId：oXCfEwOkqIrihLgpgn1pYwjargXc

Severity: Verbose

----------------------------------------
----------------------------------------
Timestamp: 2016/4/24 10:48:25

Title:SessionPool.Set

Message: OpenId：oXCfEwOkqIrihLgpgn1pYwjargXc

Severity: Verbose

----------------------------------------
----------------------------------------
Timestamp: 2016/4/24 14:12:29

Title:

Message: Application_Start

Severity: Information

----------------------------------------
----------------------------------------
Timestamp: 2016/4/24 14:12:32

Title:Redis 连接失败

Message: It was not possible to connect to the redis server(s); to create a disconnected multiplexer, disable AbortOnConnectFail. SocketFailure on PING

Severity: Error

----------------------------------------
----------------------------------------
Timestamp: 2016/4/24 14:12:40

Title:SessionPool.Set

Message: OpenId：oXCfEwOkqIrihLgpgn1pYwjargXc

Severity: Verbose

----------------------------------------
----------------------------------------
Timestamp: 2016/4/24 14:12:40

Title:SessionPool.Set

Message: OpenId：oXCfEwOkqIrihLgpgn1pYwjargXc

Severity: Verbose

----------------------------------------
----------------------------------------
Timestamp: 2016/4/24 14:13:18

Title:AccessTokenGetter.GetJsApiTicket 请求失败

Message: 远程服务器返回错误: (503) 服务器不可用。

Severity: Error

----------------------------------------
----------------------------------------
Timestamp: 2016/4/24 14:13:30

Title:AccessTokenGetter.GetJsApiTicket 请求失败

Message: 远程服务器返回错误: (503) 服务器不可用。

Severity: Error

----------------------------------------
----------------------------------------
Timestamp: 2016/4/24 14:13:39

Title:AccessTokenGetter.GetJsApiTicket 请求失败

Message: 远程服务器返回错误: (503) 服务器不可用。

Severity: Error

----------------------------------------
----------------------------------------
Timestamp: 2016/4/24 14:14:42

Title:AccessTokenGetter.GetJsApiTicket 请求失败

Message: 远程服务器返回错误: (503) 服务器不可用。

Severity: Error

----------------------------------------
----------------------------------------
Timestamp: 2016/4/24 14:15:05

Title:AccessTokenGetter.GetJsApiTicket 请求失败

Message: 远程服务器返回错误: (503) 服务器不可用。

Severity: Error

----------------------------------------
----------------------------------------
Timestamp: 2016/4/24 14:17:39

Title:

Message: Application_Start

Severity: Information

----------------------------------------
----------------------------------------
Timestamp: 2016/4/24 14:17:42

Title:Redis 连接失败

Message: It was not possible to connect to the redis server(s); to create a disconnected multiplexer, disable AbortOnConnectFail. SocketFailure on PING

Severity: Error

----------------------------------------
----------------------------------------
Timestamp: 2016/4/24 14:17:53

Title:SessionPool.Set

Message: OpenId：oXCfEwOkqIrihLgpgn1pYwjargXc

Severity: Verbose

----------------------------------------
----------------------------------------
Timestamp: 2016/4/24 14:17:53

Title:SessionPool.Set

Message: OpenId：oXCfEwOkqIrihLgpgn1pYwjargXc

Severity: Verbose

----------------------------------------
----------------------------------------
Timestamp: 2016/4/24 14:17:58

Title:AccessTokenGetter.GetJsApiTicket 请求失败

Message: 远程服务器返回错误: (503) 服务器不可用。

Severity: Error

----------------------------------------
----------------------------------------
Timestamp: 2016/4/24 14:18:17

Title:AccessTokenGetter.GetJsApiTicket 请求失败

Message: 远程服务器返回错误: (503) 服务器不可用。

Severity: Error

----------------------------------------
----------------------------------------
Timestamp: 2016/4/24 16:04:27

Title:

Message: Application_Start

Severity: Information

----------------------------------------
----------------------------------------
Timestamp: 2016/4/24 16:04:30

Title:Redis 连接失败

Message: It was not possible to connect to the redis server(s); to create a disconnected multiplexer, disable AbortOnConnectFail. SocketFailure on PING

Severity: Error

----------------------------------------
----------------------------------------
Timestamp: 2016/4/24 16:04:45

Title:SessionPool.Set

Message: OpenId：oXCfEwOkqIrihLgpgn1pYwjargXc

Severity: Verbose

----------------------------------------
----------------------------------------
Timestamp: 2016/4/24 16:04:45

Title:SessionPool.Set

Message: OpenId：oXCfEwOkqIrihLgpgn1pYwjargXc

Severity: Verbose

----------------------------------------
----------------------------------------
Timestamp: 2016/4/24 16:09:23

Title:

Message: Application_Start

Severity: Information

----------------------------------------
----------------------------------------
Timestamp: 2016/4/24 16:09:26

Title:Redis 连接失败

Message: It was not possible to connect to the redis server(s); to create a disconnected multiplexer, disable AbortOnConnectFail. SocketFailure on PING

Severity: Error

----------------------------------------
----------------------------------------
Timestamp: 2016/4/24 16:09:44

Title:SessionPool.Set

Message: OpenId：oXCfEwOkqIrihLgpgn1pYwjargXc

Severity: Verbose

----------------------------------------
----------------------------------------
Timestamp: 2016/4/24 16:09:44

Title:SessionPool.Set

Message: OpenId：oXCfEwOkqIrihLgpgn1pYwjargXc

Severity: Verbose

----------------------------------------
----------------------------------------
Timestamp: 2016/4/24 16:11:10

Title:

Message: Application_Start

Severity: Information

----------------------------------------
----------------------------------------
Timestamp: 2016/4/24 16:12:17

Title:

Message: Application_Start

Severity: Information

----------------------------------------
----------------------------------------
Timestamp: 2016/4/24 16:12:22

Title:Redis 连接失败

Message: It was not possible to connect to the redis server(s); to create a disconnected multiplexer, disable AbortOnConnectFail. SocketFailure on PING

Severity: Error

----------------------------------------
----------------------------------------
Timestamp: 2016/4/24 16:12:24

Title:SessionPool.Set

Message: OpenId：oXCfEwOkqIrihLgpgn1pYwjargXc

Severity: Verbose

----------------------------------------
----------------------------------------
Timestamp: 2016/4/24 16:12:24

Title:SessionPool.Set

Message: OpenId：oXCfEwOkqIrihLgpgn1pYwjargXc

Severity: Verbose

----------------------------------------
----------------------------------------
Timestamp: 2016/4/24 16:17:30

Title:

Message: Application_Start

Severity: Information

----------------------------------------
----------------------------------------
Timestamp: 2016/4/24 16:17:44

Title:Redis 连接失败

Message: It was not possible to connect to the redis server(s); to create a disconnected multiplexer, disable AbortOnConnectFail. SocketFailure on PING

Severity: Error

----------------------------------------
----------------------------------------
Timestamp: 2016/4/24 16:17:47

Title:SessionPool.Set

Message: OpenId：oXCfEwOkqIrihLgpgn1pYwjargXc

Severity: Verbose

----------------------------------------
----------------------------------------
Timestamp: 2016/4/24 16:17:47

Title:SessionPool.Set

Message: OpenId：oXCfEwOkqIrihLgpgn1pYwjargXc

Severity: Verbose

----------------------------------------
----------------------------------------
Timestamp: 2016/4/24 16:18:05

Title:AccessTokenGetter.GetJsApiTicket 请求失败

Message: 远程服务器返回错误: (503) 服务器不可用。

Severity: Error

----------------------------------------
----------------------------------------
Timestamp: 2016/4/24 16:27:34

Title:

Message: Application_Start

Severity: Information

----------------------------------------
----------------------------------------
Timestamp: 2016/4/24 16:27:44

Title:Redis 连接失败

Message: It was not possible to connect to the redis server(s); to create a disconnected multiplexer, disable AbortOnConnectFail. SocketFailure on PING

Severity: Error

----------------------------------------
----------------------------------------
Timestamp: 2016/4/24 16:27:47

Title:SessionPool.Set

Message: OpenId：oXCfEwOkqIrihLgpgn1pYwjargXc

Severity: Verbose

----------------------------------------
----------------------------------------
Timestamp: 2016/4/24 16:27:47

Title:SessionPool.Set

Message: OpenId：oXCfEwOkqIrihLgpgn1pYwjargXc

Severity: Verbose

----------------------------------------
----------------------------------------
Timestamp: 2016/4/24 16:37:34

Title:

Message: Application_Start

Severity: Information

----------------------------------------
----------------------------------------
Timestamp: 2016/4/24 16:37:49

Title:Redis 连接失败

Message: It was not possible to connect to the redis server(s); to create a disconnected multiplexer, disable AbortOnConnectFail. UnableToResolvePhysicalConnection on PING

Severity: Error

----------------------------------------
----------------------------------------
Timestamp: 2016/4/24 16:37:51

Title:SessionPool.Set

Message: OpenId：oXCfEwOkqIrihLgpgn1pYwjargXc

Severity: Verbose

----------------------------------------
----------------------------------------
Timestamp: 2016/4/24 16:37:51

Title:SessionPool.Set

Message: OpenId：oXCfEwOkqIrihLgpgn1pYwjargXc

Severity: Verbose

----------------------------------------
----------------------------------------
Timestamp: 2016/4/24 16:55:18

Title:

Message: Application_Start

Severity: Information

----------------------------------------
----------------------------------------
Timestamp: 2016/4/24 16:55:31

Title:Redis 连接失败

Message: It was not possible to connect to the redis server(s); to create a disconnected multiplexer, disable AbortOnConnectFail. SocketFailure on PING

Severity: Error

----------------------------------------
----------------------------------------
Timestamp: 2016/4/24 16:55:34

Title:SessionPool.Set

Message: OpenId：oXCfEwOkqIrihLgpgn1pYwjargXc

Severity: Verbose

----------------------------------------
----------------------------------------
Timestamp: 2016/4/24 16:55:34

Title:SessionPool.Set

Message: OpenId：oXCfEwOkqIrihLgpgn1pYwjargXc

Severity: Verbose

----------------------------------------
----------------------------------------
Timestamp: 2016/4/24 17:08:53

Title:

Message: Application_Start

Severity: Information

----------------------------------------
----------------------------------------
Timestamp: 2016/4/24 17:09:20

Title:Redis 连接失败

Message: It was not possible to connect to the redis server(s); to create a disconnected multiplexer, disable AbortOnConnectFail. SocketFailure on PING

Severity: Error

----------------------------------------
----------------------------------------
Timestamp: 2016/4/24 17:09:23

Title:SessionPool.Set

Message: OpenId：oXCfEwOkqIrihLgpgn1pYwjargXc

Severity: Verbose

----------------------------------------
----------------------------------------
Timestamp: 2016/4/24 17:09:23

Title:SessionPool.Set

Message: OpenId：oXCfEwOkqIrihLgpgn1pYwjargXc

Severity: Verbose

----------------------------------------
----------------------------------------
Timestamp: 2016/4/24 17:13:16

Title:

Message: Application_Start

Severity: Information

----------------------------------------
----------------------------------------
Timestamp: 2016/4/24 17:13:29

Title:Redis 连接失败

Message: It was not possible to connect to the redis server(s); to create a disconnected multiplexer, disable AbortOnConnectFail. SocketFailure on PING

Severity: Error

----------------------------------------
----------------------------------------
Timestamp: 2016/4/24 17:13:32

Title:SessionPool.Set

Message: OpenId：oXCfEwOkqIrihLgpgn1pYwjargXc

Severity: Verbose

----------------------------------------
----------------------------------------
Timestamp: 2016/4/24 17:13:32

Title:SessionPool.Set

Message: OpenId：oXCfEwOkqIrihLgpgn1pYwjargXc

Severity: Verbose

----------------------------------------
----------------------------------------
Timestamp: 2016/4/24 17:20:13

Title:

Message: Application_Start

Severity: Information

----------------------------------------
----------------------------------------
Timestamp: 2016/4/24 17:20:24

Title:Redis 连接失败

Message: It was not possible to connect to the redis server(s); to create a disconnected multiplexer, disable AbortOnConnectFail. SocketFailure on PING

Severity: Error

----------------------------------------
----------------------------------------
Timestamp: 2016/4/24 17:20:26

Title:SessionPool.Set

Message: OpenId：oXCfEwOkqIrihLgpgn1pYwjargXc

Severity: Verbose

----------------------------------------
----------------------------------------
Timestamp: 2016/4/24 17:20:26

Title:SessionPool.Set

Message: OpenId：oXCfEwOkqIrihLgpgn1pYwjargXc

Severity: Verbose

----------------------------------------
----------------------------------------
Timestamp: 2016/4/24 17:28:25

Title:

Message: Application_Start

Severity: Information

----------------------------------------
----------------------------------------
Timestamp: 2016/4/24 17:28:27

Title:Redis 连接失败

Message: It was not possible to connect to the redis server(s); to create a disconnected multiplexer, disable AbortOnConnectFail. SocketFailure on PING

Severity: Error

----------------------------------------
----------------------------------------
Timestamp: 2016/4/24 17:28:30

Title:SessionPool.Set

Message: OpenId：oXCfEwOkqIrihLgpgn1pYwjargXc

Severity: Verbose

----------------------------------------
----------------------------------------
Timestamp: 2016/4/24 17:28:30

Title:SessionPool.Set

Message: OpenId：oXCfEwOkqIrihLgpgn1pYwjargXc

Severity: Verbose

----------------------------------------
----------------------------------------
Timestamp: 2016/4/24 17:37:20

Title:

Message: Application_Start

Severity: Information

----------------------------------------
----------------------------------------
Timestamp: 2016/4/24 17:37:23

Title:Redis 连接失败

Message: It was not possible to connect to the redis server(s); to create a disconnected multiplexer, disable AbortOnConnectFail. UnableToResolvePhysicalConnection on PING

Severity: Error

----------------------------------------
----------------------------------------
Timestamp: 2016/4/24 17:37:25

Title:SessionPool.Set

Message: OpenId：oXCfEwOkqIrihLgpgn1pYwjargXc

Severity: Verbose

----------------------------------------
----------------------------------------
Timestamp: 2016/4/24 17:37:25

Title:SessionPool.Set

Message: OpenId：oXCfEwOkqIrihLgpgn1pYwjargXc

Severity: Verbose

----------------------------------------
----------------------------------------
Timestamp: 2016/4/24 17:39:41

Title:

Message: Application_Start

Severity: Information

----------------------------------------
----------------------------------------
Timestamp: 2016/4/24 17:39:46

Title:Redis 连接失败

Message: It was not possible to connect to the redis server(s); to create a disconnected multiplexer, disable AbortOnConnectFail. SocketFailure on PING

Severity: Error

----------------------------------------
----------------------------------------
Timestamp: 2016/4/24 17:39:49

Title:SessionPool.Set

Message: OpenId：oXCfEwOkqIrihLgpgn1pYwjargXc

Severity: Verbose

----------------------------------------
----------------------------------------
Timestamp: 2016/4/24 17:39:49

Title:SessionPool.Set

Message: OpenId：oXCfEwOkqIrihLgpgn1pYwjargXc

Severity: Verbose

----------------------------------------
----------------------------------------
Timestamp: 2016/4/24 17:59:16

Title:

Message: Application_Start

Severity: Information

----------------------------------------
----------------------------------------
Timestamp: 2016/4/24 17:59:43

Title:Redis 连接失败

Message: It was not possible to connect to the redis server(s); to create a disconnected multiplexer, disable AbortOnConnectFail. SocketFailure on PING

Severity: Error

----------------------------------------
----------------------------------------
Timestamp: 2016/4/24 17:59:45

Title:SessionPool.Set

Message: OpenId：oXCfEwOkqIrihLgpgn1pYwjargXc

Severity: Verbose

----------------------------------------
----------------------------------------
Timestamp: 2016/4/24 17:59:45

Title:SessionPool.Set

Message: OpenId：oXCfEwOkqIrihLgpgn1pYwjargXc

Severity: Verbose

----------------------------------------
----------------------------------------
Timestamp: 2016/4/24 18:10:25

Title:

Message: Application_Start

Severity: Information

----------------------------------------
----------------------------------------
Timestamp: 2016/4/24 18:10:35

Title:Redis 连接失败

Message: It was not possible to connect to the redis server(s); to create a disconnected multiplexer, disable AbortOnConnectFail. UnableToResolvePhysicalConnection on PING

Severity: Error

----------------------------------------
----------------------------------------
Timestamp: 2016/4/24 18:10:37

Title:SessionPool.Set

Message: OpenId：oXCfEwOkqIrihLgpgn1pYwjargXc

Severity: Verbose

----------------------------------------
----------------------------------------
Timestamp: 2016/4/24 18:10:37

Title:SessionPool.Set

Message: OpenId：oXCfEwOkqIrihLgpgn1pYwjargXc

Severity: Verbose

----------------------------------------
----------------------------------------
Timestamp: 2016/4/24 18:11:09

Title:

Message: Application_Start

Severity: Information

----------------------------------------
----------------------------------------
Timestamp: 2016/4/24 18:11:11

Title:Redis 连接失败

Message: It was not possible to connect to the redis server(s); to create a disconnected multiplexer, disable AbortOnConnectFail. UnableToResolvePhysicalConnection on PING

Severity: Error

----------------------------------------
----------------------------------------
Timestamp: 2016/4/24 18:11:14

Title:SessionPool.Set

Message: OpenId：oXCfEwOkqIrihLgpgn1pYwjargXc

Severity: Verbose

----------------------------------------
----------------------------------------
Timestamp: 2016/4/24 18:11:14

Title:SessionPool.Set

Message: OpenId：oXCfEwOkqIrihLgpgn1pYwjargXc

Severity: Verbose

----------------------------------------
----------------------------------------
Timestamp: 2016/4/24 19:05:44

Title:

Message: Application_Start

Severity: Information

----------------------------------------
----------------------------------------
Timestamp: 2016/4/24 19:06:17

Title:Redis 连接失败

Message: It was not possible to connect to the redis server(s); to create a disconnected multiplexer, disable AbortOnConnectFail. SocketFailure on PING

Severity: Error

----------------------------------------
----------------------------------------
Timestamp: 2016/4/24 19:06:19

Title:SessionPool.Set

Message: OpenId：oXCfEwOkqIrihLgpgn1pYwjargXc

Severity: Verbose

----------------------------------------
----------------------------------------
Timestamp: 2016/4/24 19:06:19

Title:SessionPool.Set

Message: OpenId：oXCfEwOkqIrihLgpgn1pYwjargXc

Severity: Verbose

----------------------------------------
----------------------------------------
Timestamp: 2016/4/24 19:08:50

Title:

Message: Application_Start

Severity: Information

----------------------------------------
----------------------------------------
Timestamp: 2016/4/24 19:08:54

Title:Redis 连接失败

Message: It was not possible to connect to the redis server(s); to create a disconnected multiplexer, disable AbortOnConnectFail. SocketFailure on PING

Severity: Error

----------------------------------------
----------------------------------------
Timestamp: 2016/4/24 19:08:59

Title:SessionPool.Set

Message: OpenId：oXCfEwOkqIrihLgpgn1pYwjargXc

Severity: Verbose

----------------------------------------
----------------------------------------
Timestamp: 2016/4/24 19:08:59

Title:SessionPool.Set

Message: OpenId：oXCfEwOkqIrihLgpgn1pYwjargXc

Severity: Verbose

----------------------------------------
----------------------------------------
Timestamp: 2016/4/24 19:30:02

Title:

Message: Application_Start

Severity: Information

----------------------------------------
----------------------------------------
Timestamp: 2016/4/24 19:32:08

Title:Redis 连接失败

Message: It was not possible to connect to the redis server(s); to create a disconnected multiplexer, disable AbortOnConnectFail. UnableToResolvePhysicalConnection on PING

Severity: Error

----------------------------------------
----------------------------------------
Timestamp: 2016/4/24 19:32:10

Title:SessionPool.Set

Message: OpenId：oXCfEwOkqIrihLgpgn1pYwjargXc

Severity: Verbose

----------------------------------------
----------------------------------------
Timestamp: 2016/4/24 19:32:10

Title:SessionPool.Set

Message: OpenId：oXCfEwOkqIrihLgpgn1pYwjargXc

Severity: Verbose

----------------------------------------
----------------------------------------
Timestamp: 2016/4/24 19:32:48

Title:

Message: Application_Start

Severity: Information

----------------------------------------
----------------------------------------
Timestamp: 2016/4/24 19:32:51

Title:Redis 连接失败

Message: It was not possible to connect to the redis server(s); to create a disconnected multiplexer, disable AbortOnConnectFail. SocketFailure on PING

Severity: Error

----------------------------------------
----------------------------------------
Timestamp: 2016/4/24 19:32:54

Title:SessionPool.Set

Message: OpenId：oXCfEwOkqIrihLgpgn1pYwjargXc

Severity: Verbose

----------------------------------------
----------------------------------------
Timestamp: 2016/4/24 19:32:54

Title:SessionPool.Set

Message: OpenId：oXCfEwOkqIrihLgpgn1pYwjargXc

Severity: Verbose

----------------------------------------
----------------------------------------
Timestamp: 2016/4/24 19:33:29

Title:

Message: Application_Start

Severity: Information

----------------------------------------
----------------------------------------
Timestamp: 2016/4/24 19:33:32

Title:Redis 连接失败

Message: It was not possible to connect to the redis server(s); to create a disconnected multiplexer, disable AbortOnConnectFail. SocketFailure on PING

Severity: Error

----------------------------------------
----------------------------------------
Timestamp: 2016/4/24 19:33:34

Title:SessionPool.Set

Message: OpenId：oXCfEwOkqIrihLgpgn1pYwjargXc

Severity: Verbose

----------------------------------------
----------------------------------------
Timestamp: 2016/4/24 19:33:34

Title:SessionPool.Set

Message: OpenId：oXCfEwOkqIrihLgpgn1pYwjargXc

Severity: Verbose

----------------------------------------
----------------------------------------
Timestamp: 2016/4/24 19:33:58

Title:

Message: Application_Start

Severity: Information

----------------------------------------
----------------------------------------
Timestamp: 2016/4/24 19:34:01

Title:Redis 连接失败

Message: It was not possible to connect to the redis server(s); to create a disconnected multiplexer, disable AbortOnConnectFail. SocketFailure on PING

Severity: Error

----------------------------------------
----------------------------------------
Timestamp: 2016/4/24 19:34:03

Title:SessionPool.Set

Message: OpenId：oXCfEwOkqIrihLgpgn1pYwjargXc

Severity: Verbose

----------------------------------------
----------------------------------------
Timestamp: 2016/4/24 19:34:03

Title:SessionPool.Set

Message: OpenId：oXCfEwOkqIrihLgpgn1pYwjargXc

Severity: Verbose

----------------------------------------
----------------------------------------
Timestamp: 2016/4/24 19:35:23

Title:

Message: Application_Start

Severity: Information

----------------------------------------
----------------------------------------
Timestamp: 2016/4/24 19:35:26

Title:Redis 连接失败

Message: It was not possible to connect to the redis server(s); to create a disconnected multiplexer, disable AbortOnConnectFail. SocketFailure on PING

Severity: Error

----------------------------------------
----------------------------------------
Timestamp: 2016/4/24 19:35:28

Title:SessionPool.Set

Message: OpenId：oXCfEwOkqIrihLgpgn1pYwjargXc

Severity: Verbose

----------------------------------------
----------------------------------------
Timestamp: 2016/4/24 19:35:28

Title:SessionPool.Set

Message: OpenId：oXCfEwOkqIrihLgpgn1pYwjargXc

Severity: Verbose

----------------------------------------
----------------------------------------
Timestamp: 2016/4/24 19:37:46

Title:

Message: Application_Start

Severity: Information

----------------------------------------
----------------------------------------
Timestamp: 2016/4/24 19:37:49

Title:Redis 连接失败

Message: It was not possible to connect to the redis server(s); to create a disconnected multiplexer, disable AbortOnConnectFail. UnableToResolvePhysicalConnection on PING

Severity: Error

----------------------------------------
----------------------------------------
Timestamp: 2016/4/24 19:37:51

Title:SessionPool.Set

Message: OpenId：oXCfEwOkqIrihLgpgn1pYwjargXc

Severity: Verbose

----------------------------------------
----------------------------------------
Timestamp: 2016/4/24 19:37:51

Title:SessionPool.Set

Message: OpenId：oXCfEwOkqIrihLgpgn1pYwjargXc

Severity: Verbose

----------------------------------------
----------------------------------------
Timestamp: 2016/4/24 19:40:51

Title:

Message: Application_Start

Severity: Information

----------------------------------------
----------------------------------------
Timestamp: 2016/4/24 19:40:54

Title:Redis 连接失败

Message: It was not possible to connect to the redis server(s); to create a disconnected multiplexer, disable AbortOnConnectFail. SocketFailure on PING

Severity: Error

----------------------------------------
----------------------------------------
Timestamp: 2016/4/24 19:41:16

Title:SessionPool.Set

Message: OpenId：oXCfEwOkqIrihLgpgn1pYwjargXc

Severity: Verbose

----------------------------------------
----------------------------------------
Timestamp: 2016/4/24 19:41:16

Title:SessionPool.Set

Message: OpenId：oXCfEwOkqIrihLgpgn1pYwjargXc

Severity: Verbose

----------------------------------------
----------------------------------------
Timestamp: 2016/4/24 19:42:20

Title:

Message: Application_Start

Severity: Information

----------------------------------------
----------------------------------------
Timestamp: 2016/4/24 19:42:22

Title:Redis 连接失败

Message: It was not possible to connect to the redis server(s); to create a disconnected multiplexer, disable AbortOnConnectFail. SocketFailure on PING

Severity: Error

----------------------------------------
----------------------------------------
Timestamp: 2016/4/24 19:42:49

Title:

Message: Application_Start

Severity: Information

----------------------------------------
----------------------------------------
Timestamp: 2016/4/24 19:42:51

Title:Redis 连接失败

Message: It was not possible to connect to the redis server(s); to create a disconnected multiplexer, disable AbortOnConnectFail. SocketFailure on PING

Severity: Error

----------------------------------------
----------------------------------------
Timestamp: 2016/4/24 19:42:54

Title:SessionPool.Set

Message: OpenId：oXCfEwOkqIrihLgpgn1pYwjargXc

Severity: Verbose

----------------------------------------
----------------------------------------
Timestamp: 2016/4/24 19:42:54

Title:SessionPool.Set

Message: OpenId：oXCfEwOkqIrihLgpgn1pYwjargXc

Severity: Verbose

----------------------------------------
----------------------------------------
Timestamp: 2016/4/24 19:46:36

Title:

Message: Application_Start

Severity: Information

----------------------------------------
----------------------------------------
Timestamp: 2016/4/24 19:47:06

Title:Redis 连接失败

Message: It was not possible to connect to the redis server(s); to create a disconnected multiplexer, disable AbortOnConnectFail. UnableToResolvePhysicalConnection on PING

Severity: Error

----------------------------------------
----------------------------------------
Timestamp: 2016/4/24 19:47:09

Title:SessionPool.Set

Message: OpenId：oXCfEwOkqIrihLgpgn1pYwjargXc

Severity: Verbose

----------------------------------------
----------------------------------------
Timestamp: 2016/4/24 19:47:09

Title:SessionPool.Set

Message: OpenId：oXCfEwOkqIrihLgpgn1pYwjargXc

Severity: Verbose

----------------------------------------
----------------------------------------
Timestamp: 2016/4/24 20:15:42

Title:

Message: Application_Start

Severity: Information

----------------------------------------
----------------------------------------
Timestamp: 2016/4/24 20:16:30

Title:Redis 连接失败

Message: It was not possible to connect to the redis server(s); to create a disconnected multiplexer, disable AbortOnConnectFail. SocketFailure on PING

Severity: Error

----------------------------------------
----------------------------------------
Timestamp: 2016/4/24 20:16:32

Title:SessionPool.Set

Message: OpenId：oXCfEwOkqIrihLgpgn1pYwjargXc

Severity: Verbose

----------------------------------------
----------------------------------------
Timestamp: 2016/4/24 20:16:32

Title:SessionPool.Set

Message: OpenId：oXCfEwOkqIrihLgpgn1pYwjargXc

Severity: Verbose

----------------------------------------
----------------------------------------
Timestamp: 2016/4/24 20:31:03

Title:

Message: Application_Start

Severity: Information

----------------------------------------
----------------------------------------
Timestamp: 2016/4/24 20:31:25

Title:Redis 连接失败

Message: It was not possible to connect to the redis server(s); to create a disconnected multiplexer, disable AbortOnConnectFail. SocketFailure on PING

Severity: Error

----------------------------------------
----------------------------------------
Timestamp: 2016/4/24 20:31:28

Title:SessionPool.Set

Message: OpenId：oXCfEwOkqIrihLgpgn1pYwjargXc

Severity: Verbose

----------------------------------------
----------------------------------------
Timestamp: 2016/4/24 20:31:28

Title:SessionPool.Set

Message: OpenId：oXCfEwOkqIrihLgpgn1pYwjargXc

Severity: Verbose

----------------------------------------
----------------------------------------
Timestamp: 2016/4/24 20:36:51

Title:

Message: Application_Start

Severity: Information

----------------------------------------
----------------------------------------
Timestamp: 2016/4/24 20:36:56

Title:Redis 连接失败

Message: It was not possible to connect to the redis server(s); to create a disconnected multiplexer, disable AbortOnConnectFail. SocketFailure on PING

Severity: Error

----------------------------------------
----------------------------------------
Timestamp: 2016/4/24 20:36:58

Title:SessionPool.Set

Message: OpenId：oXCfEwOkqIrihLgpgn1pYwjargXc

Severity: Verbose

----------------------------------------
----------------------------------------
Timestamp: 2016/4/24 20:36:58

Title:SessionPool.Set

Message: OpenId：oXCfEwOkqIrihLgpgn1pYwjargXc

Severity: Verbose

----------------------------------------
----------------------------------------
Timestamp: 2016/4/24 21:02:55

Title:

Message: Application_Start

Severity: Information

----------------------------------------
----------------------------------------
Timestamp: 2016/4/24 21:03:29

Title:Redis 连接失败

Message: It was not possible to connect to the redis server(s); to create a disconnected multiplexer, disable AbortOnConnectFail. SocketFailure on PING

Severity: Error

----------------------------------------
----------------------------------------
Timestamp: 2016/4/24 21:03:32

Title:SessionPool.Set

Message: OpenId：oXCfEwOkqIrihLgpgn1pYwjargXc

Severity: Verbose

----------------------------------------
----------------------------------------
Timestamp: 2016/4/24 21:03:32

Title:SessionPool.Set

Message: OpenId：oXCfEwOkqIrihLgpgn1pYwjargXc

Severity: Verbose

----------------------------------------
----------------------------------------
Timestamp: 2016/4/24 21:07:39

Title:

Message: Application_Start

Severity: Information

----------------------------------------
----------------------------------------
Timestamp: 2016/4/24 21:08:05

Title:Redis 连接失败

Message: It was not possible to connect to the redis server(s); to create a disconnected multiplexer, disable AbortOnConnectFail. SocketFailure on PING

Severity: Error

----------------------------------------
----------------------------------------
Timestamp: 2016/4/24 21:08:08

Title:SessionPool.Set

Message: OpenId：oXCfEwOkqIrihLgpgn1pYwjargXc

Severity: Verbose

----------------------------------------
----------------------------------------
Timestamp: 2016/4/24 21:08:08

Title:SessionPool.Set

Message: OpenId：oXCfEwOkqIrihLgpgn1pYwjargXc

Severity: Verbose

----------------------------------------
----------------------------------------
Timestamp: 2016/4/25 1:10:31

Title:

Message: Application_Start

Severity: Information

----------------------------------------
----------------------------------------
Timestamp: 2016/4/25 1:10:32

Title:

Message: Redis 连接成功

Severity: Information

----------------------------------------
----------------------------------------
Timestamp: 2016/4/25 1:11:15

Title:SessionPool.Set

Message: OpenId：oXCfEwOkqIrihLgpgn1pYwjargXc

Severity: Verbose

----------------------------------------
----------------------------------------
Timestamp: 2016/4/25 1:11:15

Title:SessionPool.Set

Message: OpenId：oXCfEwOkqIrihLgpgn1pYwjargXc

Severity: Verbose

----------------------------------------
----------------------------------------
Timestamp: 2016/4/25 1:12:39

Title:

Message: Application_Start

Severity: Information

----------------------------------------
----------------------------------------
Timestamp: 2016/4/25 1:12:40

Title:

Message: Redis 连接成功

Severity: Information

----------------------------------------
----------------------------------------
Timestamp: 2016/4/25 1:12:56

Title:SessionPool.Set

Message: OpenId：oXCfEwOkqIrihLgpgn1pYwjargXc

Severity: Verbose

----------------------------------------
----------------------------------------
Timestamp: 2016/4/25 1:12:56

Title:SessionPool.Set

Message: OpenId：oXCfEwOkqIrihLgpgn1pYwjargXc

Severity: Verbose

----------------------------------------
----------------------------------------
Timestamp: 2016/4/25 1:38:03

Title:

Message: Application_Start

Severity: Information

----------------------------------------
----------------------------------------
Timestamp: 2016/4/25 1:38:12

Title:

Message: Redis 连接成功

Severity: Information

----------------------------------------
----------------------------------------
Timestamp: 2016/4/25 1:38:17

Title:SessionPool.Set

Message: OpenId：oXCfEwOkqIrihLgpgn1pYwjargXc

Severity: Verbose

----------------------------------------
----------------------------------------
Timestamp: 2016/4/25 1:38:17

Title:SessionPool.Set

Message: OpenId：oXCfEwOkqIrihLgpgn1pYwjargXc

Severity: Verbose

----------------------------------------
----------------------------------------
Timestamp: 2016/4/25 1:41:28

Title:

Message: Application_Start

Severity: Information

----------------------------------------
----------------------------------------
Timestamp: 2016/4/25 1:41:29

Title:

Message: Redis 连接成功

Severity: Information

----------------------------------------
----------------------------------------
Timestamp: 2016/4/25 1:41:32

Title:SessionPool.Set

Message: OpenId：oXCfEwOkqIrihLgpgn1pYwjargXc

Severity: Verbose

----------------------------------------
----------------------------------------
Timestamp: 2016/4/25 1:41:32

Title:SessionPool.Set

Message: OpenId：oXCfEwOkqIrihLgpgn1pYwjargXc

Severity: Verbose

----------------------------------------
----------------------------------------
Timestamp: 2016/4/25 1:44:29

Title:

Message: Application_Start

Severity: Information

----------------------------------------
----------------------------------------
Timestamp: 2016/4/25 1:44:31

Title:

Message: Redis 连接成功

Severity: Information

----------------------------------------
----------------------------------------
Timestamp: 2016/4/25 1:44:34

Title:SessionPool.Set

Message: OpenId：oXCfEwOkqIrihLgpgn1pYwjargXc

Severity: Verbose

----------------------------------------
----------------------------------------
Timestamp: 2016/4/25 1:44:34

Title:SessionPool.Set

Message: OpenId：oXCfEwOkqIrihLgpgn1pYwjargXc

Severity: Verbose

----------------------------------------
----------------------------------------
Timestamp: 2016/4/25 1:52:06

Title:

Message: Application_Start

Severity: Information

----------------------------------------
----------------------------------------
Timestamp: 2016/4/25 1:52:07

Title:

Message: Redis 连接成功

Severity: Information

----------------------------------------
----------------------------------------
Timestamp: 2016/4/25 1:52:22

Title:SessionPool.Set

Message: OpenId：oXCfEwOkqIrihLgpgn1pYwjargXc

Severity: Verbose

----------------------------------------
----------------------------------------
Timestamp: 2016/4/25 1:52:22

Title:SessionPool.Set

Message: OpenId：oXCfEwOkqIrihLgpgn1pYwjargXc

Severity: Verbose

----------------------------------------
----------------------------------------
Timestamp: 2016/4/25 23:35:57

Title:

Message: Application_Start

Severity: Information

----------------------------------------
----------------------------------------
Timestamp: 2016/4/25 23:35:59

Title:

Message: Redis 连接成功

Severity: Information

----------------------------------------
----------------------------------------
Timestamp: 2016/4/25 23:41:01

Title:SessionPool.Set

Message: OpenId：oXCfEwOkqIrihLgpgn1pYwjargXc

Severity: Verbose

----------------------------------------
----------------------------------------
Timestamp: 2016/4/25 23:41:01

Title:SessionPool.Set

Message: OpenId：oXCfEwOkqIrihLgpgn1pYwjargXc

Severity: Verbose

----------------------------------------
----------------------------------------
Timestamp: 2016/4/25 23:47:29

Title:

Message: Application_Start

Severity: Information

----------------------------------------
----------------------------------------
Timestamp: 2016/4/25 23:47:30

Title:

Message: Redis 连接成功

Severity: Information

----------------------------------------
----------------------------------------
Timestamp: 2016/4/25 23:47:42

Title:SessionPool.Set

Message: OpenId：oXCfEwOkqIrihLgpgn1pYwjargXc

Severity: Verbose

----------------------------------------
----------------------------------------
Timestamp: 2016/4/25 23:47:42

Title:SessionPool.Set

Message: OpenId：oXCfEwOkqIrihLgpgn1pYwjargXc

Severity: Verbose

----------------------------------------
----------------------------------------
Timestamp: 2016/4/25 23:49:21

Title:

Message: Application_Start

Severity: Information

----------------------------------------
----------------------------------------
Timestamp: 2016/4/25 23:49:22

Title:

Message: Redis 连接成功

Severity: Information

----------------------------------------
----------------------------------------
Timestamp: 2016/4/25 23:49:27

Title:SessionPool.Set

Message: OpenId：oXCfEwOkqIrihLgpgn1pYwjargXc

Severity: Verbose

----------------------------------------
----------------------------------------
Timestamp: 2016/4/25 23:49:27

Title:SessionPool.Set

Message: OpenId：oXCfEwOkqIrihLgpgn1pYwjargXc

Severity: Verbose

----------------------------------------
----------------------------------------
Timestamp: 2016/4/26 11:21:33

Title:

Message: Application_Start

Severity: Information

----------------------------------------
----------------------------------------
Timestamp: 2016/4/26 11:21:36

Title:

Message: Redis 连接成功

Severity: Information

----------------------------------------
----------------------------------------
Timestamp: 2016/4/26 11:21:41

Title:SessionPool.Set

Message: OpenId：oXCfEwOkqIrihLgpgn1pYwjargXc

Severity: Verbose

----------------------------------------
----------------------------------------
Timestamp: 2016/4/26 11:21:41

Title:SessionPool.Set

Message: OpenId：oXCfEwOkqIrihLgpgn1pYwjargXc

Severity: Verbose

----------------------------------------
----------------------------------------
Timestamp: 2016/4/26 14:15:24

Title:

Message: Application_Start

Severity: Information

----------------------------------------
----------------------------------------
Timestamp: 2016/4/26 14:15:24

Title:

Message: Redis 连接成功

Severity: Information

----------------------------------------
----------------------------------------
Timestamp: 2016/4/26 14:15:38

Title:SessionPool.Set

Message: OpenId：oXCfEwOkqIrihLgpgn1pYwjargXc

Severity: Verbose

----------------------------------------
----------------------------------------
Timestamp: 2016/4/26 14:15:38

Title:SessionPool.Set

Message: OpenId：oXCfEwOkqIrihLgpgn1pYwjargXc

Severity: Verbose

----------------------------------------
----------------------------------------
Timestamp: 2016/4/26 14:16:25

Title:

Message: Application_Start

Severity: Information

----------------------------------------
----------------------------------------
Timestamp: 2016/4/26 14:16:26

Title:

Message: Redis 连接成功

Severity: Information

----------------------------------------
----------------------------------------
Timestamp: 2016/4/26 14:16:28

Title:SessionPool.Set

Message: OpenId：oXCfEwOkqIrihLgpgn1pYwjargXc

Severity: Verbose

----------------------------------------
----------------------------------------
Timestamp: 2016/4/26 14:16:28

Title:SessionPool.Set

Message: OpenId：oXCfEwOkqIrihLgpgn1pYwjargXc

Severity: Verbose

----------------------------------------
----------------------------------------
Timestamp: 2016/4/26 15:08:16

Title:

Message: Application_Start

Severity: Information

----------------------------------------
----------------------------------------
Timestamp: 2016/4/26 15:08:19

Title:

Message: Redis 连接成功

Severity: Information

----------------------------------------
----------------------------------------
Timestamp: 2016/4/26 15:08:21

Title:SessionPool.Set

Message: OpenId：oXCfEwOkqIrihLgpgn1pYwjargXc

Severity: Verbose

----------------------------------------
----------------------------------------
Timestamp: 2016/4/26 15:08:21

Title:SessionPool.Set

Message: OpenId：oXCfEwOkqIrihLgpgn1pYwjargXc

Severity: Verbose

----------------------------------------
----------------------------------------
Timestamp: 2016/4/26 15:17:13

Title:

Message: Application_Start

Severity: Information

----------------------------------------
----------------------------------------
Timestamp: 2016/4/26 15:17:13

Title:

Message: Redis 连接成功

Severity: Information

----------------------------------------
----------------------------------------
Timestamp: 2016/4/26 15:17:16

Title:SessionPool.Set

Message: OpenId：oXCfEwOkqIrihLgpgn1pYwjargXc

Severity: Verbose

----------------------------------------
----------------------------------------
Timestamp: 2016/4/26 15:17:16

Title:SessionPool.Set

Message: OpenId：oXCfEwOkqIrihLgpgn1pYwjargXc

Severity: Verbose

----------------------------------------
----------------------------------------
Timestamp: 2016/4/26 16:26:28

Title:

Message: Application_Start

Severity: Information

----------------------------------------
----------------------------------------
Timestamp: 2016/4/26 16:26:33

Title:

Message: Redis 连接成功

Severity: Information

----------------------------------------
----------------------------------------
Timestamp: 2016/4/26 16:26:36

Title:SessionPool.Set

Message: OpenId：oXCfEwOkqIrihLgpgn1pYwjargXc

Severity: Verbose

----------------------------------------
----------------------------------------
Timestamp: 2016/4/26 16:26:36

Title:SessionPool.Set

Message: OpenId：oXCfEwOkqIrihLgpgn1pYwjargXc

Severity: Verbose

----------------------------------------
----------------------------------------
Timestamp: 2016/4/26 16:31:50

Title:

Message: Application_Start

Severity: Information

----------------------------------------
----------------------------------------
Timestamp: 2016/4/26 16:31:52

Title:

Message: Redis 连接成功

Severity: Information

----------------------------------------
----------------------------------------
Timestamp: 2016/4/26 16:31:55

Title:SessionPool.Set

Message: OpenId：oXCfEwOkqIrihLgpgn1pYwjargXc

Severity: Verbose

----------------------------------------
----------------------------------------
Timestamp: 2016/4/26 16:31:55

Title:SessionPool.Set

Message: OpenId：oXCfEwOkqIrihLgpgn1pYwjargXc

Severity: Verbose

----------------------------------------
----------------------------------------
Timestamp: 2016/4/26 16:53:53

Title:

Message: Application_Start

Severity: Information

----------------------------------------
----------------------------------------
Timestamp: 2016/4/26 16:53:54

Title:

Message: Redis 连接成功

Severity: Information

----------------------------------------
----------------------------------------
Timestamp: 2016/4/26 16:53:57

Title:SessionPool.Set

Message: OpenId：oXCfEwOkqIrihLgpgn1pYwjargXc

Severity: Verbose

----------------------------------------
----------------------------------------
Timestamp: 2016/4/26 16:53:57

Title:SessionPool.Set

Message: OpenId：oXCfEwOkqIrihLgpgn1pYwjargXc

Severity: Verbose

----------------------------------------
----------------------------------------
Timestamp: 2016/4/26 17:05:56

Title:

Message: Application_Start

Severity: Information

----------------------------------------
----------------------------------------
Timestamp: 2016/4/26 17:06:05

Title:

Message: Redis 连接成功

Severity: Information

----------------------------------------
----------------------------------------
Timestamp: 2016/4/26 17:06:07

Title:SessionPool.Set

Message: OpenId：oXCfEwOkqIrihLgpgn1pYwjargXc

Severity: Verbose

----------------------------------------
----------------------------------------
Timestamp: 2016/4/26 17:06:07

Title:SessionPool.Set

Message: OpenId：oXCfEwOkqIrihLgpgn1pYwjargXc

Severity: Verbose

----------------------------------------
----------------------------------------
Timestamp: 2016/4/26 20:05:41

Title:

Message: Application_Start

Severity: Information

----------------------------------------
----------------------------------------
Timestamp: 2016/4/26 20:06:01

Title:

Message: Redis 连接成功

Severity: Information

----------------------------------------
----------------------------------------
Timestamp: 2016/4/26 20:06:04

Title:SessionPool.Set

Message: OpenId：oXCfEwOkqIrihLgpgn1pYwjargXc

Severity: Verbose

----------------------------------------
----------------------------------------
Timestamp: 2016/4/26 20:06:04

Title:SessionPool.Set

Message: OpenId：oXCfEwOkqIrihLgpgn1pYwjargXc

Severity: Verbose

----------------------------------------
----------------------------------------
Timestamp: 2016/4/26 20:07:54

Title:

Message: Application_Start

Severity: Information

----------------------------------------
----------------------------------------
Timestamp: 2016/4/26 20:08:23

Title:

Message: Redis 连接成功

Severity: Information

----------------------------------------
----------------------------------------
Timestamp: 2016/4/26 20:08:26

Title:SessionPool.Set

Message: OpenId：oXCfEwOkqIrihLgpgn1pYwjargXc

Severity: Verbose

----------------------------------------
----------------------------------------
Timestamp: 2016/4/26 20:08:26

Title:SessionPool.Set

Message: OpenId：oXCfEwOkqIrihLgpgn1pYwjargXc

Severity: Verbose

----------------------------------------
----------------------------------------
Timestamp: 2016/4/26 20:14:23

Title:

Message: Application_Start

Severity: Information

----------------------------------------
----------------------------------------
Timestamp: 2016/4/26 20:14:32

Title:

Message: Redis 连接成功

Severity: Information

----------------------------------------
----------------------------------------
Timestamp: 2016/4/26 20:14:34

Title:SessionPool.Set

Message: OpenId：oXCfEwOkqIrihLgpgn1pYwjargXc

Severity: Verbose

----------------------------------------
----------------------------------------
Timestamp: 2016/4/26 20:14:34

Title:SessionPool.Set

Message: OpenId：oXCfEwOkqIrihLgpgn1pYwjargXc

Severity: Verbose

----------------------------------------
----------------------------------------
Timestamp: 2016/4/26 20:16:12

Title:

Message: Application_Start

Severity: Information

----------------------------------------
----------------------------------------
Timestamp: 2016/4/26 20:16:12

Title:

Message: Redis 连接成功

Severity: Information

----------------------------------------
----------------------------------------
Timestamp: 2016/4/26 20:16:15

Title:SessionPool.Set

Message: OpenId：oXCfEwOkqIrihLgpgn1pYwjargXc

Severity: Verbose

----------------------------------------
----------------------------------------
Timestamp: 2016/4/26 20:16:15

Title:SessionPool.Set

Message: OpenId：oXCfEwOkqIrihLgpgn1pYwjargXc

Severity: Verbose

----------------------------------------
----------------------------------------
Timestamp: 2016/4/26 21:43:59

Title:

Message: Application_Start

Severity: Information

----------------------------------------
----------------------------------------
Timestamp: 2016/4/26 21:44:00

Title:

Message: Redis 连接成功

Severity: Information

----------------------------------------
----------------------------------------
Timestamp: 2016/4/29 22:27:44

Title:

Message: Application_Start

Severity: Information

----------------------------------------
----------------------------------------
Timestamp: 2016/4/29 22:27:45

Title:

Message: Redis 连接成功

Severity: Information

----------------------------------------
----------------------------------------
Timestamp: 2016/4/29 22:28:24

Title:SessionPool.Set

Message: OpenId：oXCfEwOkqIrihLgpgn1pYwjargXc

Severity: Verbose

----------------------------------------
----------------------------------------
Timestamp: 2016/4/29 22:28:24

Title:SessionPool.Set

Message: OpenId：oXCfEwOkqIrihLgpgn1pYwjargXc

Severity: Verbose

----------------------------------------
----------------------------------------
Timestamp: 2016/4/30 9:37:48

Title:

Message: Application_Start

Severity: Information

----------------------------------------
----------------------------------------
Timestamp: 2016/4/30 9:37:49

Title:

Message: Redis 连接成功

Severity: Information

----------------------------------------
----------------------------------------
Timestamp: 2016/4/30 9:41:44

Title:

Message: Application_Start

Severity: Information

----------------------------------------
----------------------------------------
Timestamp: 2016/4/30 9:41:44

Title:

Message: Redis 连接成功

Severity: Information

----------------------------------------
----------------------------------------
Timestamp: 2016/4/30 9:42:02

Title:SessionPool.Set

Message: OpenId：oXCfEwOkqIrihLgpgn1pYwjargXc

Severity: Verbose

----------------------------------------
----------------------------------------
Timestamp: 2016/4/30 9:42:02

Title:SessionPool.Set

Message: OpenId：oXCfEwOkqIrihLgpgn1pYwjargXc

Severity: Verbose

----------------------------------------
----------------------------------------
Timestamp: 2016/4/30 9:42:50

Title:

Message: Application_Start

Severity: Information

----------------------------------------
----------------------------------------
Timestamp: 2016/4/30 9:42:50

Title:

Message: Redis 连接成功

Severity: Information

----------------------------------------
----------------------------------------
Timestamp: 2016/4/30 9:45:01

Title:SessionPool.Set

Message: OpenId：oXCfEwOkqIrihLgpgn1pYwjargXc

Severity: Verbose

----------------------------------------
----------------------------------------
Timestamp: 2016/4/30 9:45:01

Title:SessionPool.Set

Message: OpenId：oXCfEwOkqIrihLgpgn1pYwjargXc

Severity: Verbose

----------------------------------------
----------------------------------------
Timestamp: 2016/4/30 9:48:35

Title:

Message: Application_Start

Severity: Information

----------------------------------------
----------------------------------------
Timestamp: 2016/4/30 9:48:38

Title:

Message: Redis 连接成功

Severity: Information

----------------------------------------
----------------------------------------
Timestamp: 2016/4/30 9:48:41

Title:SessionPool.Set

Message: OpenId：oXCfEwOkqIrihLgpgn1pYwjargXc

Severity: Verbose

----------------------------------------
----------------------------------------
Timestamp: 2016/4/30 9:48:41

Title:SessionPool.Set

Message: OpenId：oXCfEwOkqIrihLgpgn1pYwjargXc

Severity: Verbose

----------------------------------------
----------------------------------------
Timestamp: 2016/4/30 10:56:23

Title:

Message: Application_Start

Severity: Information

----------------------------------------
----------------------------------------
Timestamp: 2016/4/30 10:56:30

Title:

Message: Redis 连接成功

Severity: Information

----------------------------------------
----------------------------------------
Timestamp: 2016/4/30 10:56:32

Title:SessionPool.Set

Message: OpenId：oXCfEwOkqIrihLgpgn1pYwjargXc

Severity: Verbose

----------------------------------------
----------------------------------------
Timestamp: 2016/4/30 10:56:32

Title:SessionPool.Set

Message: OpenId：oXCfEwOkqIrihLgpgn1pYwjargXc

Severity: Verbose

----------------------------------------
----------------------------------------
Timestamp: 2016/4/30 11:18:08

Title:

Message: Application_Start

Severity: Information

----------------------------------------
----------------------------------------
Timestamp: 2016/4/30 11:18:08

Title:

Message: Redis 连接成功

Severity: Information

----------------------------------------
----------------------------------------
Timestamp: 2016/4/30 11:18:20

Title:SessionPool.Set

Message: OpenId：oXCfEwOkqIrihLgpgn1pYwjargXc

Severity: Verbose

----------------------------------------
----------------------------------------
Timestamp: 2016/4/30 11:18:20

Title:SessionPool.Set

Message: OpenId：oXCfEwOkqIrihLgpgn1pYwjargXc

Severity: Verbose

----------------------------------------
----------------------------------------
Timestamp: 2016/4/30 11:21:01

Title:

Message: Application_Start

Severity: Information

----------------------------------------
----------------------------------------
Timestamp: 2016/4/30 11:21:53

Title:

Message: Redis 连接成功

Severity: Information

----------------------------------------
----------------------------------------
Timestamp: 2016/4/30 11:21:56

Title:SessionPool.Set

Message: OpenId：oXCfEwOkqIrihLgpgn1pYwjargXc

Severity: Verbose

----------------------------------------
----------------------------------------
Timestamp: 2016/4/30 11:21:56

Title:SessionPool.Set

Message: OpenId：oXCfEwOkqIrihLgpgn1pYwjargXc

Severity: Verbose

----------------------------------------
----------------------------------------
Timestamp: 2016/4/30 11:26:28

Title:

Message: Application_Start

Severity: Information

----------------------------------------
----------------------------------------
Timestamp: 2016/4/30 11:26:52

Title:

Message: Redis 连接成功

Severity: Information

----------------------------------------
----------------------------------------
Timestamp: 2016/4/30 11:26:56

Title:SessionPool.Set

Message: OpenId：oXCfEwOkqIrihLgpgn1pYwjargXc

Severity: Verbose

----------------------------------------
----------------------------------------
Timestamp: 2016/4/30 11:26:56

Title:SessionPool.Set

Message: OpenId：oXCfEwOkqIrihLgpgn1pYwjargXc

Severity: Verbose

----------------------------------------
----------------------------------------
Timestamp: 2016/4/30 11:48:35

Title:

Message: Application_Start

Severity: Information

----------------------------------------
----------------------------------------
Timestamp: 2016/4/30 11:48:35

Title:

Message: Redis 连接成功

Severity: Information

----------------------------------------
----------------------------------------
Timestamp: 2016/4/30 11:48:43

Title:SessionPool.Set

Message: OpenId：oXCfEwOkqIrihLgpgn1pYwjargXc

Severity: Verbose

----------------------------------------
----------------------------------------
Timestamp: 2016/4/30 11:48:43

Title:SessionPool.Set

Message: OpenId：oXCfEwOkqIrihLgpgn1pYwjargXc

Severity: Verbose

----------------------------------------
----------------------------------------
Timestamp: 2016/4/30 12:09:19

Title:

Message: Application_Start

Severity: Information

----------------------------------------
----------------------------------------
Timestamp: 2016/4/30 12:09:33

Title:

Message: Redis 连接成功

Severity: Information

----------------------------------------
----------------------------------------
Timestamp: 2016/4/30 12:09:36

Title:SessionPool.Set

Message: OpenId：oXCfEwOkqIrihLgpgn1pYwjargXc

Severity: Verbose

----------------------------------------
----------------------------------------
Timestamp: 2016/4/30 12:09:36

Title:SessionPool.Set

Message: OpenId：oXCfEwOkqIrihLgpgn1pYwjargXc

Severity: Verbose

----------------------------------------
----------------------------------------
Timestamp: 2016/4/30 12:31:23

Title:

Message: Application_Start

Severity: Information

----------------------------------------
----------------------------------------
Timestamp: 2016/4/30 12:31:24

Title:

Message: Redis 连接成功

Severity: Information

----------------------------------------
----------------------------------------
Timestamp: 2016/4/30 12:31:28

Title:SessionPool.Set

Message: OpenId：oXCfEwOkqIrihLgpgn1pYwjargXc

Severity: Verbose

----------------------------------------
----------------------------------------
Timestamp: 2016/4/30 12:31:28

Title:SessionPool.Set

Message: OpenId：oXCfEwOkqIrihLgpgn1pYwjargXc

Severity: Verbose

----------------------------------------
----------------------------------------
Timestamp: 2016/4/30 12:31:28

Title:SessionPool.Set

Message: OpenId：oXCfEwOkqIrihLgpgn1pYwjargXc

Severity: Verbose

----------------------------------------
----------------------------------------
Timestamp: 2016/4/30 12:31:28

Title:SessionPool.Set

Message: OpenId：oXCfEwOkqIrihLgpgn1pYwjargXc

Severity: Verbose

----------------------------------------
----------------------------------------
Timestamp: 2016/4/30 12:32:55

Title:

Message: Application_Start

Severity: Information

----------------------------------------
----------------------------------------
Timestamp: 2016/4/30 12:32:56

Title:

Message: Redis 连接成功

Severity: Information

----------------------------------------
----------------------------------------
Timestamp: 2016/4/30 12:33:07

Title:SessionPool.Set

Message: OpenId：oXCfEwOkqIrihLgpgn1pYwjargXc

Severity: Verbose

----------------------------------------
----------------------------------------
Timestamp: 2016/4/30 12:33:07

Title:SessionPool.Set

Message: OpenId：oXCfEwOkqIrihLgpgn1pYwjargXc

Severity: Verbose

----------------------------------------
----------------------------------------
Timestamp: 2016/4/30 12:40:08

Title:

Message: Application_Start

Severity: Information

----------------------------------------
----------------------------------------
Timestamp: 2016/4/30 12:40:09

Title:

Message: Redis 连接成功

Severity: Information

----------------------------------------
----------------------------------------
Timestamp: 2016/4/30 12:40:13

Title:SessionPool.Set

Message: OpenId：oXCfEwOkqIrihLgpgn1pYwjargXc

Severity: Verbose

----------------------------------------
----------------------------------------
Timestamp: 2016/4/30 12:40:13

Title:SessionPool.Set

Message: OpenId：oXCfEwOkqIrihLgpgn1pYwjargXc

Severity: Verbose

----------------------------------------
----------------------------------------
Timestamp: 2016/4/30 12:48:06

Title:

Message: Application_Start

Severity: Information

----------------------------------------
----------------------------------------
Timestamp: 2016/4/30 12:48:09

Title:

Message: Redis 连接成功

Severity: Information

----------------------------------------
----------------------------------------
Timestamp: 2016/4/30 12:48:11

Title:SessionPool.Set

Message: OpenId：oXCfEwOkqIrihLgpgn1pYwjargXc

Severity: Verbose

----------------------------------------
----------------------------------------
Timestamp: 2016/4/30 12:48:11

Title:SessionPool.Set

Message: OpenId：oXCfEwOkqIrihLgpgn1pYwjargXc

Severity: Verbose

----------------------------------------
----------------------------------------
Timestamp: 2016/5/1 1:20:54

Title:

Message: Application_Start

Severity: Information

----------------------------------------
----------------------------------------
Timestamp: 2016/5/1 1:20:55

Title:

Message: Redis 连接成功

Severity: Information

----------------------------------------
----------------------------------------
Timestamp: 2016/5/1 1:21:15

Title:SessionPool.Set

Message: OpenId：oXCfEwOkqIrihLgpgn1pYwjargXc

Severity: Verbose

----------------------------------------
----------------------------------------
Timestamp: 2016/5/1 1:21:15

Title:SessionPool.Set

Message: OpenId：oXCfEwOkqIrihLgpgn1pYwjargXc

Severity: Verbose

----------------------------------------
----------------------------------------
Timestamp: 2016/5/1 1:45:18

Title:

Message: Application_Start

Severity: Information

----------------------------------------
----------------------------------------
Timestamp: 2016/5/1 1:45:19

Title:

Message: Redis 连接成功

Severity: Information

----------------------------------------
----------------------------------------
Timestamp: 2016/5/1 1:45:27

Title:SessionPool.Set

Message: OpenId：oXCfEwOkqIrihLgpgn1pYwjargXc

Severity: Verbose

----------------------------------------
----------------------------------------
Timestamp: 2016/5/1 1:45:27

Title:SessionPool.Set

Message: OpenId：oXCfEwOkqIrihLgpgn1pYwjargXc

Severity: Verbose

----------------------------------------
----------------------------------------
Timestamp: 2016/5/1 1:47:21

Title:

Message: Application_Start

Severity: Information

----------------------------------------
----------------------------------------
Timestamp: 2016/5/1 1:47:22

Title:

Message: Redis 连接成功

Severity: Information

----------------------------------------
----------------------------------------
Timestamp: 2016/5/1 1:47:37

Title:SessionPool.Set

Message: OpenId：oXCfEwOkqIrihLgpgn1pYwjargXc

Severity: Verbose

----------------------------------------
----------------------------------------
Timestamp: 2016/5/1 1:47:37

Title:SessionPool.Set

Message: OpenId：oXCfEwOkqIrihLgpgn1pYwjargXc

Severity: Verbose

----------------------------------------
----------------------------------------
Timestamp: 2016/5/1 10:26:48

Title:

Message: Application_Start

Severity: Information

----------------------------------------
----------------------------------------
Timestamp: 2016/5/1 10:26:50

Title:

Message: Redis 连接成功

Severity: Information

----------------------------------------
----------------------------------------
Timestamp: 2016/5/1 10:26:53

Title:SessionPool.Set

Message: OpenId：oXCfEwOkqIrihLgpgn1pYwjargXc

Severity: Verbose

----------------------------------------
----------------------------------------
Timestamp: 2016/5/1 10:26:53

Title:SessionPool.Set

Message: OpenId：oXCfEwOkqIrihLgpgn1pYwjargXc

Severity: Verbose

----------------------------------------
----------------------------------------
Timestamp: 2016/5/1 10:28:32

Title:

Message: Application_Start

Severity: Information

----------------------------------------
----------------------------------------
Timestamp: 2016/5/1 10:28:33

Title:

Message: Redis 连接成功

Severity: Information

----------------------------------------
----------------------------------------
Timestamp: 2016/5/1 10:28:49

Title:SessionPool.Set

Message: OpenId：oXCfEwOkqIrihLgpgn1pYwjargXc

Severity: Verbose

----------------------------------------
----------------------------------------
Timestamp: 2016/5/1 10:28:49

Title:SessionPool.Set

Message: OpenId：oXCfEwOkqIrihLgpgn1pYwjargXc

Severity: Verbose

----------------------------------------
----------------------------------------
Timestamp: 2016/5/1 10:32:21

Title:

Message: Application_Start

Severity: Information

----------------------------------------
----------------------------------------
Timestamp: 2016/5/1 10:32:21

Title:

Message: Redis 连接成功

Severity: Information

----------------------------------------
----------------------------------------
Timestamp: 2016/5/1 10:32:32

Title:SessionPool.Set

Message: OpenId：oXCfEwOkqIrihLgpgn1pYwjargXc

Severity: Verbose

----------------------------------------
----------------------------------------
Timestamp: 2016/5/1 10:32:32

Title:SessionPool.Set

Message: OpenId：oXCfEwOkqIrihLgpgn1pYwjargXc

Severity: Verbose

----------------------------------------
----------------------------------------
Timestamp: 2016/5/1 10:40:35

Title:

Message: Application_Start

Severity: Information

----------------------------------------
----------------------------------------
Timestamp: 2016/5/1 10:40:35

Title:

Message: Redis 连接成功

Severity: Information

----------------------------------------
----------------------------------------
Timestamp: 2016/5/1 10:40:59

Title:SessionPool.Set

Message: OpenId：oXCfEwOkqIrihLgpgn1pYwjargXc

Severity: Verbose

----------------------------------------
----------------------------------------
Timestamp: 2016/5/1 10:40:59

Title:SessionPool.Set

Message: OpenId：oXCfEwOkqIrihLgpgn1pYwjargXc

Severity: Verbose

----------------------------------------
----------------------------------------
Timestamp: 2016/5/1 10:56:18

Title:

Message: Application_Start

Severity: Information

----------------------------------------
----------------------------------------
Timestamp: 2016/5/1 10:56:19

Title:

Message: Redis 连接成功

Severity: Information

----------------------------------------
----------------------------------------
Timestamp: 2016/5/1 10:56:29

Title:SessionPool.Set

Message: OpenId：oXCfEwOkqIrihLgpgn1pYwjargXc

Severity: Verbose

----------------------------------------
----------------------------------------
Timestamp: 2016/5/1 10:56:29

Title:SessionPool.Set

Message: OpenId：oXCfEwOkqIrihLgpgn1pYwjargXc

Severity: Verbose

----------------------------------------
