----------------------------------------
Timestamp: 2016/5/23 22:34:28

Title:

Message: Application_Start

Severity: Information

----------------------------------------
----------------------------------------
Timestamp: 2016/5/23 22:34:30

Title:

Message: Redis 连接成功

Severity: Information

----------------------------------------
----------------------------------------
Timestamp: 2016/5/23 22:45:24

Title:

Message: Application_Start

Severity: Information

----------------------------------------
----------------------------------------
Timestamp: 2016/5/23 22:45:25

Title:

Message: Redis 连接成功

Severity: Information

----------------------------------------
----------------------------------------
Timestamp: 2016/5/23 22:47:26

Title:

Message: Application_Start

Severity: Information

----------------------------------------
----------------------------------------
Timestamp: 2016/5/23 22:47:26

Title:

Message: Redis 连接成功

Severity: Information

----------------------------------------
----------------------------------------
Timestamp: 2016/5/23 23:09:05

Title:

Message: Application_Start

Severity: Information

----------------------------------------
----------------------------------------
Timestamp: 2016/5/23 23:09:06

Title:

Message: Redis 连接成功

Severity: Information

----------------------------------------
----------------------------------------
Timestamp: 2016/5/23 23:32:56

Title:

Message: Application_Start

Severity: Information

----------------------------------------
----------------------------------------
Timestamp: 2016/5/23 23:32:57

Title:

Message: Redis 连接成功

Severity: Information

----------------------------------------
----------------------------------------
Timestamp: 2016/5/23 23:38:05

Title:

Message: Application_Start

Severity: Information

----------------------------------------
----------------------------------------
Timestamp: 2016/5/23 23:38:06

Title:

Message: Redis 连接成功

Severity: Information

----------------------------------------
----------------------------------------
Timestamp: 2016/5/23 23:55:28

Title:

Message: Application_Start

Severity: Information

----------------------------------------
----------------------------------------
Timestamp: 2016/5/23 23:55:29

Title:

Message: Redis 连接成功

Severity: Information

----------------------------------------
----------------------------------------
Timestamp: 2016/5/23 23:57:25

Title:

Message: Application_Start

Severity: Information

----------------------------------------
----------------------------------------
Timestamp: 2016/5/23 23:57:25

Title:

Message: Redis 连接成功

Severity: Information

----------------------------------------
----------------------------------------
Timestamp: 2016/5/23 23:58:57

Title:

Message: Application_Start

Severity: Information

----------------------------------------
----------------------------------------
Timestamp: 2016/5/23 23:58:58

Title:

Message: Redis 连接成功

Severity: Information

----------------------------------------
----------------------------------------
Timestamp: 2016/5/23 23:59:17

Title:UnifiedOrder 失败

Message: 返回数据签名校验失败。
{"AppId":"wx8c36b3c0000a0a49","MchId":"1277619601","DeviceInfo":"WEB","NonceStr":null,"Sign":null,"Body":"会员充值","Detail":null,"Attach":null,"OutTradeNo":"6a04e356b57c415c90f0c7fdfe1c5dec","FeeType":"CNY","TotalFee":123,"SpbillCreateIp":"::1","TimeStart":"20160523235916","TimeExpire":"20160524005916","GoodsTag":null,"NotifyUrl":"","TradeType":"JSAPI","ProductId":null,"LimitPay":null,"OpenId":"oXCfEwOkqIrihLgpgn1pYwjargXc"} {"HttpRequestResult":{"Success":true,"Exception":null,"Content":"\u003cxml\u003e\u003creturn_code\u003e\u003c![CDATA[FAIL]]\u003e\u003c/return_code\u003e\n\u003creturn_msg\u003e\u003c![CDATA[invalid notify_url]]\u003e\u003c/return_msg\u003e\n\u003c/xml\u003e"},"ApiResult":null,"Success":false,"Message":"返回数据签名校验失败。"}

Severity: Warning

----------------------------------------
----------------------------------------
Timestamp: 2016/5/23 23:59:22

Title:UnifiedOrder 失败

Message: 返回数据签名校验失败。
{"AppId":"wx8c36b3c0000a0a49","MchId":"1277619601","DeviceInfo":"WEB","NonceStr":null,"Sign":null,"Body":"会员充值","Detail":null,"Attach":null,"OutTradeNo":"28cb80498476416cbf0686bbe5a0bfe2","FeeType":"CNY","TotalFee":123,"SpbillCreateIp":"::1","TimeStart":"20160523235922","TimeExpire":"20160524005922","GoodsTag":null,"NotifyUrl":"","TradeType":"JSAPI","ProductId":null,"LimitPay":null,"OpenId":"oXCfEwOkqIrihLgpgn1pYwjargXc"} {"HttpRequestResult":{"Success":true,"Exception":null,"Content":"\u003cxml\u003e\u003creturn_code\u003e\u003c![CDATA[FAIL]]\u003e\u003c/return_code\u003e\n\u003creturn_msg\u003e\u003c![CDATA[invalid notify_url]]\u003e\u003c/return_msg\u003e\n\u003c/xml\u003e"},"ApiResult":null,"Success":false,"Message":"返回数据签名校验失败。"}

Severity: Warning

----------------------------------------
----------------------------------------
Timestamp: 2016/5/24 0:02:54

Title:

Message: Application_Start

Severity: Information

----------------------------------------
----------------------------------------
Timestamp: 2016/5/24 0:02:55

Title:

Message: Redis 连接成功

Severity: Information

----------------------------------------
----------------------------------------
Timestamp: 2016/5/24 0:05:02

Title:

Message: Application_Start

Severity: Information

----------------------------------------
----------------------------------------
Timestamp: 2016/5/24 0:05:03

Title:

Message: Redis 连接成功

Severity: Information

----------------------------------------
----------------------------------------
Timestamp: 2016/5/24 0:10:12

Title:

Message: Application_Start

Severity: Information

----------------------------------------
----------------------------------------
Timestamp: 2016/5/24 0:10:12

Title:

Message: Redis 连接成功

Severity: Information

----------------------------------------
----------------------------------------
Timestamp: 2016/5/24 0:10:40

Title:UnifiedOrder 失败

Message: 返回数据签名校验失败。
{"AppId":"wx8c36b3c0000a0a49","MchId":"1277619601","DeviceInfo":"WEB","NonceStr":null,"Sign":null,"Body":"会员充值","Detail":null,"Attach":null,"OutTradeNo":"e365b650c97b4c86acf0a9a2a9124a6b","FeeType":"CNY","TotalFee":123,"SpbillCreateIp":"::1","TimeStart":"20160524001039","TimeExpire":"20160524011039","GoodsTag":null,"NotifyUrl":"","TradeType":"JSAPI","ProductId":null,"LimitPay":null,"OpenId":"oXCfEwOkqIrihLgpgn1pYwjargXc"} {"HttpRequestResult":{"Success":true,"Exception":null,"Content":"\u003cxml\u003e\u003creturn_code\u003e\u003c![CDATA[FAIL]]\u003e\u003c/return_code\u003e\n\u003creturn_msg\u003e\u003c![CDATA[invalid notify_url]]\u003e\u003c/return_msg\u003e\n\u003c/xml\u003e"},"ApiResult":null,"Success":false,"Message":"返回数据签名校验失败。"}

Severity: Warning

----------------------------------------
----------------------------------------
Timestamp: 2016/5/24 0:10:54

Title:UnifiedOrder 失败

Message: 返回数据签名校验失败。
{"AppId":"wx8c36b3c0000a0a49","MchId":"1277619601","DeviceInfo":"WEB","NonceStr":null,"Sign":null,"Body":"会员充值","Detail":null,"Attach":null,"OutTradeNo":"baf8077799b2459f8b389652fd1214ad","FeeType":"CNY","TotalFee":123,"SpbillCreateIp":"::1","TimeStart":"20160524001054","TimeExpire":"20160524011054","GoodsTag":null,"NotifyUrl":"","TradeType":"JSAPI","ProductId":null,"LimitPay":null,"OpenId":"oXCfEwOkqIrihLgpgn1pYwjargXc"} {"HttpRequestResult":{"Success":true,"Exception":null,"Content":"\u003cxml\u003e\u003creturn_code\u003e\u003c![CDATA[FAIL]]\u003e\u003c/return_code\u003e\n\u003creturn_msg\u003e\u003c![CDATA[invalid notify_url]]\u003e\u003c/return_msg\u003e\n\u003c/xml\u003e"},"ApiResult":null,"Success":false,"Message":"返回数据签名校验失败。"}

Severity: Warning

----------------------------------------
----------------------------------------
Timestamp: 2016/5/24 0:13:22

Title:

Message: Application_Start

Severity: Information

----------------------------------------
----------------------------------------
Timestamp: 2016/5/24 0:13:23

Title:

Message: Redis 连接成功

Severity: Information

----------------------------------------
----------------------------------------
Timestamp: 2016/5/24 0:14:00

Title:UnifiedOrder 失败

Message: invalid notify_url
{"AppId":"wx8c36b3c0000a0a49","MchId":"1277619601","DeviceInfo":"WEB","NonceStr":null,"Sign":null,"Body":"会员充值","Detail":null,"Attach":null,"OutTradeNo":"a28cfa60cf4f454c8b8104f23143f9f7","FeeType":"CNY","TotalFee":1,"SpbillCreateIp":"::1","TimeStart":"20160524001338","TimeExpire":"20160524011338","GoodsTag":null,"NotifyUrl":"","TradeType":"JSAPI","ProductId":null,"LimitPay":null,"OpenId":"oXCfEwOkqIrihLgpgn1pYwjargXc"} {"HttpRequestResult":{"Success":true,"Exception":null,"Content":"\u003cxml\u003e\u003creturn_code\u003e\u003c![CDATA[FAIL]]\u003e\u003c/return_code\u003e\n\u003creturn_msg\u003e\u003c![CDATA[invalid notify_url]]\u003e\u003c/return_msg\u003e\n\u003c/xml\u003e"},"ApiResult":null,"Success":false,"Message":"invalid notify_url"}

Severity: Warning

----------------------------------------
----------------------------------------
Timestamp: 2016/5/24 0:16:15

Title:

Message: Application_Start

Severity: Information

----------------------------------------
----------------------------------------
Timestamp: 2016/5/24 0:16:16

Title:

Message: Redis 连接成功

Severity: Information

----------------------------------------
----------------------------------------
Timestamp: 2016/5/24 0:16:27

Title:UnifiedOrder 失败

Message: invalid notify_url
{"AppId":"wx8c36b3c0000a0a49","MchId":"1277619601","DeviceInfo":"WEB","NonceStr":null,"Sign":null,"Body":"会员充值","Detail":null,"Attach":null,"OutTradeNo":"0844091223ff4376bca29b2323367dc9","FeeType":"CNY","TotalFee":123,"SpbillCreateIp":"::1","TimeStart":"20160524001626","TimeExpire":"20160524011626","GoodsTag":null,"NotifyUrl":"","TradeType":"JSAPI","ProductId":null,"LimitPay":null,"OpenId":"oXCfEwOkqIrihLgpgn1pYwjargXc"} {"HttpRequestResult":{"Success":true,"Exception":null,"Content":"\u003cxml\u003e\u003creturn_code\u003e\u003c![CDATA[FAIL]]\u003e\u003c/return_code\u003e\n\u003creturn_msg\u003e\u003c![CDATA[invalid notify_url]]\u003e\u003c/return_msg\u003e\n\u003c/xml\u003e"},"ApiResult":null,"Success":false,"Message":"invalid notify_url"}

Severity: Warning

----------------------------------------
----------------------------------------
Timestamp: 2016/5/24 0:17:27

Title:

Message: Application_Start

Severity: Information

----------------------------------------
----------------------------------------
Timestamp: 2016/5/24 0:17:28

Title:

Message: Redis 连接成功

Severity: Information

----------------------------------------
----------------------------------------
Timestamp: 2016/5/24 0:17:56

Title:UnifiedOrder 失败

Message: invalid spbill_create_ip
{"AppId":"wx8c36b3c0000a0a49","MchId":"1277619601","DeviceInfo":"WEB","NonceStr":null,"Sign":null,"Body":"会员充值","Detail":null,"Attach":null,"OutTradeNo":"0677c22518134996a2a3bbf5f0688f04","FeeType":"CNY","TotalFee":123,"SpbillCreateIp":"::1","TimeStart":"20160524001755","TimeExpire":"20160524011755","GoodsTag":null,"NotifyUrl":"http://wx.zkebao.com/PayNotify","TradeType":"JSAPI","ProductId":null,"LimitPay":null,"OpenId":"oXCfEwOkqIrihLgpgn1pYwjargXc"} {"HttpRequestResult":{"Success":true,"Exception":null,"Content":"\u003cxml\u003e\u003creturn_code\u003e\u003c![CDATA[FAIL]]\u003e\u003c/return_code\u003e\n\u003creturn_msg\u003e\u003c![CDATA[invalid spbill_create_ip]]\u003e\u003c/return_msg\u003e\n\u003c/xml\u003e"},"ApiResult":null,"Success":false,"Message":"invalid spbill_create_ip"}

Severity: Warning

----------------------------------------
----------------------------------------
Timestamp: 2016/5/24 0:18:39

Title:UnifiedOrder 失败

Message: invalid spbill_create_ip
{"AppId":"wx8c36b3c0000a0a49","MchId":"1277619601","DeviceInfo":"WEB","NonceStr":null,"Sign":null,"Body":"会员充值","Detail":null,"Attach":null,"OutTradeNo":"356c9bf5e52b4d27b8198c5c690c89f5","FeeType":"CNY","TotalFee":123,"SpbillCreateIp":"::1","TimeStart":"20160524001809","TimeExpire":"20160524011809","GoodsTag":null,"NotifyUrl":"http://wx.zkebao.com/PayNotify","TradeType":"JSAPI","ProductId":null,"LimitPay":null,"OpenId":"oXCfEwOkqIrihLgpgn1pYwjargXc"} {"HttpRequestResult":{"Success":true,"Exception":null,"Content":"\u003cxml\u003e\u003creturn_code\u003e\u003c![CDATA[FAIL]]\u003e\u003c/return_code\u003e\n\u003creturn_msg\u003e\u003c![CDATA[invalid spbill_create_ip]]\u003e\u003c/return_msg\u003e\n\u003c/xml\u003e"},"ApiResult":null,"Success":false,"Message":"invalid spbill_create_ip"}

Severity: Warning

----------------------------------------
----------------------------------------
Timestamp: 2016/5/24 0:19:23

Title:

Message: Application_Start

Severity: Information

----------------------------------------
----------------------------------------
Timestamp: 2016/5/24 0:19:23

Title:

Message: Redis 连接成功

Severity: Information

----------------------------------------
----------------------------------------
Timestamp: 2016/5/24 0:19:41

Title:UnifiedOrder 失败

Message: 
{"AppId":"wx8c36b3c0000a0a49","MchId":"1277619601","DeviceInfo":"WEB","NonceStr":null,"Sign":null,"Body":"会员充值","Detail":null,"Attach":null,"OutTradeNo":"032f083b227d455e8669e3e4db8a1a62","FeeType":"CNY","TotalFee":123,"SpbillCreateIp":"127.0.0.1","TimeStart":"20160524001941","TimeExpire":"20160524011941","GoodsTag":null,"NotifyUrl":"http://wx.zkebao.com/PayNotify","TradeType":"JSAPI","ProductId":null,"LimitPay":null,"OpenId":"oXCfEwOkqIrihLgpgn1pYwjargXc"} {"HttpRequestResult":{"Success":true,"Exception":null,"Content":"\u003cxml\u003e\u003creturn_code\u003e\u003c![CDATA[SUCCESS]]\u003e\u003c/return_code\u003e\n\u003creturn_msg\u003e\u003c![CDATA[OK]]\u003e\u003c/return_msg\u003e\n\u003cappid\u003e\u003c![CDATA[wx8c36b3c0000a0a49]]\u003e\u003c/appid\u003e\n\u003cmch_id\u003e\u003c![CDATA[1277619601]]\u003e\u003c/mch_id\u003e\n\u003cdevice_info\u003e\u003c![CDATA[WEB]]\u003e\u003c/device_info\u003e\n\u003cnonce_str\u003e\u003c![CDATA[Cx8hYPKsno7SU1su]]\u003e\u003c/nonce_str\u003e\n\u003csign\u003e\u003c![CDATA[F7240738246571575A9D90D5A402E34C]]\u003e\u003c/sign\u003e\n\u003cresult_code\u003e\u003c![CDATA[SUCCESS]]\u003e\u003c/result_code\u003e\n\u003cprepay_id\u003e\u003c![CDATA[wx201605240019401b7e8d35f70647330783]]\u003e\u003c/prepay_id\u003e\n\u003ctrade_type\u003e\u003c![CDATA[JSAPI]]\u003e\u003c/trade_type\u003e\n\u003c/xml\u003e"},"ApiResult":{"ReturnCode":"SUCCESS","ReturnMsg":"OK","AppId":"wx8c36b3c0000a0a49","MchId":"1277619601","DeviceInfo":"WEB","NonceStr":"Cx8hYPKsno7SU1su","Sign":"F7240738246571575A9D90D5A402E34C","ResultCode":"SUCCESS","ErrCode":null,"ErrCodeDes":null,"TradeType":"JSAPI","PrepayId":"wx201605240019401b7e8d35f70647330783","CodeUrl":null},"Success":false,"Message":null}

Severity: Warning

----------------------------------------
----------------------------------------
Timestamp: 2016/5/24 0:22:12

Title:

Message: Application_Start

Severity: Information

----------------------------------------
----------------------------------------
Timestamp: 2016/5/24 0:22:13

Title:

Message: Redis 连接成功

Severity: Information

----------------------------------------
----------------------------------------
Timestamp: 2016/5/24 0:25:07

Title:

Message: Application_Start

Severity: Information

----------------------------------------
----------------------------------------
Timestamp: 2016/5/24 0:25:08

Title:

Message: Redis 连接成功

Severity: Information

----------------------------------------
----------------------------------------
Timestamp: 2016/5/25 23:13:50

Title:

Message: Application_Start

Severity: Information

----------------------------------------
----------------------------------------
Timestamp: 2016/5/25 23:13:54

Title:

Message: Redis 连接成功

Severity: Information

----------------------------------------
----------------------------------------
Timestamp: 2016/5/26 1:11:29

Title:

Message: Application_Start

Severity: Information

----------------------------------------
----------------------------------------
Timestamp: 2016/5/26 1:11:32

Title:

Message: Redis 连接成功

Severity: Information

----------------------------------------
----------------------------------------
Timestamp: 2016/5/26 1:29:46

Title:

Message: Application_Start

Severity: Information

----------------------------------------
----------------------------------------
Timestamp: 2016/5/26 1:29:47

Title:

Message: Redis 连接成功

Severity: Information

----------------------------------------
----------------------------------------
Timestamp: 2016/5/26 1:42:44

Title:

Message: Application_Start

Severity: Information

----------------------------------------
----------------------------------------
Timestamp: 2016/5/26 1:42:45

Title:

Message: Redis 连接成功

Severity: Information

----------------------------------------
----------------------------------------
Timestamp: 2016/5/26 1:55:55

Title:

Message: Application_Start

Severity: Information

----------------------------------------
----------------------------------------
Timestamp: 2016/5/26 1:55:55

Title:

Message: Redis 连接成功

Severity: Information

----------------------------------------
----------------------------------------
Timestamp: 2016/5/26 1:59:19

Title:

Message: Application_Start

Severity: Information

----------------------------------------
----------------------------------------
Timestamp: 2016/5/26 1:59:19

Title:

Message: Redis 连接成功

Severity: Information

----------------------------------------
----------------------------------------
Timestamp: 2016/5/27 0:01:57

Title:

Message: Application_Start

Severity: Information

----------------------------------------
----------------------------------------
Timestamp: 2016/5/27 0:01:59

Title:

Message: Redis 连接成功

Severity: Information

----------------------------------------
----------------------------------------
Timestamp: 2016/5/27 0:04:25

Title:

Message: Application_Start

Severity: Information

----------------------------------------
----------------------------------------
Timestamp: 2016/5/27 0:04:26

Title:

Message: Redis 连接成功

Severity: Information

----------------------------------------
----------------------------------------
Timestamp: 2016/5/27 0:13:27

Title:

Message: Application_Start

Severity: Information

----------------------------------------
----------------------------------------
Timestamp: 2016/5/27 0:13:28

Title:

Message: Redis 连接成功

Severity: Information

----------------------------------------
----------------------------------------
Timestamp: 2016/5/27 0:13:35

Title:

Message: Application_Start

Severity: Information

----------------------------------------
----------------------------------------
Timestamp: 2016/5/27 0:13:36

Title:

Message: Redis 连接成功

Severity: Information

----------------------------------------
----------------------------------------
Timestamp: 2016/5/27 0:15:48

Title:

Message: Application_Start

Severity: Information

----------------------------------------
----------------------------------------
Timestamp: 2016/5/27 0:15:48

Title:

Message: Redis 连接成功

Severity: Information

----------------------------------------
----------------------------------------
Timestamp: 2016/5/27 0:19:37

Title:

Message: Application_Start

Severity: Information

----------------------------------------
----------------------------------------
Timestamp: 2016/5/27 0:19:38

Title:

Message: Redis 连接成功

Severity: Information

----------------------------------------
----------------------------------------
Timestamp: 2016/5/27 0:27:15

Title:

Message: Application_Start

Severity: Information

----------------------------------------
----------------------------------------
Timestamp: 2016/5/27 0:27:15

Title:

Message: Redis 连接成功

Severity: Information

----------------------------------------
----------------------------------------
Timestamp: 2016/5/28 0:05:43

Title:

Message: Application_Start

Severity: Information

----------------------------------------
----------------------------------------
Timestamp: 2016/5/28 0:05:44

Title:

Message: Redis 连接成功

Severity: Information

----------------------------------------
----------------------------------------
Timestamp: 2016/5/28 11:06:34

Title:

Message: Application_Start

Severity: Information

----------------------------------------
----------------------------------------
Timestamp: 2016/5/28 11:06:36

Title:

Message: Redis 连接成功

Severity: Information

----------------------------------------
----------------------------------------
Timestamp: 2016/5/28 13:04:31

Title:

Message: Application_Start

Severity: Information

----------------------------------------
----------------------------------------
Timestamp: 2016/5/28 13:04:32

Title:

Message: Redis 连接成功

Severity: Information

----------------------------------------
----------------------------------------
Timestamp: 2016/5/28 13:32:42

Title:

Message: Application_Start

Severity: Information

----------------------------------------
----------------------------------------
Timestamp: 2016/5/28 13:32:42

Title:

Message: Redis 连接成功

Severity: Information

----------------------------------------
----------------------------------------
Timestamp: 2016/5/28 14:03:14

Title:

Message: Application_Start

Severity: Information

----------------------------------------
----------------------------------------
Timestamp: 2016/5/28 14:03:14

Title:

Message: Redis 连接成功

Severity: Information

----------------------------------------
----------------------------------------
Timestamp: 2016/5/28 15:24:36

Title:

Message: Application_Start

Severity: Information

----------------------------------------
----------------------------------------
Timestamp: 2016/5/28 15:24:37

Title:

Message: Redis 连接成功

Severity: Information

----------------------------------------
----------------------------------------
Timestamp: 2016/5/28 16:47:38

Title:

Message: Application_Start

Severity: Information

----------------------------------------
----------------------------------------
Timestamp: 2016/5/28 16:47:39

Title:

Message: Redis 连接成功

Severity: Information

----------------------------------------
----------------------------------------
Timestamp: 2016/5/28 16:55:41

Title:

Message: Application_Start

Severity: Information

----------------------------------------
----------------------------------------
Timestamp: 2016/5/28 16:55:42

Title:

Message: Redis 连接成功

Severity: Information

----------------------------------------
----------------------------------------
Timestamp: 2016/5/28 16:57:41

Title:

Message: Application_Start

Severity: Information

----------------------------------------
----------------------------------------
Timestamp: 2016/5/28 16:57:41

Title:

Message: Redis 连接成功

Severity: Information

----------------------------------------
----------------------------------------
Timestamp: 2016/5/29 0:08:48

Title:

Message: Application_Start

Severity: Information

----------------------------------------
----------------------------------------
Timestamp: 2016/5/29 0:08:49

Title:

Message: Redis 连接成功

Severity: Information

----------------------------------------
----------------------------------------
Timestamp: 2016/5/29 0:30:46

Title:

Message: Application_Start

Severity: Information

----------------------------------------
----------------------------------------
Timestamp: 2016/5/29 0:30:47

Title:

Message: Redis 连接成功

Severity: Information

----------------------------------------
----------------------------------------
Timestamp: 2016/5/29 0:35:16

Title:

Message: Application_Start

Severity: Information

----------------------------------------
----------------------------------------
Timestamp: 2016/5/29 0:35:16

Title:

Message: Redis 连接成功

Severity: Information

----------------------------------------
