----------------------------------------
Timestamp: 2016/12/13 22:36:19

Title:Redis 连接成功

Message: 

Severity: Information

----------------------------------------
----------------------------------------
Timestamp: 2016/12/13 22:36:21

Title:Application_Start

Message: 

Severity: Information

----------------------------------------
----------------------------------------
Timestamp: 2016/12/13 22:47:45

Title:Redis 连接成功

Message: 

Severity: Information

----------------------------------------
----------------------------------------
Timestamp: 2016/12/13 22:47:47

Title:Application_Start

Message: 

Severity: Information

----------------------------------------
----------------------------------------
Timestamp: 2016/12/13 22:59:04

Title:Redis 连接成功

Message: 

Severity: Information

----------------------------------------
----------------------------------------
Timestamp: 2016/12/13 22:59:05

Title:Application_Start

Message: 

Severity: Information

----------------------------------------
----------------------------------------
Timestamp: 2016/12/15 0:00:21

Title:Redis 连接成功

Message: 

Severity: Information

----------------------------------------
----------------------------------------
Timestamp: 2016/12/15 0:00:21

Title:Application_Start

Message: 

Severity: Information

----------------------------------------
----------------------------------------
Timestamp: 2016/12/15 0:33:41

Title:Redis 连接成功

Message: 

Severity: Information

----------------------------------------
----------------------------------------
Timestamp: 2016/12/15 0:33:42

Title:Application_Start

Message: 

Severity: Information

----------------------------------------
----------------------------------------
Timestamp: 2016/12/15 0:43:51

Title:Redis 连接成功

Message: 

Severity: Information

----------------------------------------
----------------------------------------
Timestamp: 2016/12/15 0:43:52

Title:Application_Start

Message: 

Severity: Information

----------------------------------------
