----------------------------------------
Timestamp: 2016/10/5 15:10:48

Title:Redis 连接成功

Message: 

Severity: Information

----------------------------------------
----------------------------------------
Timestamp: 2016/10/5 15:10:49

Title:Application_Start

Message: 

Severity: Information

----------------------------------------
----------------------------------------
Timestamp: 2016/10/5 15:18:43

Title:Redis 连接成功

Message: 

Severity: Information

----------------------------------------
----------------------------------------
Timestamp: 2016/10/5 15:18:46

Title:Application_Start

Message: 

Severity: Information

----------------------------------------
----------------------------------------
Timestamp: 2016/10/5 15:32:44

Title:Redis 连接成功

Message: 

Severity: Information

----------------------------------------
----------------------------------------
Timestamp: 2016/10/5 15:32:45

Title:Application_Start

Message: 

Severity: Information

----------------------------------------
----------------------------------------
Timestamp: 2016/10/5 15:41:56

Title:Redis 连接成功

Message: 

Severity: Information

----------------------------------------
----------------------------------------
Timestamp: 2016/10/5 15:41:56

Title:Application_Start

Message: 

Severity: Information

----------------------------------------
----------------------------------------
Timestamp: 2016/10/5 15:46:38

Title:Redis 连接成功

Message: 

Severity: Information

----------------------------------------
----------------------------------------
Timestamp: 2016/10/5 15:46:39

Title:Application_Start

Message: 

Severity: Information

----------------------------------------
----------------------------------------
Timestamp: 2016/10/5 22:43:20

Title:Redis 连接成功

Message: 

Severity: Information

----------------------------------------
----------------------------------------
Timestamp: 2016/10/5 22:43:20

Title:Application_Start

Message: 

Severity: Information

----------------------------------------
----------------------------------------
Timestamp: 2016/10/5 22:45:56

Title:Redis 连接成功

Message: 

Severity: Information

----------------------------------------
----------------------------------------
Timestamp: 2016/10/5 22:45:57

Title:Application_Start

Message: 

Severity: Information

----------------------------------------
----------------------------------------
Timestamp: 2016/10/5 22:47:37

Title:Redis 连接成功

Message: 

Severity: Information

----------------------------------------
----------------------------------------
Timestamp: 2016/10/5 22:47:38

Title:Application_Start

Message: 

Severity: Information

----------------------------------------
----------------------------------------
Timestamp: 2016/10/5 22:55:20

Title:连接超时时间已到。在尝试使用预登录握手确认时超过了此超时时间。这可能是因为预登录握手失败或服务器未能及时响应。  尝试连接到此服务器时花费的持续时间是 - [Pre-Login] initialization=9863；handshake=14522；

Message: SELECT [LastUpdateTime] FROM [Domain] WHERE [Id] = @id
[{"ParameterName":"@id","Value":"2a58d820-de07-4c8f-80b9-b5cb5a1028b4"}]
   在 System.Data.SqlClient.SqlInternalConnectionTds..ctor(DbConnectionPoolIdentity identity, SqlConnectionString connectionOptions, SqlCredential credential, Object providerInfo, String newPassword, SecureString newSecurePassword, Boolean redirectedUserInstance, SqlConnectionString userConnectionOptions, SessionData reconnectSessionData, DbConnectionPool pool, String accessToken, Boolean applyTransientFaultHandling)
   在 System.Data.SqlClient.SqlConnectionFactory.CreateConnection(DbConnectionOptions options, DbConnectionPoolKey poolKey, Object poolGroupProviderInfo, DbConnectionPool pool, DbConnection owningConnection, DbConnectionOptions userOptions)
   在 System.Data.ProviderBase.DbConnectionFactory.CreatePooledConnection(DbConnectionPool pool, DbConnection owningObject, DbConnectionOptions options, DbConnectionPoolKey poolKey, DbConnectionOptions userOptions)
   在 System.Data.ProviderBase.DbConnectionPool.CreateObject(DbConnection owningObject, DbConnectionOptions userOptions, DbConnectionInternal oldConnection)
   在 System.Data.ProviderBase.DbConnectionPool.UserCreateRequest(DbConnection owningObject, DbConnectionOptions userOptions, DbConnectionInternal oldConnection)
   在 System.Data.ProviderBase.DbConnectionPool.TryGetConnection(DbConnection owningObject, UInt32 waitForMultipleObjectsTimeout, Boolean allowCreate, Boolean onlyOneCheckConnection, DbConnectionOptions userOptions, DbConnectionInternal& connection)
   在 System.Data.ProviderBase.DbConnectionPool.TryGetConnection(DbConnection owningObject, TaskCompletionSource`1 retry, DbConnectionOptions userOptions, DbConnectionInternal& connection)
   在 System.Data.ProviderBase.DbConnectionFactory.TryGetConnection(DbConnection owningConnection, TaskCompletionSource`1 retry, DbConnectionOptions userOptions, DbConnectionInternal oldConnection, DbConnectionInternal& connection)
   在 System.Data.ProviderBase.DbConnectionInternal.TryOpenConnectionInternal(DbConnection outerConnection, DbConnectionFactory connectionFactory, TaskCompletionSource`1 retry, DbConnectionOptions userOptions)
   在 System.Data.ProviderBase.DbConnectionClosed.TryOpenConnection(DbConnection outerConnection, DbConnectionFactory connectionFactory, TaskCompletionSource`1 retry, DbConnectionOptions userOptions)
   在 System.Data.SqlClient.SqlConnection.TryOpenInner(TaskCompletionSource`1 retry)
   在 System.Data.SqlClient.SqlConnection.TryOpen(TaskCompletionSource`1 retry)
   在 System.Data.SqlClient.SqlConnection.Open()
   在 Microsoft.Practices.EnterpriseLibrary.Data.Database.GetNewOpenConnection()
   在 Microsoft.Practices.EnterpriseLibrary.Data.Database.GetWrappedConnection()
   在 Microsoft.Practices.EnterpriseLibrary.Data.Database.GetOpenConnection()
   在 Microsoft.Practices.EnterpriseLibrary.Data.Database.ExecuteScalar(DbCommand command)
   在 Linkup.Data.DatabaseWrapper.ExecuteScalar(CommandType commandType, String commandText, List`1 parameterList) 位置 d:\WorkFloder\WeixinConstruction\trunk\SourceCode\Common\Linkup.Data\DatabaseWrapper.cs:行号 171

Severity: Error

----------------------------------------
----------------------------------------
Timestamp: 2016/10/5 22:56:05

Title:Redis 连接成功

Message: 

Severity: Information

----------------------------------------
----------------------------------------
Timestamp: 2016/10/5 22:56:08

Title:Application_Start

Message: 

Severity: Information

----------------------------------------
----------------------------------------
Timestamp: 2016/10/5 22:57:15

Title:Redis 连接成功

Message: 

Severity: Information

----------------------------------------
----------------------------------------
Timestamp: 2016/10/5 22:57:16

Title:Application_Start

Message: 

Severity: Information

----------------------------------------
----------------------------------------
Timestamp: 2016/10/5 23:03:29

Title:Redis 连接成功

Message: 

Severity: Information

----------------------------------------
----------------------------------------
Timestamp: 2016/10/5 23:03:31

Title:Application_Start

Message: 

Severity: Information

----------------------------------------
----------------------------------------
Timestamp: 2016/10/5 23:51:55

Title:Redis 连接成功

Message: 

Severity: Information

----------------------------------------
----------------------------------------
Timestamp: 2016/10/5 23:51:56

Title:Application_Start

Message: 

Severity: Information

----------------------------------------
----------------------------------------
Timestamp: 2016/10/6 0:02:01

Title:Redis 连接成功

Message: 

Severity: Information

----------------------------------------
----------------------------------------
Timestamp: 2016/10/6 0:02:01

Title:Application_Start

Message: 

Severity: Information

----------------------------------------
----------------------------------------
Timestamp: 2016/10/6 0:06:04

Title:Redis 连接成功

Message: 

Severity: Information

----------------------------------------
----------------------------------------
Timestamp: 2016/10/6 0:06:05

Title:Application_Start

Message: 

Severity: Information

----------------------------------------
----------------------------------------
Timestamp: 2016/10/6 0:24:11

Title:Redis 连接成功

Message: 

Severity: Information

----------------------------------------
----------------------------------------
Timestamp: 2016/10/6 0:24:12

Title:Application_Start

Message: 

Severity: Information

----------------------------------------
----------------------------------------
Timestamp: 2016/10/6 0:26:35

Title:Redis 连接成功

Message: 

Severity: Information

----------------------------------------
----------------------------------------
Timestamp: 2016/10/6 0:27:09

Title:在与 SQL Server 建立连接时出现与网络相关的或特定于实例的错误。未找到或无法访问服务器。请验证实例名称是否正确并且 SQL Server 已配置为允许远程连接。 (provider: TCP Provider, error: 0 - 等待的操作过时。)

Message: SELECT [Id],[Name],[PreviewImageUrl],[BackgroundImageUrl],[Template],[PreviewHtml],[PayRequired],[Description],[CreateTime],[UpdateTime] FROM [PortalPresetTemplate]
[]
   在 System.Data.SqlClient.SqlInternalConnectionTds..ctor(DbConnectionPoolIdentity identity, SqlConnectionString connectionOptions, SqlCredential credential, Object providerInfo, String newPassword, SecureString newSecurePassword, Boolean redirectedUserInstance, SqlConnectionString userConnectionOptions, SessionData reconnectSessionData, DbConnectionPool pool, String accessToken, Boolean applyTransientFaultHandling)
   在 System.Data.SqlClient.SqlConnectionFactory.CreateConnection(DbConnectionOptions options, DbConnectionPoolKey poolKey, Object poolGroupProviderInfo, DbConnectionPool pool, DbConnection owningConnection, DbConnectionOptions userOptions)
   在 System.Data.ProviderBase.DbConnectionFactory.CreatePooledConnection(DbConnectionPool pool, DbConnection owningObject, DbConnectionOptions options, DbConnectionPoolKey poolKey, DbConnectionOptions userOptions)
   在 System.Data.ProviderBase.DbConnectionPool.CreateObject(DbConnection owningObject, DbConnectionOptions userOptions, DbConnectionInternal oldConnection)
   在 System.Data.ProviderBase.DbConnectionPool.UserCreateRequest(DbConnection owningObject, DbConnectionOptions userOptions, DbConnectionInternal oldConnection)
   在 System.Data.ProviderBase.DbConnectionPool.TryGetConnection(DbConnection owningObject, UInt32 waitForMultipleObjectsTimeout, Boolean allowCreate, Boolean onlyOneCheckConnection, DbConnectionOptions userOptions, DbConnectionInternal& connection)
   在 System.Data.ProviderBase.DbConnectionPool.TryGetConnection(DbConnection owningObject, TaskCompletionSource`1 retry, DbConnectionOptions userOptions, DbConnectionInternal& connection)
   在 System.Data.ProviderBase.DbConnectionFactory.TryGetConnection(DbConnection owningConnection, TaskCompletionSource`1 retry, DbConnectionOptions userOptions, DbConnectionInternal oldConnection, DbConnectionInternal& connection)
   在 System.Data.ProviderBase.DbConnectionInternal.TryOpenConnectionInternal(DbConnection outerConnection, DbConnectionFactory connectionFactory, TaskCompletionSource`1 retry, DbConnectionOptions userOptions)
   在 System.Data.ProviderBase.DbConnectionClosed.TryOpenConnection(DbConnection outerConnection, DbConnectionFactory connectionFactory, TaskCompletionSource`1 retry, DbConnectionOptions userOptions)
   在 System.Data.SqlClient.SqlConnection.TryOpenInner(TaskCompletionSource`1 retry)
   在 System.Data.SqlClient.SqlConnection.TryOpen(TaskCompletionSource`1 retry)
   在 System.Data.SqlClient.SqlConnection.Open()
   在 Microsoft.Practices.EnterpriseLibrary.Data.Database.GetNewOpenConnection()
   在 Microsoft.Practices.EnterpriseLibrary.Data.Database.GetWrappedConnection()
   在 Microsoft.Practices.EnterpriseLibrary.Data.Database.GetOpenConnection()
   在 Microsoft.Practices.EnterpriseLibrary.Data.Database.LoadDataSet(DbCommand command, DataSet dataSet, String[] tableNames)
   在 Microsoft.Practices.EnterpriseLibrary.Data.Database.LoadDataSet(DbCommand command, DataSet dataSet, String tableName)
   在 Microsoft.Practices.EnterpriseLibrary.Data.Database.ExecuteDataSet(DbCommand command)
   在 Linkup.Data.DatabaseWrapper.ExecuteDataSet(CommandType commandType, String commandText, List`1 parameterList, String[] tableNameArray) 位置 d:\WorkFloder\WeixinConstruction\trunk\SourceCode\Common\Linkup.Data\DatabaseWrapper.cs:行号 268

Severity: Error

----------------------------------------
----------------------------------------
Timestamp: 2016/10/6 0:27:17

Title:Redis 连接成功

Message: 

Severity: Information

----------------------------------------
----------------------------------------
Timestamp: 2016/10/6 0:27:49

Title:在与 SQL Server 建立连接时出现与网络相关的或特定于实例的错误。未找到或无法访问服务器。请验证实例名称是否正确并且 SQL Server 已配置为允许远程连接。 (provider: TCP Provider, error: 0 - 等待的操作过时。)

Message: SELECT [Id],[Name],[PreviewImageUrl],[BackgroundImageUrl],[Template],[PreviewHtml],[PayRequired],[Description],[CreateTime],[UpdateTime] FROM [PortalPresetTemplate]
[]
   在 System.Data.SqlClient.SqlInternalConnectionTds..ctor(DbConnectionPoolIdentity identity, SqlConnectionString connectionOptions, SqlCredential credential, Object providerInfo, String newPassword, SecureString newSecurePassword, Boolean redirectedUserInstance, SqlConnectionString userConnectionOptions, SessionData reconnectSessionData, DbConnectionPool pool, String accessToken, Boolean applyTransientFaultHandling)
   在 System.Data.SqlClient.SqlConnectionFactory.CreateConnection(DbConnectionOptions options, DbConnectionPoolKey poolKey, Object poolGroupProviderInfo, DbConnectionPool pool, DbConnection owningConnection, DbConnectionOptions userOptions)
   在 System.Data.ProviderBase.DbConnectionFactory.CreatePooledConnection(DbConnectionPool pool, DbConnection owningObject, DbConnectionOptions options, DbConnectionPoolKey poolKey, DbConnectionOptions userOptions)
   在 System.Data.ProviderBase.DbConnectionPool.CreateObject(DbConnection owningObject, DbConnectionOptions userOptions, DbConnectionInternal oldConnection)
   在 System.Data.ProviderBase.DbConnectionPool.UserCreateRequest(DbConnection owningObject, DbConnectionOptions userOptions, DbConnectionInternal oldConnection)
   在 System.Data.ProviderBase.DbConnectionPool.TryGetConnection(DbConnection owningObject, UInt32 waitForMultipleObjectsTimeout, Boolean allowCreate, Boolean onlyOneCheckConnection, DbConnectionOptions userOptions, DbConnectionInternal& connection)
   在 System.Data.ProviderBase.DbConnectionPool.TryGetConnection(DbConnection owningObject, TaskCompletionSource`1 retry, DbConnectionOptions userOptions, DbConnectionInternal& connection)
   在 System.Data.ProviderBase.DbConnectionFactory.TryGetConnection(DbConnection owningConnection, TaskCompletionSource`1 retry, DbConnectionOptions userOptions, DbConnectionInternal oldConnection, DbConnectionInternal& connection)
   在 System.Data.ProviderBase.DbConnectionInternal.TryOpenConnectionInternal(DbConnection outerConnection, DbConnectionFactory connectionFactory, TaskCompletionSource`1 retry, DbConnectionOptions userOptions)
   在 System.Data.ProviderBase.DbConnectionClosed.TryOpenConnection(DbConnection outerConnection, DbConnectionFactory connectionFactory, TaskCompletionSource`1 retry, DbConnectionOptions userOptions)
   在 System.Data.SqlClient.SqlConnection.TryOpenInner(TaskCompletionSource`1 retry)
   在 System.Data.SqlClient.SqlConnection.TryOpen(TaskCompletionSource`1 retry)
   在 System.Data.SqlClient.SqlConnection.Open()
   在 Microsoft.Practices.EnterpriseLibrary.Data.Database.GetNewOpenConnection()
   在 Microsoft.Practices.EnterpriseLibrary.Data.Database.GetWrappedConnection()
   在 Microsoft.Practices.EnterpriseLibrary.Data.Database.GetOpenConnection()
   在 Microsoft.Practices.EnterpriseLibrary.Data.Database.LoadDataSet(DbCommand command, DataSet dataSet, String[] tableNames)
   在 Microsoft.Practices.EnterpriseLibrary.Data.Database.LoadDataSet(DbCommand command, DataSet dataSet, String tableName)
   在 Microsoft.Practices.EnterpriseLibrary.Data.Database.ExecuteDataSet(DbCommand command)
   在 Linkup.Data.DatabaseWrapper.ExecuteDataSet(CommandType commandType, String commandText, List`1 parameterList, String[] tableNameArray) 位置 d:\WorkFloder\WeixinConstruction\trunk\SourceCode\Common\Linkup.Data\DatabaseWrapper.cs:行号 268

Severity: Error

----------------------------------------
----------------------------------------
Timestamp: 2016/10/6 0:35:56

Title:Redis 连接成功

Message: 

Severity: Information

----------------------------------------
----------------------------------------
Timestamp: 2016/10/6 0:36:07

Title:Application_Start

Message: 

Severity: Information

----------------------------------------
----------------------------------------
Timestamp: 2016/10/6 20:24:24

Title:Redis 连接成功

Message: 

Severity: Information

----------------------------------------
----------------------------------------
Timestamp: 2016/10/6 20:24:26

Title:Application_Start

Message: 

Severity: Information

----------------------------------------
----------------------------------------
Timestamp: 2016/10/6 20:27:20

Title:Redis 连接成功

Message: 

Severity: Information

----------------------------------------
----------------------------------------
Timestamp: 2016/10/6 20:27:21

Title:Application_Start

Message: 

Severity: Information

----------------------------------------
----------------------------------------
Timestamp: 2016/10/6 21:31:41

Title:Redis 连接成功

Message: 

Severity: Information

----------------------------------------
----------------------------------------
Timestamp: 2016/10/6 21:31:42

Title:Application_Start

Message: 

Severity: Information

----------------------------------------
----------------------------------------
Timestamp: 2016/10/6 21:36:22

Title:Redis 连接成功

Message: 

Severity: Information

----------------------------------------
----------------------------------------
Timestamp: 2016/10/6 21:36:23

Title:Application_Start

Message: 

Severity: Information

----------------------------------------
----------------------------------------
Timestamp: 2016/10/6 21:56:15

Title:Redis 连接成功

Message: 

Severity: Information

----------------------------------------
----------------------------------------
Timestamp: 2016/10/6 21:56:17

Title:Application_Start

Message: 

Severity: Information

----------------------------------------
----------------------------------------
Timestamp: 2016/10/6 22:02:08

Title:Redis 连接成功

Message: 

Severity: Information

----------------------------------------
----------------------------------------
Timestamp: 2016/10/6 22:02:09

Title:Application_Start

Message: 

Severity: Information

----------------------------------------
----------------------------------------
Timestamp: 2016/10/6 23:13:15

Title:Redis 连接成功

Message: 

Severity: Information

----------------------------------------
----------------------------------------
Timestamp: 2016/10/6 23:13:16

Title:Application_Start

Message: 

Severity: Information

----------------------------------------
----------------------------------------
Timestamp: 2016/10/6 23:13:18

Title:Redis 连接成功

Message: 

Severity: Information

----------------------------------------
----------------------------------------
Timestamp: 2016/10/6 23:13:20

Title:Application_Start

Message: 

Severity: Information

----------------------------------------
----------------------------------------
Timestamp: 2016/10/7 16:16:47

Title:Redis 连接成功

Message: 

Severity: Information

----------------------------------------
----------------------------------------
Timestamp: 2016/10/7 16:16:49

Title:Application_Start

Message: 

Severity: Information

----------------------------------------
----------------------------------------
Timestamp: 2016/10/9 23:48:43

Title:Redis 连接成功

Message: 

Severity: Information

----------------------------------------
----------------------------------------
Timestamp: 2016/10/9 23:48:47

Title:Application_Start

Message: 

Severity: Information

----------------------------------------
----------------------------------------
Timestamp: 2016/10/9 23:58:00

Title:Redis 连接成功

Message: 

Severity: Information

----------------------------------------
----------------------------------------
Timestamp: 2016/10/9 23:58:01

Title:Application_Start

Message: 

Severity: Information

----------------------------------------
----------------------------------------
Timestamp: 2016/10/10 0:46:17

Title:Redis 连接成功

Message: 

Severity: Information

----------------------------------------
----------------------------------------
Timestamp: 2016/10/10 0:46:18

Title:Application_Start

Message: 

Severity: Information

----------------------------------------
----------------------------------------
Timestamp: 2016/10/12 20:27:51

Title:Redis 连接失败

Message: It was not possible to connect to the redis server(s); to create a disconnected multiplexer, disable AbortOnConnectFail. SocketFailure on PING

Severity: Error

----------------------------------------
----------------------------------------
Timestamp: 2016/10/19 0:26:52

Title:Redis 连接成功

Message: 

Severity: Information

----------------------------------------
----------------------------------------
Timestamp: 2016/10/19 0:26:53

Title:Application_Start

Message: 

Severity: Information

----------------------------------------
