----------------------------------------
Timestamp: 2016/9/16 1:18:12

Title:

Message: Redis 连接成功

Severity: Information

----------------------------------------
----------------------------------------
Timestamp: 2016/9/16 1:18:14

Title:

Message: Application_Start

Severity: Information

----------------------------------------
----------------------------------------
Timestamp: 2016/9/16 1:40:59

Title:

Message: Redis 连接成功

Severity: Information

----------------------------------------
----------------------------------------
Timestamp: 2016/9/16 1:40:59

Title:

Message: Application_Start

Severity: Information

----------------------------------------
----------------------------------------
Timestamp: 2016/9/16 1:43:15

Title:Redis 连接成功

Message: 

Severity: Information

----------------------------------------
----------------------------------------
Timestamp: 2016/9/16 1:43:16

Title:Application_Start

Message: 

Severity: Information

----------------------------------------
----------------------------------------
Timestamp: 2016/9/17 16:02:29

Title:Redis 连接成功

Message: 

Severity: Information

----------------------------------------
----------------------------------------
Timestamp: 2016/9/17 16:02:29

Title:Application_Start

Message: 

Severity: Information

----------------------------------------
----------------------------------------
Timestamp: 2016/9/17 17:20:04

Title:Redis 连接成功

Message: 

Severity: Information

----------------------------------------
----------------------------------------
Timestamp: 2016/9/17 17:20:05

Title:Application_Start

Message: 

Severity: Information

----------------------------------------
----------------------------------------
Timestamp: 2016/9/17 22:34:08

Title:Redis 连接成功

Message: 

Severity: Information

----------------------------------------
----------------------------------------
Timestamp: 2016/9/17 22:34:09

Title:Application_Start

Message: 

Severity: Information

----------------------------------------
----------------------------------------
Timestamp: 2016/9/17 22:58:36

Title:Redis 连接成功

Message: 

Severity: Information

----------------------------------------
----------------------------------------
Timestamp: 2016/9/17 22:58:37

Title:Application_Start

Message: 

Severity: Information

----------------------------------------
----------------------------------------
Timestamp: 2016/9/18 0:00:54

Title:Redis 连接成功

Message: 

Severity: Information

----------------------------------------
----------------------------------------
Timestamp: 2016/9/18 0:00:54

Title:Application_Start

Message: 

Severity: Information

----------------------------------------
----------------------------------------
Timestamp: 2016/9/18 0:16:29

Title:Redis 连接成功

Message: 

Severity: Information

----------------------------------------
----------------------------------------
Timestamp: 2016/9/18 0:16:51

Title:无法打开登录所请求的数据库 "WxConstruction"。登录失败。
用户 'sa' 登录失败。

Message: SELECT [Id],[Name],[PreviewImageUrl],[BackgroundImageUrl],[Template],[PreviewHtml],[PayRequired],[Description],[CreateTime],[UpdateTime] FROM [PortalPresetTemplate]
[]
   在 System.Data.SqlClient.SqlInternalConnectionTds..ctor(DbConnectionPoolIdentity identity, SqlConnectionString connectionOptions, SqlCredential credential, Object providerInfo, String newPassword, SecureString newSecurePassword, Boolean redirectedUserInstance, SqlConnectionString userConnectionOptions, SessionData reconnectSessionData, DbConnectionPool pool, String accessToken, Boolean applyTransientFaultHandling)
   在 System.Data.SqlClient.SqlConnectionFactory.CreateConnection(DbConnectionOptions options, DbConnectionPoolKey poolKey, Object poolGroupProviderInfo, DbConnectionPool pool, DbConnection owningConnection, DbConnectionOptions userOptions)
   在 System.Data.ProviderBase.DbConnectionFactory.CreatePooledConnection(DbConnectionPool pool, DbConnection owningObject, DbConnectionOptions options, DbConnectionPoolKey poolKey, DbConnectionOptions userOptions)
   在 System.Data.ProviderBase.DbConnectionPool.CreateObject(DbConnection owningObject, DbConnectionOptions userOptions, DbConnectionInternal oldConnection)
   在 System.Data.ProviderBase.DbConnectionPool.UserCreateRequest(DbConnection owningObject, DbConnectionOptions userOptions, DbConnectionInternal oldConnection)
   在 System.Data.ProviderBase.DbConnectionPool.TryGetConnection(DbConnection owningObject, UInt32 waitForMultipleObjectsTimeout, Boolean allowCreate, Boolean onlyOneCheckConnection, DbConnectionOptions userOptions, DbConnectionInternal& connection)
   在 System.Data.ProviderBase.DbConnectionPool.TryGetConnection(DbConnection owningObject, TaskCompletionSource`1 retry, DbConnectionOptions userOptions, DbConnectionInternal& connection)
   在 System.Data.ProviderBase.DbConnectionFactory.TryGetConnection(DbConnection owningConnection, TaskCompletionSource`1 retry, DbConnectionOptions userOptions, DbConnectionInternal oldConnection, DbConnectionInternal& connection)
   在 System.Data.ProviderBase.DbConnectionInternal.TryOpenConnectionInternal(DbConnection outerConnection, DbConnectionFactory connectionFactory, TaskCompletionSource`1 retry, DbConnectionOptions userOptions)
   在 System.Data.ProviderBase.DbConnectionClosed.TryOpenConnection(DbConnection outerConnection, DbConnectionFactory connectionFactory, TaskCompletionSource`1 retry, DbConnectionOptions userOptions)
   在 System.Data.SqlClient.SqlConnection.TryOpenInner(TaskCompletionSource`1 retry)
   在 System.Data.SqlClient.SqlConnection.TryOpen(TaskCompletionSource`1 retry)
   在 System.Data.SqlClient.SqlConnection.Open()
   在 Microsoft.Practices.EnterpriseLibrary.Data.Database.GetNewOpenConnection()
   在 Microsoft.Practices.EnterpriseLibrary.Data.Database.GetWrappedConnection()
   在 Microsoft.Practices.EnterpriseLibrary.Data.Database.GetOpenConnection()
   在 Microsoft.Practices.EnterpriseLibrary.Data.Database.LoadDataSet(DbCommand command, DataSet dataSet, String[] tableNames)
   在 Microsoft.Practices.EnterpriseLibrary.Data.Database.LoadDataSet(DbCommand command, DataSet dataSet, String tableName)
   在 Microsoft.Practices.EnterpriseLibrary.Data.Database.ExecuteDataSet(DbCommand command)
   在 Linkup.Data.DatabaseWrapper.ExecuteDataSet(CommandType commandType, String commandText, List`1 parameterList, String[] tableNameArray) 位置 d:\WorkFloder\WeixinConstruction\trunk\SourceCode\Common\Linkup.Data\DatabaseWrapper.cs:行号 264

Severity: Error

----------------------------------------
----------------------------------------
Timestamp: 2016/9/18 0:21:07

Title:Redis 连接成功

Message: 

Severity: Information

----------------------------------------
----------------------------------------
Timestamp: 2016/9/18 0:21:09

Title:Application_Start

Message: 

Severity: Information

----------------------------------------
----------------------------------------
Timestamp: 2016/9/18 0:27:42

Title:Redis 连接成功

Message: 

Severity: Information

----------------------------------------
----------------------------------------
Timestamp: 2016/9/18 0:27:43

Title:Application_Start

Message: 

Severity: Information

----------------------------------------
----------------------------------------
Timestamp: 2016/9/21 23:39:18

Title:Redis 连接成功

Message: 

Severity: Information

----------------------------------------
----------------------------------------
Timestamp: 2016/9/21 23:39:20

Title:Application_Start

Message: 

Severity: Information

----------------------------------------
