----------------------------------------
Timestamp: 2016/8/11 0:01:56

Title:Redis 连接失败

Message: 值不能为 null。
参数名: configuration

Severity: Error

----------------------------------------
----------------------------------------
Timestamp: 2016/8/11 0:03:13

Title:Redis 连接失败

Message: 值不能为 null。
参数名: configuration

Severity: Error

----------------------------------------
----------------------------------------
Timestamp: 2016/8/11 0:30:14

Title:Redis 连接失败

Message: 值不能为 null。
参数名: configuration

Severity: Error

----------------------------------------
----------------------------------------
Timestamp: 2016/8/11 0:32:26

Title:Redis 连接失败

Message: 值不能为 null。
参数名: configuration

Severity: Error

----------------------------------------
----------------------------------------
Timestamp: 2016/8/11 0:34:00

Title:Redis 连接失败

Message: 值不能为 null。
参数名: configuration

Severity: Error

----------------------------------------
----------------------------------------
Timestamp: 2016/8/11 22:32:18

Title:Redis 连接失败

Message: 值不能为 null。
参数名: configuration

Severity: Error

----------------------------------------
----------------------------------------
Timestamp: 2016/8/11 22:35:47

Title:Redis 连接失败

Message: 值不能为 null。
参数名: configuration

Severity: Error

----------------------------------------
----------------------------------------
Timestamp: 2016/8/12 0:02:01

Title:Redis 连接失败

Message: 值不能为 null。
参数名: configuration

Severity: Error

----------------------------------------
----------------------------------------
Timestamp: 2016/8/12 0:04:07

Title:Redis 连接失败

Message: 值不能为 null。
参数名: configuration

Severity: Error

----------------------------------------
----------------------------------------
Timestamp: 2016/8/15 23:44:36

Title:Redis 连接失败

Message: 值不能为 null。
参数名: configuration

Severity: Error

----------------------------------------
----------------------------------------
Timestamp: 2016/8/15 23:49:22

Title:Redis 连接失败

Message: 值不能为 null。
参数名: configuration

Severity: Error

----------------------------------------
----------------------------------------
Timestamp: 2016/8/15 23:50:35

Title:Redis 连接失败

Message: 值不能为 null。
参数名: configuration

Severity: Error

----------------------------------------
----------------------------------------
Timestamp: 2016/8/17 23:12:48

Title:Redis 连接失败

Message: 值不能为 null。
参数名: configuration

Severity: Error

----------------------------------------
----------------------------------------
Timestamp: 2016/8/22 23:50:15

Title:Redis 连接失败

Message: 值不能为 null。
参数名: configuration

Severity: Error

----------------------------------------
----------------------------------------
Timestamp: 2016/8/25 0:46:48

Title:Redis 连接失败

Message: 值不能为 null。
参数名: configuration

Severity: Error

----------------------------------------
----------------------------------------
Timestamp: 2016/8/25 0:52:45

Title:Redis 连接失败

Message: 值不能为 null。
参数名: configuration

Severity: Error

----------------------------------------
----------------------------------------
Timestamp: 2016/8/27 15:14:25

Title:Redis 连接失败

Message: 值不能为 null。
参数名: configuration

Severity: Error

----------------------------------------
----------------------------------------
Timestamp: 2016/8/27 15:32:10

Title:Redis 连接失败

Message: 值不能为 null。
参数名: configuration

Severity: Error

----------------------------------------
