----------------------------------------
Timestamp: 2016/8/22 23:50:15

Title:Redis 连接失败

Message: 值不能为 null。
参数名: configuration

Severity: Error

----------------------------------------
----------------------------------------
Timestamp: 2016/8/25 0:46:48

Title:Redis 连接失败

Message: 值不能为 null。
参数名: configuration

Severity: Error

----------------------------------------
----------------------------------------
Timestamp: 2016/8/25 0:52:45

Title:Redis 连接失败

Message: 值不能为 null。
参数名: configuration

Severity: Error

----------------------------------------
----------------------------------------
Timestamp: 2016/8/27 15:14:25

Title:Redis 连接失败

Message: 值不能为 null。
参数名: configuration

Severity: Error

----------------------------------------
----------------------------------------
Timestamp: 2016/8/27 15:32:10

Title:Redis 连接失败

Message: 值不能为 null。
参数名: configuration

Severity: Error

----------------------------------------
