----------------------------------------
Timestamp: 2016/8/6 17:40:11

Title:将截断字符串或二进制数据。
语句已终止。

Message: UPDATE [InformationCategory] SET [Id]=@Id,[Domain]=@Domain,[Information]=@Information,[Name]=@Name,[Image]=@Image,[CreateTime]=@CreateTime,[CreateUser]=@CreateUser WHERE [Id]=@Id
@Id:bab92c11-ea17-4928-a8c3-befc87dba649 , @Domain:2a58d820-de07-4c8f-80b9-b5cb5a1028b4 , @Information:1da9a815-a70c-4486-b7c0-ece1ed3a8b8a , @Name:女装女装女装女装女装女装女装女装女装女装女装 , @Image:http://wxcfile1.zkebao.com/FileStore/2a58d820-de07-4c8f-80b9-b5cb5a1028b4/adc01e5e-43db-48a3-bc53-326fed207c31.jpg , @CreateTime:2016/3/21 1:30:00 , @CreateUser:2f90c9d6-30b0-4480-8dc7-4a97c95578c2 , 

Severity: Error

----------------------------------------
----------------------------------------
Timestamp: 2016/8/6 17:50:01

Title:将截断字符串或二进制数据。
语句已终止。

Message: UPDATE [InformationCategory] SET [Id]=@Id,[Domain]=@Domain,[Information]=@Information,[Name]=@Name,[Image]=@Image,[CreateTime]=@CreateTime,[CreateUser]=@CreateUser WHERE [Id]=@Id
@Id:bab92c11-ea17-4928-a8c3-befc87dba649 , @Domain:2a58d820-de07-4c8f-80b9-b5cb5a1028b4 , @Information:1da9a815-a70c-4486-b7c0-ece1ed3a8b8a , @Name:女装女装女装女装女装女装女装女装女装女装女装女装女装女装女装女装女装女装 , @Image:http://wxcfile1.zkebao.com/FileStore/2a58d820-de07-4c8f-80b9-b5cb5a1028b4/adc01e5e-43db-48a3-bc53-326fed207c31.jpg , @CreateTime:2016/3/21 1:30:00 , @CreateUser:2f90c9d6-30b0-4480-8dc7-4a97c95578c2 , 
   在 System.Data.SqlClient.SqlConnection.OnError(SqlException exception, Boolean breakConnection, Action`1 wrapCloseInAction)
   在 System.Data.SqlClient.SqlInternalConnection.OnError(SqlException exception, Boolean breakConnection, Action`1 wrapCloseInAction)
   在 System.Data.SqlClient.TdsParser.ThrowExceptionAndWarning(TdsParserStateObject stateObj, Boolean callerHasConnectionLock, Boolean asyncClose)
   在 System.Data.SqlClient.TdsParser.TryRun(RunBehavior runBehavior, SqlCommand cmdHandler, SqlDataReader dataStream, BulkCopySimpleResultSet bulkCopyHandler, TdsParserStateObject stateObj, Boolean& dataReady)
   在 System.Data.SqlClient.SqlCommand.FinishExecuteReader(SqlDataReader ds, RunBehavior runBehavior, String resetOptionsString)
   在 System.Data.SqlClient.SqlCommand.RunExecuteReaderTds(CommandBehavior cmdBehavior, RunBehavior runBehavior, Boolean returnStream, Boolean async, Int32 timeout, Task& task, Boolean asyncWrite, SqlDataReader ds, Boolean describeParameterEncryptionRequest)
   在 System.Data.SqlClient.SqlCommand.RunExecuteReader(CommandBehavior cmdBehavior, RunBehavior runBehavior, Boolean returnStream, String method, TaskCompletionSource`1 completion, Int32 timeout, Task& task, Boolean asyncWrite)
   在 System.Data.SqlClient.SqlCommand.InternalExecuteNonQuery(TaskCompletionSource`1 completion, String methodName, Boolean sendToPipe, Int32 timeout, Boolean asyncWrite)
   在 System.Data.SqlClient.SqlCommand.ExecuteNonQuery()
   在 Linkup.Data.DatabaseWrapper.ExcuteSqlExpression(SqlExpression sqlExpression) 位置 d:\WorkFloder\WeixinConstruction\trunk\SourceCode\Common\Linkup.Data\DatabaseWrapper.cs:行号 305

Severity: Error

----------------------------------------
----------------------------------------
Timestamp: 2016/8/6 23:20:56

Title:在与 SQL Server 建立连接时出现与网络相关的或特定于实例的错误。未找到或无法访问服务器。请验证实例名称是否正确并且 SQL Server 已配置为允许远程连接。 (provider: TCP Provider, error: 0 - 等待的操作过时。)

Message: SELECT t.* FROM
                (
                    SELECT * FROM [Campaign_LotteryPeriod] WHERE [Drawn] = 0 AND [EndTime] <= GETDATE()
                ) t
                INNER JOIN [Campaign]
                ON t.[CampaignId] = [Campaign].[Id]
                WHERE [Campaign].[Status] = 1 OR [Campaign].[Status] = 2
   在 System.Data.SqlClient.SqlInternalConnectionTds..ctor(DbConnectionPoolIdentity identity, SqlConnectionString connectionOptions, SqlCredential credential, Object providerInfo, String newPassword, SecureString newSecurePassword, Boolean redirectedUserInstance, SqlConnectionString userConnectionOptions, SessionData reconnectSessionData, DbConnectionPool pool, String accessToken, Boolean applyTransientFaultHandling)
   在 System.Data.SqlClient.SqlConnectionFactory.CreateConnection(DbConnectionOptions options, DbConnectionPoolKey poolKey, Object poolGroupProviderInfo, DbConnectionPool pool, DbConnection owningConnection, DbConnectionOptions userOptions)
   在 System.Data.ProviderBase.DbConnectionFactory.CreatePooledConnection(DbConnectionPool pool, DbConnection owningObject, DbConnectionOptions options, DbConnectionPoolKey poolKey, DbConnectionOptions userOptions)
   在 System.Data.ProviderBase.DbConnectionPool.CreateObject(DbConnection owningObject, DbConnectionOptions userOptions, DbConnectionInternal oldConnection)
   在 System.Data.ProviderBase.DbConnectionPool.UserCreateRequest(DbConnection owningObject, DbConnectionOptions userOptions, DbConnectionInternal oldConnection)
   在 System.Data.ProviderBase.DbConnectionPool.TryGetConnection(DbConnection owningObject, UInt32 waitForMultipleObjectsTimeout, Boolean allowCreate, Boolean onlyOneCheckConnection, DbConnectionOptions userOptions, DbConnectionInternal& connection)
   在 System.Data.ProviderBase.DbConnectionPool.TryGetConnection(DbConnection owningObject, TaskCompletionSource`1 retry, DbConnectionOptions userOptions, DbConnectionInternal& connection)
   在 System.Data.ProviderBase.DbConnectionFactory.TryGetConnection(DbConnection owningConnection, TaskCompletionSource`1 retry, DbConnectionOptions userOptions, DbConnectionInternal oldConnection, DbConnectionInternal& connection)
   在 System.Data.ProviderBase.DbConnectionInternal.TryOpenConnectionInternal(DbConnection outerConnection, DbConnectionFactory connectionFactory, TaskCompletionSource`1 retry, DbConnectionOptions userOptions)
   在 System.Data.ProviderBase.DbConnectionClosed.TryOpenConnection(DbConnection outerConnection, DbConnectionFactory connectionFactory, TaskCompletionSource`1 retry, DbConnectionOptions userOptions)
   在 System.Data.SqlClient.SqlConnection.TryOpenInner(TaskCompletionSource`1 retry)
   在 System.Data.SqlClient.SqlConnection.TryOpen(TaskCompletionSource`1 retry)
   在 System.Data.SqlClient.SqlConnection.Open()
   在 Microsoft.Practices.EnterpriseLibrary.Data.Database.GetNewOpenConnection()
   在 Microsoft.Practices.EnterpriseLibrary.Data.Database.GetWrappedConnection()
   在 Microsoft.Practices.EnterpriseLibrary.Data.Database.GetOpenConnection()
   在 Microsoft.Practices.EnterpriseLibrary.Data.Database.LoadDataSet(DbCommand command, DataSet dataSet, String[] tableNames)
   在 Microsoft.Practices.EnterpriseLibrary.Data.Database.LoadDataSet(DbCommand command, DataSet dataSet, String tableName)
   在 Microsoft.Practices.EnterpriseLibrary.Data.Database.ExecuteDataSet(DbCommand command)
   在 Linkup.Data.DatabaseWrapper.ExecuteDataSet(CommandType commandType, String commandText, List`1 parameterList, String[] tableNameArray) 位置 d:\WorkFloder\WeixinConstruction\trunk\SourceCode\Common\Linkup.Data\DatabaseWrapper.cs:行号 259

Severity: Error

----------------------------------------
----------------------------------------
Timestamp: 2016/8/6 23:21:25

Title:在与 SQL Server 建立连接时出现与网络相关的或特定于实例的错误。未找到或无法访问服务器。请验证实例名称是否正确并且 SQL Server 已配置为允许远程连接。 (provider: TCP Provider, error: 0 - 等待的操作过时。)

Message: SELECT t.* FROM
                (
                    SELECT * FROM [Campaign_LotteryPeriod] WHERE [Drawn] = 0 AND [EndTime] <= GETDATE()
                ) t
                INNER JOIN [Campaign]
                ON t.[CampaignId] = [Campaign].[Id]
                WHERE [Campaign].[Status] = 1 OR [Campaign].[Status] = 2
   在 System.Data.SqlClient.SqlInternalConnectionTds..ctor(DbConnectionPoolIdentity identity, SqlConnectionString connectionOptions, SqlCredential credential, Object providerInfo, String newPassword, SecureString newSecurePassword, Boolean redirectedUserInstance, SqlConnectionString userConnectionOptions, SessionData reconnectSessionData, DbConnectionPool pool, String accessToken, Boolean applyTransientFaultHandling)
   在 System.Data.SqlClient.SqlConnectionFactory.CreateConnection(DbConnectionOptions options, DbConnectionPoolKey poolKey, Object poolGroupProviderInfo, DbConnectionPool pool, DbConnection owningConnection, DbConnectionOptions userOptions)
   在 System.Data.ProviderBase.DbConnectionFactory.CreatePooledConnection(DbConnectionPool pool, DbConnection owningObject, DbConnectionOptions options, DbConnectionPoolKey poolKey, DbConnectionOptions userOptions)
   在 System.Data.ProviderBase.DbConnectionPool.CreateObject(DbConnection owningObject, DbConnectionOptions userOptions, DbConnectionInternal oldConnection)
   在 System.Data.ProviderBase.DbConnectionPool.UserCreateRequest(DbConnection owningObject, DbConnectionOptions userOptions, DbConnectionInternal oldConnection)
   在 System.Data.ProviderBase.DbConnectionPool.TryGetConnection(DbConnection owningObject, UInt32 waitForMultipleObjectsTimeout, Boolean allowCreate, Boolean onlyOneCheckConnection, DbConnectionOptions userOptions, DbConnectionInternal& connection)
   在 System.Data.ProviderBase.DbConnectionPool.TryGetConnection(DbConnection owningObject, TaskCompletionSource`1 retry, DbConnectionOptions userOptions, DbConnectionInternal& connection)
   在 System.Data.ProviderBase.DbConnectionFactory.TryGetConnection(DbConnection owningConnection, TaskCompletionSource`1 retry, DbConnectionOptions userOptions, DbConnectionInternal oldConnection, DbConnectionInternal& connection)
   在 System.Data.ProviderBase.DbConnectionInternal.TryOpenConnectionInternal(DbConnection outerConnection, DbConnectionFactory connectionFactory, TaskCompletionSource`1 retry, DbConnectionOptions userOptions)
   在 System.Data.ProviderBase.DbConnectionClosed.TryOpenConnection(DbConnection outerConnection, DbConnectionFactory connectionFactory, TaskCompletionSource`1 retry, DbConnectionOptions userOptions)
   在 System.Data.SqlClient.SqlConnection.TryOpenInner(TaskCompletionSource`1 retry)
   在 System.Data.SqlClient.SqlConnection.TryOpen(TaskCompletionSource`1 retry)
   在 System.Data.SqlClient.SqlConnection.Open()
   在 Microsoft.Practices.EnterpriseLibrary.Data.Database.GetNewOpenConnection()
   在 Microsoft.Practices.EnterpriseLibrary.Data.Database.GetWrappedConnection()
   在 Microsoft.Practices.EnterpriseLibrary.Data.Database.GetOpenConnection()
   在 Microsoft.Practices.EnterpriseLibrary.Data.Database.LoadDataSet(DbCommand command, DataSet dataSet, String[] tableNames)
   在 Microsoft.Practices.EnterpriseLibrary.Data.Database.LoadDataSet(DbCommand command, DataSet dataSet, String tableName)
   在 Microsoft.Practices.EnterpriseLibrary.Data.Database.ExecuteDataSet(DbCommand command)
   在 Linkup.Data.DatabaseWrapper.ExecuteDataSet(CommandType commandType, String commandText, List`1 parameterList, String[] tableNameArray) 位置 d:\WorkFloder\WeixinConstruction\trunk\SourceCode\Common\Linkup.Data\DatabaseWrapper.cs:行号 259

Severity: Error

----------------------------------------
----------------------------------------
Timestamp: 2016/8/6 23:42:23

Title:连接超时时间已到。在尝试使用预登录握手确认时超过了此超时时间。这可能是因为预登录握手失败或服务器未能及时响应。  尝试连接到此服务器时花费的持续时间是 - [Pre-Login] initialization=5913；handshake=19819；

Message: SELECT t.* FROM
                (
                    SELECT * FROM [Campaign_LotteryPeriod] WHERE [Drawn] = 0 AND [EndTime] <= GETDATE()
                ) t
                INNER JOIN [Campaign]
                ON t.[CampaignId] = [Campaign].[Id]
                WHERE [Campaign].[Status] = 1 OR [Campaign].[Status] = 2
   在 System.Data.SqlClient.SqlInternalConnectionTds..ctor(DbConnectionPoolIdentity identity, SqlConnectionString connectionOptions, SqlCredential credential, Object providerInfo, String newPassword, SecureString newSecurePassword, Boolean redirectedUserInstance, SqlConnectionString userConnectionOptions, SessionData reconnectSessionData, DbConnectionPool pool, String accessToken, Boolean applyTransientFaultHandling)
   在 System.Data.SqlClient.SqlConnectionFactory.CreateConnection(DbConnectionOptions options, DbConnectionPoolKey poolKey, Object poolGroupProviderInfo, DbConnectionPool pool, DbConnection owningConnection, DbConnectionOptions userOptions)
   在 System.Data.ProviderBase.DbConnectionFactory.CreatePooledConnection(DbConnectionPool pool, DbConnection owningObject, DbConnectionOptions options, DbConnectionPoolKey poolKey, DbConnectionOptions userOptions)
   在 System.Data.ProviderBase.DbConnectionPool.CreateObject(DbConnection owningObject, DbConnectionOptions userOptions, DbConnectionInternal oldConnection)
   在 System.Data.ProviderBase.DbConnectionPool.UserCreateRequest(DbConnection owningObject, DbConnectionOptions userOptions, DbConnectionInternal oldConnection)
   在 System.Data.ProviderBase.DbConnectionPool.TryGetConnection(DbConnection owningObject, UInt32 waitForMultipleObjectsTimeout, Boolean allowCreate, Boolean onlyOneCheckConnection, DbConnectionOptions userOptions, DbConnectionInternal& connection)
   在 System.Data.ProviderBase.DbConnectionPool.TryGetConnection(DbConnection owningObject, TaskCompletionSource`1 retry, DbConnectionOptions userOptions, DbConnectionInternal& connection)
   在 System.Data.ProviderBase.DbConnectionFactory.TryGetConnection(DbConnection owningConnection, TaskCompletionSource`1 retry, DbConnectionOptions userOptions, DbConnectionInternal oldConnection, DbConnectionInternal& connection)
   在 System.Data.ProviderBase.DbConnectionInternal.TryOpenConnectionInternal(DbConnection outerConnection, DbConnectionFactory connectionFactory, TaskCompletionSource`1 retry, DbConnectionOptions userOptions)
   在 System.Data.ProviderBase.DbConnectionClosed.TryOpenConnection(DbConnection outerConnection, DbConnectionFactory connectionFactory, TaskCompletionSource`1 retry, DbConnectionOptions userOptions)
   在 System.Data.SqlClient.SqlConnection.TryOpenInner(TaskCompletionSource`1 retry)
   在 System.Data.SqlClient.SqlConnection.TryOpen(TaskCompletionSource`1 retry)
   在 System.Data.SqlClient.SqlConnection.Open()
   在 Microsoft.Practices.EnterpriseLibrary.Data.Database.GetNewOpenConnection()
   在 Microsoft.Practices.EnterpriseLibrary.Data.Database.GetWrappedConnection()
   在 Microsoft.Practices.EnterpriseLibrary.Data.Database.GetOpenConnection()
   在 Microsoft.Practices.EnterpriseLibrary.Data.Database.LoadDataSet(DbCommand command, DataSet dataSet, String[] tableNames)
   在 Microsoft.Practices.EnterpriseLibrary.Data.Database.LoadDataSet(DbCommand command, DataSet dataSet, String tableName)
   在 Microsoft.Practices.EnterpriseLibrary.Data.Database.ExecuteDataSet(DbCommand command)
   在 Linkup.Data.DatabaseWrapper.ExecuteDataSet(CommandType commandType, String commandText, List`1 parameterList, String[] tableNameArray) 位置 d:\WorkFloder\WeixinConstruction\trunk\SourceCode\Common\Linkup.Data\DatabaseWrapper.cs:行号 259

Severity: Error

----------------------------------------
----------------------------------------
Timestamp: 2016/8/18 1:18:35

Title:列名 'MobilePhone' 无效。

Message: INSERT INTO [User] ([Id],[Domain],[Account],[Password],[Name],[Email],[MobilePhone],[RegisterTime],[DomainOwner],[Removed]) VALUES(@Id,@Domain,@Account,@Password,@Name,@Email,@MobilePhone,@RegisterTime,@DomainOwner,@Removed)
@Id:1bf8db84-28bb-4642-b895-a61290d9e520 , @Domain:fb81e541-2df3-45ca-9029-3251ad35bd8a , @Account:user28 , @Password:202CB962AC59075B964B07152D234B70 , @Name:user28 , @Email: , @MobilePhone:18120125118 , @RegisterTime:2016/8/18 1:18:31 , @DomainOwner:True , @Removed:False , 
   在 System.Data.SqlClient.SqlConnection.OnError(SqlException exception, Boolean breakConnection, Action`1 wrapCloseInAction)
   在 System.Data.SqlClient.SqlInternalConnection.OnError(SqlException exception, Boolean breakConnection, Action`1 wrapCloseInAction)
   在 System.Data.SqlClient.TdsParser.ThrowExceptionAndWarning(TdsParserStateObject stateObj, Boolean callerHasConnectionLock, Boolean asyncClose)
   在 System.Data.SqlClient.TdsParser.TryRun(RunBehavior runBehavior, SqlCommand cmdHandler, SqlDataReader dataStream, BulkCopySimpleResultSet bulkCopyHandler, TdsParserStateObject stateObj, Boolean& dataReady)
   在 System.Data.SqlClient.SqlCommand.FinishExecuteReader(SqlDataReader ds, RunBehavior runBehavior, String resetOptionsString)
   在 System.Data.SqlClient.SqlCommand.RunExecuteReaderTds(CommandBehavior cmdBehavior, RunBehavior runBehavior, Boolean returnStream, Boolean async, Int32 timeout, Task& task, Boolean asyncWrite, SqlDataReader ds, Boolean describeParameterEncryptionRequest)
   在 System.Data.SqlClient.SqlCommand.RunExecuteReader(CommandBehavior cmdBehavior, RunBehavior runBehavior, Boolean returnStream, String method, TaskCompletionSource`1 completion, Int32 timeout, Task& task, Boolean asyncWrite)
   在 System.Data.SqlClient.SqlCommand.InternalExecuteNonQuery(TaskCompletionSource`1 completion, String methodName, Boolean sendToPipe, Int32 timeout, Boolean asyncWrite)
   在 System.Data.SqlClient.SqlCommand.ExecuteNonQuery()
   在 Linkup.Data.DatabaseWrapper.ExcuteSqlExpression(SqlExpression sqlExpression) 位置 d:\WorkFloder\WeixinConstruction\trunk\SourceCode\Common\Linkup.Data\DatabaseWrapper.cs:行号 305

Severity: Error

----------------------------------------
----------------------------------------
Timestamp: 2016/9/9 23:21:44

Title:ControlledCachingService.Set 请求失败

Message: 远程服务器返回错误: (500) 内部服务器错误。

Severity: Error

----------------------------------------
----------------------------------------
Timestamp: 2016/9/9 23:22:06

Title:ControlledCachingService.Set 请求失败

Message: 远程服务器返回错误: (500) 内部服务器错误。

Severity: Error

----------------------------------------
----------------------------------------
Timestamp: 2016/9/9 23:22:10

Title:ControlledCachingService.Set 请求失败

Message: 远程服务器返回错误: (500) 内部服务器错误。

Severity: Error

----------------------------------------
----------------------------------------
Timestamp: 2016/9/9 23:22:14

Title:ControlledCachingService.Set 请求失败

Message: 远程服务器返回错误: (500) 内部服务器错误。

Severity: Error

----------------------------------------
----------------------------------------
Timestamp: 2016/9/9 23:22:14

Title:ControlledCachingService.Set 请求失败

Message: 远程服务器返回错误: (500) 内部服务器错误。

Severity: Error

----------------------------------------
----------------------------------------
Timestamp: 2016/9/9 23:22:15

Title:ControlledCachingService.Set 请求失败

Message: 远程服务器返回错误: (500) 内部服务器错误。

Severity: Error

----------------------------------------
----------------------------------------
Timestamp: 2016/9/9 23:22:15

Title:ControlledCachingService.Set 请求失败

Message: 远程服务器返回错误: (500) 内部服务器错误。

Severity: Error

----------------------------------------
----------------------------------------
Timestamp: 2016/9/9 23:22:17

Title:ControlledCachingService.Set 请求失败

Message: 远程服务器返回错误: (500) 内部服务器错误。

Severity: Error

----------------------------------------
----------------------------------------
Timestamp: 2016/9/9 23:22:17

Title:ControlledCachingService.Set 请求失败

Message: 远程服务器返回错误: (500) 内部服务器错误。

Severity: Error

----------------------------------------
----------------------------------------
Timestamp: 2016/9/9 23:22:18

Title:ControlledCachingService.Set 请求失败

Message: 远程服务器返回错误: (500) 内部服务器错误。

Severity: Error

----------------------------------------
----------------------------------------
Timestamp: 2016/9/9 23:22:18

Title:ControlledCachingService.Set 请求失败

Message: 远程服务器返回错误: (500) 内部服务器错误。

Severity: Error

----------------------------------------
----------------------------------------
Timestamp: 2016/9/9 23:22:19

Title:ControlledCachingService.Set 请求失败

Message: 远程服务器返回错误: (500) 内部服务器错误。

Severity: Error

----------------------------------------
----------------------------------------
Timestamp: 2016/9/9 23:22:21

Title:ControlledCachingService.Set 请求失败

Message: 远程服务器返回错误: (500) 内部服务器错误。

Severity: Error

----------------------------------------
----------------------------------------
Timestamp: 2016/9/9 23:22:22

Title:ControlledCachingService.Set 请求失败

Message: 远程服务器返回错误: (500) 内部服务器错误。

Severity: Error

----------------------------------------
----------------------------------------
Timestamp: 2016/9/9 23:22:31

Title:ControlledCachingService.Set 请求失败

Message: 远程服务器返回错误: (500) 内部服务器错误。

Severity: Error

----------------------------------------
----------------------------------------
Timestamp: 2016/9/9 23:22:32

Title:ControlledCachingService.Set 请求失败

Message: 远程服务器返回错误: (500) 内部服务器错误。

Severity: Error

----------------------------------------
----------------------------------------
Timestamp: 2016/9/18 0:16:51

Title:无法打开登录所请求的数据库 "WxConstruction"。登录失败。
用户 'sa' 登录失败。

Message: SELECT [Id],[Name],[PreviewImageUrl],[BackgroundImageUrl],[Template],[PreviewHtml],[PayRequired],[Description],[CreateTime],[UpdateTime] FROM [PortalPresetTemplate]
[]
   在 System.Data.SqlClient.SqlInternalConnectionTds..ctor(DbConnectionPoolIdentity identity, SqlConnectionString connectionOptions, SqlCredential credential, Object providerInfo, String newPassword, SecureString newSecurePassword, Boolean redirectedUserInstance, SqlConnectionString userConnectionOptions, SessionData reconnectSessionData, DbConnectionPool pool, String accessToken, Boolean applyTransientFaultHandling)
   在 System.Data.SqlClient.SqlConnectionFactory.CreateConnection(DbConnectionOptions options, DbConnectionPoolKey poolKey, Object poolGroupProviderInfo, DbConnectionPool pool, DbConnection owningConnection, DbConnectionOptions userOptions)
   在 System.Data.ProviderBase.DbConnectionFactory.CreatePooledConnection(DbConnectionPool pool, DbConnection owningObject, DbConnectionOptions options, DbConnectionPoolKey poolKey, DbConnectionOptions userOptions)
   在 System.Data.ProviderBase.DbConnectionPool.CreateObject(DbConnection owningObject, DbConnectionOptions userOptions, DbConnectionInternal oldConnection)
   在 System.Data.ProviderBase.DbConnectionPool.UserCreateRequest(DbConnection owningObject, DbConnectionOptions userOptions, DbConnectionInternal oldConnection)
   在 System.Data.ProviderBase.DbConnectionPool.TryGetConnection(DbConnection owningObject, UInt32 waitForMultipleObjectsTimeout, Boolean allowCreate, Boolean onlyOneCheckConnection, DbConnectionOptions userOptions, DbConnectionInternal& connection)
   在 System.Data.ProviderBase.DbConnectionPool.TryGetConnection(DbConnection owningObject, TaskCompletionSource`1 retry, DbConnectionOptions userOptions, DbConnectionInternal& connection)
   在 System.Data.ProviderBase.DbConnectionFactory.TryGetConnection(DbConnection owningConnection, TaskCompletionSource`1 retry, DbConnectionOptions userOptions, DbConnectionInternal oldConnection, DbConnectionInternal& connection)
   在 System.Data.ProviderBase.DbConnectionInternal.TryOpenConnectionInternal(DbConnection outerConnection, DbConnectionFactory connectionFactory, TaskCompletionSource`1 retry, DbConnectionOptions userOptions)
   在 System.Data.ProviderBase.DbConnectionClosed.TryOpenConnection(DbConnection outerConnection, DbConnectionFactory connectionFactory, TaskCompletionSource`1 retry, DbConnectionOptions userOptions)
   在 System.Data.SqlClient.SqlConnection.TryOpenInner(TaskCompletionSource`1 retry)
   在 System.Data.SqlClient.SqlConnection.TryOpen(TaskCompletionSource`1 retry)
   在 System.Data.SqlClient.SqlConnection.Open()
   在 Microsoft.Practices.EnterpriseLibrary.Data.Database.GetNewOpenConnection()
   在 Microsoft.Practices.EnterpriseLibrary.Data.Database.GetWrappedConnection()
   在 Microsoft.Practices.EnterpriseLibrary.Data.Database.GetOpenConnection()
   在 Microsoft.Practices.EnterpriseLibrary.Data.Database.LoadDataSet(DbCommand command, DataSet dataSet, String[] tableNames)
   在 Microsoft.Practices.EnterpriseLibrary.Data.Database.LoadDataSet(DbCommand command, DataSet dataSet, String tableName)
   在 Microsoft.Practices.EnterpriseLibrary.Data.Database.ExecuteDataSet(DbCommand command)
   在 Linkup.Data.DatabaseWrapper.ExecuteDataSet(CommandType commandType, String commandText, List`1 parameterList, String[] tableNameArray) 位置 d:\WorkFloder\WeixinConstruction\trunk\SourceCode\Common\Linkup.Data\DatabaseWrapper.cs:行号 264

Severity: Error

----------------------------------------
----------------------------------------
Timestamp: 2016/10/5 22:55:20

Title:连接超时时间已到。在尝试使用预登录握手确认时超过了此超时时间。这可能是因为预登录握手失败或服务器未能及时响应。  尝试连接到此服务器时花费的持续时间是 - [Pre-Login] initialization=9863；handshake=14522；

Message: SELECT [LastUpdateTime] FROM [Domain] WHERE [Id] = @id
[{"ParameterName":"@id","Value":"2a58d820-de07-4c8f-80b9-b5cb5a1028b4"}]
   在 System.Data.SqlClient.SqlInternalConnectionTds..ctor(DbConnectionPoolIdentity identity, SqlConnectionString connectionOptions, SqlCredential credential, Object providerInfo, String newPassword, SecureString newSecurePassword, Boolean redirectedUserInstance, SqlConnectionString userConnectionOptions, SessionData reconnectSessionData, DbConnectionPool pool, String accessToken, Boolean applyTransientFaultHandling)
   在 System.Data.SqlClient.SqlConnectionFactory.CreateConnection(DbConnectionOptions options, DbConnectionPoolKey poolKey, Object poolGroupProviderInfo, DbConnectionPool pool, DbConnection owningConnection, DbConnectionOptions userOptions)
   在 System.Data.ProviderBase.DbConnectionFactory.CreatePooledConnection(DbConnectionPool pool, DbConnection owningObject, DbConnectionOptions options, DbConnectionPoolKey poolKey, DbConnectionOptions userOptions)
   在 System.Data.ProviderBase.DbConnectionPool.CreateObject(DbConnection owningObject, DbConnectionOptions userOptions, DbConnectionInternal oldConnection)
   在 System.Data.ProviderBase.DbConnectionPool.UserCreateRequest(DbConnection owningObject, DbConnectionOptions userOptions, DbConnectionInternal oldConnection)
   在 System.Data.ProviderBase.DbConnectionPool.TryGetConnection(DbConnection owningObject, UInt32 waitForMultipleObjectsTimeout, Boolean allowCreate, Boolean onlyOneCheckConnection, DbConnectionOptions userOptions, DbConnectionInternal& connection)
   在 System.Data.ProviderBase.DbConnectionPool.TryGetConnection(DbConnection owningObject, TaskCompletionSource`1 retry, DbConnectionOptions userOptions, DbConnectionInternal& connection)
   在 System.Data.ProviderBase.DbConnectionFactory.TryGetConnection(DbConnection owningConnection, TaskCompletionSource`1 retry, DbConnectionOptions userOptions, DbConnectionInternal oldConnection, DbConnectionInternal& connection)
   在 System.Data.ProviderBase.DbConnectionInternal.TryOpenConnectionInternal(DbConnection outerConnection, DbConnectionFactory connectionFactory, TaskCompletionSource`1 retry, DbConnectionOptions userOptions)
   在 System.Data.ProviderBase.DbConnectionClosed.TryOpenConnection(DbConnection outerConnection, DbConnectionFactory connectionFactory, TaskCompletionSource`1 retry, DbConnectionOptions userOptions)
   在 System.Data.SqlClient.SqlConnection.TryOpenInner(TaskCompletionSource`1 retry)
   在 System.Data.SqlClient.SqlConnection.TryOpen(TaskCompletionSource`1 retry)
   在 System.Data.SqlClient.SqlConnection.Open()
   在 Microsoft.Practices.EnterpriseLibrary.Data.Database.GetNewOpenConnection()
   在 Microsoft.Practices.EnterpriseLibrary.Data.Database.GetWrappedConnection()
   在 Microsoft.Practices.EnterpriseLibrary.Data.Database.GetOpenConnection()
   在 Microsoft.Practices.EnterpriseLibrary.Data.Database.ExecuteScalar(DbCommand command)
   在 Linkup.Data.DatabaseWrapper.ExecuteScalar(CommandType commandType, String commandText, List`1 parameterList) 位置 d:\WorkFloder\WeixinConstruction\trunk\SourceCode\Common\Linkup.Data\DatabaseWrapper.cs:行号 171

Severity: Error

----------------------------------------
----------------------------------------
Timestamp: 2016/10/6 0:27:09

Title:在与 SQL Server 建立连接时出现与网络相关的或特定于实例的错误。未找到或无法访问服务器。请验证实例名称是否正确并且 SQL Server 已配置为允许远程连接。 (provider: TCP Provider, error: 0 - 等待的操作过时。)

Message: SELECT [Id],[Name],[PreviewImageUrl],[BackgroundImageUrl],[Template],[PreviewHtml],[PayRequired],[Description],[CreateTime],[UpdateTime] FROM [PortalPresetTemplate]
[]
   在 System.Data.SqlClient.SqlInternalConnectionTds..ctor(DbConnectionPoolIdentity identity, SqlConnectionString connectionOptions, SqlCredential credential, Object providerInfo, String newPassword, SecureString newSecurePassword, Boolean redirectedUserInstance, SqlConnectionString userConnectionOptions, SessionData reconnectSessionData, DbConnectionPool pool, String accessToken, Boolean applyTransientFaultHandling)
   在 System.Data.SqlClient.SqlConnectionFactory.CreateConnection(DbConnectionOptions options, DbConnectionPoolKey poolKey, Object poolGroupProviderInfo, DbConnectionPool pool, DbConnection owningConnection, DbConnectionOptions userOptions)
   在 System.Data.ProviderBase.DbConnectionFactory.CreatePooledConnection(DbConnectionPool pool, DbConnection owningObject, DbConnectionOptions options, DbConnectionPoolKey poolKey, DbConnectionOptions userOptions)
   在 System.Data.ProviderBase.DbConnectionPool.CreateObject(DbConnection owningObject, DbConnectionOptions userOptions, DbConnectionInternal oldConnection)
   在 System.Data.ProviderBase.DbConnectionPool.UserCreateRequest(DbConnection owningObject, DbConnectionOptions userOptions, DbConnectionInternal oldConnection)
   在 System.Data.ProviderBase.DbConnectionPool.TryGetConnection(DbConnection owningObject, UInt32 waitForMultipleObjectsTimeout, Boolean allowCreate, Boolean onlyOneCheckConnection, DbConnectionOptions userOptions, DbConnectionInternal& connection)
   在 System.Data.ProviderBase.DbConnectionPool.TryGetConnection(DbConnection owningObject, TaskCompletionSource`1 retry, DbConnectionOptions userOptions, DbConnectionInternal& connection)
   在 System.Data.ProviderBase.DbConnectionFactory.TryGetConnection(DbConnection owningConnection, TaskCompletionSource`1 retry, DbConnectionOptions userOptions, DbConnectionInternal oldConnection, DbConnectionInternal& connection)
   在 System.Data.ProviderBase.DbConnectionInternal.TryOpenConnectionInternal(DbConnection outerConnection, DbConnectionFactory connectionFactory, TaskCompletionSource`1 retry, DbConnectionOptions userOptions)
   在 System.Data.ProviderBase.DbConnectionClosed.TryOpenConnection(DbConnection outerConnection, DbConnectionFactory connectionFactory, TaskCompletionSource`1 retry, DbConnectionOptions userOptions)
   在 System.Data.SqlClient.SqlConnection.TryOpenInner(TaskCompletionSource`1 retry)
   在 System.Data.SqlClient.SqlConnection.TryOpen(TaskCompletionSource`1 retry)
   在 System.Data.SqlClient.SqlConnection.Open()
   在 Microsoft.Practices.EnterpriseLibrary.Data.Database.GetNewOpenConnection()
   在 Microsoft.Practices.EnterpriseLibrary.Data.Database.GetWrappedConnection()
   在 Microsoft.Practices.EnterpriseLibrary.Data.Database.GetOpenConnection()
   在 Microsoft.Practices.EnterpriseLibrary.Data.Database.LoadDataSet(DbCommand command, DataSet dataSet, String[] tableNames)
   在 Microsoft.Practices.EnterpriseLibrary.Data.Database.LoadDataSet(DbCommand command, DataSet dataSet, String tableName)
   在 Microsoft.Practices.EnterpriseLibrary.Data.Database.ExecuteDataSet(DbCommand command)
   在 Linkup.Data.DatabaseWrapper.ExecuteDataSet(CommandType commandType, String commandText, List`1 parameterList, String[] tableNameArray) 位置 d:\WorkFloder\WeixinConstruction\trunk\SourceCode\Common\Linkup.Data\DatabaseWrapper.cs:行号 268

Severity: Error

----------------------------------------
----------------------------------------
Timestamp: 2016/10/6 0:27:49

Title:在与 SQL Server 建立连接时出现与网络相关的或特定于实例的错误。未找到或无法访问服务器。请验证实例名称是否正确并且 SQL Server 已配置为允许远程连接。 (provider: TCP Provider, error: 0 - 等待的操作过时。)

Message: SELECT [Id],[Name],[PreviewImageUrl],[BackgroundImageUrl],[Template],[PreviewHtml],[PayRequired],[Description],[CreateTime],[UpdateTime] FROM [PortalPresetTemplate]
[]
   在 System.Data.SqlClient.SqlInternalConnectionTds..ctor(DbConnectionPoolIdentity identity, SqlConnectionString connectionOptions, SqlCredential credential, Object providerInfo, String newPassword, SecureString newSecurePassword, Boolean redirectedUserInstance, SqlConnectionString userConnectionOptions, SessionData reconnectSessionData, DbConnectionPool pool, String accessToken, Boolean applyTransientFaultHandling)
   在 System.Data.SqlClient.SqlConnectionFactory.CreateConnection(DbConnectionOptions options, DbConnectionPoolKey poolKey, Object poolGroupProviderInfo, DbConnectionPool pool, DbConnection owningConnection, DbConnectionOptions userOptions)
   在 System.Data.ProviderBase.DbConnectionFactory.CreatePooledConnection(DbConnectionPool pool, DbConnection owningObject, DbConnectionOptions options, DbConnectionPoolKey poolKey, DbConnectionOptions userOptions)
   在 System.Data.ProviderBase.DbConnectionPool.CreateObject(DbConnection owningObject, DbConnectionOptions userOptions, DbConnectionInternal oldConnection)
   在 System.Data.ProviderBase.DbConnectionPool.UserCreateRequest(DbConnection owningObject, DbConnectionOptions userOptions, DbConnectionInternal oldConnection)
   在 System.Data.ProviderBase.DbConnectionPool.TryGetConnection(DbConnection owningObject, UInt32 waitForMultipleObjectsTimeout, Boolean allowCreate, Boolean onlyOneCheckConnection, DbConnectionOptions userOptions, DbConnectionInternal& connection)
   在 System.Data.ProviderBase.DbConnectionPool.TryGetConnection(DbConnection owningObject, TaskCompletionSource`1 retry, DbConnectionOptions userOptions, DbConnectionInternal& connection)
   在 System.Data.ProviderBase.DbConnectionFactory.TryGetConnection(DbConnection owningConnection, TaskCompletionSource`1 retry, DbConnectionOptions userOptions, DbConnectionInternal oldConnection, DbConnectionInternal& connection)
   在 System.Data.ProviderBase.DbConnectionInternal.TryOpenConnectionInternal(DbConnection outerConnection, DbConnectionFactory connectionFactory, TaskCompletionSource`1 retry, DbConnectionOptions userOptions)
   在 System.Data.ProviderBase.DbConnectionClosed.TryOpenConnection(DbConnection outerConnection, DbConnectionFactory connectionFactory, TaskCompletionSource`1 retry, DbConnectionOptions userOptions)
   在 System.Data.SqlClient.SqlConnection.TryOpenInner(TaskCompletionSource`1 retry)
   在 System.Data.SqlClient.SqlConnection.TryOpen(TaskCompletionSource`1 retry)
   在 System.Data.SqlClient.SqlConnection.Open()
   在 Microsoft.Practices.EnterpriseLibrary.Data.Database.GetNewOpenConnection()
   在 Microsoft.Practices.EnterpriseLibrary.Data.Database.GetWrappedConnection()
   在 Microsoft.Practices.EnterpriseLibrary.Data.Database.GetOpenConnection()
   在 Microsoft.Practices.EnterpriseLibrary.Data.Database.LoadDataSet(DbCommand command, DataSet dataSet, String[] tableNames)
   在 Microsoft.Practices.EnterpriseLibrary.Data.Database.LoadDataSet(DbCommand command, DataSet dataSet, String tableName)
   在 Microsoft.Practices.EnterpriseLibrary.Data.Database.ExecuteDataSet(DbCommand command)
   在 Linkup.Data.DatabaseWrapper.ExecuteDataSet(CommandType commandType, String commandText, List`1 parameterList, String[] tableNameArray) 位置 d:\WorkFloder\WeixinConstruction\trunk\SourceCode\Common\Linkup.Data\DatabaseWrapper.cs:行号 268

Severity: Error

----------------------------------------
----------------------------------------
Timestamp: 2016/10/12 20:27:51

Title:Redis 连接失败

Message: It was not possible to connect to the redis server(s); to create a disconnected multiplexer, disable AbortOnConnectFail. SocketFailure on PING

Severity: Error

----------------------------------------
----------------------------------------
Timestamp: 2016/12/3 23:45:14

Title:列名 'Probability' 无效。

Message: SELECT [Id],[CampaignId],[Domain],[Name],[Probability] FROM [Campaign_ShakingLotteryGift] WHERE [CampaignId] = @CampaignId
[{"ParameterName":"@CampaignId","Value":"eeb3caf5-dfcd-4d28-99c2-151c443a583a"}]
   在 System.Data.SqlClient.SqlConnection.OnError(SqlException exception, Boolean breakConnection, Action`1 wrapCloseInAction)
   在 System.Data.SqlClient.SqlInternalConnection.OnError(SqlException exception, Boolean breakConnection, Action`1 wrapCloseInAction)
   在 System.Data.SqlClient.TdsParser.ThrowExceptionAndWarning(TdsParserStateObject stateObj, Boolean callerHasConnectionLock, Boolean asyncClose)
   在 System.Data.SqlClient.TdsParser.TryRun(RunBehavior runBehavior, SqlCommand cmdHandler, SqlDataReader dataStream, BulkCopySimpleResultSet bulkCopyHandler, TdsParserStateObject stateObj, Boolean& dataReady)
   在 System.Data.SqlClient.SqlDataReader.TryConsumeMetaData()
   在 System.Data.SqlClient.SqlDataReader.get_MetaData()
   在 System.Data.SqlClient.SqlCommand.FinishExecuteReader(SqlDataReader ds, RunBehavior runBehavior, String resetOptionsString, Boolean isInternal, Boolean forDescribeParameterEncryption)
   在 System.Data.SqlClient.SqlCommand.RunExecuteReaderTds(CommandBehavior cmdBehavior, RunBehavior runBehavior, Boolean returnStream, Boolean async, Int32 timeout, Task& task, Boolean asyncWrite, Boolean inRetry, SqlDataReader ds, Boolean describeParameterEncryptionRequest)
   在 System.Data.SqlClient.SqlCommand.RunExecuteReader(CommandBehavior cmdBehavior, RunBehavior runBehavior, Boolean returnStream, String method, TaskCompletionSource`1 completion, Int32 timeout, Task& task, Boolean& usedCache, Boolean asyncWrite, Boolean inRetry)
   在 System.Data.SqlClient.SqlCommand.RunExecuteReader(CommandBehavior cmdBehavior, RunBehavior runBehavior, Boolean returnStream, String method)
   在 System.Data.SqlClient.SqlCommand.ExecuteReader(CommandBehavior behavior, String method)
   在 System.Data.SqlClient.SqlCommand.ExecuteDbDataReader(CommandBehavior behavior)
   在 System.Data.Common.DbCommand.System.Data.IDbCommand.ExecuteReader(CommandBehavior behavior)
   在 System.Data.Common.DbDataAdapter.FillInternal(DataSet dataset, DataTable[] datatables, Int32 startRecord, Int32 maxRecords, String srcTable, IDbCommand command, CommandBehavior behavior)
   在 System.Data.Common.DbDataAdapter.Fill(DataSet dataSet, Int32 startRecord, Int32 maxRecords, String srcTable, IDbCommand command, CommandBehavior behavior)
   在 System.Data.Common.DbDataAdapter.Fill(DataSet dataSet)
   在 Microsoft.Practices.EnterpriseLibrary.Data.Database.DoLoadDataSet(IDbCommand command, DataSet dataSet, String[] tableNames)
   在 Microsoft.Practices.EnterpriseLibrary.Data.Database.LoadDataSet(DbCommand command, DataSet dataSet, String[] tableNames)
   在 Microsoft.Practices.EnterpriseLibrary.Data.Database.LoadDataSet(DbCommand command, DataSet dataSet, String tableName)
   在 Microsoft.Practices.EnterpriseLibrary.Data.Database.ExecuteDataSet(DbCommand command)
   在 Linkup.Data.DatabaseWrapper.ExecuteDataSet(CommandType commandType, String commandText, List`1 parameterList, String[] tableNameArray) 位置 d:\WorkFloder\WeixinConstruction\trunk\SourceCode\Common\Linkup.Data\DatabaseWrapper.cs:行号 268

Severity: Error

----------------------------------------
----------------------------------------
Timestamp: 2016/12/10 14:02:16

Title:列名 'NoGift' 无效。
列名 'NoGift' 无效。

Message: GetCampaign_ShakingLotteryGiftWinningList
[{"ParameterName":"@domainId","Value":"2a58d820-de07-4c8f-80b9-b5cb5a1028b4"},{"ParameterName":"@appId","Value":"wx8c36b3c0000a0a49"},{"ParameterName":"@page","Value":1},{"ParameterName":"@pageSize","Value":10},{"ParameterName":"@campaignId","Value":"eeb3caf5-dfcd-4d28-99c2-151c443a583a"},{"ParameterName":"@periodId","Value":null}]
   在 System.Data.SqlClient.SqlConnection.OnError(SqlException exception, Boolean breakConnection, Action`1 wrapCloseInAction)
   在 System.Data.SqlClient.SqlInternalConnection.OnError(SqlException exception, Boolean breakConnection, Action`1 wrapCloseInAction)
   在 System.Data.SqlClient.TdsParser.ThrowExceptionAndWarning(TdsParserStateObject stateObj, Boolean callerHasConnectionLock, Boolean asyncClose)
   在 System.Data.SqlClient.TdsParser.TryRun(RunBehavior runBehavior, SqlCommand cmdHandler, SqlDataReader dataStream, BulkCopySimpleResultSet bulkCopyHandler, TdsParserStateObject stateObj, Boolean& dataReady)
   在 System.Data.SqlClient.SqlDataReader.TryConsumeMetaData()
   在 System.Data.SqlClient.SqlDataReader.get_MetaData()
   在 System.Data.SqlClient.SqlCommand.FinishExecuteReader(SqlDataReader ds, RunBehavior runBehavior, String resetOptionsString, Boolean isInternal, Boolean forDescribeParameterEncryption)
   在 System.Data.SqlClient.SqlCommand.RunExecuteReaderTds(CommandBehavior cmdBehavior, RunBehavior runBehavior, Boolean returnStream, Boolean async, Int32 timeout, Task& task, Boolean asyncWrite, Boolean inRetry, SqlDataReader ds, Boolean describeParameterEncryptionRequest)
   在 System.Data.SqlClient.SqlCommand.RunExecuteReader(CommandBehavior cmdBehavior, RunBehavior runBehavior, Boolean returnStream, String method, TaskCompletionSource`1 completion, Int32 timeout, Task& task, Boolean& usedCache, Boolean asyncWrite, Boolean inRetry)
   在 System.Data.SqlClient.SqlCommand.RunExecuteReader(CommandBehavior cmdBehavior, RunBehavior runBehavior, Boolean returnStream, String method)
   在 System.Data.SqlClient.SqlCommand.ExecuteReader(CommandBehavior behavior, String method)
   在 System.Data.SqlClient.SqlCommand.ExecuteDbDataReader(CommandBehavior behavior)
   在 System.Data.Common.DbCommand.System.Data.IDbCommand.ExecuteReader(CommandBehavior behavior)
   在 System.Data.Common.DbDataAdapter.FillInternal(DataSet dataset, DataTable[] datatables, Int32 startRecord, Int32 maxRecords, String srcTable, IDbCommand command, CommandBehavior behavior)
   在 System.Data.Common.DbDataAdapter.Fill(DataSet dataSet, Int32 startRecord, Int32 maxRecords, String srcTable, IDbCommand command, CommandBehavior behavior)
   在 System.Data.Common.DbDataAdapter.Fill(DataSet dataSet)
   在 Microsoft.Practices.EnterpriseLibrary.Data.Database.DoLoadDataSet(IDbCommand command, DataSet dataSet, String[] tableNames)
   在 Microsoft.Practices.EnterpriseLibrary.Data.Database.LoadDataSet(DbCommand command, DataSet dataSet, String[] tableNames)
   在 Microsoft.Practices.EnterpriseLibrary.Data.Database.LoadDataSet(DbCommand command, DataSet dataSet, String tableName)
   在 Microsoft.Practices.EnterpriseLibrary.Data.Database.ExecuteDataSet(DbCommand command)
   在 Linkup.Data.DatabaseWrapper.ExecuteDataSet(CommandType commandType, String commandText, List`1 parameterList, String[] tableNameArray) 位置 d:\WorkFloder\WeixinConstruction\trunk\SourceCode\Common\Linkup.Data\DatabaseWrapper.cs:行号 268

Severity: Error

----------------------------------------
----------------------------------------
Timestamp: 2017/5/21 11:01:36

Title:Redis 连接失败

Message: It was not possible to connect to the redis server(s); to create a disconnected multiplexer, disable AbortOnConnectFail. SocketFailure on PING

Severity: Error

----------------------------------------
----------------------------------------
Timestamp: 2017/5/21 11:03:50

Title:ControlledCachingService.Set 请求失败

Message: 无法连接到远程服务器

Severity: Error

----------------------------------------
----------------------------------------
Timestamp: 2017/5/21 11:06:18

Title:ControlledCachingService.Set 请求失败

Message: 无法连接到远程服务器

Severity: Error

----------------------------------------
----------------------------------------
Timestamp: 2017/5/21 11:06:24

Title:ControlledCachingService.Set 请求失败

Message: 无法连接到远程服务器

Severity: Error

----------------------------------------
----------------------------------------
Timestamp: 2017/5/21 11:06:29

Title:ControlledCachingService.Set 请求失败

Message: 无法连接到远程服务器

Severity: Error

----------------------------------------
----------------------------------------
Timestamp: 2017/5/21 11:10:54

Title:Redis 连接失败

Message: It was not possible to connect to the redis server(s); to create a disconnected multiplexer, disable AbortOnConnectFail. SocketFailure on PING

Severity: Error

----------------------------------------
----------------------------------------
Timestamp: 2017/5/21 11:11:35

Title:ControlledCachingService.Set 请求失败

Message: 远程服务器返回错误: (500) 内部服务器错误。

Severity: Error

----------------------------------------
----------------------------------------
Timestamp: 2017/5/21 11:11:57

Title:ControlledCachingService.Set 请求失败

Message: 远程服务器返回错误: (500) 内部服务器错误。

Severity: Error

----------------------------------------
----------------------------------------
Timestamp: 2017/5/21 11:15:36

Title:Redis 连接失败

Message: It was not possible to connect to the redis server(s); to create a disconnected multiplexer, disable AbortOnConnectFail. SocketFailure on PING

Severity: Error

----------------------------------------
----------------------------------------
Timestamp: 2017/5/21 11:29:19

Title:Redis 连接失败

Message: It was not possible to connect to the redis server(s); to create a disconnected multiplexer, disable AbortOnConnectFail. UnableToResolvePhysicalConnection on PING

Severity: Error

----------------------------------------
----------------------------------------
Timestamp: 2017/5/21 11:37:16

Title:Redis 连接失败

Message: It was not possible to connect to the redis server(s); to create a disconnected multiplexer, disable AbortOnConnectFail. SocketFailure on PING

Severity: Error

----------------------------------------
----------------------------------------
Timestamp: 2017/5/21 11:39:13

Title:Redis 连接失败

Message: It was not possible to connect to the redis server(s); to create a disconnected multiplexer, disable AbortOnConnectFail. SocketFailure on PING

Severity: Error

----------------------------------------
----------------------------------------
Timestamp: 2017/5/21 12:09:29

Title:Redis 连接失败

Message: It was not possible to connect to the redis server(s); to create a disconnected multiplexer, disable AbortOnConnectFail. SocketFailure on PING

Severity: Error

----------------------------------------
----------------------------------------
Timestamp: 2017/5/21 12:10:29

Title:找不到存储过程 'GetCampaign_DonationList'。

Message: GetCampaign_DonationList
[{"ParameterName":"@domainId","Value":"2a58d820-de07-4c8f-80b9-b5cb5a1028b4"},{"ParameterName":"@appId","Value":"wx8c36b3c0000a0a49"},{"ParameterName":"@page","Value":1},{"ParameterName":"@pageSize","Value":10},{"ParameterName":"@status","Value":1}]
   在 System.Data.SqlClient.SqlConnection.OnError(SqlException exception, Boolean breakConnection, Action`1 wrapCloseInAction)
   在 System.Data.SqlClient.SqlInternalConnection.OnError(SqlException exception, Boolean breakConnection, Action`1 wrapCloseInAction)
   在 System.Data.SqlClient.TdsParser.ThrowExceptionAndWarning(TdsParserStateObject stateObj, Boolean callerHasConnectionLock, Boolean asyncClose)
   在 System.Data.SqlClient.TdsParser.TryRun(RunBehavior runBehavior, SqlCommand cmdHandler, SqlDataReader dataStream, BulkCopySimpleResultSet bulkCopyHandler, TdsParserStateObject stateObj, Boolean& dataReady)
   在 System.Data.SqlClient.SqlDataReader.TryConsumeMetaData()
   在 System.Data.SqlClient.SqlDataReader.get_MetaData()
   在 System.Data.SqlClient.SqlCommand.FinishExecuteReader(SqlDataReader ds, RunBehavior runBehavior, String resetOptionsString, Boolean isInternal, Boolean forDescribeParameterEncryption)
   在 System.Data.SqlClient.SqlCommand.RunExecuteReaderTds(CommandBehavior cmdBehavior, RunBehavior runBehavior, Boolean returnStream, Boolean async, Int32 timeout, Task& task, Boolean asyncWrite, Boolean inRetry, SqlDataReader ds, Boolean describeParameterEncryptionRequest)
   在 System.Data.SqlClient.SqlCommand.RunExecuteReader(CommandBehavior cmdBehavior, RunBehavior runBehavior, Boolean returnStream, String method, TaskCompletionSource`1 completion, Int32 timeout, Task& task, Boolean& usedCache, Boolean asyncWrite, Boolean inRetry)
   在 System.Data.SqlClient.SqlCommand.RunExecuteReader(CommandBehavior cmdBehavior, RunBehavior runBehavior, Boolean returnStream, String method)
   在 System.Data.SqlClient.SqlCommand.ExecuteReader(CommandBehavior behavior, String method)
   在 System.Data.SqlClient.SqlCommand.ExecuteDbDataReader(CommandBehavior behavior)
   在 System.Data.Common.DbCommand.System.Data.IDbCommand.ExecuteReader(CommandBehavior behavior)
   在 System.Data.Common.DbDataAdapter.FillInternal(DataSet dataset, DataTable[] datatables, Int32 startRecord, Int32 maxRecords, String srcTable, IDbCommand command, CommandBehavior behavior)
   在 System.Data.Common.DbDataAdapter.Fill(DataSet dataSet, Int32 startRecord, Int32 maxRecords, String srcTable, IDbCommand command, CommandBehavior behavior)
   在 System.Data.Common.DbDataAdapter.Fill(DataSet dataSet)
   在 Microsoft.Practices.EnterpriseLibrary.Data.Database.DoLoadDataSet(IDbCommand command, DataSet dataSet, String[] tableNames)
   在 Microsoft.Practices.EnterpriseLibrary.Data.Database.LoadDataSet(DbCommand command, DataSet dataSet, String[] tableNames)
   在 Microsoft.Practices.EnterpriseLibrary.Data.Database.LoadDataSet(DbCommand command, DataSet dataSet, String tableName)
   在 Microsoft.Practices.EnterpriseLibrary.Data.Database.ExecuteDataSet(DbCommand command)
   在 Linkup.Data.DatabaseWrapper.ExecuteDataSet(CommandType commandType, String commandText, List`1 parameterList, String[] tableNameArray) 位置 D:\Workfolder\WeixinConstruction\SourceCode\Common\Linkup.Data\DatabaseWrapper.cs:行号 268

Severity: Error

----------------------------------------
----------------------------------------
Timestamp: 2017/5/21 12:17:19

Title:Redis 连接失败

Message: It was not possible to connect to the redis server(s); to create a disconnected multiplexer, disable AbortOnConnectFail. SocketFailure on PING

Severity: Error

----------------------------------------
----------------------------------------
Timestamp: 2017/5/21 21:56:46

Title:Redis 连接失败

Message: It was not possible to connect to the redis server(s); to create a disconnected multiplexer, disable AbortOnConnectFail. SocketFailure on PING

Severity: Error

----------------------------------------
----------------------------------------
Timestamp: 2017/5/21 22:02:34

Title:Redis 连接失败

Message: It was not possible to connect to the redis server(s); to create a disconnected multiplexer, disable AbortOnConnectFail. SocketFailure on PING

Severity: Error

----------------------------------------
----------------------------------------
Timestamp: 2017/5/22 1:13:19

Title:Redis 连接失败

Message: It was not possible to connect to the redis server(s); to create a disconnected multiplexer, disable AbortOnConnectFail. SocketFailure on PING

Severity: Error

----------------------------------------
----------------------------------------
Timestamp: 2017/5/22 1:14:59

Title:Redis 连接失败

Message: It was not possible to connect to the redis server(s); to create a disconnected multiplexer, disable AbortOnConnectFail. SocketFailure on PING

Severity: Error

----------------------------------------
----------------------------------------
Timestamp: 2017/5/22 1:26:30

Title:Redis 连接失败

Message: It was not possible to connect to the redis server(s); to create a disconnected multiplexer, disable AbortOnConnectFail. SocketFailure on PING

Severity: Error

----------------------------------------
----------------------------------------
Timestamp: 2017/6/1 23:14:20

Title:Redis 连接失败

Message: It was not possible to connect to the redis server(s); to create a disconnected multiplexer, disable AbortOnConnectFail. SocketFailure on PING

Severity: Error

----------------------------------------
----------------------------------------
Timestamp: 2017/6/1 23:42:31

Title:Redis 连接失败

Message: It was not possible to connect to the redis server(s); to create a disconnected multiplexer, disable AbortOnConnectFail. SocketFailure on PING

Severity: Error

----------------------------------------
----------------------------------------
Timestamp: 2017/6/1 23:42:57

Title:ControlledCachingService.Set 请求失败

Message: 无法连接到远程服务器

Severity: Error

----------------------------------------
----------------------------------------
Timestamp: 2017/6/1 23:43:13

Title:ControlledCachingService.Set 请求失败

Message: 无法连接到远程服务器

Severity: Error

----------------------------------------
----------------------------------------
Timestamp: 2017/6/1 23:43:24

Title:ControlledCachingService.Set 请求失败

Message: 无法连接到远程服务器

Severity: Error

----------------------------------------
----------------------------------------
Timestamp: 2017/6/1 23:44:03

Title:ControlledCachingService.Set 请求失败

Message: 无法连接到远程服务器

Severity: Error

----------------------------------------
----------------------------------------
Timestamp: 2017/6/1 23:44:07

Title:ControlledCachingService.Set 请求失败

Message: 无法连接到远程服务器

Severity: Error

----------------------------------------
----------------------------------------
Timestamp: 2017/6/1 23:44:12

Title:ControlledCachingService.Set 请求失败

Message: 无法连接到远程服务器

Severity: Error

----------------------------------------
----------------------------------------
Timestamp: 2017/6/1 23:44:18

Title:ControlledCachingService.Set 请求失败

Message: 无法连接到远程服务器

Severity: Error

----------------------------------------
----------------------------------------
Timestamp: 2017/6/1 23:44:25

Title:ControlledCachingService.Set 请求失败

Message: 无法连接到远程服务器

Severity: Error

----------------------------------------
----------------------------------------
Timestamp: 2017/6/1 23:44:28

Title:ControlledCachingService.Set 请求失败

Message: 无法连接到远程服务器

Severity: Error

----------------------------------------
----------------------------------------
Timestamp: 2017/6/1 23:44:32

Title:ControlledCachingService.Set 请求失败

Message: 无法连接到远程服务器

Severity: Error

----------------------------------------
----------------------------------------
Timestamp: 2017/6/1 23:44:35

Title:ControlledCachingService.Set 请求失败

Message: 无法连接到远程服务器

Severity: Error

----------------------------------------
----------------------------------------
Timestamp: 2017/6/1 23:44:39

Title:ControlledCachingService.Set 请求失败

Message: 无法连接到远程服务器

Severity: Error

----------------------------------------
----------------------------------------
Timestamp: 2017/6/1 23:44:42

Title:ControlledCachingService.Set 请求失败

Message: 无法连接到远程服务器

Severity: Error

----------------------------------------
----------------------------------------
Timestamp: 2017/6/1 23:44:46

Title:ControlledCachingService.Set 请求失败

Message: 无法连接到远程服务器

Severity: Error

----------------------------------------
----------------------------------------
Timestamp: 2017/6/1 23:44:49

Title:ControlledCachingService.Set 请求失败

Message: 无法连接到远程服务器

Severity: Error

----------------------------------------
----------------------------------------
Timestamp: 2017/6/1 23:44:53

Title:ControlledCachingService.Set 请求失败

Message: 无法连接到远程服务器

Severity: Error

----------------------------------------
----------------------------------------
Timestamp: 2017/6/1 23:44:56

Title:ControlledCachingService.Set 请求失败

Message: 无法连接到远程服务器

Severity: Error

----------------------------------------
----------------------------------------
Timestamp: 2017/6/1 23:45:00

Title:ControlledCachingService.Set 请求失败

Message: 无法连接到远程服务器

Severity: Error

----------------------------------------
----------------------------------------
Timestamp: 2017/6/1 23:50:44

Title:Redis 连接失败

Message: It was not possible to connect to the redis server(s); to create a disconnected multiplexer, disable AbortOnConnectFail. SocketFailure on PING

Severity: Error

----------------------------------------
----------------------------------------
Timestamp: 2017/6/2 0:03:14

Title:Redis 连接失败

Message: It was not possible to connect to the redis server(s); to create a disconnected multiplexer, disable AbortOnConnectFail. SocketFailure on PING

Severity: Error

----------------------------------------
