----------------------------------------
Timestamp: 2016/6/8 23:16:59

Title:

Message: Application_Start

Severity: Information

----------------------------------------
----------------------------------------
Timestamp: 2016/6/8 23:17:03

Title:

Message: Redis 连接成功

Severity: Information

----------------------------------------
----------------------------------------
Timestamp: 2016/6/8 23:17:03

Title:

Message: 下载队列中的文件线程启动

Severity: Verbose

----------------------------------------
----------------------------------------
Timestamp: 2016/6/8 23:55:07

Title:

Message: Application_Start

Severity: Information

----------------------------------------
----------------------------------------
Timestamp: 2016/6/8 23:55:07

Title:

Message: Redis 连接成功

Severity: Information

----------------------------------------
----------------------------------------
Timestamp: 2016/6/8 23:55:07

Title:

Message: 下载队列中的文件线程启动

Severity: Verbose

----------------------------------------
----------------------------------------
Timestamp: 2016/6/9 10:45:33

Title:

Message: Application_Start

Severity: Information

----------------------------------------
----------------------------------------
Timestamp: 2016/6/9 10:45:34

Title:

Message: Redis 连接成功

Severity: Information

----------------------------------------
----------------------------------------
Timestamp: 2016/6/9 10:45:34

Title:

Message: 下载队列中的文件线程启动

Severity: Verbose

----------------------------------------
----------------------------------------
Timestamp: 2016/6/9 16:15:46

Title:

Message: Application_Start

Severity: Information

----------------------------------------
----------------------------------------
Timestamp: 2016/6/9 16:15:46

Title:

Message: Redis 连接成功

Severity: Information

----------------------------------------
----------------------------------------
Timestamp: 2016/6/9 16:15:46

Title:

Message: 下载队列中的文件线程启动

Severity: Verbose

----------------------------------------
