----------------------------------------
Timestamp: 2016/7/1 0:11:41

Title:

Message: Application_Start

Severity: Information

----------------------------------------
----------------------------------------
Timestamp: 2016/7/2 22:57:39

Title:

Message: Application_Start

Severity: Information

----------------------------------------
----------------------------------------
Timestamp: 2016/7/2 22:57:43

Title:

Message: Redis 连接成功

Severity: Information

----------------------------------------
----------------------------------------
Timestamp: 2016/7/2 22:57:43

Title:

Message: 下载队列中的文件线程启动

Severity: Verbose

----------------------------------------
----------------------------------------
Timestamp: 2016/7/3 0:28:55

Title:

Message: Application_Start

Severity: Information

----------------------------------------
----------------------------------------
Timestamp: 2016/7/3 0:28:55

Title:

Message: Redis 连接成功

Severity: Information

----------------------------------------
----------------------------------------
Timestamp: 2016/7/3 0:28:55

Title:

Message: 下载队列中的文件线程启动

Severity: Verbose

----------------------------------------
----------------------------------------
Timestamp: 2016/7/3 14:47:27

Title:

Message: Application_Start

Severity: Information

----------------------------------------
----------------------------------------
Timestamp: 2016/7/3 14:47:28

Title:

Message: Redis 连接成功

Severity: Information

----------------------------------------
----------------------------------------
Timestamp: 2016/7/3 14:47:28

Title:

Message: 下载队列中的文件线程启动

Severity: Verbose

----------------------------------------
----------------------------------------
Timestamp: 2016/7/3 23:31:32

Title:

Message: Application_Start

Severity: Information

----------------------------------------
----------------------------------------
Timestamp: 2016/7/3 23:31:33

Title:

Message: Redis 连接成功

Severity: Information

----------------------------------------
----------------------------------------
Timestamp: 2016/7/3 23:31:33

Title:

Message: 下载队列中的文件线程启动

Severity: Verbose

----------------------------------------
