----------------------------------------
Timestamp: 2016/5/29 16:10:00

Title:

Message: Application_Start

Severity: Information

----------------------------------------
----------------------------------------
Timestamp: 2016/5/29 16:10:01

Title:

Message: Redis 连接成功

Severity: Information

----------------------------------------
----------------------------------------
Timestamp: 2016/5/29 16:10:02

Title:

Message: 下载队列中的文件线程启动

Severity: Verbose

----------------------------------------
----------------------------------------
Timestamp: 2016/5/29 16:10:12

Title:

Message: Application_Start

Severity: Information

----------------------------------------
----------------------------------------
Timestamp: 2016/5/29 16:10:12

Title:

Message: Redis 连接成功

Severity: Information

----------------------------------------
----------------------------------------
Timestamp: 2016/5/29 16:10:12

Title:

Message: 下载队列中的文件线程启动

Severity: Verbose

----------------------------------------
----------------------------------------
Timestamp: 2016/5/29 16:17:14

Title:

Message: Application_Start

Severity: Information

----------------------------------------
----------------------------------------
Timestamp: 2016/5/29 16:17:17

Title:

Message: Redis 连接成功

Severity: Information

----------------------------------------
----------------------------------------
Timestamp: 2016/5/29 16:17:17

Title:

Message: 下载队列中的文件线程启动

Severity: Verbose

----------------------------------------
----------------------------------------
Timestamp: 2016/5/29 16:39:58

Title:

Message: Application_Start

Severity: Information

----------------------------------------
----------------------------------------
Timestamp: 2016/5/29 16:39:59

Title:

Message: Redis 连接成功

Severity: Information

----------------------------------------
----------------------------------------
Timestamp: 2016/5/29 16:39:59

Title:

Message: 下载队列中的文件线程启动

Severity: Verbose

----------------------------------------
----------------------------------------
Timestamp: 2016/5/30 23:15:16

Title:

Message: Application_Start

Severity: Information

----------------------------------------
----------------------------------------
Timestamp: 2016/5/30 23:15:17

Title:

Message: Redis 连接成功

Severity: Information

----------------------------------------
----------------------------------------
Timestamp: 2016/5/30 23:15:17

Title:

Message: 下载队列中的文件线程启动

Severity: Verbose

----------------------------------------
