----------------------------------------
Timestamp: 2016/3/13 9:43:57

Title:

Message: Application_Start

Severity: Information

----------------------------------------
----------------------------------------
Timestamp: 2016/3/13 9:44:00

Title:

Message: Redis 连接成功

Severity: Information

----------------------------------------
----------------------------------------
Timestamp: 2016/3/13 16:56:36

Title:

Message: Application_Start

Severity: Information

----------------------------------------
----------------------------------------
Timestamp: 2016/3/13 16:56:38

Title:

Message: Redis 连接成功

Severity: Information

----------------------------------------
