----------------------------------------
Timestamp: 2015/12/6 23:51:45

Title:

Message: Application_Start

Severity: Information

----------------------------------------
----------------------------------------
Timestamp: 2015/12/6 23:51:46

Title:

Message: Redis 连接成功

Severity: Information

----------------------------------------
----------------------------------------
Timestamp: 2015/12/13 22:25:39

Title:

Message: Application_Start

Severity: Information

----------------------------------------
----------------------------------------
Timestamp: 2015/12/13 22:25:40

Title:

Message: Redis 连接成功

Severity: Information

----------------------------------------
