----------------------------------------
Timestamp: 2016/9/25 14:47:06

Title:Application_Start

Message: 

Severity: Information

----------------------------------------
----------------------------------------
Timestamp: 2016/9/25 14:47:09

Title:Redis 连接成功

Message: 

Severity: Information

----------------------------------------
----------------------------------------
Timestamp: 2016/9/25 15:18:47

Title:Application_Start

Message: 

Severity: Information

----------------------------------------
----------------------------------------
Timestamp: 2016/9/25 15:18:48

Title:Redis 连接成功

Message: 

Severity: Information

----------------------------------------
----------------------------------------
Timestamp: 2016/9/25 15:18:51

Title:Application_Start

Message: 

Severity: Information

----------------------------------------
----------------------------------------
Timestamp: 2016/9/25 15:18:52

Title:Redis 连接成功

Message: 

Severity: Information

----------------------------------------
----------------------------------------
Timestamp: 2016/9/25 15:20:30

Title:Application_Start

Message: 

Severity: Information

----------------------------------------
----------------------------------------
Timestamp: 2016/9/25 15:20:31

Title:Redis 连接成功

Message: 

Severity: Information

----------------------------------------
----------------------------------------
Timestamp: 2016/9/25 16:07:22

Title:Application_Start

Message: 

Severity: Information

----------------------------------------
----------------------------------------
Timestamp: 2016/9/25 16:07:23

Title:Redis 连接成功

Message: 

Severity: Information

----------------------------------------
----------------------------------------
Timestamp: 2016/9/25 16:16:17

Title:Application_Start

Message: 

Severity: Information

----------------------------------------
----------------------------------------
Timestamp: 2016/9/25 16:16:18

Title:Redis 连接成功

Message: 

Severity: Information

----------------------------------------
----------------------------------------
Timestamp: 2016/9/25 16:30:10

Title:Application_Start

Message: 

Severity: Information

----------------------------------------
----------------------------------------
Timestamp: 2016/9/25 16:30:11

Title:Redis 连接成功

Message: 

Severity: Information

----------------------------------------
----------------------------------------
Timestamp: 2016/9/25 20:53:44

Title:Application_Start

Message: 

Severity: Information

----------------------------------------
----------------------------------------
Timestamp: 2016/9/25 20:53:45

Title:Redis 连接成功

Message: 

Severity: Information

----------------------------------------
----------------------------------------
Timestamp: 2016/9/25 21:05:00

Title:Application_Start

Message: 

Severity: Information

----------------------------------------
----------------------------------------
Timestamp: 2016/9/25 21:05:01

Title:Redis 连接成功

Message: 

Severity: Information

----------------------------------------
----------------------------------------
Timestamp: 2016/9/25 21:05:03

Title:Application_Start

Message: 

Severity: Information

----------------------------------------
----------------------------------------
Timestamp: 2016/9/25 21:05:05

Title:Redis 连接成功

Message: 

Severity: Information

----------------------------------------
----------------------------------------
Timestamp: 2016/9/25 21:07:02

Title:Application_Start

Message: 

Severity: Information

----------------------------------------
----------------------------------------
Timestamp: 2016/9/25 21:07:04

Title:Redis 连接成功

Message: 

Severity: Information

----------------------------------------
----------------------------------------
Timestamp: 2016/9/25 21:11:05

Title:Application_Start

Message: 

Severity: Information

----------------------------------------
----------------------------------------
Timestamp: 2016/9/25 21:11:07

Title:Redis 连接成功

Message: 

Severity: Information

----------------------------------------
----------------------------------------
Timestamp: 2016/9/25 22:22:08

Title:Application_Start

Message: 

Severity: Information

----------------------------------------
----------------------------------------
Timestamp: 2016/9/25 22:22:09

Title:Redis 连接成功

Message: 

Severity: Information

----------------------------------------
----------------------------------------
Timestamp: 2016/9/25 22:38:59

Title:Application_Start

Message: 

Severity: Information

----------------------------------------
----------------------------------------
Timestamp: 2016/9/25 22:39:00

Title:Redis 连接成功

Message: 

Severity: Information

----------------------------------------
----------------------------------------
Timestamp: 2016/9/25 23:47:54

Title:Application_Start

Message: 

Severity: Information

----------------------------------------
----------------------------------------
Timestamp: 2016/9/25 23:47:55

Title:Redis 连接成功

Message: 

Severity: Information

----------------------------------------
----------------------------------------
Timestamp: 2016/9/25 23:47:58

Title:Application_Start

Message: 

Severity: Information

----------------------------------------
----------------------------------------
Timestamp: 2016/9/25 23:47:59

Title:Redis 连接成功

Message: 

Severity: Information

----------------------------------------
----------------------------------------
Timestamp: 2016/9/26 0:06:27

Title:Application_Start

Message: 

Severity: Information

----------------------------------------
----------------------------------------
Timestamp: 2016/9/26 0:06:27

Title:Redis 连接成功

Message: 

Severity: Information

----------------------------------------
----------------------------------------
Timestamp: 2016/9/26 0:17:55

Title:Application_Start

Message: 

Severity: Information

----------------------------------------
----------------------------------------
Timestamp: 2016/9/26 0:17:55

Title:Redis 连接成功

Message: 

Severity: Information

----------------------------------------
----------------------------------------
Timestamp: 2016/9/26 21:59:01

Title:Application_Start

Message: 

Severity: Information

----------------------------------------
----------------------------------------
Timestamp: 2016/9/26 21:59:03

Title:Redis 连接成功

Message: 

Severity: Information

----------------------------------------
----------------------------------------
Timestamp: 2016/9/26 23:23:07

Title:Application_Start

Message: 

Severity: Information

----------------------------------------
----------------------------------------
Timestamp: 2016/9/26 23:23:08

Title:Redis 连接成功

Message: 

Severity: Information

----------------------------------------
----------------------------------------
Timestamp: 2016/9/27 0:41:49

Title:Application_Start

Message: 

Severity: Information

----------------------------------------
----------------------------------------
Timestamp: 2016/9/27 0:41:51

Title:Redis 连接成功

Message: 

Severity: Information

----------------------------------------
----------------------------------------
Timestamp: 2016/9/27 21:27:11

Title:Application_Start

Message: 

Severity: Information

----------------------------------------
----------------------------------------
Timestamp: 2016/9/27 21:27:12

Title:Redis 连接成功

Message: 

Severity: Information

----------------------------------------
----------------------------------------
Timestamp: 2016/9/27 21:48:52

Title:Application_Start

Message: 

Severity: Information

----------------------------------------
----------------------------------------
Timestamp: 2016/9/27 21:48:53

Title:Redis 连接成功

Message: 

Severity: Information

----------------------------------------
----------------------------------------
Timestamp: 2016/9/27 23:02:31

Title:Application_Start

Message: 

Severity: Information

----------------------------------------
----------------------------------------
Timestamp: 2016/9/27 23:02:32

Title:Redis 连接成功

Message: 

Severity: Information

----------------------------------------
----------------------------------------
Timestamp: 2016/9/27 23:21:23

Title:Application_Start

Message: 

Severity: Information

----------------------------------------
----------------------------------------
Timestamp: 2016/9/27 23:21:25

Title:Redis 连接成功

Message: 

Severity: Information

----------------------------------------
----------------------------------------
Timestamp: 2016/9/27 23:21:41

Title:字符串 ') t2
		 ' 后的引号不完整。
') t2
		 ' 附近有语法错误。

Message: GetPointCommodityOrderListByMember
[{"ParameterName":"@domainId","Value":"00000000-0000-0000-0000-000000000000"},{"ParameterName":"@appId","Value":null},{"ParameterName":"@page","Value":1},{"ParameterName":"@pageSize","Value":10},{"ParameterName":"@member","Value":"ed638a09-f7aa-4d24-850e-a889a95bd454"}]
   在 System.Data.SqlClient.SqlConnection.OnError(SqlException exception, Boolean breakConnection, Action`1 wrapCloseInAction)
   在 System.Data.SqlClient.SqlInternalConnection.OnError(SqlException exception, Boolean breakConnection, Action`1 wrapCloseInAction)
   在 System.Data.SqlClient.TdsParser.ThrowExceptionAndWarning(TdsParserStateObject stateObj, Boolean callerHasConnectionLock, Boolean asyncClose)
   在 System.Data.SqlClient.TdsParser.TryRun(RunBehavior runBehavior, SqlCommand cmdHandler, SqlDataReader dataStream, BulkCopySimpleResultSet bulkCopyHandler, TdsParserStateObject stateObj, Boolean& dataReady)
   在 System.Data.SqlClient.SqlDataReader.TryConsumeMetaData()
   在 System.Data.SqlClient.SqlDataReader.get_MetaData()
   在 System.Data.SqlClient.SqlCommand.FinishExecuteReader(SqlDataReader ds, RunBehavior runBehavior, String resetOptionsString)
   在 System.Data.SqlClient.SqlCommand.RunExecuteReaderTds(CommandBehavior cmdBehavior, RunBehavior runBehavior, Boolean returnStream, Boolean async, Int32 timeout, Task& task, Boolean asyncWrite, SqlDataReader ds, Boolean describeParameterEncryptionRequest)
   在 System.Data.SqlClient.SqlCommand.RunExecuteReader(CommandBehavior cmdBehavior, RunBehavior runBehavior, Boolean returnStream, String method, TaskCompletionSource`1 completion, Int32 timeout, Task& task, Boolean asyncWrite)
   在 System.Data.SqlClient.SqlCommand.RunExecuteReader(CommandBehavior cmdBehavior, RunBehavior runBehavior, Boolean returnStream, String method)
   在 System.Data.SqlClient.SqlCommand.ExecuteReader(CommandBehavior behavior, String method)
   在 System.Data.SqlClient.SqlCommand.ExecuteDbDataReader(CommandBehavior behavior)
   在 System.Data.Common.DbCommand.System.Data.IDbCommand.ExecuteReader(CommandBehavior behavior)
   在 System.Data.Common.DbDataAdapter.FillInternal(DataSet dataset, DataTable[] datatables, Int32 startRecord, Int32 maxRecords, String srcTable, IDbCommand command, CommandBehavior behavior)
   在 System.Data.Common.DbDataAdapter.Fill(DataSet dataSet, Int32 startRecord, Int32 maxRecords, String srcTable, IDbCommand command, CommandBehavior behavior)
   在 System.Data.Common.DbDataAdapter.Fill(DataSet dataSet)
   在 Microsoft.Practices.EnterpriseLibrary.Data.Database.DoLoadDataSet(IDbCommand command, DataSet dataSet, String[] tableNames)
   在 Microsoft.Practices.EnterpriseLibrary.Data.Database.LoadDataSet(DbCommand command, DataSet dataSet, String[] tableNames)
   在 Microsoft.Practices.EnterpriseLibrary.Data.Database.LoadDataSet(DbCommand command, DataSet dataSet, String tableName)
   在 Microsoft.Practices.EnterpriseLibrary.Data.Database.ExecuteDataSet(DbCommand command)
   在 Linkup.Data.DatabaseWrapper.ExecuteDataSet(CommandType commandType, String commandText, List`1 parameterList, String[] tableNameArray) 位置 d:\WorkFloder\WeixinConstruction\trunk\SourceCode\Common\Linkup.Data\DatabaseWrapper.cs:行号 268

Severity: Error

----------------------------------------
----------------------------------------
Timestamp: 2016/9/27 23:28:07

Title:Application_Start

Message: 

Severity: Information

----------------------------------------
----------------------------------------
Timestamp: 2016/9/27 23:28:08

Title:Redis 连接成功

Message: 

Severity: Information

----------------------------------------
----------------------------------------
Timestamp: 2016/9/27 23:30:17

Title:Application_Start

Message: 

Severity: Information

----------------------------------------
----------------------------------------
Timestamp: 2016/9/27 23:30:18

Title:Redis 连接成功

Message: 

Severity: Information

----------------------------------------
----------------------------------------
Timestamp: 2016/9/27 23:47:54

Title:Application_Start

Message: 

Severity: Information

----------------------------------------
----------------------------------------
Timestamp: 2016/9/27 23:47:56

Title:Redis 连接成功

Message: 

Severity: Information

----------------------------------------
----------------------------------------
Timestamp: 2016/9/27 23:53:21

Title:Application_Start

Message: 

Severity: Information

----------------------------------------
----------------------------------------
Timestamp: 2016/9/27 23:53:22

Title:Redis 连接成功

Message: 

Severity: Information

----------------------------------------
----------------------------------------
Timestamp: 2016/9/28 0:03:17

Title:Application_Start

Message: 

Severity: Information

----------------------------------------
----------------------------------------
Timestamp: 2016/9/28 0:03:18

Title:Redis 连接成功

Message: 

Severity: Information

----------------------------------------
----------------------------------------
Timestamp: 2016/9/28 0:05:19

Title:Application_Start

Message: 

Severity: Information

----------------------------------------
----------------------------------------
Timestamp: 2016/9/28 0:05:20

Title:Redis 连接成功

Message: 

Severity: Information

----------------------------------------
----------------------------------------
Timestamp: 2016/9/28 0:14:07

Title:Application_Start

Message: 

Severity: Information

----------------------------------------
----------------------------------------
Timestamp: 2016/9/28 0:14:08

Title:Redis 连接成功

Message: 

Severity: Information

----------------------------------------
----------------------------------------
Timestamp: 2016/9/28 0:42:00

Title:Application_Start

Message: 

Severity: Information

----------------------------------------
----------------------------------------
Timestamp: 2016/9/28 0:42:01

Title:Redis 连接成功

Message: 

Severity: Information

----------------------------------------
----------------------------------------
Timestamp: 2016/9/28 22:37:33

Title:Application_Start

Message: 

Severity: Information

----------------------------------------
----------------------------------------
Timestamp: 2016/9/28 22:37:49

Title:Redis 连接成功

Message: 

Severity: Information

----------------------------------------
----------------------------------------
Timestamp: 2016/9/28 22:40:56

Title:Application_Start

Message: 

Severity: Information

----------------------------------------
----------------------------------------
Timestamp: 2016/9/28 22:40:57

Title:Redis 连接成功

Message: 

Severity: Information

----------------------------------------
----------------------------------------
Timestamp: 2016/9/29 22:51:41

Title:Application_Start

Message: 

Severity: Information

----------------------------------------
----------------------------------------
Timestamp: 2016/9/29 22:51:42

Title:Redis 连接成功

Message: 

Severity: Information

----------------------------------------
----------------------------------------
Timestamp: 2016/9/29 23:31:05

Title:Application_Start

Message: 

Severity: Information

----------------------------------------
----------------------------------------
Timestamp: 2016/9/29 23:31:06

Title:Redis 连接成功

Message: 

Severity: Information

----------------------------------------
----------------------------------------
Timestamp: 2016/9/29 23:37:47

Title:Application_Start

Message: 

Severity: Information

----------------------------------------
----------------------------------------
Timestamp: 2016/9/29 23:37:49

Title:Redis 连接成功

Message: 

Severity: Information

----------------------------------------
----------------------------------------
Timestamp: 2016/9/29 23:40:47

Title:Application_Start

Message: 

Severity: Information

----------------------------------------
----------------------------------------
Timestamp: 2016/9/29 23:40:48

Title:Redis 连接成功

Message: 

Severity: Information

----------------------------------------
----------------------------------------
Timestamp: 2016/9/29 23:53:20

Title:Application_Start

Message: 

Severity: Information

----------------------------------------
----------------------------------------
Timestamp: 2016/9/29 23:53:22

Title:Redis 连接成功

Message: 

Severity: Information

----------------------------------------
----------------------------------------
Timestamp: 2016/9/30 23:19:56

Title:Application_Start

Message: 

Severity: Information

----------------------------------------
----------------------------------------
Timestamp: 2016/9/30 23:20:02

Title:Redis 连接成功

Message: 

Severity: Information

----------------------------------------
----------------------------------------
Timestamp: 2016/9/30 23:25:17

Title:Application_Start

Message: 

Severity: Information

----------------------------------------
----------------------------------------
Timestamp: 2016/9/30 23:25:18

Title:Redis 连接成功

Message: 

Severity: Information

----------------------------------------
----------------------------------------
Timestamp: 2016/9/30 23:27:26

Title:UnifiedOrder 失败

Message: OUT_TRADE_NO_USED 商户订单号重复
{"AppId":"wx8c36b3c0000a0a49","MchId":"1277619601","DeviceInfo":"WEB","NonceStr":null,"Sign":null,"Body":"1161029031017","Detail":null,"Attach":null,"OutTradeNo":"ef5049f741aa46d19ea5c726a061b2b4","FeeType":"CNY","TotalFee":111,"SpbillCreateIp":"127.0.0.1","TimeStart":"20160930232725","TimeExpire":"20161001002725","GoodsTag":null,"NotifyUrl":"http://wx8c36b3c0000a0a49.wxc.shengxunwei.com/Api/Pay/PayNotify/2a58d820-de07-4c8f-80b9-b5cb5a1028b4","TradeType":"JSAPI","ProductId":null,"LimitPay":null,"OpenId":"oXCfEwEteoWmCygMuCKqhvqshVnQ"} {"HttpRequestResult":{"Success":true,"Exception":null,"Content":"\u003cxml\u003e\u003creturn_code\u003e\u003c![CDATA[SUCCESS]]\u003e\u003c/return_code\u003e\n\u003creturn_msg\u003e\u003c![CDATA[OK]]\u003e\u003c/return_msg\u003e\n\u003cappid\u003e\u003c![CDATA[wx8c36b3c0000a0a49]]\u003e\u003c/appid\u003e\n\u003cmch_id\u003e\u003c![CDATA[1277619601]]\u003e\u003c/mch_id\u003e\n\u003cdevice_info\u003e\u003c![CDATA[WEB]]\u003e\u003c/device_info\u003e\n\u003cnonce_str\u003e\u003c![CDATA[36euhQR2elF2rmy7]]\u003e\u003c/nonce_str\u003e\n\u003csign\u003e\u003c![CDATA[BF6EB859A29CDA1DDC45A1D43FD70046]]\u003e\u003c/sign\u003e\n\u003cresult_code\u003e\u003c![CDATA[FAIL]]\u003e\u003c/result_code\u003e\n\u003cerr_code\u003e\u003c![CDATA[OUT_TRADE_NO_USED]]\u003e\u003c/err_code\u003e\n\u003cerr_code_des\u003e\u003c![CDATA[商户订单号重复]]\u003e\u003c/err_code_des\u003e\n\u003c/xml\u003e"},"ApiResult":null,"Success":false,"Message":"OUT_TRADE_NO_USED 商户订单号重复"}

Severity: Warning

----------------------------------------
----------------------------------------
Timestamp: 2016/9/30 23:27:30

Title:UnifiedOrder 失败

Message: OUT_TRADE_NO_USED 商户订单号重复
{"AppId":"wx8c36b3c0000a0a49","MchId":"1277619601","DeviceInfo":"WEB","NonceStr":null,"Sign":null,"Body":"1161029031017","Detail":null,"Attach":null,"OutTradeNo":"ef5049f741aa46d19ea5c726a061b2b4","FeeType":"CNY","TotalFee":111,"SpbillCreateIp":"127.0.0.1","TimeStart":"20160930232730","TimeExpire":"20161001002730","GoodsTag":null,"NotifyUrl":"http://wx8c36b3c0000a0a49.wxc.shengxunwei.com/Api/Pay/PayNotify/2a58d820-de07-4c8f-80b9-b5cb5a1028b4","TradeType":"JSAPI","ProductId":null,"LimitPay":null,"OpenId":"oXCfEwEteoWmCygMuCKqhvqshVnQ"} {"HttpRequestResult":{"Success":true,"Exception":null,"Content":"\u003cxml\u003e\u003creturn_code\u003e\u003c![CDATA[SUCCESS]]\u003e\u003c/return_code\u003e\n\u003creturn_msg\u003e\u003c![CDATA[OK]]\u003e\u003c/return_msg\u003e\n\u003cappid\u003e\u003c![CDATA[wx8c36b3c0000a0a49]]\u003e\u003c/appid\u003e\n\u003cmch_id\u003e\u003c![CDATA[1277619601]]\u003e\u003c/mch_id\u003e\n\u003cdevice_info\u003e\u003c![CDATA[WEB]]\u003e\u003c/device_info\u003e\n\u003cnonce_str\u003e\u003c![CDATA[SwQ6EyAqvMJDGSOZ]]\u003e\u003c/nonce_str\u003e\n\u003csign\u003e\u003c![CDATA[60486182B29D2CCEDC1D37B91EC78944]]\u003e\u003c/sign\u003e\n\u003cresult_code\u003e\u003c![CDATA[FAIL]]\u003e\u003c/result_code\u003e\n\u003cerr_code\u003e\u003c![CDATA[OUT_TRADE_NO_USED]]\u003e\u003c/err_code\u003e\n\u003cerr_code_des\u003e\u003c![CDATA[商户订单号重复]]\u003e\u003c/err_code_des\u003e\n\u003c/xml\u003e"},"ApiResult":null,"Success":false,"Message":"OUT_TRADE_NO_USED 商户订单号重复"}

Severity: Warning

----------------------------------------
----------------------------------------
Timestamp: 2016/9/30 23:27:38

Title:UnifiedOrder 失败

Message: OUT_TRADE_NO_USED 商户订单号重复
{"AppId":"wx8c36b3c0000a0a49","MchId":"1277619601","DeviceInfo":"WEB","NonceStr":null,"Sign":null,"Body":"1161029031017","Detail":null,"Attach":null,"OutTradeNo":"ef5049f741aa46d19ea5c726a061b2b4","FeeType":"CNY","TotalFee":111,"SpbillCreateIp":"127.0.0.1","TimeStart":"20160930232738","TimeExpire":"20161001002738","GoodsTag":null,"NotifyUrl":"http://wx8c36b3c0000a0a49.wxc.shengxunwei.com/Api/Pay/PayNotify/2a58d820-de07-4c8f-80b9-b5cb5a1028b4","TradeType":"JSAPI","ProductId":null,"LimitPay":null,"OpenId":"oXCfEwEteoWmCygMuCKqhvqshVnQ"} {"HttpRequestResult":{"Success":true,"Exception":null,"Content":"\u003cxml\u003e\u003creturn_code\u003e\u003c![CDATA[SUCCESS]]\u003e\u003c/return_code\u003e\n\u003creturn_msg\u003e\u003c![CDATA[OK]]\u003e\u003c/return_msg\u003e\n\u003cappid\u003e\u003c![CDATA[wx8c36b3c0000a0a49]]\u003e\u003c/appid\u003e\n\u003cmch_id\u003e\u003c![CDATA[1277619601]]\u003e\u003c/mch_id\u003e\n\u003cdevice_info\u003e\u003c![CDATA[WEB]]\u003e\u003c/device_info\u003e\n\u003cnonce_str\u003e\u003c![CDATA[7iTKRi9V6nn7GYZw]]\u003e\u003c/nonce_str\u003e\n\u003csign\u003e\u003c![CDATA[CCE6B8F5F8AFFA8257B91786233A9030]]\u003e\u003c/sign\u003e\n\u003cresult_code\u003e\u003c![CDATA[FAIL]]\u003e\u003c/result_code\u003e\n\u003cerr_code\u003e\u003c![CDATA[OUT_TRADE_NO_USED]]\u003e\u003c/err_code\u003e\n\u003cerr_code_des\u003e\u003c![CDATA[商户订单号重复]]\u003e\u003c/err_code_des\u003e\n\u003c/xml\u003e"},"ApiResult":null,"Success":false,"Message":"OUT_TRADE_NO_USED 商户订单号重复"}

Severity: Warning

----------------------------------------
----------------------------------------
Timestamp: 2016/9/30 23:27:40

Title:UnifiedOrder 失败

Message: OUT_TRADE_NO_USED 商户订单号重复
{"AppId":"wx8c36b3c0000a0a49","MchId":"1277619601","DeviceInfo":"WEB","NonceStr":null,"Sign":null,"Body":"1161029031017","Detail":null,"Attach":null,"OutTradeNo":"ef5049f741aa46d19ea5c726a061b2b4","FeeType":"CNY","TotalFee":111,"SpbillCreateIp":"127.0.0.1","TimeStart":"20160930232740","TimeExpire":"20161001002740","GoodsTag":null,"NotifyUrl":"http://wx8c36b3c0000a0a49.wxc.shengxunwei.com/Api/Pay/PayNotify/2a58d820-de07-4c8f-80b9-b5cb5a1028b4","TradeType":"JSAPI","ProductId":null,"LimitPay":null,"OpenId":"oXCfEwEteoWmCygMuCKqhvqshVnQ"} {"HttpRequestResult":{"Success":true,"Exception":null,"Content":"\u003cxml\u003e\u003creturn_code\u003e\u003c![CDATA[SUCCESS]]\u003e\u003c/return_code\u003e\n\u003creturn_msg\u003e\u003c![CDATA[OK]]\u003e\u003c/return_msg\u003e\n\u003cappid\u003e\u003c![CDATA[wx8c36b3c0000a0a49]]\u003e\u003c/appid\u003e\n\u003cmch_id\u003e\u003c![CDATA[1277619601]]\u003e\u003c/mch_id\u003e\n\u003cdevice_info\u003e\u003c![CDATA[WEB]]\u003e\u003c/device_info\u003e\n\u003cnonce_str\u003e\u003c![CDATA[NxDrtxd8aoRtoe9z]]\u003e\u003c/nonce_str\u003e\n\u003csign\u003e\u003c![CDATA[490E92B0183A8BC1195982A23CB2B0F3]]\u003e\u003c/sign\u003e\n\u003cresult_code\u003e\u003c![CDATA[FAIL]]\u003e\u003c/result_code\u003e\n\u003cerr_code\u003e\u003c![CDATA[OUT_TRADE_NO_USED]]\u003e\u003c/err_code\u003e\n\u003cerr_code_des\u003e\u003c![CDATA[商户订单号重复]]\u003e\u003c/err_code_des\u003e\n\u003c/xml\u003e"},"ApiResult":null,"Success":false,"Message":"OUT_TRADE_NO_USED 商户订单号重复"}

Severity: Warning

----------------------------------------
----------------------------------------
Timestamp: 2016/9/30 23:55:13

Title:Application_Start

Message: 

Severity: Information

----------------------------------------
----------------------------------------
Timestamp: 2016/9/30 23:55:15

Title:Redis 连接成功

Message: 

Severity: Information

----------------------------------------
