----------------------------------------
Timestamp: 2016/8/20 15:20:05

Title:

Message: Application_Start

Severity: Information

----------------------------------------
----------------------------------------
Timestamp: 2016/8/20 15:20:06

Title:

Message: Redis 连接成功

Severity: Information

----------------------------------------
----------------------------------------
Timestamp: 2016/8/20 15:22:36

Title:

Message: Application_Start

Severity: Information

----------------------------------------
----------------------------------------
Timestamp: 2016/8/20 15:22:37

Title:

Message: Redis 连接成功

Severity: Information

----------------------------------------
----------------------------------------
Timestamp: 2016/8/26 23:19:46

Title:

Message: Application_Start

Severity: Information

----------------------------------------
----------------------------------------
Timestamp: 2016/8/26 23:19:48

Title:

Message: Redis 连接成功

Severity: Information

----------------------------------------
----------------------------------------
Timestamp: 2016/8/26 23:20:13

Title:SessionPool.Set

Message: OpenId：oXCfEwEteoWmCygMuCKqhvqshVnQ

Severity: Verbose

----------------------------------------
----------------------------------------
Timestamp: 2016/8/26 23:20:13

Title:SessionPool.Set

Message: OpenId：oXCfEwEteoWmCygMuCKqhvqshVnQ

Severity: Verbose

----------------------------------------
----------------------------------------
Timestamp: 2016/8/26 23:21:33

Title:

Message: Application_Start

Severity: Information

----------------------------------------
----------------------------------------
Timestamp: 2016/8/26 23:21:34

Title:

Message: Redis 连接成功

Severity: Information

----------------------------------------
----------------------------------------
Timestamp: 2016/8/26 23:21:41

Title:SessionPool.Set

Message: OpenId：oXCfEwEteoWmCygMuCKqhvqshVnQ

Severity: Verbose

----------------------------------------
----------------------------------------
Timestamp: 2016/8/26 23:21:41

Title:SessionPool.Set

Message: OpenId：oXCfEwEteoWmCygMuCKqhvqshVnQ

Severity: Verbose

----------------------------------------
----------------------------------------
Timestamp: 2016/8/26 23:30:25

Title:

Message: Application_Start

Severity: Information

----------------------------------------
----------------------------------------
Timestamp: 2016/8/26 23:30:26

Title:

Message: Redis 连接成功

Severity: Information

----------------------------------------
----------------------------------------
Timestamp: 2016/8/26 23:30:39

Title:SessionPool.Set

Message: OpenId：oXCfEwEteoWmCygMuCKqhvqshVnQ

Severity: Verbose

----------------------------------------
----------------------------------------
Timestamp: 2016/8/26 23:30:39

Title:SessionPool.Set

Message: OpenId：oXCfEwEteoWmCygMuCKqhvqshVnQ

Severity: Verbose

----------------------------------------
----------------------------------------
Timestamp: 2016/8/26 23:33:50

Title:

Message: Application_Start

Severity: Information

----------------------------------------
----------------------------------------
Timestamp: 2016/8/26 23:33:51

Title:

Message: Redis 连接成功

Severity: Information

----------------------------------------
----------------------------------------
Timestamp: 2016/8/26 23:34:00

Title:SessionPool.Set

Message: OpenId：oXCfEwEteoWmCygMuCKqhvqshVnQ

Severity: Verbose

----------------------------------------
----------------------------------------
Timestamp: 2016/8/26 23:34:00

Title:SessionPool.Set

Message: OpenId：oXCfEwEteoWmCygMuCKqhvqshVnQ

Severity: Verbose

----------------------------------------
