----------------------------------------
Timestamp: 2016/9/9 1:15:36

Title:AccessTokenGetter.GetJsApiTicket 请求失败

Message: 远程服务器返回错误: (500) 内部服务器错误。

Severity: Error

----------------------------------------
----------------------------------------
Timestamp: 2016/9/9 1:16:32

Title:AccessTokenGetter.GetJsApiTicket 请求失败

Message: 远程服务器返回错误: (500) 内部服务器错误。

Severity: Error

----------------------------------------
----------------------------------------
Timestamp: 2016/9/9 1:21:09

Title:AccessTokenGetter.GetJsApiTicket 请求失败

Message: 远程服务器返回错误: (500) 内部服务器错误。

Severity: Error

----------------------------------------
----------------------------------------
Timestamp: 2016/9/9 21:32:32

Title:在与 SQL Server 建立连接时出现与网络相关的或特定于实例的错误。未找到或无法访问服务器。请验证实例名称是否正确并且 SQL Server 已配置为允许远程连接。 (provider: TCP Provider, error: 0 - 等待的操作过时。)

Message: SELECT [Id],[Name],[PreviewImageUrl],[BackgroundImageUrl],[Template],[PreviewHtml],[PayRequired],[Description],[CreateTime],[UpdateTime] FROM [PortalPresetTemplate]
[]
   在 System.Data.SqlClient.SqlInternalConnectionTds..ctor(DbConnectionPoolIdentity identity, SqlConnectionString connectionOptions, SqlCredential credential, Object providerInfo, String newPassword, SecureString newSecurePassword, Boolean redirectedUserInstance, SqlConnectionString userConnectionOptions, SessionData reconnectSessionData, DbConnectionPool pool, String accessToken, Boolean applyTransientFaultHandling)
   在 System.Data.SqlClient.SqlConnectionFactory.CreateConnection(DbConnectionOptions options, DbConnectionPoolKey poolKey, Object poolGroupProviderInfo, DbConnectionPool pool, DbConnection owningConnection, DbConnectionOptions userOptions)
   在 System.Data.ProviderBase.DbConnectionFactory.CreatePooledConnection(DbConnectionPool pool, DbConnection owningObject, DbConnectionOptions options, DbConnectionPoolKey poolKey, DbConnectionOptions userOptions)
   在 System.Data.ProviderBase.DbConnectionPool.CreateObject(DbConnection owningObject, DbConnectionOptions userOptions, DbConnectionInternal oldConnection)
   在 System.Data.ProviderBase.DbConnectionPool.UserCreateRequest(DbConnection owningObject, DbConnectionOptions userOptions, DbConnectionInternal oldConnection)
   在 System.Data.ProviderBase.DbConnectionPool.TryGetConnection(DbConnection owningObject, UInt32 waitForMultipleObjectsTimeout, Boolean allowCreate, Boolean onlyOneCheckConnection, DbConnectionOptions userOptions, DbConnectionInternal& connection)
   在 System.Data.ProviderBase.DbConnectionPool.TryGetConnection(DbConnection owningObject, TaskCompletionSource`1 retry, DbConnectionOptions userOptions, DbConnectionInternal& connection)
   在 System.Data.ProviderBase.DbConnectionFactory.TryGetConnection(DbConnection owningConnection, TaskCompletionSource`1 retry, DbConnectionOptions userOptions, DbConnectionInternal oldConnection, DbConnectionInternal& connection)
   在 System.Data.ProviderBase.DbConnectionInternal.TryOpenConnectionInternal(DbConnection outerConnection, DbConnectionFactory connectionFactory, TaskCompletionSource`1 retry, DbConnectionOptions userOptions)
   在 System.Data.ProviderBase.DbConnectionClosed.TryOpenConnection(DbConnection outerConnection, DbConnectionFactory connectionFactory, TaskCompletionSource`1 retry, DbConnectionOptions userOptions)
   在 System.Data.SqlClient.SqlConnection.TryOpenInner(TaskCompletionSource`1 retry)
   在 System.Data.SqlClient.SqlConnection.TryOpen(TaskCompletionSource`1 retry)
   在 System.Data.SqlClient.SqlConnection.Open()
   在 Microsoft.Practices.EnterpriseLibrary.Data.Database.GetNewOpenConnection()
   在 Microsoft.Practices.EnterpriseLibrary.Data.Database.GetWrappedConnection()
   在 Microsoft.Practices.EnterpriseLibrary.Data.Database.GetOpenConnection()
   在 Microsoft.Practices.EnterpriseLibrary.Data.Database.LoadDataSet(DbCommand command, DataSet dataSet, String[] tableNames)
   在 Microsoft.Practices.EnterpriseLibrary.Data.Database.LoadDataSet(DbCommand command, DataSet dataSet, String tableName)
   在 Microsoft.Practices.EnterpriseLibrary.Data.Database.ExecuteDataSet(DbCommand command)
   在 Linkup.Data.DatabaseWrapper.ExecuteDataSet(CommandType commandType, String commandText, List`1 parameterList, String[] tableNameArray) 位置 d:\WorkFloder\WeixinConstruction\trunk\SourceCode\Common\Linkup.Data\DatabaseWrapper.cs:行号 264

Severity: Error

----------------------------------------
----------------------------------------
Timestamp: 2016/9/9 21:34:59

Title:AccessTokenGetter.GetJsApiTicket 请求失败

Message: 远程服务器返回错误: (500) 内部服务器错误。

Severity: Error

----------------------------------------
----------------------------------------
Timestamp: 2016/9/9 21:35:50

Title:AccessTokenGetter.GetJsApiTicket 请求失败

Message: 远程服务器返回错误: (500) 内部服务器错误。

Severity: Error

----------------------------------------
----------------------------------------
Timestamp: 2016/9/9 22:21:03

Title:AccessTokenGetter.GetJsApiTicket 请求失败

Message: 远程服务器返回错误: (500) 内部服务器错误。

Severity: Error

----------------------------------------
----------------------------------------
Timestamp: 2016/9/9 22:21:12

Title:AccessTokenGetter.GetJsApiTicket 请求失败

Message: 远程服务器返回错误: (500) 内部服务器错误。

Severity: Error

----------------------------------------
----------------------------------------
Timestamp: 2016/9/9 22:25:49

Title:AccessTokenGetter.GetJsApiTicket 请求失败

Message: 远程服务器返回错误: (500) 内部服务器错误。

Severity: Error

----------------------------------------
----------------------------------------
Timestamp: 2016/9/9 22:26:26

Title:AccessTokenGetter.GetJsApiTicket 请求失败

Message: 远程服务器返回错误: (500) 内部服务器错误。

Severity: Error

----------------------------------------
----------------------------------------
Timestamp: 2016/9/9 22:26:40

Title:AccessTokenGetter.GetJsApiTicket 请求失败

Message: 远程服务器返回错误: (500) 内部服务器错误。

Severity: Error

----------------------------------------
----------------------------------------
Timestamp: 2016/9/9 22:26:46

Title:AccessTokenGetter.GetJsApiTicket 请求失败

Message: 远程服务器返回错误: (500) 内部服务器错误。

Severity: Error

----------------------------------------
----------------------------------------
Timestamp: 2016/9/9 22:27:36

Title:AccessTokenGetter.GetJsApiTicket 请求失败

Message: 远程服务器返回错误: (500) 内部服务器错误。

Severity: Error

----------------------------------------
----------------------------------------
Timestamp: 2016/9/9 22:28:37

Title:AccessTokenGetter.GetJsApiTicket 请求失败

Message: 远程服务器返回错误: (500) 内部服务器错误。

Severity: Error

----------------------------------------
----------------------------------------
Timestamp: 2016/9/9 22:28:43

Title:AccessTokenGetter.GetJsApiTicket 请求失败

Message: 远程服务器返回错误: (500) 内部服务器错误。

Severity: Error

----------------------------------------
----------------------------------------
Timestamp: 2016/9/9 22:29:26

Title:AccessTokenGetter.GetJsApiTicket 请求失败

Message: 远程服务器返回错误: (500) 内部服务器错误。

Severity: Error

----------------------------------------
----------------------------------------
Timestamp: 2016/9/9 22:33:00

Title:AccessTokenGetter.GetJsApiTicket 请求失败

Message: 远程服务器返回错误: (500) 内部服务器错误。

Severity: Error

----------------------------------------
----------------------------------------
Timestamp: 2016/9/9 22:33:30

Title:AccessTokenGetter.GetJsApiTicket 请求失败

Message: 远程服务器返回错误: (500) 内部服务器错误。

Severity: Error

----------------------------------------
----------------------------------------
Timestamp: 2016/9/9 22:34:03

Title:AccessTokenGetter.GetJsApiTicket 请求失败

Message: 远程服务器返回错误: (500) 内部服务器错误。

Severity: Error

----------------------------------------
----------------------------------------
Timestamp: 2016/9/9 23:07:33

Title:AccessTokenGetter.GetJsApiTicket 请求失败

Message: 远程服务器返回错误: (500) 内部服务器错误。

Severity: Error

----------------------------------------
----------------------------------------
Timestamp: 2016/9/9 23:07:37

Title:AccessTokenGetter.GetJsApiTicket 请求失败

Message: 远程服务器返回错误: (500) 内部服务器错误。

Severity: Error

----------------------------------------
----------------------------------------
Timestamp: 2016/9/9 23:07:46

Title:AccessTokenGetter.GetJsApiTicket 请求失败

Message: 远程服务器返回错误: (500) 内部服务器错误。

Severity: Error

----------------------------------------
----------------------------------------
Timestamp: 2016/9/9 23:08:22

Title:AccessTokenGetter.GetJsApiTicket 请求失败

Message: 远程服务器返回错误: (500) 内部服务器错误。

Severity: Error

----------------------------------------
----------------------------------------
Timestamp: 2016/9/9 23:08:37

Title:AccessTokenGetter.GetJsApiTicket 请求失败

Message: 远程服务器返回错误: (500) 内部服务器错误。

Severity: Error

----------------------------------------
----------------------------------------
Timestamp: 2016/9/9 23:08:43

Title:AccessTokenGetter.GetJsApiTicket 请求失败

Message: 远程服务器返回错误: (500) 内部服务器错误。

Severity: Error

----------------------------------------
----------------------------------------
Timestamp: 2016/9/9 23:08:46

Title:AccessTokenGetter.GetJsApiTicket 请求失败

Message: 远程服务器返回错误: (500) 内部服务器错误。

Severity: Error

----------------------------------------
----------------------------------------
Timestamp: 2016/9/9 23:09:10

Title:AccessTokenGetter.GetJsApiTicket 请求失败

Message: 远程服务器返回错误: (500) 内部服务器错误。

Severity: Error

----------------------------------------
----------------------------------------
Timestamp: 2016/9/9 23:18:52

Title:AccessTokenGetter.GetJsApiTicket 请求失败

Message: 远程服务器返回错误: (500) 内部服务器错误。

Severity: Error

----------------------------------------
----------------------------------------
Timestamp: 2016/9/9 23:19:09

Title:AccessTokenGetter.GetJsApiTicket 请求失败

Message: 远程服务器返回错误: (500) 内部服务器错误。

Severity: Error

----------------------------------------
----------------------------------------
Timestamp: 2016/9/9 23:19:39

Title:AccessTokenGetter.GetJsApiTicket 请求失败

Message: 远程服务器返回错误: (500) 内部服务器错误。

Severity: Error

----------------------------------------
----------------------------------------
Timestamp: 2016/9/9 23:20:41

Title:AccessTokenGetter.GetJsApiTicket 请求失败

Message: 远程服务器返回错误: (500) 内部服务器错误。

Severity: Error

----------------------------------------
----------------------------------------
Timestamp: 2016/9/9 23:20:53

Title:AccessTokenGetter.GetJsApiTicket 请求失败

Message: 远程服务器返回错误: (500) 内部服务器错误。

Severity: Error

----------------------------------------
----------------------------------------
Timestamp: 2016/9/27 23:21:41

Title:字符串 ') t2
		 ' 后的引号不完整。
') t2
		 ' 附近有语法错误。

Message: GetPointCommodityOrderListByMember
[{"ParameterName":"@domainId","Value":"00000000-0000-0000-0000-000000000000"},{"ParameterName":"@appId","Value":null},{"ParameterName":"@page","Value":1},{"ParameterName":"@pageSize","Value":10},{"ParameterName":"@member","Value":"ed638a09-f7aa-4d24-850e-a889a95bd454"}]
   在 System.Data.SqlClient.SqlConnection.OnError(SqlException exception, Boolean breakConnection, Action`1 wrapCloseInAction)
   在 System.Data.SqlClient.SqlInternalConnection.OnError(SqlException exception, Boolean breakConnection, Action`1 wrapCloseInAction)
   在 System.Data.SqlClient.TdsParser.ThrowExceptionAndWarning(TdsParserStateObject stateObj, Boolean callerHasConnectionLock, Boolean asyncClose)
   在 System.Data.SqlClient.TdsParser.TryRun(RunBehavior runBehavior, SqlCommand cmdHandler, SqlDataReader dataStream, BulkCopySimpleResultSet bulkCopyHandler, TdsParserStateObject stateObj, Boolean& dataReady)
   在 System.Data.SqlClient.SqlDataReader.TryConsumeMetaData()
   在 System.Data.SqlClient.SqlDataReader.get_MetaData()
   在 System.Data.SqlClient.SqlCommand.FinishExecuteReader(SqlDataReader ds, RunBehavior runBehavior, String resetOptionsString)
   在 System.Data.SqlClient.SqlCommand.RunExecuteReaderTds(CommandBehavior cmdBehavior, RunBehavior runBehavior, Boolean returnStream, Boolean async, Int32 timeout, Task& task, Boolean asyncWrite, SqlDataReader ds, Boolean describeParameterEncryptionRequest)
   在 System.Data.SqlClient.SqlCommand.RunExecuteReader(CommandBehavior cmdBehavior, RunBehavior runBehavior, Boolean returnStream, String method, TaskCompletionSource`1 completion, Int32 timeout, Task& task, Boolean asyncWrite)
   在 System.Data.SqlClient.SqlCommand.RunExecuteReader(CommandBehavior cmdBehavior, RunBehavior runBehavior, Boolean returnStream, String method)
   在 System.Data.SqlClient.SqlCommand.ExecuteReader(CommandBehavior behavior, String method)
   在 System.Data.SqlClient.SqlCommand.ExecuteDbDataReader(CommandBehavior behavior)
   在 System.Data.Common.DbCommand.System.Data.IDbCommand.ExecuteReader(CommandBehavior behavior)
   在 System.Data.Common.DbDataAdapter.FillInternal(DataSet dataset, DataTable[] datatables, Int32 startRecord, Int32 maxRecords, String srcTable, IDbCommand command, CommandBehavior behavior)
   在 System.Data.Common.DbDataAdapter.Fill(DataSet dataSet, Int32 startRecord, Int32 maxRecords, String srcTable, IDbCommand command, CommandBehavior behavior)
   在 System.Data.Common.DbDataAdapter.Fill(DataSet dataSet)
   在 Microsoft.Practices.EnterpriseLibrary.Data.Database.DoLoadDataSet(IDbCommand command, DataSet dataSet, String[] tableNames)
   在 Microsoft.Practices.EnterpriseLibrary.Data.Database.LoadDataSet(DbCommand command, DataSet dataSet, String[] tableNames)
   在 Microsoft.Practices.EnterpriseLibrary.Data.Database.LoadDataSet(DbCommand command, DataSet dataSet, String tableName)
   在 Microsoft.Practices.EnterpriseLibrary.Data.Database.ExecuteDataSet(DbCommand command)
   在 Linkup.Data.DatabaseWrapper.ExecuteDataSet(CommandType commandType, String commandText, List`1 parameterList, String[] tableNameArray) 位置 d:\WorkFloder\WeixinConstruction\trunk\SourceCode\Common\Linkup.Data\DatabaseWrapper.cs:行号 268

Severity: Error

----------------------------------------
----------------------------------------
Timestamp: 2016/10/17 23:53:37

Title:必须声明标量变量 "@referrerMemberId"。

Message: SELECT COUNT(1) FROM [Member] WHERE [RefereeMemberId] = @referrerMemberId AND [Attention] = 1
[{"ParameterName":"@refereeMemberId","Value":"ed638a09-f7aa-4d24-850e-a889a95bd454"}]
   在 System.Data.SqlClient.SqlConnection.OnError(SqlException exception, Boolean breakConnection, Action`1 wrapCloseInAction)
   在 System.Data.SqlClient.SqlInternalConnection.OnError(SqlException exception, Boolean breakConnection, Action`1 wrapCloseInAction)
   在 System.Data.SqlClient.TdsParser.ThrowExceptionAndWarning(TdsParserStateObject stateObj, Boolean callerHasConnectionLock, Boolean asyncClose)
   在 System.Data.SqlClient.TdsParser.TryRun(RunBehavior runBehavior, SqlCommand cmdHandler, SqlDataReader dataStream, BulkCopySimpleResultSet bulkCopyHandler, TdsParserStateObject stateObj, Boolean& dataReady)
   在 System.Data.SqlClient.SqlDataReader.TryConsumeMetaData()
   在 System.Data.SqlClient.SqlDataReader.get_MetaData()
   在 System.Data.SqlClient.SqlCommand.FinishExecuteReader(SqlDataReader ds, RunBehavior runBehavior, String resetOptionsString, Boolean isInternal, Boolean forDescribeParameterEncryption)
   在 System.Data.SqlClient.SqlCommand.RunExecuteReaderTds(CommandBehavior cmdBehavior, RunBehavior runBehavior, Boolean returnStream, Boolean async, Int32 timeout, Task& task, Boolean asyncWrite, Boolean inRetry, SqlDataReader ds, Boolean describeParameterEncryptionRequest)
   在 System.Data.SqlClient.SqlCommand.RunExecuteReader(CommandBehavior cmdBehavior, RunBehavior runBehavior, Boolean returnStream, String method, TaskCompletionSource`1 completion, Int32 timeout, Task& task, Boolean& usedCache, Boolean asyncWrite, Boolean inRetry)
   在 System.Data.SqlClient.SqlCommand.RunExecuteReader(CommandBehavior cmdBehavior, RunBehavior runBehavior, Boolean returnStream, String method)
   在 System.Data.SqlClient.SqlCommand.ExecuteScalar()
   在 Microsoft.Practices.EnterpriseLibrary.Data.Database.DoExecuteScalar(IDbCommand command)
   在 Microsoft.Practices.EnterpriseLibrary.Data.Database.ExecuteScalar(DbCommand command)
   在 Linkup.Data.DatabaseWrapper.ExecuteScalar(CommandType commandType, String commandText, List`1 parameterList) 位置 d:\WorkFloder\WeixinConstruction\trunk\SourceCode\Common\Linkup.Data\DatabaseWrapper.cs:行号 171

Severity: Error

----------------------------------------
----------------------------------------
Timestamp: 2016/12/4 15:07:22

Title:列名 'MediaId' 无效。

Message: SELECT [CampaignId],[Domain],[Member],[QRCodeUrl],[MediaId],[CreateTime],[LandingCount],[LandingPersonCount] FROM [Campaign_MemberQRCodeItem] WHERE [CampaignId]=@CampaignId AND [Member]=@Member
[{"ParameterName":"@CampaignId","Value":"eeb3caf5-dfcd-4d28-99c2-151c443a583a"},{"ParameterName":"@Member","Value":"ed638a09-f7aa-4d24-850e-a889a95bd454"}]
   在 System.Data.SqlClient.SqlConnection.OnError(SqlException exception, Boolean breakConnection, Action`1 wrapCloseInAction)
   在 System.Data.SqlClient.SqlInternalConnection.OnError(SqlException exception, Boolean breakConnection, Action`1 wrapCloseInAction)
   在 System.Data.SqlClient.TdsParser.ThrowExceptionAndWarning(TdsParserStateObject stateObj, Boolean callerHasConnectionLock, Boolean asyncClose)
   在 System.Data.SqlClient.TdsParser.TryRun(RunBehavior runBehavior, SqlCommand cmdHandler, SqlDataReader dataStream, BulkCopySimpleResultSet bulkCopyHandler, TdsParserStateObject stateObj, Boolean& dataReady)
   在 System.Data.SqlClient.SqlDataReader.TryConsumeMetaData()
   在 System.Data.SqlClient.SqlDataReader.get_MetaData()
   在 System.Data.SqlClient.SqlCommand.FinishExecuteReader(SqlDataReader ds, RunBehavior runBehavior, String resetOptionsString, Boolean isInternal, Boolean forDescribeParameterEncryption)
   在 System.Data.SqlClient.SqlCommand.RunExecuteReaderTds(CommandBehavior cmdBehavior, RunBehavior runBehavior, Boolean returnStream, Boolean async, Int32 timeout, Task& task, Boolean asyncWrite, Boolean inRetry, SqlDataReader ds, Boolean describeParameterEncryptionRequest)
   在 System.Data.SqlClient.SqlCommand.RunExecuteReader(CommandBehavior cmdBehavior, RunBehavior runBehavior, Boolean returnStream, String method, TaskCompletionSource`1 completion, Int32 timeout, Task& task, Boolean& usedCache, Boolean asyncWrite, Boolean inRetry)
   在 System.Data.SqlClient.SqlCommand.RunExecuteReader(CommandBehavior cmdBehavior, RunBehavior runBehavior, Boolean returnStream, String method)
   在 System.Data.SqlClient.SqlCommand.ExecuteReader(CommandBehavior behavior, String method)
   在 System.Data.SqlClient.SqlCommand.ExecuteDbDataReader(CommandBehavior behavior)
   在 System.Data.Common.DbCommand.System.Data.IDbCommand.ExecuteReader(CommandBehavior behavior)
   在 System.Data.Common.DbDataAdapter.FillInternal(DataSet dataset, DataTable[] datatables, Int32 startRecord, Int32 maxRecords, String srcTable, IDbCommand command, CommandBehavior behavior)
   在 System.Data.Common.DbDataAdapter.Fill(DataSet dataSet, Int32 startRecord, Int32 maxRecords, String srcTable, IDbCommand command, CommandBehavior behavior)
   在 System.Data.Common.DbDataAdapter.Fill(DataSet dataSet)
   在 Microsoft.Practices.EnterpriseLibrary.Data.Database.DoLoadDataSet(IDbCommand command, DataSet dataSet, String[] tableNames)
   在 Microsoft.Practices.EnterpriseLibrary.Data.Database.LoadDataSet(DbCommand command, DataSet dataSet, String[] tableNames)
   在 Microsoft.Practices.EnterpriseLibrary.Data.Database.LoadDataSet(DbCommand command, DataSet dataSet, String tableName)
   在 Microsoft.Practices.EnterpriseLibrary.Data.Database.ExecuteDataSet(DbCommand command)
   在 Linkup.Data.DatabaseWrapper.ExecuteDataSet(CommandType commandType, String commandText, List`1 parameterList, String[] tableNameArray) 位置 d:\WorkFloder\WeixinConstruction\trunk\SourceCode\Common\Linkup.Data\DatabaseWrapper.cs:行号 268

Severity: Error

----------------------------------------
----------------------------------------
Timestamp: 2016/12/13 22:51:22

Title:已成功与服务器建立连接，但是在登录前的握手期间发生错误。 (provider: SSL Provider, error: 0 - 等待的操作过时。)

Message: SELECT [LastUpdateTime] FROM [Domain] WHERE [Id] = @id
[{"ParameterName":"@id","Value":"2a58d820-de07-4c8f-80b9-b5cb5a1028b4"}]
   在 System.Data.SqlClient.SqlInternalConnectionTds..ctor(DbConnectionPoolIdentity identity, SqlConnectionString connectionOptions, SqlCredential credential, Object providerInfo, String newPassword, SecureString newSecurePassword, Boolean redirectedUserInstance, SqlConnectionString userConnectionOptions, SessionData reconnectSessionData, DbConnectionPool pool, String accessToken, Boolean applyTransientFaultHandling)
   在 System.Data.SqlClient.SqlConnectionFactory.CreateConnection(DbConnectionOptions options, DbConnectionPoolKey poolKey, Object poolGroupProviderInfo, DbConnectionPool pool, DbConnection owningConnection, DbConnectionOptions userOptions)
   在 System.Data.ProviderBase.DbConnectionFactory.CreatePooledConnection(DbConnectionPool pool, DbConnection owningObject, DbConnectionOptions options, DbConnectionPoolKey poolKey, DbConnectionOptions userOptions)
   在 System.Data.ProviderBase.DbConnectionPool.CreateObject(DbConnection owningObject, DbConnectionOptions userOptions, DbConnectionInternal oldConnection)
   在 System.Data.ProviderBase.DbConnectionPool.UserCreateRequest(DbConnection owningObject, DbConnectionOptions userOptions, DbConnectionInternal oldConnection)
   在 System.Data.ProviderBase.DbConnectionPool.TryGetConnection(DbConnection owningObject, UInt32 waitForMultipleObjectsTimeout, Boolean allowCreate, Boolean onlyOneCheckConnection, DbConnectionOptions userOptions, DbConnectionInternal& connection)
   在 System.Data.ProviderBase.DbConnectionPool.TryGetConnection(DbConnection owningObject, TaskCompletionSource`1 retry, DbConnectionOptions userOptions, DbConnectionInternal& connection)
   在 System.Data.ProviderBase.DbConnectionFactory.TryGetConnection(DbConnection owningConnection, TaskCompletionSource`1 retry, DbConnectionOptions userOptions, DbConnectionInternal oldConnection, DbConnectionInternal& connection)
   在 System.Data.ProviderBase.DbConnectionInternal.TryOpenConnectionInternal(DbConnection outerConnection, DbConnectionFactory connectionFactory, TaskCompletionSource`1 retry, DbConnectionOptions userOptions)
   在 System.Data.ProviderBase.DbConnectionClosed.TryOpenConnection(DbConnection outerConnection, DbConnectionFactory connectionFactory, TaskCompletionSource`1 retry, DbConnectionOptions userOptions)
   在 System.Data.SqlClient.SqlConnection.TryOpenInner(TaskCompletionSource`1 retry)
   在 System.Data.SqlClient.SqlConnection.TryOpen(TaskCompletionSource`1 retry)
   在 System.Data.SqlClient.SqlConnection.Open()
   在 Microsoft.Practices.EnterpriseLibrary.Data.Database.GetNewOpenConnection()
   在 Microsoft.Practices.EnterpriseLibrary.Data.Database.GetWrappedConnection()
   在 Microsoft.Practices.EnterpriseLibrary.Data.Database.GetOpenConnection()
   在 Microsoft.Practices.EnterpriseLibrary.Data.Database.ExecuteScalar(DbCommand command)
   在 Linkup.Data.DatabaseWrapper.ExecuteScalar(CommandType commandType, String commandText, List`1 parameterList) 位置 d:\WorkFloder\WeixinConstruction\trunk\SourceCode\Common\Linkup.Data\DatabaseWrapper.cs:行号 171

Severity: Error

----------------------------------------
----------------------------------------
Timestamp: 2017/5/20 23:36:06

Title:Redis 连接失败

Message: It was not possible to connect to the redis server(s); to create a disconnected multiplexer, disable AbortOnConnectFail. SocketFailure on PING

Severity: Error

----------------------------------------
----------------------------------------
Timestamp: 2017/5/20 23:38:03

Title:Redis 连接失败

Message: It was not possible to connect to the redis server(s); to create a disconnected multiplexer, disable AbortOnConnectFail. SocketFailure on PING

Severity: Error

----------------------------------------
----------------------------------------
Timestamp: 2017/5/20 23:40:05

Title:Redis 连接失败

Message: It was not possible to connect to the redis server(s); to create a disconnected multiplexer, disable AbortOnConnectFail. SocketFailure on PING

Severity: Error

----------------------------------------
----------------------------------------
Timestamp: 2017/5/21 0:52:58

Title:Redis 连接失败

Message: It was not possible to connect to the redis server(s); to create a disconnected multiplexer, disable AbortOnConnectFail. UnableToResolvePhysicalConnection on PING

Severity: Error

----------------------------------------
----------------------------------------
Timestamp: 2017/5/21 10:20:37

Title:Redis 连接失败

Message: It was not possible to connect to the redis server(s); to create a disconnected multiplexer, disable AbortOnConnectFail. SocketFailure on PING

Severity: Error

----------------------------------------
----------------------------------------
Timestamp: 2017/5/21 22:52:58

Title:Redis 连接失败

Message: It was not possible to connect to the redis server(s); to create a disconnected multiplexer, disable AbortOnConnectFail. SocketFailure on PING

Severity: Error

----------------------------------------
----------------------------------------
Timestamp: 2017/5/21 23:01:49

Title:Redis 连接失败

Message: It was not possible to connect to the redis server(s); to create a disconnected multiplexer, disable AbortOnConnectFail. SocketFailure on PING

Severity: Error

----------------------------------------
----------------------------------------
Timestamp: 2017/5/22 1:34:09

Title:Redis 连接失败

Message: It was not possible to connect to the redis server(s); to create a disconnected multiplexer, disable AbortOnConnectFail. SocketFailure on PING

Severity: Error

----------------------------------------
----------------------------------------
Timestamp: 2017/5/22 1:38:26

Title:Redis 连接失败

Message: It was not possible to connect to the redis server(s); to create a disconnected multiplexer, disable AbortOnConnectFail. SocketFailure on PING

Severity: Error

----------------------------------------
----------------------------------------
Timestamp: 2017/5/22 1:43:04

Title:Redis 连接失败

Message: It was not possible to connect to the redis server(s); to create a disconnected multiplexer, disable AbortOnConnectFail. UnableToResolvePhysicalConnection on PING

Severity: Error

----------------------------------------
