----------------------------------------
Timestamp: 2016/7/1 23:53:20

Title:

Message: Application_Start

Severity: Information

----------------------------------------
----------------------------------------
Timestamp: 2016/7/1 23:53:28

Title:

Message: Redis 连接成功

Severity: Information

----------------------------------------
----------------------------------------
Timestamp: 2016/7/1 23:53:31

Title:SessionPool.Set

Message: OpenId：oXCfEwEteoWmCygMuCKqhvqshVnQ

Severity: Verbose

----------------------------------------
----------------------------------------
Timestamp: 2016/7/1 23:53:31

Title:SessionPool.Set

Message: OpenId：oXCfEwEteoWmCygMuCKqhvqshVnQ

Severity: Verbose

----------------------------------------
----------------------------------------
Timestamp: 2016/7/2 0:14:29

Title:

Message: Application_Start

Severity: Information

----------------------------------------
----------------------------------------
Timestamp: 2016/7/2 0:14:38

Title:

Message: Redis 连接成功

Severity: Information

----------------------------------------
----------------------------------------
Timestamp: 2016/7/2 0:14:41

Title:SessionPool.Set

Message: OpenId：oXCfEwEteoWmCygMuCKqhvqshVnQ

Severity: Verbose

----------------------------------------
----------------------------------------
Timestamp: 2016/7/2 0:14:41

Title:SessionPool.Set

Message: OpenId：oXCfEwEteoWmCygMuCKqhvqshVnQ

Severity: Verbose

----------------------------------------
----------------------------------------
Timestamp: 2016/7/2 1:11:09

Title:

Message: Application_Start

Severity: Information

----------------------------------------
----------------------------------------
Timestamp: 2016/7/2 1:11:12

Title:

Message: Redis 连接成功

Severity: Information

----------------------------------------
----------------------------------------
Timestamp: 2016/7/2 1:11:29

Title:SessionPool.Set

Message: OpenId：oXCfEwEteoWmCygMuCKqhvqshVnQ

Severity: Verbose

----------------------------------------
----------------------------------------
Timestamp: 2016/7/2 1:11:29

Title:SessionPool.Set

Message: OpenId：oXCfEwEteoWmCygMuCKqhvqshVnQ

Severity: Verbose

----------------------------------------
----------------------------------------
Timestamp: 2016/7/2 1:15:21

Title:

Message: Application_Start

Severity: Information

----------------------------------------
----------------------------------------
Timestamp: 2016/7/2 1:15:22

Title:

Message: Redis 连接成功

Severity: Information

----------------------------------------
----------------------------------------
Timestamp: 2016/7/2 1:15:55

Title:SessionPool.Set

Message: OpenId：oXCfEwEteoWmCygMuCKqhvqshVnQ

Severity: Verbose

----------------------------------------
----------------------------------------
Timestamp: 2016/7/2 1:15:55

Title:SessionPool.Set

Message: OpenId：oXCfEwEteoWmCygMuCKqhvqshVnQ

Severity: Verbose

----------------------------------------
----------------------------------------
Timestamp: 2016/7/2 1:18:00

Title:

Message: Application_Start

Severity: Information

----------------------------------------
----------------------------------------
Timestamp: 2016/7/2 1:18:00

Title:

Message: Redis 连接成功

Severity: Information

----------------------------------------
----------------------------------------
Timestamp: 2016/7/2 1:18:13

Title:SessionPool.Set

Message: OpenId：oXCfEwEteoWmCygMuCKqhvqshVnQ

Severity: Verbose

----------------------------------------
----------------------------------------
Timestamp: 2016/7/2 1:18:13

Title:SessionPool.Set

Message: OpenId：oXCfEwEteoWmCygMuCKqhvqshVnQ

Severity: Verbose

----------------------------------------
----------------------------------------
Timestamp: 2016/7/2 1:27:43

Title:

Message: Application_Start

Severity: Information

----------------------------------------
----------------------------------------
Timestamp: 2016/7/2 1:27:44

Title:

Message: Redis 连接成功

Severity: Information

----------------------------------------
----------------------------------------
Timestamp: 2016/7/2 1:27:46

Title:SessionPool.Set

Message: OpenId：oXCfEwEteoWmCygMuCKqhvqshVnQ

Severity: Verbose

----------------------------------------
----------------------------------------
Timestamp: 2016/7/2 1:27:46

Title:SessionPool.Set

Message: OpenId：oXCfEwEteoWmCygMuCKqhvqshVnQ

Severity: Verbose

----------------------------------------
----------------------------------------
Timestamp: 2016/7/2 1:31:00

Title:

Message: Application_Start

Severity: Information

----------------------------------------
----------------------------------------
Timestamp: 2016/7/2 1:31:02

Title:

Message: Redis 连接成功

Severity: Information

----------------------------------------
----------------------------------------
Timestamp: 2016/7/2 1:31:04

Title:SessionPool.Set

Message: OpenId：oXCfEwEteoWmCygMuCKqhvqshVnQ

Severity: Verbose

----------------------------------------
----------------------------------------
Timestamp: 2016/7/2 1:31:04

Title:SessionPool.Set

Message: OpenId：oXCfEwEteoWmCygMuCKqhvqshVnQ

Severity: Verbose

----------------------------------------
----------------------------------------
Timestamp: 2016/7/2 10:34:29

Title:

Message: Application_Start

Severity: Information

----------------------------------------
----------------------------------------
Timestamp: 2016/7/2 10:34:30

Title:

Message: Redis 连接成功

Severity: Information

----------------------------------------
----------------------------------------
Timestamp: 2016/7/2 10:34:37

Title:SessionPool.Set

Message: OpenId：oXCfEwEteoWmCygMuCKqhvqshVnQ

Severity: Verbose

----------------------------------------
----------------------------------------
Timestamp: 2016/7/2 10:34:37

Title:SessionPool.Set

Message: OpenId：oXCfEwEteoWmCygMuCKqhvqshVnQ

Severity: Verbose

----------------------------------------
----------------------------------------
Timestamp: 2016/7/3 1:14:21

Title:

Message: Application_Start

Severity: Information

----------------------------------------
----------------------------------------
Timestamp: 2016/7/3 1:14:22

Title:

Message: Redis 连接成功

Severity: Information

----------------------------------------
----------------------------------------
Timestamp: 2016/7/3 1:18:45

Title:SessionPool.Set

Message: OpenId：oXCfEwEteoWmCygMuCKqhvqshVnQ

Severity: Verbose

----------------------------------------
----------------------------------------
Timestamp: 2016/7/3 1:18:45

Title:SessionPool.Set

Message: OpenId：oXCfEwEteoWmCygMuCKqhvqshVnQ

Severity: Verbose

----------------------------------------
----------------------------------------
Timestamp: 2016/7/7 0:30:31

Title:

Message: Application_Start

Severity: Information

----------------------------------------
----------------------------------------
Timestamp: 2016/7/7 0:30:32

Title:

Message: Redis 连接成功

Severity: Information

----------------------------------------
----------------------------------------
Timestamp: 2016/7/7 0:30:45

Title:SessionPool.Set

Message: OpenId：oXCfEwEteoWmCygMuCKqhvqshVnQ

Severity: Verbose

----------------------------------------
----------------------------------------
Timestamp: 2016/7/7 0:30:45

Title:SessionPool.Set

Message: OpenId：oXCfEwEteoWmCygMuCKqhvqshVnQ

Severity: Verbose

----------------------------------------
----------------------------------------
Timestamp: 2016/7/8 0:47:40

Title:

Message: Application_Start

Severity: Information

----------------------------------------
----------------------------------------
Timestamp: 2016/7/8 0:47:41

Title:

Message: Redis 连接成功

Severity: Information

----------------------------------------
----------------------------------------
Timestamp: 2016/7/8 0:47:45

Title:SessionPool.Set

Message: OpenId：oXCfEwEteoWmCygMuCKqhvqshVnQ

Severity: Verbose

----------------------------------------
----------------------------------------
Timestamp: 2016/7/8 0:47:45

Title:SessionPool.Set

Message: OpenId：oXCfEwEteoWmCygMuCKqhvqshVnQ

Severity: Verbose

----------------------------------------
----------------------------------------
Timestamp: 2016/7/8 1:18:57

Title:

Message: Application_Start

Severity: Information

----------------------------------------
----------------------------------------
Timestamp: 2016/7/8 1:18:58

Title:

Message: Redis 连接成功

Severity: Information

----------------------------------------
----------------------------------------
Timestamp: 2016/7/8 1:19:14

Title:SessionPool.Set

Message: OpenId：oXCfEwEteoWmCygMuCKqhvqshVnQ

Severity: Verbose

----------------------------------------
----------------------------------------
Timestamp: 2016/7/8 1:19:14

Title:SessionPool.Set

Message: OpenId：oXCfEwEteoWmCygMuCKqhvqshVnQ

Severity: Verbose

----------------------------------------
----------------------------------------
Timestamp: 2016/7/8 1:20:07

Title:

Message: Application_Start

Severity: Information

----------------------------------------
----------------------------------------
Timestamp: 2016/7/8 1:20:08

Title:

Message: Redis 连接成功

Severity: Information

----------------------------------------
----------------------------------------
Timestamp: 2016/7/8 1:20:12

Title:SessionPool.Set

Message: OpenId：oXCfEwEteoWmCygMuCKqhvqshVnQ

Severity: Verbose

----------------------------------------
----------------------------------------
Timestamp: 2016/7/8 1:20:12

Title:SessionPool.Set

Message: OpenId：oXCfEwEteoWmCygMuCKqhvqshVnQ

Severity: Verbose

----------------------------------------
----------------------------------------
Timestamp: 2016/7/8 23:46:08

Title:

Message: Application_Start

Severity: Information

----------------------------------------
----------------------------------------
Timestamp: 2016/7/8 23:46:09

Title:

Message: Redis 连接成功

Severity: Information

----------------------------------------
----------------------------------------
Timestamp: 2016/7/8 23:47:37

Title:SessionPool.Set

Message: OpenId：oXCfEwEteoWmCygMuCKqhvqshVnQ

Severity: Verbose

----------------------------------------
----------------------------------------
Timestamp: 2016/7/8 23:47:37

Title:SessionPool.Set

Message: OpenId：oXCfEwEteoWmCygMuCKqhvqshVnQ

Severity: Verbose

----------------------------------------
