----------------------------------------
Timestamp: 2016/8/5 13:31:50

Title:

Message: Application_Start

Severity: Information

----------------------------------------
----------------------------------------
Timestamp: 2016/8/5 13:31:51

Title:

Message: Redis 连接成功

Severity: Information

----------------------------------------
----------------------------------------
Timestamp: 2016/8/5 13:35:39

Title:

Message: Application_Start

Severity: Information

----------------------------------------
----------------------------------------
Timestamp: 2016/8/5 13:35:40

Title:

Message: Redis 连接成功

Severity: Information

----------------------------------------
----------------------------------------
Timestamp: 2016/8/6 0:11:30

Title:

Message: Application_Start

Severity: Information

----------------------------------------
----------------------------------------
Timestamp: 2016/8/6 0:11:32

Title:

Message: Redis 连接成功

Severity: Information

----------------------------------------
----------------------------------------
Timestamp: 2016/8/6 0:20:09

Title:

Message: Application_Start

Severity: Information

----------------------------------------
----------------------------------------
Timestamp: 2016/8/6 0:20:10

Title:

Message: Redis 连接成功

Severity: Information

----------------------------------------
