----------------------------------------
Timestamp: 2015/11/22 22:10:08

Title:

Message: Memcached 连接成功。

Severity: Information

----------------------------------------
----------------------------------------
Timestamp: 2015/11/22 22:10:08

Title:

Message: Application_Start

Severity: Information

----------------------------------------
----------------------------------------
Timestamp: 2015/11/22 22:12:12

Title:

Message: AccessTokenGetter.Refresh

Severity: Information

----------------------------------------
----------------------------------------
Timestamp: 2015/11/22 22:12:13

Title:

Message: Refresh AccessToken = Hf_SAKWMM0KH9E4pC4IGu_TG0giYdcFKJ1316TU0DcHnSddSGtp_S14MQCyZSRiUGTrTj4NTh0Jl07oFDY_6EMMWFXOo_IpImVYqwIAmczUVFKjAIABLQ，_accessTokenCachingKey：wxc_accesstoken_f6aad430-ca1f-4afd-b2b0-6e0d2fabb622

Severity: Verbose

----------------------------------------
----------------------------------------
Timestamp: 2015/11/22 22:16:34

Title:

Message: Memcached 连接成功。

Severity: Information

----------------------------------------
----------------------------------------
Timestamp: 2015/11/22 22:16:34

Title:

Message: Application_Start

Severity: Information

----------------------------------------
----------------------------------------
Timestamp: 2015/11/22 22:16:39

Title:

Message: AccessTokenGetter.Refresh

Severity: Information

----------------------------------------
----------------------------------------
Timestamp: 2015/11/22 22:16:39

Title:

Message: Refresh AccessToken = prE27SQYE58WyfmXx0RD6V6ErVleJvRFUlyDfe3srKkQHYGf0F-4rtARF2d6LFbx_C81-EXwDLPlLh70JhKAsb8-Wys1v1Yo4Ik_eEM4l4kEZQeADAYTK，_accessTokenCachingKey：wxc_accesstoken_f6aad430-ca1f-4afd-b2b0-6e0d2fabb622

Severity: Verbose

----------------------------------------
----------------------------------------
Timestamp: 2015/11/23 0:16:52

Title:

Message: Memcached 连接成功。

Severity: Information

----------------------------------------
----------------------------------------
Timestamp: 2015/11/23 0:16:52

Title:

Message: Application_Start

Severity: Information

----------------------------------------
----------------------------------------
Timestamp: 2015/11/23 0:17:18

Title:

Message: AccessTokenGetter.Refresh

Severity: Information

----------------------------------------
----------------------------------------
Timestamp: 2015/11/23 0:17:19

Title:

Message: Refresh AccessToken = Oz8OicT6szZz8qIT88OAIRCvyUbugMYH-ol3pchdpEhl1MPLZCtZm43OPcuUstExtJWCVgiF5rI83FEJ6Si2YB0hI2o5pws8-tKTBGqLy8sCVYeAFAVOR，_accessTokenCachingKey：wxc_accesstoken_f6aad430-ca1f-4afd-b2b0-6e0d2fabb622

Severity: Verbose

----------------------------------------
----------------------------------------
Timestamp: 2015/11/23 0:49:31

Title:

Message: Memcached 连接成功。

Severity: Information

----------------------------------------
----------------------------------------
Timestamp: 2015/11/23 0:49:31

Title:

Message: Application_Start

Severity: Information

----------------------------------------
----------------------------------------
Timestamp: 2015/11/23 0:49:45

Title:

Message: AccessTokenGetter.Refresh

Severity: Information

----------------------------------------
----------------------------------------
Timestamp: 2015/11/23 0:49:46

Title:

Message: Refresh AccessToken = RX9ks4tDfEIQH6DTV65sZ7USUx0qTIBtaQtIK6tbCkL6KSVPVP8sF80IDfkXqhOi2_sNmApW6HEPKirJ_2HHjkh7mvGt4WgB3xSHARF_HY8BXKgAHAUQD，_accessTokenCachingKey：wxc_accesstoken_f6aad430-ca1f-4afd-b2b0-6e0d2fabb622

Severity: Verbose

----------------------------------------
----------------------------------------
Timestamp: 2015/11/27 23:21:28

Title:

Message: Memcached 连接成功。

Severity: Information

----------------------------------------
----------------------------------------
Timestamp: 2015/11/27 23:21:28

Title:

Message: Application_Start

Severity: Information

----------------------------------------
----------------------------------------
Timestamp: 2015/11/27 23:22:12

Title:

Message: Memcached 连接成功。

Severity: Information

----------------------------------------
----------------------------------------
Timestamp: 2015/11/27 23:22:12

Title:

Message: Application_Start

Severity: Information

----------------------------------------
----------------------------------------
Timestamp: 2015/11/27 23:22:29

Title:

Message: AccessTokenGetter.Refresh

Severity: Information

----------------------------------------
----------------------------------------
Timestamp: 2015/11/27 23:22:29

Title:

Message: Refresh AccessToken = f8iIscRldpqtXqPD8RXUyjGSb700ZZ7Fil-wVg7P1nFjIfghEAuglohTPYOmjKzQXHm2B45i2cw1uTMOSfh0lQWyO92oUOmR2XMLqD33iqAXQNfAJAATQ，_accessTokenCachingKey：wxc_accesstoken_f6aad430-ca1f-4afd-b2b0-6e0d2fabb622

Severity: Verbose

----------------------------------------
----------------------------------------
Timestamp: 2015/11/27 23:26:08

Title:

Message: Memcached 连接成功。

Severity: Information

----------------------------------------
----------------------------------------
Timestamp: 2015/11/27 23:26:08

Title:

Message: Application_Start

Severity: Information

----------------------------------------
----------------------------------------
Timestamp: 2015/11/27 23:26:23

Title:

Message: Memcached 连接成功。

Severity: Information

----------------------------------------
----------------------------------------
Timestamp: 2015/11/27 23:26:23

Title:

Message: Application_Start

Severity: Information

----------------------------------------
----------------------------------------
Timestamp: 2015/11/27 23:26:24

Title:

Message: AccessTokenGetter.Refresh

Severity: Information

----------------------------------------
----------------------------------------
Timestamp: 2015/11/27 23:26:24

Title:

Message: Refresh AccessToken = Ip6q4SMxJcjTQC2hP41GQAA5yUZvoqr23El5KIdyj1LOBmnyloSoRMHFcdXLuaipvldIZy1wh5z89Bpm7R1wUxM_w8hFzSe3HdZChuKtpjwJZKeAJACSD，_accessTokenCachingKey：wxc_accesstoken_f6aad430-ca1f-4afd-b2b0-6e0d2fabb622

Severity: Verbose

----------------------------------------
----------------------------------------
Timestamp: 2015/11/28 15:19:20

Title:

Message: Memcached 连接成功。

Severity: Information

----------------------------------------
----------------------------------------
Timestamp: 2015/11/28 15:19:21

Title:

Message: Application_Start

Severity: Information

----------------------------------------
----------------------------------------
Timestamp: 2015/11/28 15:19:31

Title:

Message: Memcached 连接成功。

Severity: Information

----------------------------------------
----------------------------------------
Timestamp: 2015/11/28 15:19:31

Title:

Message: Application_Start

Severity: Information

----------------------------------------
----------------------------------------
Timestamp: 2015/11/28 15:55:51

Title:

Message: Memcached 连接成功。

Severity: Information

----------------------------------------
----------------------------------------
Timestamp: 2015/11/28 15:55:51

Title:

Message: Application_Start

Severity: Information

----------------------------------------
----------------------------------------
Timestamp: 2015/11/28 16:02:30

Title:

Message: Memcached 连接成功。

Severity: Information

----------------------------------------
----------------------------------------
Timestamp: 2015/11/28 16:02:31

Title:

Message: Application_Start

Severity: Information

----------------------------------------
----------------------------------------
Timestamp: 2015/11/28 17:18:31

Title:

Message: Memcached 连接成功。

Severity: Information

----------------------------------------
----------------------------------------
Timestamp: 2015/11/28 17:18:31

Title:

Message: Application_Start

Severity: Information

----------------------------------------
----------------------------------------
Timestamp: 2015/11/28 17:46:38

Title:

Message: Memcached 连接成功。

Severity: Information

----------------------------------------
----------------------------------------
Timestamp: 2015/11/28 17:46:38

Title:

Message: Application_Start

Severity: Information

----------------------------------------
----------------------------------------
Timestamp: 2015/11/28 17:57:05

Title:

Message: Memcached 连接成功。

Severity: Information

----------------------------------------
----------------------------------------
Timestamp: 2015/11/28 17:57:05

Title:

Message: Application_Start

Severity: Information

----------------------------------------
----------------------------------------
Timestamp: 2015/11/28 17:57:16

Title:

Message: Memcached 连接成功。

Severity: Information

----------------------------------------
----------------------------------------
Timestamp: 2015/11/28 17:57:16

Title:

Message: Application_Start

Severity: Information

----------------------------------------
----------------------------------------
Timestamp: 2015/11/28 18:03:29

Title:

Message: Memcached 连接成功。

Severity: Information

----------------------------------------
----------------------------------------
Timestamp: 2015/11/28 18:03:29

Title:

Message: Application_Start

Severity: Information

----------------------------------------
----------------------------------------
Timestamp: 2015/11/28 21:34:52

Title:

Message: Memcached 连接成功。

Severity: Information

----------------------------------------
----------------------------------------
Timestamp: 2015/11/28 21:34:53

Title:

Message: Application_Start

Severity: Information

----------------------------------------
----------------------------------------
Timestamp: 2015/11/28 23:03:16

Title:

Message: Memcached 连接成功。

Severity: Information

----------------------------------------
----------------------------------------
Timestamp: 2015/11/28 23:03:16

Title:

Message: Application_Start

Severity: Information

----------------------------------------
----------------------------------------
Timestamp: 2015/11/29 0:09:33

Title:

Message: Memcached 连接成功。

Severity: Information

----------------------------------------
----------------------------------------
Timestamp: 2015/11/29 0:09:33

Title:

Message: Application_Start

Severity: Information

----------------------------------------
----------------------------------------
Timestamp: 2015/11/29 0:11:53

Title:

Message: Memcached 连接成功。

Severity: Information

----------------------------------------
----------------------------------------
Timestamp: 2015/11/29 0:11:53

Title:

Message: Application_Start

Severity: Information

----------------------------------------
----------------------------------------
Timestamp: 2015/11/29 0:14:15

Title:

Message: Memcached 连接成功。

Severity: Information

----------------------------------------
----------------------------------------
Timestamp: 2015/11/29 0:14:15

Title:

Message: Application_Start

Severity: Information

----------------------------------------
----------------------------------------
Timestamp: 2015/11/29 0:26:45

Title:

Message: Memcached 连接成功。

Severity: Information

----------------------------------------
----------------------------------------
Timestamp: 2015/11/29 0:26:45

Title:

Message: Application_Start

Severity: Information

----------------------------------------
----------------------------------------
Timestamp: 2015/11/29 0:32:34

Title:

Message: Memcached 连接成功。

Severity: Information

----------------------------------------
----------------------------------------
Timestamp: 2015/11/29 0:32:34

Title:

Message: Application_Start

Severity: Information

----------------------------------------
----------------------------------------
Timestamp: 2015/11/29 0:33:35

Title:

Message: Memcached 连接成功。

Severity: Information

----------------------------------------
----------------------------------------
Timestamp: 2015/11/29 0:33:35

Title:

Message: Application_Start

Severity: Information

----------------------------------------
----------------------------------------
Timestamp: 2015/11/29 21:58:09

Title:

Message: Memcached 连接成功。

Severity: Information

----------------------------------------
----------------------------------------
Timestamp: 2015/11/29 21:58:09

Title:

Message: Application_Start

Severity: Information

----------------------------------------
----------------------------------------
Timestamp: 2015/11/29 21:58:23

Title:

Message: Memcached 连接成功。

Severity: Information

----------------------------------------
----------------------------------------
Timestamp: 2015/11/29 21:58:23

Title:

Message: Application_Start

Severity: Information

----------------------------------------
----------------------------------------
Timestamp: 2015/11/29 21:59:23

Title:

Message: Memcached 连接成功。

Severity: Information

----------------------------------------
----------------------------------------
Timestamp: 2015/11/29 21:59:23

Title:

Message: Application_Start

Severity: Information

----------------------------------------
