----------------------------------------
Timestamp: 2016/4/11 0:43:29

Title:

Message: Application_Start

Severity: Information

----------------------------------------
----------------------------------------
Timestamp: 2016/4/11 0:43:30

Title:

Message: Redis 连接成功

Severity: Information

----------------------------------------
----------------------------------------
Timestamp: 2016/4/11 0:43:53

Title:SessionPool.Set

Message: OpenId：oXCfEwOkqIrihLgpgn1pYwjargXc

Severity: Verbose

----------------------------------------
----------------------------------------
Timestamp: 2016/4/11 0:43:53

Title:SessionPool.Set

Message: OpenId：oXCfEwOkqIrihLgpgn1pYwjargXc

Severity: Verbose

----------------------------------------
----------------------------------------
Timestamp: 2016/4/11 0:47:09

Title:

Message: Application_Start

Severity: Information

----------------------------------------
----------------------------------------
Timestamp: 2016/4/11 0:47:10

Title:

Message: Redis 连接成功

Severity: Information

----------------------------------------
----------------------------------------
Timestamp: 2016/4/11 0:47:17

Title:

Message: Application_Start

Severity: Information

----------------------------------------
----------------------------------------
Timestamp: 2016/4/11 0:47:18

Title:

Message: Redis 连接成功

Severity: Information

----------------------------------------
----------------------------------------
Timestamp: 2016/4/11 0:47:20

Title:SessionPool.Set

Message: OpenId：oXCfEwOkqIrihLgpgn1pYwjargXc

Severity: Verbose

----------------------------------------
----------------------------------------
Timestamp: 2016/4/11 0:47:20

Title:SessionPool.Set

Message: OpenId：oXCfEwOkqIrihLgpgn1pYwjargXc

Severity: Verbose

----------------------------------------
----------------------------------------
Timestamp: 2016/4/11 0:53:27

Title:

Message: Application_Start

Severity: Information

----------------------------------------
----------------------------------------
Timestamp: 2016/4/11 0:53:28

Title:

Message: Redis 连接成功

Severity: Information

----------------------------------------
----------------------------------------
Timestamp: 2016/4/11 0:53:34

Title:SessionPool.Set

Message: OpenId：oXCfEwOkqIrihLgpgn1pYwjargXc

Severity: Verbose

----------------------------------------
----------------------------------------
Timestamp: 2016/4/11 0:53:34

Title:SessionPool.Set

Message: OpenId：oXCfEwOkqIrihLgpgn1pYwjargXc

Severity: Verbose

----------------------------------------
----------------------------------------
Timestamp: 2016/4/11 0:55:33

Title:

Message: Application_Start

Severity: Information

----------------------------------------
----------------------------------------
Timestamp: 2016/4/11 0:55:34

Title:

Message: Redis 连接成功

Severity: Information

----------------------------------------
----------------------------------------
Timestamp: 2016/4/11 0:55:43

Title:

Message: Application_Start

Severity: Information

----------------------------------------
----------------------------------------
Timestamp: 2016/4/11 0:55:43

Title:

Message: Redis 连接成功

Severity: Information

----------------------------------------
----------------------------------------
Timestamp: 2016/4/11 0:55:45

Title:SessionPool.Set

Message: OpenId：oXCfEwOkqIrihLgpgn1pYwjargXc

Severity: Verbose

----------------------------------------
----------------------------------------
Timestamp: 2016/4/11 0:55:45

Title:SessionPool.Set

Message: OpenId：oXCfEwOkqIrihLgpgn1pYwjargXc

Severity: Verbose

----------------------------------------
----------------------------------------
Timestamp: 2016/4/13 1:35:29

Title:

Message: Application_Start

Severity: Information

----------------------------------------
----------------------------------------
Timestamp: 2016/4/13 1:35:31

Title:

Message: Redis 连接成功

Severity: Information

----------------------------------------
